Log file open, 05/29/24 09:50:13
LogWindows: Failed to load 'aqProf.dll' (GetLastError=126)
LogWindows: File 'aqProf.dll' does not exist
LogWindows: Failed to load 'VtuneApi.dll' (GetLastError=126)
LogWindows: File 'VtuneApi.dll' does not exist
LogWindows: Failed to load 'VtuneApi32e.dll' (GetLastError=126)
LogWindows: File 'VtuneApi32e.dll' does not exist
LogConsoleResponse: Display: Failed to find resolution value strings in scalability ini. Falling back to default.
LogConsoleResponse: Display: Failed to find resolution value strings in scalability ini. Falling back to default.
LogInit: Display: Running engine for game: RV
LogPlatformFile: Not using cached read wrapper
LogTaskGraph: Started task graph with 5 named threads and 23 total threads with 3 sets of task threads.
LogStats: Stats thread started at 2.006381
LogICUInternationalization: ICU TimeZone Detection - Raw Offset: -6:00, Platform Override: ''
LogInit: Display: Loading text-based GConfig....
LogPluginManager: Mounting plugin MeshPainting
LogPluginManager: Mounting plugin XGEController
LogPluginManager: Mounting plugin Paper2D
LogPluginManager: Mounting plugin AISupport
LogPluginManager: Mounting plugin LightPropagationVolume
LogPluginManager: Mounting plugin EnvironmentQueryEditor
LogPluginManager: Mounting plugin LiveLink
LogPluginManager: Mounting plugin CameraShakePreviewer
LogPluginManager: Mounting plugin AssetManagerEditor
LogPluginManager: Mounting plugin GameplayCameras
LogPluginManager: Mounting plugin CurveEditorTools
LogPluginManager: Mounting plugin CryptoKeys
LogPluginManager: Mounting plugin DataValidation
LogPluginManager: Mounting plugin FacialAnimation
LogPluginManager: Mounting plugin GameplayTagsEditor
LogPluginManager: Mounting plugin AnimationSharing
LogPluginManager: Mounting plugin GeometryMode
LogPluginManager: Mounting plugin MacGraphicsSwitching
LogPluginManager: Mounting plugin MaterialAnalyzer
LogPluginManager: Mounting plugin CLionSourceCodeAccess
LogPluginManager: Mounting plugin PluginBrowser
LogPluginManager: Mounting plugin MobileLauncherProfileWizard
LogPluginManager: Mounting plugin SpeedTreeImporter
LogPluginManager: Mounting plugin CodeLiteSourceCodeAccess
LogPluginManager: Mounting plugin GitSourceControl
LogPluginManager: Mounting plugin KDevelopSourceCodeAccess
LogPluginManager: Mounting plugin NullSourceCodeAccess
LogPluginManager: Mounting plugin PerforceSourceControl
LogPluginManager: Mounting plugin PlasticSourceControl
LogPluginManager: Mounting plugin PixWinPlugin
LogPluginManager: Mounting plugin PropertyAccessNode
LogPluginManager: Mounting plugin PluginUtils
LogPluginManager: Mounting plugin RiderSourceCodeAccess
LogPluginManager: Mounting plugin SubversionSourceControl
LogPluginManager: Mounting plugin TextureFormatOodle
LogPluginManager: Mounting plugin UObjectPlugin
LogPluginManager: Mounting plugin VisualStudioCodeSourceCodeAccess
LogPluginManager: Mounting plugin XCodeSourceCodeAccess
LogPluginManager: Mounting plugin VisualStudioSourceCodeAccess
LogPluginManager: Mounting plugin AlembicImporter
LogPluginManager: Mounting plugin AutomationUtils
LogPluginManager: Mounting plugin BackChannel
LogPluginManager: Mounting plugin ChaosCloth
LogPluginManager: Mounting plugin ChaosClothEditor
LogPluginManager: Mounting plugin ChaosEditor
LogPluginManager: Mounting plugin ChaosNiagara
LogPluginManager: Mounting plugin ChaosSolverPlugin
LogPluginManager: Mounting plugin CharacterAI
LogPluginManager: Mounting plugin GeometryCache
LogPluginManager: Mounting plugin GeometryCollectionPlugin
LogPluginManager: Mounting plugin OodleData
LogPluginManager: Mounting plugin Niagara
LogPluginManager: Mounting plugin GeometryProcessing
LogPluginManager: Mounting plugin OodleNetwork
LogPluginManager: Mounting plugin MotoSynth
LogPluginManager: Mounting plugin OpenImageDenoise
LogPluginManager: Mounting plugin PlanarCut
LogPluginManager: Mounting plugin ProxyLODPlugin
LogPluginManager: Mounting plugin PlatformCrypto
LogPluginManager: Mounting plugin PythonScriptPlugin
LogPluginManager: Mounting plugin SkeletalReduction
LogPluginManager: Mounting plugin DatasmithContent
LogPluginManager: Mounting plugin VariantManagerContent
LogPluginManager: Mounting plugin AndroidMedia
LogPluginManager: Mounting plugin AvfMedia
LogPluginManager: Mounting plugin MediaCompositing
LogPluginManager: Mounting plugin ImgMedia
LogPluginManager: Mounting plugin MediaPlayerEditor
LogPluginManager: Mounting plugin WebMMedia
LogPluginManager: Mounting plugin LuminPlatformFeatures
LogPluginManager: Mounting plugin WmfMedia
LogPluginManager: Mounting plugin MagicLeap
LogPluginManager: Mounting plugin MagicLeapLightEstimation
LogPluginManager: Mounting plugin MagicLeapMedia
LogPluginManager: Mounting plugin MagicLeapPassableWorld
LogPluginManager: Mounting plugin MLSDK
LogPluginManager: Mounting plugin UdpMessaging
LogPluginManager: Mounting plugin TcpMessaging
LogPluginManager: Mounting plugin ActorSequence
LogPluginManager: Mounting plugin LevelSequenceEditor
LogPluginManager: Mounting plugin MatineeToLevelSequence
LogPluginManager: Mounting plugin TemplateSequence
LogPluginManager: Mounting plugin OnlineSubsystem
LogPluginManager: Mounting plugin OnlineSubsystemNull
LogPluginManager: Mounting plugin OnlineSubsystemUtils
LogPluginManager: Mounting plugin LauncherChunkInstaller
LogPluginManager: Mounting plugin ActorLayerUtilities
LogPluginManager: Mounting plugin AndroidDeviceProfileSelector
LogPluginManager: Mounting plugin AndroidMoviePlayer
LogPluginManager: Mounting plugin AndroidPermission
LogPluginManager: Mounting plugin AppleImageUtils
LogPluginManager: Mounting plugin AppleMoviePlayer
LogPluginManager: Mounting plugin ArchVisCharacter
LogPluginManager: Mounting plugin AssetTags
LogPluginManager: Mounting plugin AudioCapture
LogPluginManager: Mounting plugin AudioSynesthesia
LogPluginManager: Mounting plugin CableComponent
LogPluginManager: Mounting plugin ChunkDownloader
LogPluginManager: Mounting plugin CustomMeshComponent
LogPluginManager: Mounting plugin EditableMesh
LogPluginManager: Mounting plugin ExampleDeviceProfileSelector
LogPluginManager: Mounting plugin GooglePAD
LogPluginManager: Mounting plugin GoogleCloudMessaging
LogPluginManager: Mounting plugin IOSDeviceProfileSelector
LogPluginManager: Mounting plugin LinuxDeviceProfileSelector
LogPluginManager: Mounting plugin LocationServicesBPLibrary
LogPluginManager: Mounting plugin MobilePatchingUtils
LogPluginManager: Mounting plugin OpenXR
LogPluginManager: Mounting plugin OpenXREyeTracker
LogPluginManager: Mounting plugin OpenXRHandTracking
LogPluginManager: Mounting plugin PhysXVehicles
LogPluginManager: Mounting plugin PostSplashScreen
LogPluginManager: Mounting plugin ProceduralMeshComponent
LogPluginManager: Mounting plugin PropertyAccessEditor
LogPluginManager: Mounting plugin ResonanceAudio
LogPluginManager: Mounting plugin RuntimePhysXCooking
LogPluginManager: Mounting plugin SignificanceManager
LogPluginManager: Mounting plugin SoundFields
LogPluginManager: Mounting plugin Synthesis
LogPluginManager: Mounting plugin WebMMoviePlayer
LogPluginManager: Mounting plugin WindowsMoviePlayer
LogPluginManager: Mounting plugin ScreenshotTools
LogPluginManager: Mounting plugin Takes
LogPluginManager: Mounting plugin ContentBrowserClassDataSource
LogPluginManager: Mounting plugin ContentBrowserAssetDataSource
LogPluginManager: Mounting plugin ContentBrowserFileDataSource
LogPluginManager: Mounting plugin OnlineSubsystemIOS
LogPluginManager: Mounting plugin OnlineSubsystemGooglePlay
LogPluginManager: Mounting plugin OculusAudio
LogPluginManager: Mounting plugin OculusOpenXR
LogPluginManager: Mounting plugin OculusVR
LogPluginManager: Mounting plugin SERIALCOM
PixWinPlugin: PIX capture plugin failed to initialize! Check that the process is launched from PIX.
LogInit: Using libcurl 7.55.1-DEV
LogInit:  - built for x86_64-pc-win32
LogInit:  - supports SSL with OpenSSL/1.1.1
LogInit:  - supports HTTP deflate (compression) using libz 1.2.8
LogInit:  - other features:
LogInit:      CURL_VERSION_SSL
LogInit:      CURL_VERSION_LIBZ
LogInit:      CURL_VERSION_IPV6
LogInit:      CURL_VERSION_ASYNCHDNS
LogInit:      CURL_VERSION_LARGEFILE
LogInit:      CURL_VERSION_IDN
LogInit:  CurlRequestOptions (configurable via config and command line):
LogInit:  - bVerifyPeer = true  - Libcurl will verify peer certificate
LogInit:  - bUseHttpProxy = false  - Libcurl will NOT use HTTP proxy
LogInit:  - bDontReuseConnections = false  - Libcurl will reuse connections
LogInit:  - MaxHostConnections = 16  - Libcurl will limit the number of connections to a host
LogInit:  - LocalHostAddr = Default
LogInit:  - BufferSize = 65536
LogOnline: OSS: Creating online subsystem instance for: NULL
LogInit: WinSock: version 1.1 (2.2), MaxSocks=32767, MaxUdp=65467
LogOnline: OSS: TryLoadSubsystemAndSetDefault: Loaded subsystem for module [NULL]
LogAudio: Display: Oculus Audio: Middleware plugins not found, assuming native UE4 AudioMixer
LogAudio: Display: Oculus Audio: Attempting to load Oculus Spatializer DLL: ../../../Engine/Binaries/ThirdParty/Oculus/Audio/Win64/ (from ovraudio64)
LogOculusPluginWrapper: OculusPlugin initialized successfully
LogHMD: FOculusHMDModule PreInit successfully
LogInit: Build: ++UE4+Release-4.27-CL-18319896
LogInit: Engine Version: 4.27.2-18319896+++UE4+Release-4.27
LogInit: Compatible Engine Version: 4.27.0-17155196+++UE4+Release-4.27
LogInit: Net CL: 17155196
LogInit: OS: Windows 10 (Release 2009) (), CPU: AMD Ryzen 5 3500U with Radeon Vega Mobile Gfx  , GPU: AMD Radeon(TM) Vega 8 Graphics
LogInit: Compiled (64-bit): Nov 30 2021 07:12:08
LogInit: Compiled with Visual C++: 19.24.28315.00
LogInit: Build Configuration: Development
LogInit: Branch Name: ++UE4+Release-4.27
LogInit: Command Line: 
LogInit: Base Directory: E:/UE_4.27/Engine/Binaries/Win64/
LogInit: Allocator: TBB
LogInit: Installed Engine Build: 1
LogDevObjectVersion: Number of dev versions registered: 29
LogDevObjectVersion:   Dev-Blueprints (B0D832E4-1F89-4F0D-ACCF-7EB736FD4AA2): 10
LogDevObjectVersion:   Dev-Build (E1C64328-A22C-4D53-A36C-8E866417BD8C): 0
LogDevObjectVersion:   Dev-Core (375EC13C-06E4-48FB-B500-84F0262A717E): 4
LogDevObjectVersion:   Dev-Editor (E4B068ED-F494-42E9-A231-DA0B2E46BB41): 40
LogDevObjectVersion:   Dev-Framework (CFFC743F-43B0-4480-9391-14DF171D2073): 37
LogDevObjectVersion:   Dev-Mobile (B02B49B5-BB20-44E9-A304-32B752E40360): 3
LogDevObjectVersion:   Dev-Networking (A4E4105C-59A1-49B5-A7C5-40C4547EDFEE): 0
LogDevObjectVersion:   Dev-Online (39C831C9-5AE6-47DC-9A44-9C173E1C8E7C): 0
LogDevObjectVersion:   Dev-Physics (78F01B33-EBEA-4F98-B9B4-84EACCB95AA2): 14
LogDevObjectVersion:   Dev-Platform (6631380F-2D4D-43E0-8009-CF276956A95A): 0
LogDevObjectVersion:   Dev-Rendering (12F88B9F-8875-4AFC-A67C-D90C383ABD29): 45
LogDevObjectVersion:   Dev-Sequencer (7B5AE74C-D270-4C10-A958-57980B212A5A): 13
LogDevObjectVersion:   Dev-VR (D7296918-1DD6-4BDD-9DE2-64A83CC13884): 3
LogDevObjectVersion:   Dev-LoadTimes (C2A15278-BFE7-4AFE-6C17-90FF531DF755): 1
LogDevObjectVersion:   Private-Geometry (6EACA3D4-40EC-4CC1-B786-8BED09428FC5): 3
LogDevObjectVersion:   Dev-AnimPhys (29E575DD-E0A3-4627-9D10-D276232CDCEA): 17
LogDevObjectVersion:   Dev-Anim (AF43A65D-7FD3-4947-9873-3E8ED9C1BB05): 15
LogDevObjectVersion:   Dev-ReflectionCapture (6B266CEC-1EC7-4B8F-A30B-E4D90942FC07): 1
LogDevObjectVersion:   Dev-Automation (0DF73D61-A23F-47EA-B727-89E90C41499A): 1
LogDevObjectVersion:   FortniteMain (601D1886-AC64-4F84-AA16-D3DE0DEAC7D6): 47
LogDevObjectVersion:   FortniteRelease (E7086368-6B23-4C58-8439-1B7016265E91): 1
LogDevObjectVersion:   Dev-Enterprise (9DFFBCD6-494F-0158-E221-12823C92A888): 10
LogDevObjectVersion:   Dev-Niagara (F2AED0AC-9AFE-416F-8664-AA7FFA26D6FC): 1
LogDevObjectVersion:   Dev-Destruction (174F1F0B-B4C6-45A5-B13F-2EE8D0FB917D): 10
LogDevObjectVersion:   Dev-Physics-Ext (35F94A83-E258-406C-A318-09F59610247C): 41
LogDevObjectVersion:   Dev-PhysicsMaterial-Chaos (B68FC16E-8B1B-42E2-B453-215C058844FE): 1
LogDevObjectVersion:   Dev-CineCamera (B2E18506-4273-CFC2-A54E-F4BB758BBA07): 1
LogDevObjectVersion:   Dev-VirtualProduction (64F58936-FD1B-42BA-BA96-7289D5D0FA4E): 1
LogDevObjectVersion:   Dev-MediaFramework (6F0ED827-A609-4895-9C91-998D90180EA4): 2
LogInit: Presizing for max 25165824 objects, including 0 objects not considered by GC, pre-allocating 0 bytes for permanent pool.
LogConfig: Applying CVar settings from Section [/Script/Engine.StreamingSettings] File [E:/RV/Saved/Config/Windows/Engine.ini]
LogConfig: Setting CVar [[s.MinBulkDataSizeForAsyncLoading:131072]]
LogConfig: Setting CVar [[s.AsyncLoadingThreadEnabled:0]]
LogConfig: Setting CVar [[s.EventDrivenLoaderEnabled:1]]
LogConfig: Setting CVar [[s.WarnIfTimeLimitExceeded:0]]
LogConfig: Setting CVar [[s.TimeLimitExceededMultiplier:1.5]]
LogConfig: Setting CVar [[s.TimeLimitExceededMinTime:0.005]]
LogConfig: Setting CVar [[s.UseBackgroundLevelStreaming:1]]
LogConfig: Setting CVar [[s.PriorityAsyncLoadingExtraTime:15.0]]
LogConfig: Setting CVar [[s.LevelStreamingActorsUpdateTimeLimit:5.0]]
LogConfig: Setting CVar [[s.PriorityLevelStreamingActorsUpdateExtraTime:5.0]]
LogConfig: Setting CVar [[s.LevelStreamingComponentsRegistrationGranularity:10]]
LogConfig: Setting CVar [[s.UnregisterComponentsTimeLimit:1.0]]
LogConfig: Setting CVar [[s.LevelStreamingComponentsUnregistrationGranularity:5]]
LogConfig: Setting CVar [[s.FlushStreamingOnExit:1]]
LogInit: Object subsystem initialized
LogConfig: Setting CVar [[con.DebugEarlyDefault:1]]
LogConfig: Setting CVar [[r.setres:1280x720]]
[2024.05.29-15.50.19:981][  0]LogConfig: Setting CVar [[r.VSync:0]]
[2024.05.29-15.50.19:981][  0]LogConfig: Setting CVar [[r.RHICmdBypass:0]]
[2024.05.29-15.50.19:981][  0]LogConfig: Applying CVar settings from Section [/Script/Engine.RendererSettings] File [E:/RV/Saved/Config/Windows/Engine.ini]
[2024.05.29-15.50.19:981][  0]LogConfig: Setting CVar [[r.GPUCrashDebugging:0]]
[2024.05.29-15.50.19:981][  0]LogConfig: Setting CVar [[r.Mobile.DisableVertexFog:1]]
[2024.05.29-15.50.19:981][  0]LogConfig: Setting CVar [[r.Shadow.CSM.MaxMobileCascades:2]]
[2024.05.29-15.50.19:981][  0]LogConfig: Setting CVar [[r.MobileMSAA:4]]
[2024.05.29-15.50.19:981][  0]LogConfig: Setting CVar [[r.Mobile.AllowDitheredLODTransition:0]]
[2024.05.29-15.50.19:981][  0]LogConfig: Setting CVar [[r.Mobile.AllowSoftwareOcclusion:0]]
[2024.05.29-15.50.19:981][  0]LogConfig: Setting CVar [[r.Mobile.VirtualTextures:0]]
[2024.05.29-15.50.19:981][  0]LogConfig: Setting CVar [[r.DiscardUnusedQuality:0]]
[2024.05.29-15.50.19:981][  0]LogConfig: Setting CVar [[r.AllowOcclusionQueries:1]]
[2024.05.29-15.50.19:981][  0]LogConfig: Setting CVar [[r.MinScreenRadiusForLights:0.030000]]
[2024.05.29-15.50.19:981][  0]LogConfig: Setting CVar [[r.MinScreenRadiusForDepthPrepass:0.030000]]
[2024.05.29-15.50.19:981][  0]LogConfig: Setting CVar [[r.MinScreenRadiusForCSMDepth:0.010000]]
[2024.05.29-15.50.19:981][  0]LogConfig: Setting CVar [[r.PrecomputedVisibilityWarning:0]]
[2024.05.29-15.50.19:981][  0]LogConfig: Setting CVar [[r.TextureStreaming:1]]
[2024.05.29-15.50.19:981][  0]LogConfig: Setting CVar [[Compat.UseDXT5NormalMaps:0]]
[2024.05.29-15.50.19:981][  0]LogConfig: Setting CVar [[r.VirtualTextures:0]]
[2024.05.29-15.50.19:981][  0]LogConfig: Setting CVar [[r.VirtualTexturedLightmaps:0]]
[2024.05.29-15.50.19:981][  0]LogConfig: Setting CVar [[r.VT.TileSize:128]]
[2024.05.29-15.50.19:981][  0]LogConfig: Setting CVar [[r.VT.TileBorderSize:4]]
[2024.05.29-15.50.19:981][  0]LogConfig: Setting CVar [[r.vt.FeedbackFactor:16]]
[2024.05.29-15.50.19:981][  0]LogConfig: Setting CVar [[r.VT.EnableCompressZlib:1]]
[2024.05.29-15.50.19:982][  0]LogConfig: Setting CVar [[r.VT.EnableCompressCrunch:0]]
[2024.05.29-15.50.19:982][  0]LogConfig: Setting CVar [[r.ClearCoatNormal:0]]
[2024.05.29-15.50.19:982][  0]LogConfig: Setting CVar [[r.ReflectionCaptureResolution:128]]
[2024.05.29-15.50.19:982][  0]LogConfig: Setting CVar [[r.Mobile.ReflectionCaptureCompression:0]]
[2024.05.29-15.50.19:982][  0]LogConfig: Setting CVar [[r.ReflectionEnvironmentLightmapMixBasedOnRoughness:1]]
[2024.05.29-15.50.19:982][  0]LogConfig: Setting CVar [[r.ForwardShading:1]]
[2024.05.29-15.50.19:982][  0]LogConfig: Setting CVar [[r.VertexFoggingForOpaque:1]]
[2024.05.29-15.50.19:982][  0]LogConfig: Setting CVar [[r.AllowStaticLighting:1]]
[2024.05.29-15.50.19:982][  0]LogConfig: Setting CVar [[r.NormalMapsForStaticLighting:0]]
[2024.05.29-15.50.19:982][  0]LogConfig: Setting CVar [[r.GenerateMeshDistanceFields:0]]
[2024.05.29-15.50.19:982][  0]LogConfig: Setting CVar [[r.DistanceFieldBuild.EightBit:0]]
[2024.05.29-15.50.19:982][  0]LogConfig: Setting CVar [[r.GenerateLandscapeGIData:0]]
[2024.05.29-15.50.19:982][  0]LogConfig: Setting CVar [[r.DistanceFieldBuild.Compress:0]]
[2024.05.29-15.50.19:982][  0]LogConfig: Setting CVar [[r.TessellationAdaptivePixelsPerTriangle:48.000000]]
[2024.05.29-15.50.19:982][  0]LogConfig: Setting CVar [[r.SeparateTranslucency:0]]
[2024.05.29-15.50.19:982][  0]LogConfig: Setting CVar [[r.TranslucentSortPolicy:0]]
[2024.05.29-15.50.19:982][  0]LogConfig: Setting CVar [[r.CustomDepth:1]]
[2024.05.29-15.50.19:982][  0]LogConfig: Setting CVar [[r.CustomDepthTemporalAAJitter:1]]
[2024.05.29-15.50.19:982][  0]LogConfig: Setting CVar [[r.PostProcessing.PropagateAlpha:0]]
[2024.05.29-15.50.19:982][  0]LogConfig: Setting CVar [[r.DefaultFeature.Bloom:0]]
[2024.05.29-15.50.19:982][  0]LogConfig: Setting CVar [[r.DefaultFeature.AmbientOcclusion:0]]
[2024.05.29-15.50.19:982][  0]LogConfig: Setting CVar [[r.DefaultFeature.AmbientOcclusionStaticFraction:1]]
[2024.05.29-15.50.19:982][  0]LogConfig: Setting CVar [[r.DefaultFeature.AutoExposure:0]]
[2024.05.29-15.50.19:982][  0]LogConfig: Setting CVar [[r.DefaultFeature.AutoExposure.Method:0]]
[2024.05.29-15.50.19:982][  0]LogConfig: Setting CVar [[r.DefaultFeature.AutoExposure.Bias:1.000000]]
[2024.05.29-15.50.19:982][  0]LogConfig: Setting CVar [[r.DefaultFeature.AutoExposure.ExtendDefaultLuminanceRange:1]]
[2024.05.29-15.50.19:982][  0]LogConfig: Setting CVar [[r.UsePreExposure:1]]
[2024.05.29-15.50.19:982][  0]LogConfig: Setting CVar [[r.EyeAdaptation.EditorOnly:0]]
[2024.05.29-15.50.19:982][  0]LogConfig: Setting CVar [[r.DefaultFeature.MotionBlur:0]]
[2024.05.29-15.50.19:982][  0]LogConfig: Setting CVar [[r.DefaultFeature.LensFlare:0]]
[2024.05.29-15.50.19:982][  0]LogConfig: Setting CVar [[r.TemporalAA.Upsampling:0]]
[2024.05.29-15.50.19:983][  0]LogConfig: Setting CVar [[r.SSGI.Enable:0]]
[2024.05.29-15.50.19:983][  0]LogConfig: Setting CVar [[r.DefaultFeature.AntiAliasing:3]]
[2024.05.29-15.50.19:983][  0]LogConfig: Setting CVar [[r.DefaultFeature.LightUnits:1]]
[2024.05.29-15.50.19:983][  0]LogConfig: Setting CVar [[r.DefaultBackBufferPixelFormat:4]]
[2024.05.29-15.50.19:983][  0]LogConfig: Setting CVar [[r.Shadow.UnbuiltPreviewInGame:1]]
[2024.05.29-15.50.19:983][  0]LogConfig: Setting CVar [[r.StencilForLODDither:0]]
[2024.05.29-15.50.19:983][  0]LogConfig: Setting CVar [[r.EarlyZPass:3]]
[2024.05.29-15.50.19:983][  0]LogConfig: Setting CVar [[r.EarlyZPassOnlyMaterialMasking:0]]
[2024.05.29-15.50.19:983][  0]LogConfig: Setting CVar [[r.DBuffer:1]]
[2024.05.29-15.50.19:983][  0]LogConfig: Setting CVar [[r.ClearSceneMethod:1]]
[2024.05.29-15.50.19:983][  0]LogConfig: Setting CVar [[r.BasePassOutputsVelocity:0]]
[2024.05.29-15.50.19:983][  0]LogConfig: Setting CVar [[r.VertexDeformationOutputsVelocity:0]]
[2024.05.29-15.50.19:983][  0]LogConfig: Setting CVar [[r.SelectiveBasePassOutputs:0]]
[2024.05.29-15.50.19:983][  0]LogConfig: Setting CVar [[fx.GPUSimulationTextureSizeX:1024]]
[2024.05.29-15.50.19:983][  0]LogConfig: Setting CVar [[fx.GPUSimulationTextureSizeY:1024]]
[2024.05.29-15.50.19:983][  0]LogConfig: Setting CVar [[r.AllowGlobalClipPlane:0]]
[2024.05.29-15.50.19:983][  0]LogConfig: Setting CVar [[r.GBufferFormat:1]]
[2024.05.29-15.50.19:983][  0]LogConfig: Setting CVar [[r.MorphTarget.Mode:1]]
[2024.05.29-15.50.19:983][  0]LogConfig: Setting CVar [[vr.InstancedStereo:1]]
[2024.05.29-15.50.19:983][  0]LogConfig: Setting CVar [[r.MobileHDR:0]]
[2024.05.29-15.50.19:983][  0]LogConfig: Setting CVar [[vr.MobileMultiView:1]]
[2024.05.29-15.50.19:983][  0]LogConfig: Setting CVar [[r.Mobile.UseHWsRGBEncoding:1]]
[2024.05.29-15.50.19:983][  0]LogConfig: Setting CVar [[vr.RoundRobinOcclusion:0]]
[2024.05.29-15.50.19:983][  0]LogConfig: Setting CVar [[vr.ODSCapture:0]]
[2024.05.29-15.50.19:983][  0]LogConfig: Setting CVar [[r.MeshStreaming:0]]
[2024.05.29-15.50.19:983][  0]LogConfig: Setting CVar [[r.WireframeCullThreshold:5.000000]]
[2024.05.29-15.50.19:983][  0]LogConfig: Setting CVar [[r.RayTracing:0]]
[2024.05.29-15.50.19:984][  0]LogConfig: Setting CVar [[r.RayTracing.UseTextureLod:0]]
[2024.05.29-15.50.19:984][  0]LogConfig: Setting CVar [[r.SupportStationarySkylight:1]]
[2024.05.29-15.50.19:984][  0]LogConfig: Setting CVar [[r.SupportLowQualityLightmaps:1]]
[2024.05.29-15.50.19:984][  0]LogConfig: Setting CVar [[r.SupportPointLightWholeSceneShadows:1]]
[2024.05.29-15.50.19:984][  0]LogConfig: Setting CVar [[r.SupportAtmosphericFog:1]]
[2024.05.29-15.50.19:984][  0]LogConfig: Setting CVar [[r.SupportSkyAtmosphere:1]]
[2024.05.29-15.50.19:984][  0]LogConfig: Setting CVar [[r.SupportSkyAtmosphereAffectsHeightFog:0]]
[2024.05.29-15.50.19:984][  0]LogConfig: Setting CVar [[r.SkinCache.CompileShaders:0]]
[2024.05.29-15.50.19:984][  0]LogConfig: Setting CVar [[r.SkinCache.DefaultBehavior:1]]
[2024.05.29-15.50.19:984][  0]LogConfig: Setting CVar [[r.SkinCache.SceneMemoryLimitInMB:128.000000]]
[2024.05.29-15.50.19:984][  0]LogConfig: Setting CVar [[r.Mobile.EnableStaticAndCSMShadowReceivers:1]]
[2024.05.29-15.50.19:984][  0]LogConfig: Setting CVar [[r.Mobile.EnableMovableLightCSMShaderCulling:1]]
[2024.05.29-15.50.19:984][  0]LogConfig: Setting CVar [[r.Mobile.AllowDistanceFieldShadows:1]]
[2024.05.29-15.50.19:984][  0]LogConfig: Setting CVar [[r.Mobile.AllowMovableDirectionalLights:1]]
[2024.05.29-15.50.19:984][  0]LogConfig: Setting CVar [[r.MobileNumDynamicPointLights:4]]
[2024.05.29-15.50.19:984][  0]LogConfig: Setting CVar [[r.MobileDynamicPointLightsUseStaticBranch:1]]
[2024.05.29-15.50.19:984][  0]LogConfig: Setting CVar [[r.Mobile.EnableMovableSpotlights:0]]
[2024.05.29-15.50.19:984][  0]LogConfig: Setting CVar [[r.Mobile.EnableMovableSpotlightsShadow:0]]
[2024.05.29-15.50.19:984][  0]LogConfig: Setting CVar [[r.GPUSkin.Support16BitBoneIndex:0]]
[2024.05.29-15.50.19:984][  0]LogConfig: Setting CVar [[r.GPUSkin.Limit2BoneInfluences:0]]
[2024.05.29-15.50.19:984][  0]LogConfig: Setting CVar [[r.SupportDepthOnlyIndexBuffers:1]]
[2024.05.29-15.50.19:984][  0]LogConfig: Setting CVar [[r.SupportReversedIndexBuffers:1]]
[2024.05.29-15.50.19:984][  0]LogConfig: Setting CVar [[r.LightPropagationVolume:0]]
[2024.05.29-15.50.19:984][  0]LogConfig: Setting CVar [[r.Mobile.AmbientOcclusion:0]]
[2024.05.29-15.50.19:984][  0]LogConfig: Setting CVar [[r.GPUSkin.UnlimitedBoneInfluences:0]]
[2024.05.29-15.50.19:984][  0]LogConfig: Setting CVar [[r.GPUSkin.UnlimitedBoneInfluencesThreshold:8]]
[2024.05.29-15.50.19:984][  0]LogConfig: Setting CVar [[r.Mobile.PlanarReflectionMode:0]]
[2024.05.29-15.50.19:984][  0]LogConfig: Setting CVar [[r.Mobile.SupportGPUScene:1]]
[2024.05.29-15.50.19:984][  0]LogConfig: Applying CVar settings from Section [/Script/Engine.RendererOverrideSettings] File [E:/RV/Saved/Config/Windows/Engine.ini]
[2024.05.29-15.50.19:984][  0]LogConfig: Applying CVar settings from Section [/Script/Engine.StreamingSettings] File [E:/RV/Saved/Config/Windows/Engine.ini]
[2024.05.29-15.50.19:984][  0]LogConfig: Setting CVar [[s.MinBulkDataSizeForAsyncLoading:131072]]
[2024.05.29-15.50.19:985][  0]LogConfig: Setting CVar [[s.AsyncLoadingThreadEnabled:0]]
[2024.05.29-15.50.19:985][  0]LogConfig: Setting CVar [[s.EventDrivenLoaderEnabled:1]]
[2024.05.29-15.50.19:985][  0]LogConfig: Setting CVar [[s.WarnIfTimeLimitExceeded:0]]
[2024.05.29-15.50.19:985][  0]LogConfig: Setting CVar [[s.TimeLimitExceededMultiplier:1.5]]
[2024.05.29-15.50.19:985][  0]LogConfig: Setting CVar [[s.TimeLimitExceededMinTime:0.005]]
[2024.05.29-15.50.19:985][  0]LogConfig: Setting CVar [[s.UseBackgroundLevelStreaming:1]]
[2024.05.29-15.50.19:985][  0]LogConfig: Setting CVar [[s.PriorityAsyncLoadingExtraTime:15.0]]
[2024.05.29-15.50.19:985][  0]LogConfig: Setting CVar [[s.LevelStreamingActorsUpdateTimeLimit:5.0]]
[2024.05.29-15.50.19:985][  0]LogConfig: Setting CVar [[s.PriorityLevelStreamingActorsUpdateExtraTime:5.0]]
[2024.05.29-15.50.19:985][  0]LogConfig: Setting CVar [[s.LevelStreamingComponentsRegistrationGranularity:10]]
[2024.05.29-15.50.19:985][  0]LogConfig: Setting CVar [[s.UnregisterComponentsTimeLimit:1.0]]
[2024.05.29-15.50.19:985][  0]LogConfig: Setting CVar [[s.LevelStreamingComponentsUnregistrationGranularity:5]]
[2024.05.29-15.50.19:985][  0]LogConfig: Setting CVar [[s.FlushStreamingOnExit:1]]
[2024.05.29-15.50.19:985][  0]LogConfig: Applying CVar settings from Section [/Script/Engine.GarbageCollectionSettings] File [E:/RV/Saved/Config/Windows/Engine.ini]
[2024.05.29-15.50.19:985][  0]LogConfig: Setting CVar [[gc.MaxObjectsNotConsideredByGC:1]]
[2024.05.29-15.50.19:985][  0]LogConfig: Setting CVar [[gc.SizeOfPermanentObjectPool:0]]
[2024.05.29-15.50.19:985][  0]LogConfig: Setting CVar [[gc.FlushStreamingOnGC:0]]
[2024.05.29-15.50.19:985][  0]LogConfig: Setting CVar [[gc.NumRetriesBeforeForcingGC:10]]
[2024.05.29-15.50.19:985][  0]LogConfig: Setting CVar [[gc.AllowParallelGC:1]]
[2024.05.29-15.50.19:985][  0]LogConfig: Setting CVar [[gc.TimeBetweenPurgingPendingKillObjects:61.1]]
[2024.05.29-15.50.19:985][  0]LogConfig: Setting CVar [[gc.MaxObjectsInEditor:25165824]]
[2024.05.29-15.50.19:985][  0]LogConfig: Setting CVar [[gc.IncrementalBeginDestroyEnabled:1]]
[2024.05.29-15.50.19:985][  0]LogConfig: Setting CVar [[gc.CreateGCClusters:1]]
[2024.05.29-15.50.19:985][  0]LogConfig: Setting CVar [[gc.MinGCClusterSize:5]]
[2024.05.29-15.50.19:985][  0]LogConfig: Setting CVar [[gc.ActorClusteringEnabled:0]]
[2024.05.29-15.50.19:985][  0]LogConfig: Setting CVar [[gc.BlueprintClusteringEnabled:0]]
[2024.05.29-15.50.19:985][  0]LogConfig: Setting CVar [[gc.UseDisregardForGCOnDedicatedServers:0]]
[2024.05.29-15.50.19:985][  0]LogConfig: Setting CVar [[gc.MultithreadedDestructionEnabled:1]]
[2024.05.29-15.50.19:985][  0]LogConfig: Applying CVar settings from Section [/Script/Engine.NetworkSettings] File [E:/RV/Saved/Config/Windows/Engine.ini]
[2024.05.29-15.50.19:985][  0]LogConfig: Applying CVar settings from Section [/Script/UnrealEd.CookerSettings] File [E:/RV/Saved/Config/Windows/Engine.ini]
[2024.05.29-15.50.19:994][  0]LogConfig: Applying CVar settings from Section [ViewDistanceQuality@3] File [E:/RV/Saved/Config/Windows/Scalability.ini]
[2024.05.29-15.50.19:994][  0]LogConfig: Setting CVar [[r.SkeletalMeshLODBias:0]]
[2024.05.29-15.50.19:994][  0]LogConfig: Setting CVar [[r.ViewDistanceScale:1.0]]
[2024.05.29-15.50.19:994][  0]LogConfig: Applying CVar settings from Section [AntiAliasingQuality@3] File [E:/RV/Saved/Config/Windows/Scalability.ini]
[2024.05.29-15.50.19:994][  0]LogConfig: Setting CVar [[r.PostProcessAAQuality:4]]
[2024.05.29-15.50.19:994][  0]LogConfig: Applying CVar settings from Section [ShadowQuality@3] File [E:/RV/Saved/Config/Windows/Scalability.ini]
[2024.05.29-15.50.19:994][  0]LogConfig: Setting CVar [[r.LightFunctionQuality:1]]
[2024.05.29-15.50.19:994][  0]LogConfig: Setting CVar [[r.ShadowQuality:5]]
[2024.05.29-15.50.19:995][  0]LogConfig: Setting CVar [[r.Shadow.CSM.MaxCascades:10]]
[2024.05.29-15.50.19:995][  0]LogConfig: Setting CVar [[r.Shadow.MaxResolution:2048]]
[2024.05.29-15.50.19:995][  0]LogConfig: Setting CVar [[r.Shadow.MaxCSMResolution:2048]]
[2024.05.29-15.50.19:995][  0]LogConfig: Setting CVar [[r.Shadow.RadiusThreshold:0.01]]
[2024.05.29-15.50.19:995][  0]LogConfig: Setting CVar [[r.Shadow.DistanceScale:1.0]]
[2024.05.29-15.50.19:995][  0]LogConfig: Setting CVar [[r.Shadow.CSM.TransitionScale:1.0]]
[2024.05.29-15.50.19:995][  0]LogConfig: Setting CVar [[r.Shadow.PreShadowResolutionFactor:1.0]]
[2024.05.29-15.50.19:995][  0]LogConfig: Setting CVar [[r.DistanceFieldShadowing:1]]
[2024.05.29-15.50.19:995][  0]LogConfig: Setting CVar [[r.DistanceFieldAO:1]]
[2024.05.29-15.50.19:995][  0]LogConfig: Setting CVar [[r.AOQuality:2]]
[2024.05.29-15.50.19:995][  0]LogConfig: Setting CVar [[r.VolumetricFog:1]]
[2024.05.29-15.50.19:995][  0]LogConfig: Setting CVar [[r.VolumetricFog.GridPixelSize:8]]
[2024.05.29-15.50.19:995][  0]LogConfig: Setting CVar [[r.VolumetricFog.GridSizeZ:128]]
[2024.05.29-15.50.19:995][  0]LogConfig: Setting CVar [[r.VolumetricFog.HistoryMissSupersampleCount:4]]
[2024.05.29-15.50.19:995][  0]LogConfig: Setting CVar [[r.LightMaxDrawDistanceScale:1]]
[2024.05.29-15.50.19:995][  0]LogConfig: Setting CVar [[r.CapsuleShadows:1]]
[2024.05.29-15.50.19:995][  0]LogConfig: Applying CVar settings from Section [PostProcessQuality@3] File [E:/RV/Saved/Config/Windows/Scalability.ini]
[2024.05.29-15.50.19:995][  0]LogConfig: Setting CVar [[r.MotionBlurQuality:4]]
[2024.05.29-15.50.19:995][  0]LogConfig: Setting CVar [[r.AmbientOcclusionMipLevelFactor:0.4]]
[2024.05.29-15.50.19:995][  0]LogConfig: Setting CVar [[r.AmbientOcclusionMaxQuality:100]]
[2024.05.29-15.50.19:995][  0]LogConfig: Setting CVar [[r.AmbientOcclusionLevels:-1]]
[2024.05.29-15.50.19:995][  0]LogConfig: Setting CVar [[r.AmbientOcclusionRadiusScale:1.0]]
[2024.05.29-15.50.19:995][  0]LogConfig: Setting CVar [[r.DepthOfFieldQuality:2]]
[2024.05.29-15.50.19:995][  0]LogConfig: Setting CVar [[r.RenderTargetPoolMin:400]]
[2024.05.29-15.50.19:995][  0]LogConfig: Setting CVar [[r.LensFlareQuality:2]]
[2024.05.29-15.50.19:995][  0]LogConfig: Setting CVar [[r.SceneColorFringeQuality:1]]
[2024.05.29-15.50.19:995][  0]LogConfig: Setting CVar [[r.EyeAdaptationQuality:2]]
[2024.05.29-15.50.19:995][  0]LogConfig: Setting CVar [[r.BloomQuality:5]]
[2024.05.29-15.50.19:995][  0]LogConfig: Setting CVar [[r.FastBlurThreshold:100]]
[2024.05.29-15.50.19:995][  0]LogConfig: Setting CVar [[r.Upscale.Quality:3]]
[2024.05.29-15.50.19:995][  0]LogConfig: Setting CVar [[r.Tonemapper.GrainQuantization:1]]
[2024.05.29-15.50.19:995][  0]LogConfig: Setting CVar [[r.LightShaftQuality:1]]
[2024.05.29-15.50.19:995][  0]LogConfig: Setting CVar [[r.Filter.SizeScale:1]]
[2024.05.29-15.50.19:995][  0]LogConfig: Setting CVar [[r.Tonemapper.Quality:5]]
[2024.05.29-15.50.19:995][  0]LogConfig: Setting CVar [[r.DOF.Gather.AccumulatorQuality:1        ; higher gathering accumulator quality]]
[2024.05.29-15.50.19:995][  0]LogConfig: Setting CVar [[r.DOF.Gather.PostfilterMethod:1          ; Median3x3 postfilering method]]
[2024.05.29-15.50.19:995][  0]LogConfig: Setting CVar [[r.DOF.Gather.EnableBokehSettings:0       ; no bokeh simulation when gathering]]
[2024.05.29-15.50.19:995][  0]LogConfig: Setting CVar [[r.DOF.Gather.RingCount:4                 ; medium number of samples when gathering]]
[2024.05.29-15.50.19:995][  0]LogConfig: Setting CVar [[r.DOF.Scatter.ForegroundCompositing:1    ; additive foreground scattering]]
[2024.05.29-15.50.19:995][  0]LogConfig: Setting CVar [[r.DOF.Scatter.BackgroundCompositing:2    ; additive background scattering]]
[2024.05.29-15.50.19:995][  0]LogConfig: Setting CVar [[r.DOF.Scatter.EnableBokehSettings:1      ; bokeh simulation when scattering]]
[2024.05.29-15.50.19:995][  0]LogConfig: Setting CVar [[r.DOF.Scatter.MaxSpriteRatio:0.1         ; only a maximum of 10% of scattered bokeh]]
[2024.05.29-15.50.19:995][  0]LogConfig: Setting CVar [[r.DOF.Recombine.Quality:1                ; cheap slight out of focus]]
[2024.05.29-15.50.19:995][  0]LogConfig: Setting CVar [[r.DOF.Recombine.EnableBokehSettings:0    ; no bokeh simulation on slight out of focus]]
[2024.05.29-15.50.19:995][  0]LogConfig: Setting CVar [[r.DOF.TemporalAAQuality:1                ; more stable temporal accumulation]]
[2024.05.29-15.50.19:995][  0]LogConfig: Setting CVar [[r.DOF.Kernel.MaxForegroundRadius:0.025]]
[2024.05.29-15.50.19:995][  0]LogConfig: Setting CVar [[r.DOF.Kernel.MaxBackgroundRadius:0.025]]
[2024.05.29-15.50.19:996][  0]LogConfig: Applying CVar settings from Section [TextureQuality@3] File [E:/RV/Saved/Config/Windows/Scalability.ini]
[2024.05.29-15.50.19:996][  0]LogConfig: Setting CVar [[r.Streaming.MipBias:0]]
[2024.05.29-15.50.19:996][  0]LogConfig: Setting CVar [[r.Streaming.AmortizeCPUToGPUCopy:0]]
[2024.05.29-15.50.19:996][  0]LogConfig: Setting CVar [[r.Streaming.MaxNumTexturesToStreamPerFrame:0]]
[2024.05.29-15.50.19:996][  0]LogConfig: Setting CVar [[r.Streaming.Boost:1]]
[2024.05.29-15.50.19:996][  0]LogConfig: Setting CVar [[r.MaxAnisotropy:8]]
[2024.05.29-15.50.19:996][  0]LogConfig: Setting CVar [[r.VT.MaxAnisotropy:8]]
[2024.05.29-15.50.19:996][  0]LogConfig: Setting CVar [[r.Streaming.LimitPoolSizeToVRAM:0]]
[2024.05.29-15.50.19:996][  0]LogConfig: Setting CVar [[r.Streaming.PoolSize:1000]]
[2024.05.29-15.50.19:996][  0]LogConfig: Setting CVar [[r.Streaming.MaxEffectiveScreenSize:0]]
[2024.05.29-15.50.19:996][  0]LogConfig: Applying CVar settings from Section [EffectsQuality@3] File [E:/RV/Saved/Config/Windows/Scalability.ini]
[2024.05.29-15.50.19:996][  0]LogConfig: Setting CVar [[r.TranslucencyLightingVolumeDim:64]]
[2024.05.29-15.50.19:996][  0]LogConfig: Setting CVar [[r.RefractionQuality:2]]
[2024.05.29-15.50.19:996][  0]LogConfig: Setting CVar [[r.SSR.Quality:3]]
[2024.05.29-15.50.19:996][  0]LogConfig: Setting CVar [[r.SSR.HalfResSceneColor:0]]
[2024.05.29-15.50.19:996][  0]LogConfig: Setting CVar [[r.SceneColorFormat:4]]
[2024.05.29-15.50.19:996][  0]LogConfig: Setting CVar [[r.DetailMode:2]]
[2024.05.29-15.50.19:996][  0]LogConfig: Setting CVar [[r.TranslucencyVolumeBlur:1]]
[2024.05.29-15.50.19:996][  0]LogConfig: Setting CVar [[r.MaterialQualityLevel:1 ; High quality]]
[2024.05.29-15.50.19:996][  0]LogConfig: Setting CVar [[r.AnisotropicMaterials:1]]
[2024.05.29-15.50.19:996][  0]LogConfig: Setting CVar [[r.SSS.Scale:1]]
[2024.05.29-15.50.19:996][  0]LogConfig: Setting CVar [[r.SSS.SampleSet:2]]
[2024.05.29-15.50.19:996][  0]LogConfig: Setting CVar [[r.SSS.Quality:1]]
[2024.05.29-15.50.19:996][  0]LogConfig: Setting CVar [[r.SSS.HalfRes:0]]
[2024.05.29-15.50.19:996][  0]LogConfig: Setting CVar [[r.SSGI.Quality:3]]
[2024.05.29-15.50.19:996][  0]LogConfig: Setting CVar [[r.EmitterSpawnRateScale:1.0]]
[2024.05.29-15.50.19:996][  0]LogConfig: Setting CVar [[r.ParticleLightQuality:2]]
[2024.05.29-15.50.19:996][  0]LogConfig: Setting CVar [[r.SkyAtmosphere.AerialPerspectiveLUT.FastApplyOnOpaque:1 ; Always have FastSkyLUT 1 in this case to avoid wrong sky]]
[2024.05.29-15.50.19:996][  0]LogConfig: Setting CVar [[r.SkyAtmosphere.AerialPerspectiveLUT.SampleCountMaxPerSlice:4]]
[2024.05.29-15.50.19:996][  0]LogConfig: Setting CVar [[r.SkyAtmosphere.AerialPerspectiveLUT.DepthResolution:16.0]]
[2024.05.29-15.50.19:996][  0]LogConfig: Setting CVar [[r.SkyAtmosphere.FastSkyLUT:1]]
[2024.05.29-15.50.19:996][  0]LogConfig: Setting CVar [[r.SkyAtmosphere.FastSkyLUT.SampleCountMin:4.0]]
[2024.05.29-15.50.19:996][  0]LogConfig: Setting CVar [[r.SkyAtmosphere.FastSkyLUT.SampleCountMax:128.0]]
[2024.05.29-15.50.19:997][  0]LogConfig: Setting CVar [[r.SkyAtmosphere.SampleCountMin:4.0]]
[2024.05.29-15.50.19:997][  0]LogConfig: Setting CVar [[r.SkyAtmosphere.SampleCountMax:128.0]]
[2024.05.29-15.50.19:997][  0]LogConfig: Setting CVar [[r.SkyAtmosphere.TransmittanceLUT.UseSmallFormat:0]]
[2024.05.29-15.50.19:997][  0]LogConfig: Setting CVar [[r.SkyAtmosphere.TransmittanceLUT.SampleCount:10.0]]
[2024.05.29-15.50.19:997][  0]LogConfig: Setting CVar [[r.SkyAtmosphere.MultiScatteringLUT.SampleCount:15.0]]
[2024.05.29-15.50.19:997][  0]LogConfig: Setting CVar [[r.SkyLight.RealTimeReflectionCapture:1]]
[2024.05.29-15.50.19:997][  0]LogConfig: Applying CVar settings from Section [FoliageQuality@3] File [E:/RV/Saved/Config/Windows/Scalability.ini]
[2024.05.29-15.50.19:997][  0]LogConfig: Setting CVar [[foliage.DensityScale:1.0]]
[2024.05.29-15.50.19:997][  0]LogConfig: Setting CVar [[grass.DensityScale:1.0]]
[2024.05.29-15.50.19:997][  0]LogConfig: Applying CVar settings from Section [ShadingQuality@3] File [E:/RV/Saved/Config/Windows/Scalability.ini]
[2024.05.29-15.50.19:997][  0]LogConfig: Setting CVar [[r.HairStrands.SkyLighting.IntegrationType:2]]
[2024.05.29-15.50.19:997][  0]LogConfig: Setting CVar [[r.HairStrands.SkyAO.SampleCount:4]]
[2024.05.29-15.50.19:997][  0]LogConfig: Setting CVar [[r.HairStrands.Visibility.MSAA.SamplePerPixel:4]]
[2024.05.29-15.50.19:997][  0]LogInit: Selected Device Profile: [Windows]
[2024.05.29-15.50.19:997][  0]LogInit: Applying CVar settings loaded from the selected device profile: [Windows]
[2024.05.29-15.50.19:997][  0]LogHAL: Display: Platform has ~ 10 GB [10646994944 / 17179869184 / 10], which maps to Default [LargestMinGB=32, LargerMinGB=12, DefaultMinGB=8, SmallerMinGB=6, SmallestMinGB=0)
[2024.05.29-15.50.19:997][  0]LogInit: Going up to parent DeviceProfile []
[2024.05.29-15.50.19:997][  0]LogConfig: Applying CVar settings from Section [ViewDistanceQuality@1] File [E:/RV/Saved/Config/Windows/Scalability.ini]
[2024.05.29-15.50.19:997][  0]LogConfig: Setting CVar [[r.SkeletalMeshLODBias:1]]
[2024.05.29-15.50.19:997][  0]LogConfig: Setting CVar [[r.ViewDistanceScale:0.6]]
[2024.05.29-15.50.19:997][  0]LogConfig: Applying CVar settings from Section [AntiAliasingQuality@1] File [E:/RV/Saved/Config/Windows/Scalability.ini]
[2024.05.29-15.50.19:997][  0]LogConfig: Setting CVar [[r.PostProcessAAQuality:2]]
[2024.05.29-15.50.19:998][  0]LogConfig: Applying CVar settings from Section [ShadowQuality@1] File [E:/RV/Saved/Config/Windows/Scalability.ini]
[2024.05.29-15.50.19:998][  0]LogConfig: Setting CVar [[r.LightFunctionQuality:1]]
[2024.05.29-15.50.19:998][  0]LogConfig: Setting CVar [[r.ShadowQuality:3]]
[2024.05.29-15.50.19:998][  0]LogConfig: Setting CVar [[r.Shadow.CSM.MaxCascades:1]]
[2024.05.29-15.50.19:998][  0]LogConfig: Setting CVar [[r.Shadow.MaxResolution:1024]]
[2024.05.29-15.50.19:998][  0]LogConfig: Setting CVar [[r.Shadow.MaxCSMResolution:1024]]
[2024.05.29-15.50.19:998][  0]LogConfig: Setting CVar [[r.Shadow.RadiusThreshold:0.05]]
[2024.05.29-15.50.19:998][  0]LogConfig: Setting CVar [[r.Shadow.DistanceScale:0.7]]
[2024.05.29-15.50.19:998][  0]LogConfig: Setting CVar [[r.Shadow.CSM.TransitionScale:0.25]]
[2024.05.29-15.50.19:998][  0]LogConfig: Setting CVar [[r.Shadow.PreShadowResolutionFactor:0.5]]
[2024.05.29-15.50.19:998][  0]LogConfig: Setting CVar [[r.DistanceFieldShadowing:0]]
[2024.05.29-15.50.19:998][  0]LogConfig: Setting CVar [[r.DistanceFieldAO:0]]
[2024.05.29-15.50.19:998][  0]LogConfig: Setting CVar [[r.VolumetricFog:0]]
[2024.05.29-15.50.19:998][  0]LogConfig: Setting CVar [[r.LightMaxDrawDistanceScale:.5]]
[2024.05.29-15.50.19:998][  0]LogConfig: Setting CVar [[r.CapsuleShadows:1]]
[2024.05.29-15.50.19:998][  0]LogConfig: Applying CVar settings from Section [PostProcessQuality@1] File [E:/RV/Saved/Config/Windows/Scalability.ini]
[2024.05.29-15.50.19:998][  0]LogConfig: Setting CVar [[r.MotionBlurQuality:3]]
[2024.05.29-15.50.19:998][  0]LogConfig: Setting CVar [[r.AmbientOcclusionMipLevelFactor:1.0]]
[2024.05.29-15.50.19:998][  0]LogConfig: Setting CVar [[r.AmbientOcclusionMaxQuality:60]]
[2024.05.29-15.50.19:998][  0]LogConfig: Setting CVar [[r.AmbientOcclusionLevels:-1]]
[2024.05.29-15.50.19:998][  0]LogConfig: Setting CVar [[r.AmbientOcclusionRadiusScale:1.5]]
[2024.05.29-15.50.19:998][  0]LogConfig: Setting CVar [[r.DepthOfFieldQuality:1]]
[2024.05.29-15.50.19:998][  0]LogConfig: Setting CVar [[r.RenderTargetPoolMin:350]]
[2024.05.29-15.50.19:998][  0]LogConfig: Setting CVar [[r.LensFlareQuality:0]]
[2024.05.29-15.50.19:998][  0]LogConfig: Setting CVar [[r.SceneColorFringeQuality:0]]
[2024.05.29-15.50.19:998][  0]LogConfig: Setting CVar [[r.EyeAdaptationQuality:2]]
[2024.05.29-15.50.19:998][  0]LogConfig: Setting CVar [[r.BloomQuality:4]]
[2024.05.29-15.50.19:998][  0]LogConfig: Setting CVar [[r.FastBlurThreshold:2]]
[2024.05.29-15.50.19:998][  0]LogConfig: Setting CVar [[r.Upscale.Quality:2]]
[2024.05.29-15.50.19:998][  0]LogConfig: Setting CVar [[r.Tonemapper.GrainQuantization:0]]
[2024.05.29-15.50.19:998][  0]LogConfig: Setting CVar [[r.LightShaftQuality:0]]
[2024.05.29-15.50.19:998][  0]LogConfig: Setting CVar [[r.Filter.SizeScale:0.7]]
[2024.05.29-15.50.19:999][  0]LogConfig: Setting CVar [[r.Tonemapper.Quality:2]]
[2024.05.29-15.50.19:999][  0]LogConfig: Setting CVar [[r.DOF.Gather.AccumulatorQuality:0        ; lower gathering accumulator quality]]
[2024.05.29-15.50.19:999][  0]LogConfig: Setting CVar [[r.DOF.Gather.PostfilterMethod:2          ; Max3x3 postfilering method]]
[2024.05.29-15.50.19:999][  0]LogConfig: Setting CVar [[r.DOF.Gather.EnableBokehSettings:0       ; no bokeh simulation when gathering]]
[2024.05.29-15.50.19:999][  0]LogConfig: Setting CVar [[r.DOF.Gather.RingCount:3                 ; low number of samples when gathering]]
[2024.05.29-15.50.19:999][  0]LogConfig: Setting CVar [[r.DOF.Scatter.ForegroundCompositing:0    ; no foreground scattering]]
[2024.05.29-15.50.19:999][  0]LogConfig: Setting CVar [[r.DOF.Scatter.BackgroundCompositing:0    ; no foreground scattering]]
[2024.05.29-15.50.19:999][  0]LogConfig: Setting CVar [[r.DOF.Recombine.Quality:0                ; no slight out of focus]]
[2024.05.29-15.50.19:999][  0]LogConfig: Setting CVar [[r.DOF.TemporalAAQuality:0                ; faster temporal accumulation]]
[2024.05.29-15.50.19:999][  0]LogConfig: Setting CVar [[r.DOF.Kernel.MaxForegroundRadius:0.006   ; required because low gathering and no scattering and not looking great at 1080p]]
[2024.05.29-15.50.19:999][  0]LogConfig: Setting CVar [[r.DOF.Kernel.MaxBackgroundRadius:0.006   ; required because low gathering and no scattering and not looking great at 1080p]]
[2024.05.29-15.50.19:999][  0]LogConfig: Applying CVar settings from Section [TextureQuality@1] File [E:/RV/Saved/Config/Windows/Scalability.ini]
[2024.05.29-15.50.19:999][  0]LogConfig: Setting CVar [[r.Streaming.MipBias:1]]
[2024.05.29-15.50.19:999][  0]LogConfig: Setting CVar [[r.Streaming.AmortizeCPUToGPUCopy:0]]
[2024.05.29-15.50.19:999][  0]LogConfig: Setting CVar [[r.Streaming.MaxNumTexturesToStreamPerFrame:0]]
[2024.05.29-15.50.19:999][  0]LogConfig: Setting CVar [[r.Streaming.Boost:1]]
[2024.05.29-15.50.19:999][  0]LogConfig: Setting CVar [[r.MaxAnisotropy:2]]
[2024.05.29-15.50.19:999][  0]LogConfig: Setting CVar [[r.VT.MaxAnisotropy:4]]
[2024.05.29-15.50.19:999][  0]LogConfig: Setting CVar [[r.Streaming.LimitPoolSizeToVRAM:1]]
[2024.05.29-15.50.19:999][  0]LogConfig: Setting CVar [[r.Streaming.PoolSize:600]]
[2024.05.29-15.50.19:999][  0]LogConfig: Setting CVar [[r.Streaming.MaxEffectiveScreenSize:0]]
[2024.05.29-15.50.19:999][  0]LogConfig: Applying CVar settings from Section [EffectsQuality@1] File [E:/RV/Saved/Config/Windows/Scalability.ini]
[2024.05.29-15.50.19:999][  0]LogConfig: Setting CVar [[r.TranslucencyLightingVolumeDim:32]]
[2024.05.29-15.50.19:999][  0]LogConfig: Setting CVar [[r.RefractionQuality:0]]
[2024.05.29-15.50.19:999][  0]LogConfig: Setting CVar [[r.SSR.Quality:0]]
[2024.05.29-15.50.19:999][  0]LogConfig: Setting CVar [[r.SSR.HalfResSceneColor:1]]
[2024.05.29-15.50.19:999][  0]LogConfig: Setting CVar [[r.SceneColorFormat:3]]
[2024.05.29-15.50.19:999][  0]LogConfig: Setting CVar [[r.DetailMode:1]]
[2024.05.29-15.50.19:999][  0]LogConfig: Setting CVar [[r.TranslucencyVolumeBlur:0]]
[2024.05.29-15.50.19:999][  0]LogConfig: Setting CVar [[r.MaterialQualityLevel:2 ; Medium quality]]
[2024.05.29-15.50.19:999][  0]LogConfig: Setting CVar [[r.AnisotropicMaterials:0]]
[2024.05.29-15.50.19:999][  0]LogConfig: Setting CVar [[r.SSS.Scale:0.75]]
[2024.05.29-15.50.20:000][  0]LogConfig: Setting CVar [[r.SSS.SampleSet:0]]
[2024.05.29-15.50.20:000][  0]LogConfig: Setting CVar [[r.SSS.Quality:0]]
[2024.05.29-15.50.20:000][  0]LogConfig: Setting CVar [[r.SSS.HalfRes:1]]
[2024.05.29-15.50.20:000][  0]LogConfig: Setting CVar [[r.SSGI.Quality:1]]
[2024.05.29-15.50.20:000][  0]LogConfig: Setting CVar [[r.EmitterSpawnRateScale:0.25]]
[2024.05.29-15.50.20:000][  0]LogConfig: Setting CVar [[r.ParticleLightQuality:0]]
[2024.05.29-15.50.20:000][  0]LogConfig: Setting CVar [[r.SkyAtmosphere.AerialPerspectiveLUT.FastApplyOnOpaque:1 ; Always have FastSkyLUT 1 in this case to avoid wrong sky]]
[2024.05.29-15.50.20:000][  0]LogConfig: Setting CVar [[r.SkyAtmosphere.AerialPerspectiveLUT.SampleCountMaxPerSlice:1]]
[2024.05.29-15.50.20:000][  0]LogConfig: Setting CVar [[r.SkyAtmosphere.AerialPerspectiveLUT.DepthResolution:16.0]]
[2024.05.29-15.50.20:000][  0]LogConfig: Setting CVar [[r.SkyAtmosphere.FastSkyLUT:1]]
[2024.05.29-15.50.20:000][  0]LogConfig: Setting CVar [[r.SkyAtmosphere.FastSkyLUT.SampleCountMin:4.0]]
[2024.05.29-15.50.20:000][  0]LogConfig: Setting CVar [[r.SkyAtmosphere.FastSkyLUT.SampleCountMax:32.0]]
[2024.05.29-15.50.20:000][  0]LogConfig: Setting CVar [[r.SkyAtmosphere.SampleCountMin:4.0]]
[2024.05.29-15.50.20:000][  0]LogConfig: Setting CVar [[r.SkyAtmosphere.SampleCountMax:32.0]]
[2024.05.29-15.50.20:000][  0]LogConfig: Setting CVar [[r.SkyAtmosphere.TransmittanceLUT.UseSmallFormat:0]]
[2024.05.29-15.50.20:000][  0]LogConfig: Setting CVar [[r.SkyAtmosphere.TransmittanceLUT.SampleCount:10.0]]
[2024.05.29-15.50.20:000][  0]LogConfig: Setting CVar [[r.SkyAtmosphere.MultiScatteringLUT.SampleCount:15.0]]
[2024.05.29-15.50.20:000][  0]LogConfig: Setting CVar [[r.SkyLight.RealTimeReflectionCapture:0]]
[2024.05.29-15.50.20:000][  0]LogConfig: Applying CVar settings from Section [FoliageQuality@1] File [E:/RV/Saved/Config/Windows/Scalability.ini]
[2024.05.29-15.50.20:000][  0]LogConfig: Setting CVar [[foliage.DensityScale:0.4]]
[2024.05.29-15.50.20:000][  0]LogConfig: Setting CVar [[grass.DensityScale:0.4]]
[2024.05.29-15.50.20:000][  0]LogConfig: Applying CVar settings from Section [ShadingQuality@1] File [E:/RV/Saved/Config/Windows/Scalability.ini]
[2024.05.29-15.50.20:000][  0]LogConfig: Setting CVar [[r.HairStrands.SkyLighting.IntegrationType:2]]
[2024.05.29-15.50.20:000][  0]LogConfig: Setting CVar [[r.HairStrands.SkyAO.SampleCount:4]]
[2024.05.29-15.50.20:000][  0]LogConfig: Setting CVar [[r.HairStrands.Visibility.MSAA.SamplePerPixel:1]]
[2024.05.29-15.50.20:000][  0]LogConfig: Applying CVar settings from Section [Startup] File [../../../Engine/Config/ConsoleVariables.ini]
[2024.05.29-15.50.20:001][  0]LogConfig: Setting CVar [[net.UseAdaptiveNetUpdateFrequency:0]]
[2024.05.29-15.50.20:001][  0]LogConfig: Setting CVar [[p.chaos.AllowCreatePhysxBodies:1]]
[2024.05.29-15.50.20:001][  0]LogConfig: Setting CVar [[fx.SkipVectorVMBackendOptimizations:1]]
[2024.05.29-15.50.20:001][  0]LogConfig: Applying CVar settings from Section [ConsoleVariables] File [E:/RV/Saved/Config/Windows/Engine.ini]
[2024.05.29-15.50.20:001][  0]LogConfig: Applying CVar settings from Section [ConsoleVariables] File [E:/RV/Saved/Config/Windows/Editor.ini]
[2024.05.29-15.50.20:002][  0]LogInit: Computer: LAPTOP-1QT45U1L
[2024.05.29-15.50.20:002][  0]LogInit: User: gabyg
[2024.05.29-15.50.20:002][  0]LogInit: CPU Page size=4096, Cores=4
[2024.05.29-15.50.20:002][  0]LogInit: High frequency timer resolution =10.000000 MHz
[2024.05.29-15.50.20:002][  0]LogMemory: Memory total: Physical=9.9GB (10GB approx)
[2024.05.29-15.50.20:002][  0]LogMemory: Platform Memory Stats for Windows
[2024.05.29-15.50.20:002][  0]LogMemory: Process Physical Memory: 146.29 MB used, 149.30 MB peak
[2024.05.29-15.50.20:002][  0]LogMemory: Process Virtual Memory: 130.36 MB used, 130.36 MB peak
[2024.05.29-15.50.20:002][  0]LogMemory: Physical Memory: 4830.55 MB used,  5323.22 MB free, 10153.77 MB total
[2024.05.29-15.50.20:002][  0]LogMemory: Virtual Memory: 134210112.00 MB used,  7612.03 MB free, 134217728.00 MB total
[2024.05.29-15.50.20:008][  0]LogWindows: WindowsPlatformFeatures enabled
[2024.05.29-15.50.20:076][  0]LogInit: Physics initialised using underlying interface: PhysX
[2024.05.29-15.50.20:077][  0]LogInit: Using OS detected language (es-MX).
[2024.05.29-15.50.20:077][  0]LogInit: Using OS detected locale (es-MX).
[2024.05.29-15.50.20:084][  0]LogTextLocalizationResource: LocRes '../../../Engine/Content/Localization/Editor/es-MX/Editor.locres' could not be opened for reading!
[2024.05.29-15.50.20:084][  0]LogTextLocalizationResource: LocRes '../../../Engine/Content/Localization/EditorTutorials/es-MX/EditorTutorials.locres' could not be opened for reading!
[2024.05.29-15.50.20:084][  0]LogTextLocalizationResource: LocRes '../../../Engine/Content/Localization/Keywords/es-MX/Keywords.locres' could not be opened for reading!
[2024.05.29-15.50.20:085][  0]LogTextLocalizationResource: LocRes '../../../Engine/Content/Localization/Category/es-MX/Category.locres' could not be opened for reading!
[2024.05.29-15.50.20:085][  0]LogTextLocalizationResource: LocRes '../../../Engine/Content/Localization/ToolTips/es-MX/ToolTips.locres' could not be opened for reading!
[2024.05.29-15.50.20:085][  0]LogTextLocalizationResource: LocRes '../../../Engine/Content/Localization/PropertyNames/es-MX/PropertyNames.locres' could not be opened for reading!
[2024.05.29-15.50.20:085][  0]LogTextLocalizationResource: LocRes '../../../Engine/Content/Localization/Engine/es-MX/Engine.locres' could not be opened for reading!
[2024.05.29-15.50.20:085][  0]LogTextLocalizationResource: LocRes '../../../Engine/Plugins/Online/OnlineSubsystemUtils/Content/Localization/OnlineSubsystemUtils/es-MX/OnlineSubsystemUtils.locres' could not be opened for reading!
[2024.05.29-15.50.20:085][  0]LogTextLocalizationResource: LocRes '../../../Engine/Plugins/Online/IOS/OnlineSubsystemIOS/Content/Localization/OnlineSubsystemIOS/es-MX/OnlineSubsystemIOS.locres' could not be opened for reading!
[2024.05.29-15.50.20:086][  0]LogTextLocalizationResource: LocRes '../../../Engine/Plugins/Online/Android/OnlineSubsystemGooglePlay/Content/Localization/OnlineSubsystemGooglePlay/es-MX/OnlineSubsystemGooglePlay.locres' could not be opened for reading!
[2024.05.29-15.50.20:146][  0]LogInit: Setting process to per monitor DPI aware
[2024.05.29-15.50.20:164][  0]LogWindowsTextInputMethodSystem: Display: IME system deactivated.
[2024.05.29-15.50.20:360][  0]LogSlate: New Slate User Created.  User Index 0, Is Virtual User: 0
[2024.05.29-15.50.20:360][  0]LogSlate: Slate User Registered.  User Index 0, Is Virtual User: 0
[2024.05.29-15.50.20:621][  0]LogD3D11RHI: Loaded GFSDK_Aftermath_Lib.x64.dll
[2024.05.29-15.50.20:622][  0]LogD3D11RHI: D3D11 min allowed feature level: 11_0
[2024.05.29-15.50.20:622][  0]LogD3D11RHI: D3D11 max allowed feature level: 11_0
[2024.05.29-15.50.20:622][  0]LogD3D11RHI: D3D11 adapters:
[2024.05.29-15.50.20:673][  0]LogD3D11RHI:    0. 'AMD Radeon(TM) Vega 8 Graphics' (Feature Level 11_0)
[2024.05.29-15.50.20:673][  0]LogD3D11RHI:       2034/0/5076 MB DedicatedVideo/DedicatedSystem/SharedSystem, Outputs:1, VendorId:0x1002
[2024.05.29-15.50.20:678][  0]LogD3D11RHI:    1. 'Microsoft Basic Render Driver' (Feature Level 11_0)
[2024.05.29-15.50.20:678][  0]LogD3D11RHI:       0/0/5076 MB DedicatedVideo/DedicatedSystem/SharedSystem, Outputs:0, VendorId:0x1414
[2024.05.29-15.50.20:678][  0]LogD3D11RHI: Chosen D3D11 Adapter:
[2024.05.29-15.50.20:678][  0]LogD3D11RHI:     Description : AMD Radeon(TM) Vega 8 Graphics
[2024.05.29-15.50.20:678][  0]LogD3D11RHI:     VendorId    : 1002
[2024.05.29-15.50.20:678][  0]LogD3D11RHI:     DeviceId    : 15d8
[2024.05.29-15.50.20:678][  0]LogD3D11RHI:     SubSysId    : 8615103c
[2024.05.29-15.50.20:678][  0]LogD3D11RHI:     Revision    : 00c2
[2024.05.29-15.50.20:678][  0]LogD3D11RHI:     DedicatedVideoMemory : 2133184512 bytes
[2024.05.29-15.50.20:679][  0]LogD3D11RHI:     DedicatedSystemMemory : 0 bytes
[2024.05.29-15.50.20:679][  0]LogD3D11RHI:     SharedSystemMemory : 5323497472 bytes
[2024.05.29-15.50.20:679][  0]LogD3D11RHI:     AdapterLuid : 0 81416
[2024.05.29-15.50.20:694][  0]LogD3D11RHI: Creating new Direct3DDevice
[2024.05.29-15.50.20:695][  0]LogD3D11RHI:     GPU DeviceId: 0x15d8 (for the marketing name, search the web for "GPU Device Id")
[2024.05.29-15.50.20:695][  0]LogWindows: EnumDisplayDevices:
[2024.05.29-15.50.20:695][  0]LogWindows:    0. 'AMD Radeon(TM) Vega 8 Graphics' (P:1 D:1)
[2024.05.29-15.50.20:696][  0]LogWindows:    1. 'AMD Radeon(TM) Vega 8 Graphics' (P:0 D:0)
[2024.05.29-15.50.20:696][  0]LogWindows:    2. 'AMD Radeon(TM) Vega 8 Graphics' (P:0 D:0)
[2024.05.29-15.50.20:697][  0]LogWindows:    3. 'AMD Radeon(TM) Vega 8 Graphics' (P:0 D:0)
[2024.05.29-15.50.20:698][  0]LogWindows: DebugString: FoundDriverCount:4 
[2024.05.29-15.50.20:698][  0]LogD3D11RHI:     Adapter Name: AMD Radeon(TM) Vega 8 Graphics
[2024.05.29-15.50.20:698][  0]LogD3D11RHI:   Driver Version: Adrenalin 2020 20.9.1 (internal:27.20.12029.1000, unified:27.20.12029.1000)
[2024.05.29-15.50.20:698][  0]LogD3D11RHI:      Driver Date: 9-9-2020
[2024.05.29-15.50.20:698][  0]LogRHI: Texture pool is 4549 MB (70% of 6499 MB)
[2024.05.29-15.50.20:730][  0]LogD3D11RHI: Creating D3DDevice with AMD AGS, using adapter:
[2024.05.29-15.50.20:730][  0]LogD3D11RHI:     Description : AMD Radeon(TM) Vega 8 Graphics
[2024.05.29-15.50.20:730][  0]LogD3D11RHI:     VendorId    : 1002
[2024.05.29-15.50.20:730][  0]LogD3D11RHI:     DeviceId    : 15d8
[2024.05.29-15.50.20:730][  0]LogD3D11RHI:     SubSysId    : 8615103c
[2024.05.29-15.50.20:730][  0]LogD3D11RHI:     Revision    : 00c2
[2024.05.29-15.50.20:730][  0]LogD3D11RHI:     DedicatedVideoMemory : 2133184512 bytes
[2024.05.29-15.50.20:730][  0]LogD3D11RHI:     DedicatedSystemMemory : 0 bytes
[2024.05.29-15.50.20:730][  0]LogD3D11RHI:     SharedSystemMemory : 5323497472 bytes
[2024.05.29-15.50.20:730][  0]LogD3D11RHI:     AdapterLuid : 0 81416
[2024.05.29-15.50.20:791][  0]LogD3D11RHI: Created device via AGS, feature level 11_0, supported extensions 1fffffbf.
[2024.05.29-15.50.20:791][  0]LogD3D11RHI: RHI has support for 64 bit atomics
[2024.05.29-15.50.20:791][  0]LogD3D11RHI: Async texture creation enabled
[2024.05.29-15.50.20:791][  0]LogD3D11RHI: Array index from any shader is supported
[2024.05.29-15.50.20:810][  0]LogD3D11RHI: GPU Timing Frequency: 25.000000 (Debug: 2 1)
[2024.05.29-15.50.21:772][  0]LogTargetPlatformManager: Display: Loaded TargetPlatform 'AllDesktop'
[2024.05.29-15.50.21:823][  0]LogTargetPlatformManager: Display: Loaded TargetPlatform 'Android'
[2024.05.29-15.50.21:823][  0]LogTargetPlatformManager: Display: Loaded TargetPlatform 'Android_ASTC'
[2024.05.29-15.50.21:823][  0]LogTargetPlatformManager: Display: Loaded TargetPlatform 'Android_DXT'
[2024.05.29-15.50.21:823][  0]LogTargetPlatformManager: Display: Loaded TargetPlatform 'Android_ETC2'
[2024.05.29-15.50.21:823][  0]LogTargetPlatformManager: Display: Loaded TargetPlatform 'AndroidClient'
[2024.05.29-15.50.21:823][  0]LogTargetPlatformManager: Display: Loaded TargetPlatform 'Android_ASTCClient'
[2024.05.29-15.50.21:823][  0]LogTargetPlatformManager: Display: Loaded TargetPlatform 'Android_DXTClient'
[2024.05.29-15.50.21:823][  0]LogTargetPlatformManager: Display: Loaded TargetPlatform 'Android_ETC2Client'
[2024.05.29-15.50.21:823][  0]LogTargetPlatformManager: Display: Loaded TargetPlatform 'Android_Multi'
[2024.05.29-15.50.21:823][  0]LogTargetPlatformManager: Display: Loaded TargetPlatform 'Android_MultiClient'
[2024.05.29-15.50.21:866][  0]LogTargetPlatformManager: Display: Loaded TargetPlatform 'IOSClient'
[2024.05.29-15.50.21:866][  0]LogTargetPlatformManager: Display: Loaded TargetPlatform 'IOS'
[2024.05.29-15.50.21:898][  0]LogTargetPlatformManager: Display: Loaded TargetPlatform 'Linux'
[2024.05.29-15.50.21:912][  0]LogTargetPlatformManager: Display: Loaded TargetPlatform 'LinuxNoEditor'
[2024.05.29-15.50.21:927][  0]LogTargetPlatformManager: Display: Loaded TargetPlatform 'LinuxClient'
[2024.05.29-15.50.21:943][  0]LogTargetPlatformManager: Display: Loaded TargetPlatform 'LinuxServer'
[2024.05.29-15.50.21:971][  0]LogTargetPlatformManager: Display: Loaded TargetPlatform 'LinuxAArch64NoEditor'
[2024.05.29-15.50.21:984][  0]LogTargetPlatformManager: Display: Loaded TargetPlatform 'LinuxAArch64Client'
[2024.05.29-15.50.21:995][  0]LogTargetPlatformManager: Display: Loaded TargetPlatform 'LinuxAArch64Server'
[2024.05.29-15.50.22:040][  0]LogTargetPlatformManager: Display: Loaded TargetPlatform 'Lumin'
[2024.05.29-15.50.22:040][  0]LogTargetPlatformManager: Display: Loaded TargetPlatform 'LuminClient'
[2024.05.29-15.50.22:057][  0]LogTargetPlatformManager: Display: Loaded TargetPlatform 'MacNoEditor'
[2024.05.29-15.50.22:067][  0]LogTargetPlatformManager: Display: Loaded TargetPlatform 'Mac'
[2024.05.29-15.50.22:077][  0]LogTargetPlatformManager: Display: Loaded TargetPlatform 'MacClient'
[2024.05.29-15.50.22:086][  0]LogTargetPlatformManager: Display: Loaded TargetPlatform 'MacServer'
[2024.05.29-15.50.22:099][  0]LogTargetPlatformManager: Display: Loaded TargetPlatform 'TVOSClient'
[2024.05.29-15.50.22:099][  0]LogTargetPlatformManager: Display: Loaded TargetPlatform 'TVOS'
[2024.05.29-15.50.22:114][  0]LogTargetPlatformManager: Display: Loaded TargetPlatform 'WindowsNoEditor'
[2024.05.29-15.50.22:123][  0]LogTargetPlatformManager: Display: Loaded TargetPlatform 'Windows'
[2024.05.29-15.50.22:132][  0]LogTargetPlatformManager: Display: Loaded TargetPlatform 'WindowsClient'
[2024.05.29-15.50.22:141][  0]LogTargetPlatformManager: Display: Loaded TargetPlatform 'WindowsServer'
[2024.05.29-15.50.22:141][  0]LogTargetPlatformManager: Display: Building Assets For Windows
[2024.05.29-15.50.22:156][  0]LogAudioDebug: Display: Lib vorbis DLL was dynamically loaded.
[2024.05.29-15.50.22:251][  0]LogTextureFormatOodle: Display: Oodle Texture 2.9.0 init RDO Off
[2024.05.29-15.50.22:404][  0]LogRendererCore: Ray tracing is disabled. Reason: r.RayTracing=0.
[2024.05.29-15.50.22:404][  0]LogShaderCompilers: Guid format shader working directory is 31 characters bigger than the processId version (../../../../RV/Intermediate/Shaders/WorkingDirectory/11720/).
[2024.05.29-15.50.22:404][  0]LogShaderCompilers: Cleaned the shader compiler working directory 'C:/Users/gabyg/AppData/Local/Temp/UnrealShaderWorkingDir/3EF907CB47CB30ACA3BDA3A0C2F2F65D/'.
[2024.05.29-15.50.22:404][  0]LogXGEController: Cannot use XGE Controller as Incredibuild is not installed on this machine.
[2024.05.29-15.50.22:405][  0]LogShaderCompilers: Cannot use XGE Shader Compiler as Incredibuild is not installed on this machine.
[2024.05.29-15.50.22:405][  0]LogShaderCompilers: Display: Using Local Shader Compiler.
[2024.05.29-15.50.23:355][  0]LogDerivedDataCache: Display: Max Cache Size: 512 MB
[2024.05.29-15.50.23:430][  0]LogDerivedDataCache: Loaded boot cache 0.07s 122MB C:/Users/gabyg/AppData/Local/UnrealEngine/4.27/DerivedDataCache/Boot.ddc.
[2024.05.29-15.50.23:430][  0]LogDerivedDataCache: Display: Loaded Boot cache: C:/Users/gabyg/AppData/Local/UnrealEngine/4.27/DerivedDataCache/Boot.ddc
[2024.05.29-15.50.23:443][  0]LogDerivedDataCache: FDerivedDataBackendGraph:  Pak pak cache file ../../../../RV/DerivedDataCache/DDC.ddp not found, will not use a pak cache.
[2024.05.29-15.50.23:443][  0]LogDerivedDataCache: Unable to find inner node Pak for hierarchical cache Hierarchy.
[2024.05.29-15.50.23:443][  0]LogDerivedDataCache: FDerivedDataBackendGraph:  CompressedPak pak cache file ../../../../RV/DerivedDataCache/Compressed.ddp not found, will not use a pak cache.
[2024.05.29-15.50.23:443][  0]LogDerivedDataCache: Unable to find inner node CompressedPak for hierarchical cache Hierarchy.
[2024.05.29-15.50.23:492][  0]LogDerivedDataCache: Display: Pak cache opened for reading ../../../Engine/DerivedDataCache/Compressed.ddp.
[2024.05.29-15.50.23:492][  0]LogDerivedDataCache: FDerivedDataBackendGraph:  EnterprisePak pak cache file ../../../Enterprise/DerivedDataCache/Compressed.ddp not found, will not use a pak cache.
[2024.05.29-15.50.23:492][  0]LogDerivedDataCache: Unable to find inner node EnterprisePak for hierarchical cache Hierarchy.
[2024.05.29-15.50.23:506][  0]LogDerivedDataCache: Speed tests for C:/Users/gabyg/AppData/Local/UnrealEngine/Common/DerivedDataCache took 0.01 seconds
[2024.05.29-15.50.23:506][  0]LogDerivedDataCache: Display: Performance to C:/Users/gabyg/AppData/Local/UnrealEngine/Common/DerivedDataCache: Latency=0.10ms. RandomReadSpeed=564.71MBs, RandomWriteSpeed=91.03MBs. Assigned SpeedClass 'Local'
[2024.05.29-15.50.23:507][  0]LogDerivedDataCache: Using Local data cache path C:/Users/gabyg/AppData/Local/UnrealEngine/Common/DerivedDataCache: Writable
[2024.05.29-15.50.23:507][  0]LogDerivedDataCache: Shared data cache path not found in *engine.ini, will not use an Shared cache.
[2024.05.29-15.50.23:507][  0]LogDerivedDataCache: Unable to find inner node Shared for hierarchical cache Hierarchy.
[2024.05.29-15.50.23:592][  0]LogSlate: Using FreeType 2.10.0
[2024.05.29-15.50.23:592][  0]LogSlate: SlateFontServices - WITH_FREETYPE: 1, WITH_HARFBUZZ: 1
[2024.05.29-15.50.23:649][  0]LogAssetRegistry: FAssetRegistry took 0.0065 seconds to start up
[2024.05.29-15.50.24:048][  0]LogInit: Selected Device Profile: [Windows]
[2024.05.29-15.50.24:049][  0]LogInit: Active device profile: [000001E858ABAC00][000001E856C704C0 49] Windows
[2024.05.29-15.50.24:049][  0]LogInit: Profiles: [000001E858ABAC00][000001E856C704C0 49] Windows, [000001E8589F1E00][000001E856C78640 49] WindowsNoEditor, [000001E858ABA200][000001E856C7C7C0 49] WindowsServer, [000001E8589F1000][000001E856C80940 49] WindowsClient, [000001E858AB9800][000001E856C74A80 49] IOS, [000001E8589F2F00][000001E856C84BC0 49] iPadAir, [000001E858AB9100][000001E856C88D00 49] iPadAir2, [000001E858892000][000001E856C94FC0 49] IPadPro, [000001E858892100][000001E856C91000 49] iPadAir3, [000001E8589F2D00][000001E856C99180 49] iPadAir4, [000001E858892F00][000001E856C9D300 49] iPadMini2, [000001E8589F1A00][000001E84D92B480 49] iPadMini3, [000001E858893B00][000001E84D92F600 49] iPadMini4, [000001E8589F0700][000001E84D933780 49] iPadMini5, [000001E8588ED900][000001E84D93BA40 49] iPhone6, [000001E8588EDA00][000001E84D937A80 49] iPodTouch6, [000001E858ABA600][000001E84D9421C0 49] iPhone7, [000001E858ABA500][000001E84D93E200 49] iPodTouch7, [000001E858893E00][000001E84D946380 49] iPhone5S, [000001E858ABB700][000001E84D94A500 49] iPhone6Plus, [000001E858891D00][000001E84D952680 49] iPhone6S, [000001E858ABB400][000001E84D956800 49] iPhone6SPlus, [000001E858892C00][000001E84D95A980 49] iPhone7Plus, [000001E858ABB300][000001E84D95EB00 49] iPhoneSE, [000001E8588EC400][000001E856C8CC40 49] iPhone8, [000001E858892200][000001E8568A4D80 49] iPhone8Plus, [000001E8588ED000][000001E8568BCEC0 49] iPhoneX, [000001E858892400][000001E8568C9040 49] iPhoneXS, [000001E8588EFE00][000001E8568D11C0 49] iPhoneXSMax, [000001E858890400][000001E8568D5340 49] iPhoneXR, [000001E8588EF600][000001E8568D94C0 49] iPhone11, [000001E858890C00][000001E8568E1640 49] iPhone11Pro, [000001E8588EF000][000001E8568E57C0 49] iPhone11ProMax, [000001E858891000][000001E8568E9940 49] iPhoneSE2, [000001E8588EEC00][000001E856965AC0 49] iPhone12Mini, [000001E858891400][000001E8569680C0 49] iPhone12, [000001E8588EEA00][000001E856974240 49] iPhone12Pro, [000001E858891600][000001E8569783C0 49] iPhone12ProMax, [000001E8588EE900][000001E85697C540 49] iPadPro105, [000001E858ABB500][000001E8569806C0 49] iPadPro129, [000001E8588EF100][000001E856984840 49] iPadPro97, [000001E858ABB200][000001E85699C9C0 49] iPadPro2_129, [000001E8588EE100][000001E8569ACB40 49] iPad5, [000001E858ABB800][000001E8569C8CC0 49] iPad6, [000001E8588ED300][000001E8568C4E00 49] iPad7, [000001E858AB8100][000001E8569F0F40 49] iPad8, [000001E8588ECE00][000001E8569F5080 49] iPadPro11, [000001E858AB9F00][000001E8569F91C0 49] iPadPro2_11, [000001E8588EF800][000001E856A01340 49] iPadPro3_129, [000001E858AB8500][000001E856A054C0 49] iPadPro4_129, [000001E8588EC800][000001E856A09640 49] AppleTV, [000001E858AB9E00][000001E856A0D7C0 49] AppleTV4K, [000001E8588EFF00][000001E856A11940 49] TVOS, [000001E858AB9600][000001E856A15AC0 49] Mac, [000001E8588ECD00][000001E858CB00C0 49] MacClient, [000001E858ABA100][000001E858CB8240 49] MacNoEditor, [000001E8588EDF00][000001E858CC03C0 49] MacServer, [000001E858AB8A00][000001E858CD0540 49] Linux, [000001E8588EE500][000001E858CF66C0 49] LinuxAArch64, [000001E858AB9A00][000001E858CFE840 49] LinuxNoEditor, [000001E8588EDB00][000001E858D029C0 49] LinuxAArch64NoEditor, [000001E858AB8F00][000001E858D06B40 49] LinuxClient, [000001E8588EC600][000001E858D5ECC0 49] LinuxAArch64Client, [000001E858ABA800][000001E855EDEE40 49] LinuxServer, [000001E8588EEF00][000001E8569FCF80 49] LinuxAArch64Server, [000001E858AB8C00][000001E84E28B0C0 49] Android, [000001E8588ED100][000001E84E28F200 49] Android_Low, [000001E858AB8B00][000001E84E293340 49] Android_Mid, [000001E8588EE800][000001E84E29B4C0 49] Android_High, [000001E858ABAA00][000001E84E29F640 49] Android_Default, [000001E8588EED00][000001E84E2A37C0 49] Android_Adreno4xx, [000001E858AB8400][000001E84E2A7940 49] Android_Adreno5xx_Low, [000001E8588EE700][000001E84E2ABAC0 49] Android_Adreno5xx, [000001E858ABBB00][000001E84E2AE0C0 49] Android_Adreno6xx, [000001E8588EC900][000001E855F66240 49] Android_Adreno6xx_Vulkan, [000001E858AB9C00][000001E855F6A3C0 49] Android_Mali_T6xx, [000001E8588EEB00][000001E855F6E540 49] Android_Mali_T7xx, [000001E858AB8700][000001E855F726C0 49] Android_Mali_T8xx, [000001E8588EF500][000001E855F76840 49] Android_Mali_G71, [000001E858ABA900][000001E855F7A9C0 49] Android_Mali_G72, [000001E8588EFB00][000001E855F7EB40 49] Android_Mali_G72_Vulkan, [000001E858AB9300][000001E855F82CC0 49] Android_Mali_G76, [000001E8588EE000][000001E855F86E40 49] Android_Mali_G76_Vulkan, [000001E8589F0800][000001E855F8AFC0 49] Android_Mali_G77, [000001E858892700][000001E855F8F140 49] Android_Mali_G77_Vulkan, [000001E8589F2800][000001E84E297280 49] Android_Mali_G78, [000001E858890700][000001E855F933C0 49] Android_Mali_G78_Vulkan, [000001E8589F3900][000001E855F97500 49] Android_Mali_G710, [000001E858890300][000001E855F9F680 49] Android_Mali_G710_Vulkan, [000001E8589F3D00][000001E855FA3800 49] Android_Vulkan_SM5, [000001E858891700][000001E855FA7980 49] Android_PowerVR_G6xxx, [000001E8589F2000][000001E855FABB00 49] Android_PowerVR_GT7xxx, [000001E858892D00][000001E855FAE100 49] Android_PowerVR_GE8xxx, [000001E8589F0200][000001E855FB2280 49] Android_PowerVR_GM9xxx, [000001E858891E00][000001E855FB6400 49] Android_PowerVR_GM9xxx_Vulkan, [000001E8589F1800][000001E855FBA580 49] Android_TegraK1, [000001E858891B00][000001E855FBE700 49] Android_Unknown_Vulkan, [000001E8589F0D00][000001E855FC2880 49] Lumin, [000001E858891900][000001E855FC6A00 49] Lumin_Desktop, [000001E8589F3300][000001E855FCAB80 49] HoloLens, 
[2024.05.29-15.50.24:385][  0]LogMeshReduction: Using QuadricMeshReduction for automatic static mesh reduction
[2024.05.29-15.50.24:385][  0]LogMeshReduction: Using SimplygonMeshReduction for automatic skeletal mesh reduction
[2024.05.29-15.50.24:385][  0]LogMeshReduction: Using ProxyLODMeshReduction for automatic mesh merging
[2024.05.29-15.50.24:385][  0]LogMeshReduction: No distributed automatic mesh merging module available
[2024.05.29-15.50.24:385][  0]LogMeshMerging: No distributed automatic mesh merging module available
[2024.05.29-15.50.24:424][  0]LogNetVersion: RV 1.0.0, NetCL: 17155196, EngineNetVer: 17, GameNetVer: 0 (Checksum: 3399876282)
[2024.05.29-15.50.25:340][  0]LogTexture: Default maximum texture size for cubemaps generated from long-lat sources has been changed from 512 to unlimited. In order to preserve old behaiour for '/Engine/MapTemplates/Sky/DaylightAmbientCubemap.DaylightAmbientCubemap', its maximum texture size has been explicitly set to 512.
[2024.05.29-15.50.25:443][  0]LogHMD: PokeAHoleMaterial loaded successfully
[2024.05.29-15.50.25:453][  0]LogUObjectArray: 17098 objects as part of root set at end of initial load.
[2024.05.29-15.50.25:453][  0]LogUObjectAllocator: 4283840 out of 0 bytes used by permanent object pool.
[2024.05.29-15.50.25:453][  0]LogUObjectArray: CloseDisregardForGC: 0/0 objects in disregard for GC pool
[2024.05.29-15.50.26:126][  0]LogNiagaraDebuggerClient: Niagara Debugger Client Initialized | Session: 7145ADCC48E188D980B3439DCA70B812 | Instance: 1449F405415EDF32D00E9B8F4A18DBC6 (LAPTOP-1QT45U1L-11720).
[2024.05.29-15.50.26:177][  0]LogPython: Using Python 3.7.7
[2024.05.29-15.50.26:898][  0]LogUdpMessaging: Initializing bridge on interface 0.0.0.0:0 to multicast group 230.0.0.1:6666.
[2024.05.29-15.50.26:909][  0]LogTcpMessaging: Initializing TcpMessaging bridge
[2024.05.29-15.50.27:644][  0]SERIALCOMLog: Warning: SERIALCOM: Log Started
[2024.05.29-15.50.27:951][  0]SourceControl: El control de código fuente está desactivado
[2024.05.29-15.50.27:951][  0]SourceControl: El control de código fuente está desactivado
[2024.05.29-15.50.27:956][  0]SourceControl: El control de código fuente está desactivado
[2024.05.29-15.50.27:961][  0]SourceControl: El control de código fuente está desactivado
[2024.05.29-15.50.27:972][  0]SourceControl: El control de código fuente está desactivado
[2024.05.29-15.50.27:982][  0]LogUProjectInfo: Found projects:
[2024.05.29-15.50.27:993][  0]LogVSAccessor: Display: Unable to create Visual Studio setup instance: 80040154
[2024.05.29-15.50.27:994][  0]LogVSAccessor: Display: Unable to create Visual Studio setup instance: 80040154
[2024.05.29-15.50.27:995][  0]LogVSAccessor: Display: Unable to create Visual Studio setup instance: 80040154
[2024.05.29-15.50.28:222][  0]LogOpenImageDenoise: OIDN starting up
[2024.05.29-15.50.28:370][  0]LogAndroidPermission: UAndroidPermissionCallbackProxy::GetInstance
[2024.05.29-15.50.28:411][  0]LogAudioCaptureCore: Display: No Audio Capture implementations found. Audio input will be silent.
[2024.05.29-15.50.28:412][  0]LogAudioCaptureCore: Display: No Audio Capture implementations found. Audio input will be silent.
[2024.05.29-15.50.28:846][  0]LogCollectionManager: Loaded 0 collections in 0.014158 seconds
[2024.05.29-15.50.28:914][  0]LogFileCache: Scanning file cache for directory 'E:/RV/Saved/Collections/' took 0.00s
[2024.05.29-15.50.28:914][  0]LogFileCache: Scanning file cache for directory 'E:/RV/Content/Developers/gabyg/Collections/' took 0.00s
[2024.05.29-15.50.28:914][  0]LogFileCache: Scanning file cache for directory 'E:/RV/Content/Collections/' took 0.00s
[2024.05.29-15.50.28:914][  0]LogOcInput: OculusInput pre-init called
[2024.05.29-15.50.29:442][  0]LogEngine: Initializing Engine...
[2024.05.29-15.50.29:443][  0]LogHMD: PokeAHoleMaterial loaded successfully
[2024.05.29-15.50.29:443][  0]LogHMD: Initializing OVRPlugin session
[2024.05.29-15.51.02:233][  0]LogHMD: Allocating Oculus 3200 x 1600 rendertarget swapchain
[2024.05.29-15.51.02:233][  0]LogHMD: Oculus plugin initialized. Version: 4.27.2-18319896+++UE4+Release-4.27, OVRPlugin: 1.59.0
[2024.05.29-15.51.02:236][  0]LogStats: UGameplayTagsManager::InitializeManager -  0.000 s
[2024.05.29-15.51.02:526][  0]LogInit: Initializing FReadOnlyCVARCache
[2024.05.29-15.51.02:556][  0]LogAIModule: Creating AISystem for world Untitled
[2024.05.29-15.51.02:558][  0]LogAudio: Display: Initializing Audio Device Manager...
[2024.05.29-15.51.02:574][  0]LogAudio: Display: Loading Default Audio Settings Objects...
[2024.05.29-15.51.02:575][  0]LogAudio: Display: No default SoundConcurrencyObject specified (or failed to load).
[2024.05.29-15.51.02:576][  0]LogAudio: Display: Audio Device Manager Initialized
[2024.05.29-15.51.02:576][  0]LogAudio: Display: Creating Audio Device:                 Id: 1, Scope: Shared, Realtime: True
[2024.05.29-15.51.02:576][  0]LogAudioMixer: Display: Audio Mixer Platform Settings:
[2024.05.29-15.51.02:576][  0]LogAudioMixer: Display: 	Sample Rate:						  48000
[2024.05.29-15.51.02:576][  0]LogAudioMixer: Display: 	Callback Buffer Frame Size Requested: 1024
[2024.05.29-15.51.02:576][  0]LogAudioMixer: Display: 	Callback Buffer Frame Size To Use:	  1024
[2024.05.29-15.51.02:576][  0]LogAudioMixer: Display: 	Number of buffers to queue:			  1
[2024.05.29-15.51.02:576][  0]LogAudioMixer: Display: 	Max Channels (voices):				  0
[2024.05.29-15.51.02:576][  0]LogAudioMixer: Display: 	Number of Async Source Workers:		  4
[2024.05.29-15.51.02:576][  0]LogAudio: Display: AudioDevice MaxSources: 32
[2024.05.29-15.51.02:577][  0]LogAudio: Display: Audio Spatialization Plugin: Resonance Audio is external send: 1
[2024.05.29-15.51.02:577][  0]LogAudio: Display: Audio Reverb Plugin: Resonance Audio
[2024.05.29-15.51.02:577][  0]LogAudio: Display: Audio Occlusion Plugin: None (built-in).
[2024.05.29-15.51.02:577][  0]LogAudioMixer: Display: Initializing audio mixer.
[2024.05.29-15.51.02:613][  0]LogAudioMixer: Display: 0: FrontLeft
[2024.05.29-15.51.02:613][  0]LogAudioMixer: Display: 1: FrontRight
[2024.05.29-15.51.02:669][  0]LogAudioMixer: Display: Using Audio Device Auriculares (CS202)
[2024.05.29-15.51.02:677][  0]LogAudioMixer: Display: Initializing Sound Submixes...
[2024.05.29-15.51.02:683][  0]LogAudioMixer: Display: Creating Master Submix 'MasterSubmixDefault'
[2024.05.29-15.51.02:683][  0]LogAudioMixer: Display: Creating Master Submix 'MasterReverbSubmixDefault'
[2024.05.29-15.51.02:685][  0]LogAudioMixer: Display: Creating Master Submix 'MasterEQSubmixDefault'
[2024.05.29-15.51.02:688][  0]LogAudioMixer: FMixerPlatformXAudio2::StartAudioStream() called
[2024.05.29-15.51.02:688][  0]LogAudioMixer: Display: Output buffers initialized: Frames=1024, Channels=2, Samples=2048
[2024.05.29-15.51.02:690][  0]LogAudioMixer: Display: Starting AudioMixerPlatformInterface::RunInternal()
[2024.05.29-15.51.02:690][  0]LogAudioMixer: Display: FMixerPlatformXAudio2::SubmitBuffer() called for the first time
[2024.05.29-15.51.02:690][  0]LogInit: FAudioDevice initialized.
[2024.05.29-15.51.02:690][  0]LogAudio: Display: Audio Device (ID: 1) registered with world 'Untitled'.
[2024.05.29-15.51.02:691][  0]LogNetVersion: Set ProjectVersion to 1.0.0.0. Version Checksum will be recalculated on next use.
[2024.05.29-15.51.02:927][  0]LogDerivedDataCache: Saved boot cache 0.24s 122MB C:/Users/gabyg/AppData/Local/UnrealEngine/4.27/DerivedDataCache/Boot.ddc.
[2024.05.29-15.51.02:932][  0]LogInit: Texture streaming: Enabled
[2024.05.29-15.51.02:972][  0]LogAnalytics: Display: [UEEditor.Rocket.Release] APIServer = https://datarouter.ol.epicgames.com/. AppVersion = 4.27.2-18319896+++UE4+Release-4.27
[2024.05.29-15.51.02:981][  0]LogEngineSessionManager: EngineSessionManager initialized
[2024.05.29-15.51.02:981][  0]LogEditorSessionSummary: Verbose: Initializing EditorSessionSummaryWriter for editor session tracking
[2024.05.29-15.51.02:983][  0]LogEditorSessionSummary: EditorSessionSummaryWriter initialized
[2024.05.29-15.51.03:177][  0]LogInit: Transaction tracking system initialized
[2024.05.29-15.51.03:275][  0]BlueprintLog: New page: Cargar el editor
[2024.05.29-15.51.03:418][  0]LocalizationService: Localization service is disabled
[2024.05.29-15.51.03:490][  0]TimingProfiler: Initialize
[2024.05.29-15.51.03:490][  0]TimingProfiler: OnSessionChanged
[2024.05.29-15.51.03:490][  0]LoadingProfiler: Initialize
[2024.05.29-15.51.03:491][  0]LoadingProfiler: OnSessionChanged
[2024.05.29-15.51.03:491][  0]NetworkingProfiler: Initialize
[2024.05.29-15.51.03:491][  0]NetworkingProfiler: OnSessionChanged
[2024.05.29-15.51.03:491][  0]MemoryProfiler: Initialize
[2024.05.29-15.51.03:492][  0]MemoryProfiler: OnSessionChanged
[2024.05.29-15.51.03:694][  0]LogVSAccessor: Display: Unable to create Visual Studio setup instance: 80040154
[2024.05.29-15.51.03:695][  0]LogVSAccessor: Display: Unable to create Visual Studio setup instance: 80040154
[2024.05.29-15.51.03:697][  0]LogVSAccessor: Display: Unable to create Visual Studio setup instance: 80040154
[2024.05.29-15.51.04:304][  0]LogCook: Display: CookSettings for Memory: MemoryMaxUsedVirtual 0MiB, MemoryMaxUsedPhysical 16384MiB, MemoryMinFreeVirtual 0MiB, MemoryMinFreePhysical 1024MiB
[2024.05.29-15.51.04:304][  0]LogCook: Display: Mobile HDR setting 0
[2024.05.29-15.51.04:472][  0]LogFileCache: Scanning file cache for directory 'E:/RV/Content/' took 0.04s
[2024.05.29-15.51.05:232][  0]LogInit: Display: Engine is initialized. Leaving FEngineLoop::Init()
[2024.05.29-15.51.05:236][  0]SourceControl: El control de código fuente está desactivado
[2024.05.29-15.51.05:236][  0]LogUnrealEdMisc: Loading editor; pre map load, took 55.166
[2024.05.29-15.51.05:236][  0]Cmd: MAP LOAD FILE="../../../../RV/Content/VRTemplate/Maps/VRTemplateMap.umap" TEMPLATE=0 SHOWPROGRESS=1 FEATURELEVEL=3
[2024.05.29-15.51.05:269][  0]LightingResults: New page: Diseñar la iluminación
[2024.05.29-15.51.05:274][  0]LogWorld: UWorld::CleanupWorld for Untitled, bSessionEnded=true, bCleanupResources=true
[2024.05.29-15.51.05:275][  0]LogSlate: InvalidateAllWidgets triggered.  All widgets were invalidated
[2024.05.29-15.51.05:275][  0]MapCheck: New page: Revisión del mapa
[2024.05.29-15.51.05:275][  0]LightingResults: New page: Diseñar la iluminación
[2024.05.29-15.51.05:288][  0]LogAudio: Display: Audio Device unregistered from world 'None'.
[2024.05.29-15.51.05:294][  0]LogUObjectHash: Compacting FUObjectHashTables data took   2.55ms
[2024.05.29-15.51.10:531][  0]LogAudio: Display: Audio Device (ID: 1) registered with world 'VRTemplateMap'.
[2024.05.29-15.51.10:533][  0]LogAIModule: Creating AISystem for world VRTemplateMap
[2024.05.29-15.51.10:554][  0]LogEditorServer: Finished looking for orphan Actors (0.000 secs)
[2024.05.29-15.51.10:611][  0]LogUObjectHash: Compacting FUObjectHashTables data took   2.38ms
[2024.05.29-15.51.10:612][  0]Cmd: MAP CHECKDEP NOCLEARLOG
[2024.05.29-15.51.10:612][  0]MapCheck: Map check complete: 0 Error(s), 0 Warning(s), took 0.256ms to complete.
[2024.05.29-15.51.10:612][  0]LogFileHelpers: Loading map 'VRTemplateMap' took 5.376
[2024.05.29-15.51.10:615][  0]LogUnrealEdMisc: Total Editor Startup Time, took 60.545
[2024.05.29-15.51.10:947][  0]LogSlate: Updating window title bar state: overlay mode, drag disabled, window buttons hidden, title bar hidden
[2024.05.29-15.51.10:966][  0]LogSlate: Updating window title bar state: overlay mode, drag disabled, window buttons hidden, title bar hidden
[2024.05.29-15.51.10:985][  0]LogSlate: Updating window title bar state: overlay mode, drag disabled, window buttons hidden, title bar hidden
[2024.05.29-15.51.11:008][  0]LogSlate: Updating window title bar state: overlay mode, drag disabled, window buttons hidden, title bar hidden
[2024.05.29-15.51.11:142][  0]LogPakFile: PakFile PrimaryIndexSize=191
[2024.05.29-15.51.11:142][  0]LogPakFile: PakFile PathHashIndexSize=101
[2024.05.29-15.51.11:142][  0]LogPakFile: PakFile FullDirectoryIndexSize=160
[2024.05.29-15.51.11:142][  0]LogShaderLibrary: Display: ShaderCodeLibraryPakFileMountedCallback: PakFile 'E:/UE_4.27/FeaturePacks/MobileStarterContent.upack' (chunk index -1, root 'root:/') mounted
[2024.05.29-15.51.11:142][  0]LogShaderLibrary: Display: ShaderCodeLibraryPakFileMountedCallback: pending pak file info (ChunkID:-1 Root:root:/ File:E:/UE_4.27/FeaturePacks/MobileStarterContent.upack)
[2024.05.29-15.51.11:142][  0]LogPakFile: OnPakFileMounted2Time == 0.000123
[2024.05.29-15.51.11:152][  0]LogPakFile: PakFile PrimaryIndexSize=185
[2024.05.29-15.51.11:152][  0]LogPakFile: PakFile PathHashIndexSize=101
[2024.05.29-15.51.11:152][  0]LogPakFile: PakFile FullDirectoryIndexSize=148
[2024.05.29-15.51.11:152][  0]LogShaderLibrary: Display: ShaderCodeLibraryPakFileMountedCallback: PakFile 'E:/UE_4.27/FeaturePacks/StarterContent.upack' (chunk index -1, root 'root:/') mounted
[2024.05.29-15.51.11:152][  0]LogShaderLibrary: Display: ShaderCodeLibraryPakFileMountedCallback: pending pak file info (ChunkID:-1 Root:root:/ File:E:/UE_4.27/FeaturePacks/StarterContent.upack)
[2024.05.29-15.51.11:152][  0]LogPakFile: OnPakFileMounted2Time == 0.000104
[2024.05.29-15.51.11:165][  0]LogPakFile: PakFile PrimaryIndexSize=187
[2024.05.29-15.51.11:165][  0]LogPakFile: PakFile PathHashIndexSize=101
[2024.05.29-15.51.11:165][  0]LogPakFile: PakFile FullDirectoryIndexSize=148
[2024.05.29-15.51.11:165][  0]LogShaderLibrary: Display: ShaderCodeLibraryPakFileMountedCallback: PakFile 'E:/UE_4.27/FeaturePacks/FP_FirstPerson.upack' (chunk index -1, root 'root:/') mounted
[2024.05.29-15.51.11:165][  0]LogShaderLibrary: Display: ShaderCodeLibraryPakFileMountedCallback: pending pak file info (ChunkID:-1 Root:root:/ File:E:/UE_4.27/FeaturePacks/FP_FirstPerson.upack)
[2024.05.29-15.51.11:166][  0]LogPakFile: OnPakFileMounted2Time == 0.000110
[2024.05.29-15.51.11:171][  0]LogPakFile: PakFile PrimaryIndexSize=189
[2024.05.29-15.51.11:171][  0]LogPakFile: PakFile PathHashIndexSize=101
[2024.05.29-15.51.11:172][  0]LogPakFile: PakFile FullDirectoryIndexSize=152
[2024.05.29-15.51.11:172][  0]LogShaderLibrary: Display: ShaderCodeLibraryPakFileMountedCallback: PakFile 'E:/UE_4.27/FeaturePacks/FP_FirstPersonBP.upack' (chunk index -1, root 'root:/') mounted
[2024.05.29-15.51.11:172][  0]LogShaderLibrary: Display: ShaderCodeLibraryPakFileMountedCallback: pending pak file info (ChunkID:-1 Root:root:/ File:E:/UE_4.27/FeaturePacks/FP_FirstPersonBP.upack)
[2024.05.29-15.51.11:172][  0]LogPakFile: OnPakFileMounted2Time == 0.000059
[2024.05.29-15.51.11:177][  0]LogPakFile: PakFile PrimaryIndexSize=190
[2024.05.29-15.51.11:177][  0]LogPakFile: PakFile PathHashIndexSize=101
[2024.05.29-15.51.11:177][  0]LogPakFile: PakFile FullDirectoryIndexSize=154
[2024.05.29-15.51.11:177][  0]LogShaderLibrary: Display: ShaderCodeLibraryPakFileMountedCallback: PakFile 'E:/UE_4.27/FeaturePacks/TP_2DSideScroller.upack' (chunk index -1, root 'root:/') mounted
[2024.05.29-15.51.11:178][  0]LogShaderLibrary: Display: ShaderCodeLibraryPakFileMountedCallback: pending pak file info (ChunkID:-1 Root:root:/ File:E:/UE_4.27/FeaturePacks/TP_2DSideScroller.upack)
[2024.05.29-15.51.11:178][  0]LogPakFile: OnPakFileMounted2Time == 0.000115
[2024.05.29-15.51.11:184][  0]LogPakFile: PakFile PrimaryIndexSize=192
[2024.05.29-15.51.11:184][  0]LogPakFile: PakFile PathHashIndexSize=101
[2024.05.29-15.51.11:184][  0]LogPakFile: PakFile FullDirectoryIndexSize=158
[2024.05.29-15.51.11:184][  0]LogShaderLibrary: Display: ShaderCodeLibraryPakFileMountedCallback: PakFile 'E:/UE_4.27/FeaturePacks/TP_2DSideScrollerBP.upack' (chunk index -1, root 'root:/') mounted
[2024.05.29-15.51.11:184][  0]LogShaderLibrary: Display: ShaderCodeLibraryPakFileMountedCallback: pending pak file info (ChunkID:-1 Root:root:/ File:E:/UE_4.27/FeaturePacks/TP_2DSideScrollerBP.upack)
[2024.05.29-15.51.11:184][  0]LogPakFile: OnPakFileMounted2Time == 0.000090
[2024.05.29-15.51.11:188][  0]LogPakFile: PakFile PrimaryIndexSize=182
[2024.05.29-15.51.11:188][  0]LogPakFile: PakFile PathHashIndexSize=101
[2024.05.29-15.51.11:188][  0]LogPakFile: PakFile FullDirectoryIndexSize=138
[2024.05.29-15.51.11:188][  0]LogShaderLibrary: Display: ShaderCodeLibraryPakFileMountedCallback: PakFile 'E:/UE_4.27/FeaturePacks/TP_Flying.upack' (chunk index -1, root 'root:/') mounted
[2024.05.29-15.51.11:189][  0]LogShaderLibrary: Display: ShaderCodeLibraryPakFileMountedCallback: pending pak file info (ChunkID:-1 Root:root:/ File:E:/UE_4.27/FeaturePacks/TP_Flying.upack)
[2024.05.29-15.51.11:189][  0]LogPakFile: OnPakFileMounted2Time == 0.000062
[2024.05.29-15.51.11:194][  0]LogPakFile: PakFile PrimaryIndexSize=184
[2024.05.29-15.51.11:194][  0]LogPakFile: PakFile PathHashIndexSize=101
[2024.05.29-15.51.11:194][  0]LogPakFile: PakFile FullDirectoryIndexSize=142
[2024.05.29-15.51.11:194][  0]LogShaderLibrary: Display: ShaderCodeLibraryPakFileMountedCallback: PakFile 'E:/UE_4.27/FeaturePacks/TP_FlyingBP.upack' (chunk index -1, root 'root:/') mounted
[2024.05.29-15.51.11:194][  0]LogShaderLibrary: Display: ShaderCodeLibraryPakFileMountedCallback: pending pak file info (ChunkID:-1 Root:root:/ File:E:/UE_4.27/FeaturePacks/TP_FlyingBP.upack)
[2024.05.29-15.51.11:194][  0]LogPakFile: OnPakFileMounted2Time == 0.000063
[2024.05.29-15.51.11:208][  0]LogPakFile: PakFile PrimaryIndexSize=188
[2024.05.29-15.51.11:208][  0]LogPakFile: PakFile PathHashIndexSize=101
[2024.05.29-15.51.11:208][  0]LogPakFile: PakFile FullDirectoryIndexSize=150
[2024.05.29-15.51.11:208][  0]LogShaderLibrary: Display: ShaderCodeLibraryPakFileMountedCallback: PakFile 'E:/UE_4.27/FeaturePacks/TP_HandheldARBP.upack' (chunk index -1, root 'root:/') mounted
[2024.05.29-15.51.11:208][  0]LogShaderLibrary: Display: ShaderCodeLibraryPakFileMountedCallback: pending pak file info (ChunkID:-1 Root:root:/ File:E:/UE_4.27/FeaturePacks/TP_HandheldARBP.upack)
[2024.05.29-15.51.11:209][  0]LogPakFile: OnPakFileMounted2Time == 0.000175
[2024.05.29-15.51.11:250][  0]LogPakFile: PakFile PrimaryIndexSize=182
[2024.05.29-15.51.11:250][  0]LogPakFile: PakFile PathHashIndexSize=101
[2024.05.29-15.51.11:250][  0]LogPakFile: PakFile FullDirectoryIndexSize=138
[2024.05.29-15.51.11:250][  0]LogShaderLibrary: Display: ShaderCodeLibraryPakFileMountedCallback: PakFile 'E:/UE_4.27/FeaturePacks/TP_Puzzle.upack' (chunk index -1, root 'root:/') mounted
[2024.05.29-15.51.11:250][  0]LogShaderLibrary: Display: ShaderCodeLibraryPakFileMountedCallback: pending pak file info (ChunkID:-1 Root:root:/ File:E:/UE_4.27/FeaturePacks/TP_Puzzle.upack)
[2024.05.29-15.51.11:250][  0]LogPakFile: OnPakFileMounted2Time == 0.000114
[2024.05.29-15.51.11:257][  0]LogPakFile: PakFile PrimaryIndexSize=184
[2024.05.29-15.51.11:257][  0]LogPakFile: PakFile PathHashIndexSize=101
[2024.05.29-15.51.11:257][  0]LogPakFile: PakFile FullDirectoryIndexSize=142
[2024.05.29-15.51.11:258][  0]LogShaderLibrary: Display: ShaderCodeLibraryPakFileMountedCallback: PakFile 'E:/UE_4.27/FeaturePacks/TP_PuzzleBP.upack' (chunk index -1, root 'root:/') mounted
[2024.05.29-15.51.11:258][  0]LogShaderLibrary: Display: ShaderCodeLibraryPakFileMountedCallback: pending pak file info (ChunkID:-1 Root:root:/ File:E:/UE_4.27/FeaturePacks/TP_PuzzleBP.upack)
[2024.05.29-15.51.11:258][  0]LogPakFile: OnPakFileMounted2Time == 0.000389
[2024.05.29-15.51.11:263][  0]LogPakFile: PakFile PrimaryIndexSize=183
[2024.05.29-15.51.11:263][  0]LogPakFile: PakFile PathHashIndexSize=101
[2024.05.29-15.51.11:263][  0]LogPakFile: PakFile FullDirectoryIndexSize=140
[2024.05.29-15.51.11:263][  0]LogShaderLibrary: Display: ShaderCodeLibraryPakFileMountedCallback: PakFile 'E:/UE_4.27/FeaturePacks/TP_Rolling.upack' (chunk index -1, root 'root:/') mounted
[2024.05.29-15.51.11:263][  0]LogShaderLibrary: Display: ShaderCodeLibraryPakFileMountedCallback: pending pak file info (ChunkID:-1 Root:root:/ File:E:/UE_4.27/FeaturePacks/TP_Rolling.upack)
[2024.05.29-15.51.11:263][  0]LogPakFile: OnPakFileMounted2Time == 0.000114
[2024.05.29-15.51.11:274][  0]LogPakFile: PakFile PrimaryIndexSize=185
[2024.05.29-15.51.11:274][  0]LogPakFile: PakFile PathHashIndexSize=101
[2024.05.29-15.51.11:274][  0]LogPakFile: PakFile FullDirectoryIndexSize=144
[2024.05.29-15.51.11:274][  0]LogShaderLibrary: Display: ShaderCodeLibraryPakFileMountedCallback: PakFile 'E:/UE_4.27/FeaturePacks/TP_RollingBP.upack' (chunk index -1, root 'root:/') mounted
[2024.05.29-15.51.11:275][  0]LogShaderLibrary: Display: ShaderCodeLibraryPakFileMountedCallback: pending pak file info (ChunkID:-1 Root:root:/ File:E:/UE_4.27/FeaturePacks/TP_RollingBP.upack)
[2024.05.29-15.51.11:275][  0]LogPakFile: OnPakFileMounted2Time == 0.000135
[2024.05.29-15.51.11:319][  0]LogPakFile: PakFile PrimaryIndexSize=188
[2024.05.29-15.51.11:319][  0]LogPakFile: PakFile PathHashIndexSize=101
[2024.05.29-15.51.11:320][  0]LogPakFile: PakFile FullDirectoryIndexSize=150
[2024.05.29-15.51.11:320][  0]LogShaderLibrary: Display: ShaderCodeLibraryPakFileMountedCallback: PakFile 'E:/UE_4.27/FeaturePacks/TP_SideScroller.upack' (chunk index -1, root 'root:/') mounted
[2024.05.29-15.51.11:320][  0]LogShaderLibrary: Display: ShaderCodeLibraryPakFileMountedCallback: pending pak file info (ChunkID:-1 Root:root:/ File:E:/UE_4.27/FeaturePacks/TP_SideScroller.upack)
[2024.05.29-15.51.11:320][  0]LogPakFile: OnPakFileMounted2Time == 0.000168
[2024.05.29-15.51.11:328][  0]LogPakFile: PakFile PrimaryIndexSize=190
[2024.05.29-15.51.11:328][  0]LogPakFile: PakFile PathHashIndexSize=101
[2024.05.29-15.51.11:329][  0]LogPakFile: PakFile FullDirectoryIndexSize=154
[2024.05.29-15.51.11:329][  0]LogShaderLibrary: Display: ShaderCodeLibraryPakFileMountedCallback: PakFile 'E:/UE_4.27/FeaturePacks/TP_SideScrollerBP.upack' (chunk index -1, root 'root:/') mounted
[2024.05.29-15.51.11:329][  0]LogShaderLibrary: Display: ShaderCodeLibraryPakFileMountedCallback: pending pak file info (ChunkID:-1 Root:root:/ File:E:/UE_4.27/FeaturePacks/TP_SideScrollerBP.upack)
[2024.05.29-15.51.11:329][  0]LogPakFile: OnPakFileMounted2Time == 0.000192
[2024.05.29-15.51.11:337][  0]LogPakFile: PakFile PrimaryIndexSize=187
[2024.05.29-15.51.11:337][  0]LogPakFile: PakFile PathHashIndexSize=101
[2024.05.29-15.51.11:337][  0]LogPakFile: PakFile FullDirectoryIndexSize=148
[2024.05.29-15.51.11:337][  0]LogShaderLibrary: Display: ShaderCodeLibraryPakFileMountedCallback: PakFile 'E:/UE_4.27/FeaturePacks/TP_ThirdPerson.upack' (chunk index -1, root 'root:/') mounted
[2024.05.29-15.51.11:337][  0]LogShaderLibrary: Display: ShaderCodeLibraryPakFileMountedCallback: pending pak file info (ChunkID:-1 Root:root:/ File:E:/UE_4.27/FeaturePacks/TP_ThirdPerson.upack)
[2024.05.29-15.51.11:337][  0]LogPakFile: OnPakFileMounted2Time == 0.000191
[2024.05.29-15.51.11:344][  0]LogPakFile: PakFile PrimaryIndexSize=189
[2024.05.29-15.51.11:344][  0]LogPakFile: PakFile PathHashIndexSize=101
[2024.05.29-15.51.11:345][  0]LogPakFile: PakFile FullDirectoryIndexSize=152
[2024.05.29-15.51.11:345][  0]LogShaderLibrary: Display: ShaderCodeLibraryPakFileMountedCallback: PakFile 'E:/UE_4.27/FeaturePacks/TP_ThirdPersonBP.upack' (chunk index -1, root 'root:/') mounted
[2024.05.29-15.51.11:345][  0]LogShaderLibrary: Display: ShaderCodeLibraryPakFileMountedCallback: pending pak file info (ChunkID:-1 Root:root:/ File:E:/UE_4.27/FeaturePacks/TP_ThirdPersonBP.upack)
[2024.05.29-15.51.11:345][  0]LogPakFile: OnPakFileMounted2Time == 0.000131
[2024.05.29-15.51.11:352][  0]LogPakFile: PakFile PrimaryIndexSize=183
[2024.05.29-15.51.11:352][  0]LogPakFile: PakFile PathHashIndexSize=101
[2024.05.29-15.51.11:352][  0]LogPakFile: PakFile FullDirectoryIndexSize=140
[2024.05.29-15.51.11:352][  0]LogShaderLibrary: Display: ShaderCodeLibraryPakFileMountedCallback: PakFile 'E:/UE_4.27/FeaturePacks/TP_TopDown.upack' (chunk index -1, root 'root:/') mounted
[2024.05.29-15.51.11:353][  0]LogShaderLibrary: Display: ShaderCodeLibraryPakFileMountedCallback: pending pak file info (ChunkID:-1 Root:root:/ File:E:/UE_4.27/FeaturePacks/TP_TopDown.upack)
[2024.05.29-15.51.11:353][  0]LogPakFile: OnPakFileMounted2Time == 0.000165
[2024.05.29-15.51.11:359][  0]LogPakFile: PakFile PrimaryIndexSize=185
[2024.05.29-15.51.11:359][  0]LogPakFile: PakFile PathHashIndexSize=101
[2024.05.29-15.51.11:361][  0]LogPakFile: PakFile FullDirectoryIndexSize=144
[2024.05.29-15.51.11:361][  0]LogShaderLibrary: Display: ShaderCodeLibraryPakFileMountedCallback: PakFile 'E:/UE_4.27/FeaturePacks/TP_TopDownBP.upack' (chunk index -1, root 'root:/') mounted
[2024.05.29-15.51.11:361][  0]LogShaderLibrary: Display: ShaderCodeLibraryPakFileMountedCallback: pending pak file info (ChunkID:-1 Root:root:/ File:E:/UE_4.27/FeaturePacks/TP_TopDownBP.upack)
[2024.05.29-15.51.11:361][  0]LogPakFile: OnPakFileMounted2Time == 0.000098
[2024.05.29-15.51.11:366][  0]LogPakFile: PakFile PrimaryIndexSize=185
[2024.05.29-15.51.11:366][  0]LogPakFile: PakFile PathHashIndexSize=101
[2024.05.29-15.51.11:366][  0]LogPakFile: PakFile FullDirectoryIndexSize=144
[2024.05.29-15.51.11:366][  0]LogShaderLibrary: Display: ShaderCodeLibraryPakFileMountedCallback: PakFile 'E:/UE_4.27/FeaturePacks/TP_TwinStick.upack' (chunk index -1, root 'root:/') mounted
[2024.05.29-15.51.11:366][  0]LogShaderLibrary: Display: ShaderCodeLibraryPakFileMountedCallback: pending pak file info (ChunkID:-1 Root:root:/ File:E:/UE_4.27/FeaturePacks/TP_TwinStick.upack)
[2024.05.29-15.51.11:366][  0]LogPakFile: OnPakFileMounted2Time == 0.000101
[2024.05.29-15.51.11:374][  0]LogPakFile: PakFile PrimaryIndexSize=187
[2024.05.29-15.51.11:374][  0]LogPakFile: PakFile PathHashIndexSize=101
[2024.05.29-15.51.11:374][  0]LogPakFile: PakFile FullDirectoryIndexSize=148
[2024.05.29-15.51.11:374][  0]LogShaderLibrary: Display: ShaderCodeLibraryPakFileMountedCallback: PakFile 'E:/UE_4.27/FeaturePacks/TP_TwinStickBP.upack' (chunk index -1, root 'root:/') mounted
[2024.05.29-15.51.11:374][  0]LogShaderLibrary: Display: ShaderCodeLibraryPakFileMountedCallback: pending pak file info (ChunkID:-1 Root:root:/ File:E:/UE_4.27/FeaturePacks/TP_TwinStickBP.upack)
[2024.05.29-15.51.11:375][  0]LogPakFile: OnPakFileMounted2Time == 0.000142
[2024.05.29-15.51.11:383][  0]LogPakFile: PakFile PrimaryIndexSize=183
[2024.05.29-15.51.11:383][  0]LogPakFile: PakFile PathHashIndexSize=101
[2024.05.29-15.51.11:383][  0]LogPakFile: PakFile FullDirectoryIndexSize=140
[2024.05.29-15.51.11:383][  0]LogShaderLibrary: Display: ShaderCodeLibraryPakFileMountedCallback: PakFile 'E:/UE_4.27/FeaturePacks/TP_Vehicle.upack' (chunk index -1, root 'root:/') mounted
[2024.05.29-15.51.11:384][  0]LogShaderLibrary: Display: ShaderCodeLibraryPakFileMountedCallback: pending pak file info (ChunkID:-1 Root:root:/ File:E:/UE_4.27/FeaturePacks/TP_Vehicle.upack)
[2024.05.29-15.51.11:384][  0]LogPakFile: OnPakFileMounted2Time == 0.000116
[2024.05.29-15.51.11:391][  0]LogPakFile: PakFile PrimaryIndexSize=186
[2024.05.29-15.51.11:391][  0]LogPakFile: PakFile PathHashIndexSize=101
[2024.05.29-15.51.11:391][  0]LogPakFile: PakFile FullDirectoryIndexSize=146
[2024.05.29-15.51.11:391][  0]LogShaderLibrary: Display: ShaderCodeLibraryPakFileMountedCallback: PakFile 'E:/UE_4.27/FeaturePacks/TP_VehicleAdv.upack' (chunk index -1, root 'root:/') mounted
[2024.05.29-15.51.11:391][  0]LogShaderLibrary: Display: ShaderCodeLibraryPakFileMountedCallback: pending pak file info (ChunkID:-1 Root:root:/ File:E:/UE_4.27/FeaturePacks/TP_VehicleAdv.upack)
[2024.05.29-15.51.11:391][  0]LogPakFile: OnPakFileMounted2Time == 0.000108
[2024.05.29-15.51.11:397][  0]LogPakFile: PakFile PrimaryIndexSize=188
[2024.05.29-15.51.11:397][  0]LogPakFile: PakFile PathHashIndexSize=101
[2024.05.29-15.51.11:397][  0]LogPakFile: PakFile FullDirectoryIndexSize=150
[2024.05.29-15.51.11:397][  0]LogShaderLibrary: Display: ShaderCodeLibraryPakFileMountedCallback: PakFile 'E:/UE_4.27/FeaturePacks/TP_VehicleAdvBP.upack' (chunk index -1, root 'root:/') mounted
[2024.05.29-15.51.11:397][  0]LogShaderLibrary: Display: ShaderCodeLibraryPakFileMountedCallback: pending pak file info (ChunkID:-1 Root:root:/ File:E:/UE_4.27/FeaturePacks/TP_VehicleAdvBP.upack)
[2024.05.29-15.51.11:398][  0]LogPakFile: OnPakFileMounted2Time == 0.000122
[2024.05.29-15.51.11:405][  0]LogPakFile: PakFile PrimaryIndexSize=185
[2024.05.29-15.51.11:405][  0]LogPakFile: PakFile PathHashIndexSize=101
[2024.05.29-15.51.11:405][  0]LogPakFile: PakFile FullDirectoryIndexSize=144
[2024.05.29-15.51.11:405][  0]LogShaderLibrary: Display: ShaderCodeLibraryPakFileMountedCallback: PakFile 'E:/UE_4.27/FeaturePacks/TP_VehicleBP.upack' (chunk index -1, root 'root:/') mounted
[2024.05.29-15.51.11:405][  0]LogShaderLibrary: Display: ShaderCodeLibraryPakFileMountedCallback: pending pak file info (ChunkID:-1 Root:root:/ File:E:/UE_4.27/FeaturePacks/TP_VehicleBP.upack)
[2024.05.29-15.51.11:405][  0]LogPakFile: OnPakFileMounted2Time == 0.000124
[2024.05.29-15.51.11:411][  0]LogPakFile: PakFile PrimaryIndexSize=192
[2024.05.29-15.51.11:411][  0]LogPakFile: PakFile PathHashIndexSize=101
[2024.05.29-15.51.11:411][  0]LogPakFile: PakFile FullDirectoryIndexSize=158
[2024.05.29-15.51.11:411][  0]LogShaderLibrary: Display: ShaderCodeLibraryPakFileMountedCallback: PakFile 'E:/UE_4.27/FeaturePacks/TP_VirtualRealityBP.upack' (chunk index -1, root 'root:/') mounted
[2024.05.29-15.51.11:412][  0]LogShaderLibrary: Display: ShaderCodeLibraryPakFileMountedCallback: pending pak file info (ChunkID:-1 Root:root:/ File:E:/UE_4.27/FeaturePacks/TP_VirtualRealityBP.upack)
[2024.05.29-15.51.11:412][  0]LogPakFile: OnPakFileMounted2Time == 0.000130
[2024.05.29-15.51.15:043][  0]LogSlate: Took 0.000372 seconds to synchronously load lazily loaded font '../../../Engine/Content/Slate/Fonts/Roboto-Regular.ttf' (155K)
[2024.05.29-15.51.15:056][  0]LogSlate: Took 0.010503 seconds to synchronously load lazily loaded font '../../../Engine/Content/Editor/Slate/Fonts/FontAwesome.ttf' (139K)
[2024.05.29-15.51.15:059][  0]LogSlate: Took 0.000274 seconds to synchronously load lazily loaded font '../../../Engine/Content/Slate/Fonts/Roboto-Bold.ttf' (160K)
[2024.05.29-15.51.15:447][  0]LogRenderer: Reallocating scene render targets to support 1920x1080 Format 10 NumSamples 4 (Frame:1).
[2024.05.29-15.51.15:708][  0]LogLoad: (Engine Initialization) Total time: 65.64 seconds
[2024.05.29-15.51.15:708][  0]LogLoad: (Engine Initialization) Total Blueprint compile time: 0.00 seconds
[2024.05.29-15.51.15:739][  0]LogOcInput: OculusInput is initialized
[2024.05.29-15.51.15:805][  0]LogContentStreaming: Texture pool size now 600 MB
[2024.05.29-15.51.15:898][  1]LogAssetRegistry: Asset discovery search completed in 52.2518 seconds
[2024.05.29-15.51.15:912][  1]LogCollectionManager: Fixed up redirectors for 0 collections in 0.000007 seconds (updated 0 objects)
[2024.05.29-15.51.15:932][  1]LogResonanceAudio: Display: Resonance Audio Listener is initialized
[2024.05.29-15.51.15:980][  2]LogNativeClassHierarchy: Verbose: Native class hierarchy populated in 0.0184 seconds. Added 3833 classes and 936 folders.
[2024.05.29-15.51.16:253][  2]LogSlate: Took 0.013901 seconds to synchronously load lazily loaded font '../../../Engine/Content/Slate/Fonts/Roboto-Light.ttf' (167K)
