Log file open, 05/29/24 16:42:01
LogWindows: Failed to load 'aqProf.dll' (GetLastError=126)
LogWindows: File 'aqProf.dll' does not exist
LogWindows: Failed to load 'VtuneApi.dll' (GetLastError=126)
LogWindows: File 'VtuneApi.dll' does not exist
LogWindows: Failed to load 'VtuneApi32e.dll' (GetLastError=126)
LogWindows: File 'VtuneApi32e.dll' does not exist
LogConsoleResponse: Display: Failed to find resolution value strings in scalability ini. Falling back to default.
LogConsoleResponse: Display: Failed to find resolution value strings in scalability ini. Falling back to default.
LogInit: Display: Running engine for game: RV
LogPlatformFile: Not using cached read wrapper
LogTaskGraph: Started task graph with 5 named threads and 23 total threads with 3 sets of task threads.
LogStats: Stats thread started at 5.608273
LogICUInternationalization: ICU TimeZone Detection - Raw Offset: -6:00, Platform Override: ''
LogInit: Display: Loading text-based GConfig....
LogPluginManager: Mounting plugin MeshPainting
LogPluginManager: Mounting plugin XGEController
LogPluginManager: Mounting plugin Paper2D
LogPluginManager: Mounting plugin AISupport
LogPluginManager: Mounting plugin LiveLink
LogPluginManager: Mounting plugin EnvironmentQueryEditor
LogPluginManager: Mounting plugin LightPropagationVolume
LogPluginManager: Mounting plugin CameraShakePreviewer
LogPluginManager: Mounting plugin GameplayCameras
LogPluginManager: Mounting plugin OodleData
LogPluginManager: Mounting plugin AnimationSharing
LogPluginManager: Mounting plugin OodleNetwork
LogPluginManager: Mounting plugin CLionSourceCodeAccess
LogPluginManager: Mounting plugin CodeLiteSourceCodeAccess
LogPluginManager: Mounting plugin GitSourceControl
LogPluginManager: Mounting plugin KDevelopSourceCodeAccess
LogPluginManager: Mounting plugin PerforceSourceControl
LogPluginManager: Mounting plugin NullSourceCodeAccess
LogPluginManager: Mounting plugin PixWinPlugin
LogPluginManager: Mounting plugin PlasticSourceControl
LogPluginManager: Mounting plugin PluginUtils
LogPluginManager: Mounting plugin PropertyAccessNode
LogPluginManager: Mounting plugin SubversionSourceControl
LogPluginManager: Mounting plugin RiderSourceCodeAccess
LogPluginManager: Mounting plugin TextureFormatOodle
LogPluginManager: Mounting plugin UObjectPlugin
LogPluginManager: Mounting plugin VisualStudioSourceCodeAccess
LogPluginManager: Mounting plugin VisualStudioCodeSourceCodeAccess
LogPluginManager: Mounting plugin XCodeSourceCodeAccess
LogPluginManager: Mounting plugin AlembicImporter
LogPluginManager: Mounting plugin AutomationUtils
LogPluginManager: Mounting plugin ChaosCloth
LogPluginManager: Mounting plugin BackChannel
LogPluginManager: Mounting plugin ChaosEditor
LogPluginManager: Mounting plugin ChaosClothEditor
LogPluginManager: Mounting plugin ChaosSolverPlugin
LogPluginManager: Mounting plugin ChaosNiagara
LogPluginManager: Mounting plugin CharacterAI
LogPluginManager: Mounting plugin GeometryCache
LogPluginManager: Mounting plugin GeometryProcessing
LogPluginManager: Mounting plugin GeometryCollectionPlugin
LogPluginManager: Mounting plugin OpenImageDenoise
LogPluginManager: Mounting plugin MotoSynth
LogPluginManager: Mounting plugin PlanarCut
LogPluginManager: Mounting plugin PlatformCrypto
LogPluginManager: Mounting plugin ProxyLODPlugin
LogPluginManager: Mounting plugin PythonScriptPlugin
LogPluginManager: Mounting plugin SkeletalReduction
LogPluginManager: Mounting plugin Niagara
LogPluginManager: Mounting plugin DatasmithContent
LogPluginManager: Mounting plugin AssetManagerEditor
LogPluginManager: Mounting plugin LuminPlatformFeatures
LogPluginManager: Mounting plugin MagicLeap
LogPluginManager: Mounting plugin VariantManagerContent
LogPluginManager: Mounting plugin MagicLeapLightEstimation
LogPluginManager: Mounting plugin MagicLeapMedia
LogPluginManager: Mounting plugin FacialAnimation
LogPluginManager: Mounting plugin GameplayTagsEditor
LogPluginManager: Mounting plugin GeometryMode
LogPluginManager: Mounting plugin CryptoKeys
LogPluginManager: Mounting plugin CurveEditorTools
LogPluginManager: Mounting plugin DataValidation
LogPluginManager: Mounting plugin MagicLeapPassableWorld
LogPluginManager: Mounting plugin MacGraphicsSwitching
LogPluginManager: Mounting plugin MaterialAnalyzer
LogPluginManager: Mounting plugin MLSDK
LogPluginManager: Mounting plugin MobileLauncherProfileWizard
LogPluginManager: Mounting plugin PluginBrowser
LogPluginManager: Mounting plugin SpeedTreeImporter
LogPluginManager: Mounting plugin AndroidMedia
LogPluginManager: Mounting plugin AvfMedia
LogPluginManager: Mounting plugin ImgMedia
LogPluginManager: Mounting plugin MediaCompositing
LogPluginManager: Mounting plugin MediaPlayerEditor
LogPluginManager: Mounting plugin WebMMedia
LogPluginManager: Mounting plugin WmfMedia
LogPluginManager: Mounting plugin TcpMessaging
LogPluginManager: Mounting plugin UdpMessaging
LogPluginManager: Mounting plugin MatineeToLevelSequence
LogPluginManager: Mounting plugin ActorSequence
LogPluginManager: Mounting plugin LevelSequenceEditor
LogPluginManager: Mounting plugin TemplateSequence
LogPluginManager: Mounting plugin OnlineSubsystem
LogPluginManager: Mounting plugin OnlineSubsystemNull
LogPluginManager: Mounting plugin OnlineSubsystemUtils
LogPluginManager: Mounting plugin ActorLayerUtilities
LogPluginManager: Mounting plugin LauncherChunkInstaller
LogPluginManager: Mounting plugin AndroidMoviePlayer
LogPluginManager: Mounting plugin AndroidDeviceProfileSelector
LogPluginManager: Mounting plugin AppleImageUtils
LogPluginManager: Mounting plugin AndroidPermission
LogPluginManager: Mounting plugin AppleMoviePlayer
LogPluginManager: Mounting plugin AssetTags
LogPluginManager: Mounting plugin AudioCapture
LogPluginManager: Mounting plugin ArchVisCharacter
LogPluginManager: Mounting plugin CableComponent
LogPluginManager: Mounting plugin AudioSynesthesia
LogPluginManager: Mounting plugin ChunkDownloader
LogPluginManager: Mounting plugin CustomMeshComponent
LogPluginManager: Mounting plugin EditableMesh
LogPluginManager: Mounting plugin ExampleDeviceProfileSelector
LogPluginManager: Mounting plugin GoogleCloudMessaging
LogPluginManager: Mounting plugin GooglePAD
LogPluginManager: Mounting plugin IOSDeviceProfileSelector
LogPluginManager: Mounting plugin LinuxDeviceProfileSelector
LogPluginManager: Mounting plugin LocationServicesBPLibrary
LogPluginManager: Mounting plugin MobilePatchingUtils
LogPluginManager: Mounting plugin OpenXR
LogPluginManager: Mounting plugin OpenXREyeTracker
LogPluginManager: Mounting plugin OpenXRHandTracking
LogPluginManager: Mounting plugin PhysXVehicles
LogPluginManager: Mounting plugin PostSplashScreen
LogPluginManager: Mounting plugin PropertyAccessEditor
LogPluginManager: Mounting plugin ProceduralMeshComponent
LogPluginManager: Mounting plugin ResonanceAudio
LogPluginManager: Mounting plugin RuntimePhysXCooking
LogPluginManager: Mounting plugin SignificanceManager
LogPluginManager: Mounting plugin SoundFields
LogPluginManager: Mounting plugin Synthesis
LogPluginManager: Mounting plugin WindowsMoviePlayer
LogPluginManager: Mounting plugin WebMMoviePlayer
LogPluginManager: Mounting plugin ScreenshotTools
LogPluginManager: Mounting plugin Takes
LogPluginManager: Mounting plugin ContentBrowserAssetDataSource
LogPluginManager: Mounting plugin ContentBrowserFileDataSource
LogPluginManager: Mounting plugin ContentBrowserClassDataSource
LogPluginManager: Mounting plugin OnlineSubsystemIOS
LogPluginManager: Mounting plugin OnlineSubsystemGooglePlay
LogPluginManager: Mounting plugin OculusAudio
LogPluginManager: Mounting plugin OculusOpenXR
LogPluginManager: Mounting plugin OculusVR
LogPluginManager: Mounting plugin SERIALCOM
PixWinPlugin: PIX capture plugin failed to initialize! Check that the process is launched from PIX.
LogInit: Using libcurl 7.55.1-DEV
LogInit:  - built for x86_64-pc-win32
LogInit:  - supports SSL with OpenSSL/1.1.1
LogInit:  - supports HTTP deflate (compression) using libz 1.2.8
LogInit:  - other features:
LogInit:      CURL_VERSION_SSL
LogInit:      CURL_VERSION_LIBZ
LogInit:      CURL_VERSION_IPV6
LogInit:      CURL_VERSION_ASYNCHDNS
LogInit:      CURL_VERSION_LARGEFILE
LogInit:      CURL_VERSION_IDN
LogInit:  CurlRequestOptions (configurable via config and command line):
LogInit:  - bVerifyPeer = true  - Libcurl will verify peer certificate
LogInit:  - bUseHttpProxy = false  - Libcurl will NOT use HTTP proxy
LogInit:  - bDontReuseConnections = false  - Libcurl will reuse connections
LogInit:  - MaxHostConnections = 16  - Libcurl will limit the number of connections to a host
LogInit:  - LocalHostAddr = Default
LogInit:  - BufferSize = 65536
LogOnline: OSS: Creating online subsystem instance for: NULL
LogInit: WinSock: version 1.1 (2.2), MaxSocks=32767, MaxUdp=65467
LogOnline: OSS: TryLoadSubsystemAndSetDefault: Loaded subsystem for module [NULL]
LogAudio: Display: Oculus Audio: Middleware plugins not found, assuming native UE4 AudioMixer
LogAudio: Display: Oculus Audio: Attempting to load Oculus Spatializer DLL: ../../../Engine/Binaries/ThirdParty/Oculus/Audio/Win64/ (from ovraudio64)
LogOculusPluginWrapper: OculusPlugin initialized successfully
LogHMD: FOculusHMDModule PreInit successfully
LogInit: Build: ++UE4+Release-4.27-CL-18319896
LogInit: Engine Version: 4.27.2-18319896+++UE4+Release-4.27
LogInit: Compatible Engine Version: 4.27.0-17155196+++UE4+Release-4.27
LogInit: Net CL: 17155196
LogInit: OS: Windows 10 (Release 2009) (), CPU: AMD Ryzen 5 3500U with Radeon Vega Mobile Gfx  , GPU: AMD Radeon(TM) Vega 8 Graphics
LogInit: Compiled (64-bit): Nov 30 2021 07:12:08
LogInit: Compiled with Visual C++: 19.24.28315.00
LogInit: Build Configuration: Development
LogInit: Branch Name: ++UE4+Release-4.27
LogInit: Command Line: 
LogInit: Base Directory: E:/UE_4.27/Engine/Binaries/Win64/
LogInit: Allocator: TBB
LogInit: Installed Engine Build: 1
LogDevObjectVersion: Number of dev versions registered: 29
LogDevObjectVersion:   Dev-Blueprints (B0D832E4-1F89-4F0D-ACCF-7EB736FD4AA2): 10
LogDevObjectVersion:   Dev-Build (E1C64328-A22C-4D53-A36C-8E866417BD8C): 0
LogDevObjectVersion:   Dev-Core (375EC13C-06E4-48FB-B500-84F0262A717E): 4
LogDevObjectVersion:   Dev-Editor (E4B068ED-F494-42E9-A231-DA0B2E46BB41): 40
LogDevObjectVersion:   Dev-Framework (CFFC743F-43B0-4480-9391-14DF171D2073): 37
LogDevObjectVersion:   Dev-Mobile (B02B49B5-BB20-44E9-A304-32B752E40360): 3
LogDevObjectVersion:   Dev-Networking (A4E4105C-59A1-49B5-A7C5-40C4547EDFEE): 0
LogDevObjectVersion:   Dev-Online (39C831C9-5AE6-47DC-9A44-9C173E1C8E7C): 0
LogDevObjectVersion:   Dev-Physics (78F01B33-EBEA-4F98-B9B4-84EACCB95AA2): 14
LogDevObjectVersion:   Dev-Platform (6631380F-2D4D-43E0-8009-CF276956A95A): 0
LogDevObjectVersion:   Dev-Rendering (12F88B9F-8875-4AFC-A67C-D90C383ABD29): 45
LogDevObjectVersion:   Dev-Sequencer (7B5AE74C-D270-4C10-A958-57980B212A5A): 13
LogDevObjectVersion:   Dev-VR (D7296918-1DD6-4BDD-9DE2-64A83CC13884): 3
LogDevObjectVersion:   Dev-LoadTimes (C2A15278-BFE7-4AFE-6C17-90FF531DF755): 1
LogDevObjectVersion:   Private-Geometry (6EACA3D4-40EC-4CC1-B786-8BED09428FC5): 3
LogDevObjectVersion:   Dev-AnimPhys (29E575DD-E0A3-4627-9D10-D276232CDCEA): 17
LogDevObjectVersion:   Dev-Anim (AF43A65D-7FD3-4947-9873-3E8ED9C1BB05): 15
LogDevObjectVersion:   Dev-ReflectionCapture (6B266CEC-1EC7-4B8F-A30B-E4D90942FC07): 1
LogDevObjectVersion:   Dev-Automation (0DF73D61-A23F-47EA-B727-89E90C41499A): 1
LogDevObjectVersion:   FortniteMain (601D1886-AC64-4F84-AA16-D3DE0DEAC7D6): 47
LogDevObjectVersion:   FortniteRelease (E7086368-6B23-4C58-8439-1B7016265E91): 1
LogDevObjectVersion:   Dev-Enterprise (9DFFBCD6-494F-0158-E221-12823C92A888): 10
LogDevObjectVersion:   Dev-Niagara (F2AED0AC-9AFE-416F-8664-AA7FFA26D6FC): 1
LogDevObjectVersion:   Dev-Destruction (174F1F0B-B4C6-45A5-B13F-2EE8D0FB917D): 10
LogDevObjectVersion:   Dev-Physics-Ext (35F94A83-E258-406C-A318-09F59610247C): 41
LogDevObjectVersion:   Dev-PhysicsMaterial-Chaos (B68FC16E-8B1B-42E2-B453-215C058844FE): 1
LogDevObjectVersion:   Dev-CineCamera (B2E18506-4273-CFC2-A54E-F4BB758BBA07): 1
LogDevObjectVersion:   Dev-VirtualProduction (64F58936-FD1B-42BA-BA96-7289D5D0FA4E): 1
LogDevObjectVersion:   Dev-MediaFramework (6F0ED827-A609-4895-9C91-998D90180EA4): 2
LogInit: Presizing for max 25165824 objects, including 0 objects not considered by GC, pre-allocating 0 bytes for permanent pool.
LogConfig: Applying CVar settings from Section [/Script/Engine.StreamingSettings] File [E:/StayinAlive/Saved/Config/Windows/Engine.ini]
LogConfig: Setting CVar [[s.MinBulkDataSizeForAsyncLoading:131072]]
LogConfig: Setting CVar [[s.AsyncLoadingThreadEnabled:0]]
LogConfig: Setting CVar [[s.EventDrivenLoaderEnabled:1]]
LogConfig: Setting CVar [[s.WarnIfTimeLimitExceeded:0]]
LogConfig: Setting CVar [[s.TimeLimitExceededMultiplier:1.5]]
LogConfig: Setting CVar [[s.TimeLimitExceededMinTime:0.005]]
LogConfig: Setting CVar [[s.UseBackgroundLevelStreaming:1]]
LogConfig: Setting CVar [[s.PriorityAsyncLoadingExtraTime:15.0]]
LogConfig: Setting CVar [[s.LevelStreamingActorsUpdateTimeLimit:5.0]]
LogConfig: Setting CVar [[s.PriorityLevelStreamingActorsUpdateExtraTime:5.0]]
LogConfig: Setting CVar [[s.LevelStreamingComponentsRegistrationGranularity:10]]
LogConfig: Setting CVar [[s.UnregisterComponentsTimeLimit:1.0]]
LogConfig: Setting CVar [[s.LevelStreamingComponentsUnregistrationGranularity:5]]
LogConfig: Setting CVar [[s.FlushStreamingOnExit:1]]
LogInit: Object subsystem initialized
LogConfig: Setting CVar [[con.DebugEarlyDefault:1]]
LogConfig: Setting CVar [[r.setres:1280x720]]
[2024.05.29-22.47.40:665][  0]LogConfig: Setting CVar [[r.VSync:0]]
[2024.05.29-22.47.40:665][  0]LogConfig: Setting CVar [[r.RHICmdBypass:0]]
[2024.05.29-22.47.40:665][  0]LogConfig: Applying CVar settings from Section [/Script/Engine.RendererSettings] File [E:/StayinAlive/Saved/Config/Windows/Engine.ini]
[2024.05.29-22.47.40:665][  0]LogConfig: Setting CVar [[r.GPUCrashDebugging:0]]
[2024.05.29-22.47.40:665][  0]LogConfig: Setting CVar [[r.Mobile.DisableVertexFog:1]]
[2024.05.29-22.47.40:665][  0]LogConfig: Setting CVar [[r.Shadow.CSM.MaxMobileCascades:2]]
[2024.05.29-22.47.40:665][  0]LogConfig: Setting CVar [[r.MobileMSAA:4]]
[2024.05.29-22.47.40:665][  0]LogConfig: Setting CVar [[r.Mobile.AllowDitheredLODTransition:0]]
[2024.05.29-22.47.40:665][  0]LogConfig: Setting CVar [[r.Mobile.AllowSoftwareOcclusion:0]]
[2024.05.29-22.47.40:665][  0]LogConfig: Setting CVar [[r.Mobile.VirtualTextures:0]]
[2024.05.29-22.47.40:665][  0]LogConfig: Setting CVar [[r.DiscardUnusedQuality:0]]
[2024.05.29-22.47.40:665][  0]LogConfig: Setting CVar [[r.AllowOcclusionQueries:1]]
[2024.05.29-22.47.40:665][  0]LogConfig: Setting CVar [[r.MinScreenRadiusForLights:0.030000]]
[2024.05.29-22.47.40:665][  0]LogConfig: Setting CVar [[r.MinScreenRadiusForDepthPrepass:0.030000]]
[2024.05.29-22.47.40:666][  0]LogConfig: Setting CVar [[r.MinScreenRadiusForCSMDepth:0.010000]]
[2024.05.29-22.47.40:666][  0]LogConfig: Setting CVar [[r.PrecomputedVisibilityWarning:0]]
[2024.05.29-22.47.40:666][  0]LogConfig: Setting CVar [[r.TextureStreaming:1]]
[2024.05.29-22.47.40:666][  0]LogConfig: Setting CVar [[Compat.UseDXT5NormalMaps:0]]
[2024.05.29-22.47.40:666][  0]LogConfig: Setting CVar [[r.VirtualTextures:0]]
[2024.05.29-22.47.40:666][  0]LogConfig: Setting CVar [[r.VirtualTexturedLightmaps:0]]
[2024.05.29-22.47.40:666][  0]LogConfig: Setting CVar [[r.VT.TileSize:128]]
[2024.05.29-22.47.40:666][  0]LogConfig: Setting CVar [[r.VT.TileBorderSize:4]]
[2024.05.29-22.47.40:666][  0]LogConfig: Setting CVar [[r.vt.FeedbackFactor:16]]
[2024.05.29-22.47.40:666][  0]LogConfig: Setting CVar [[r.VT.EnableCompressZlib:1]]
[2024.05.29-22.47.40:666][  0]LogConfig: Setting CVar [[r.VT.EnableCompressCrunch:0]]
[2024.05.29-22.47.40:666][  0]LogConfig: Setting CVar [[r.ClearCoatNormal:0]]
[2024.05.29-22.47.40:666][  0]LogConfig: Setting CVar [[r.ReflectionCaptureResolution:128]]
[2024.05.29-22.47.40:666][  0]LogConfig: Setting CVar [[r.Mobile.ReflectionCaptureCompression:0]]
[2024.05.29-22.47.40:666][  0]LogConfig: Setting CVar [[r.ReflectionEnvironmentLightmapMixBasedOnRoughness:1]]
[2024.05.29-22.47.40:666][  0]LogConfig: Setting CVar [[r.ForwardShading:1]]
[2024.05.29-22.47.40:666][  0]LogConfig: Setting CVar [[r.VertexFoggingForOpaque:1]]
[2024.05.29-22.47.40:666][  0]LogConfig: Setting CVar [[r.AllowStaticLighting:1]]
[2024.05.29-22.47.40:666][  0]LogConfig: Setting CVar [[r.NormalMapsForStaticLighting:0]]
[2024.05.29-22.47.40:666][  0]LogConfig: Setting CVar [[r.GenerateMeshDistanceFields:0]]
[2024.05.29-22.47.40:666][  0]LogConfig: Setting CVar [[r.DistanceFieldBuild.EightBit:0]]
[2024.05.29-22.47.40:666][  0]LogConfig: Setting CVar [[r.GenerateLandscapeGIData:0]]
[2024.05.29-22.47.40:666][  0]LogConfig: Setting CVar [[r.DistanceFieldBuild.Compress:0]]
[2024.05.29-22.47.40:666][  0]LogConfig: Setting CVar [[r.TessellationAdaptivePixelsPerTriangle:48.000000]]
[2024.05.29-22.47.40:666][  0]LogConfig: Setting CVar [[r.SeparateTranslucency:0]]
[2024.05.29-22.47.40:666][  0]LogConfig: Setting CVar [[r.TranslucentSortPolicy:0]]
[2024.05.29-22.47.40:666][  0]LogConfig: Setting CVar [[r.CustomDepth:1]]
[2024.05.29-22.47.40:666][  0]LogConfig: Setting CVar [[r.CustomDepthTemporalAAJitter:1]]
[2024.05.29-22.47.40:666][  0]LogConfig: Setting CVar [[r.PostProcessing.PropagateAlpha:0]]
[2024.05.29-22.47.40:666][  0]LogConfig: Setting CVar [[r.DefaultFeature.Bloom:0]]
[2024.05.29-22.47.40:666][  0]LogConfig: Setting CVar [[r.DefaultFeature.AmbientOcclusion:0]]
[2024.05.29-22.47.40:666][  0]LogConfig: Setting CVar [[r.DefaultFeature.AmbientOcclusionStaticFraction:1]]
[2024.05.29-22.47.40:666][  0]LogConfig: Setting CVar [[r.DefaultFeature.AutoExposure:0]]
[2024.05.29-22.47.40:666][  0]LogConfig: Setting CVar [[r.DefaultFeature.AutoExposure.Method:0]]
[2024.05.29-22.47.40:666][  0]LogConfig: Setting CVar [[r.DefaultFeature.AutoExposure.Bias:1.000000]]
[2024.05.29-22.47.40:666][  0]LogConfig: Setting CVar [[r.DefaultFeature.AutoExposure.ExtendDefaultLuminanceRange:1]]
[2024.05.29-22.47.40:666][  0]LogConfig: Setting CVar [[r.UsePreExposure:1]]
[2024.05.29-22.47.40:666][  0]LogConfig: Setting CVar [[r.EyeAdaptation.EditorOnly:0]]
[2024.05.29-22.47.40:666][  0]LogConfig: Setting CVar [[r.DefaultFeature.MotionBlur:0]]
[2024.05.29-22.47.40:666][  0]LogConfig: Setting CVar [[r.DefaultFeature.LensFlare:0]]
[2024.05.29-22.47.40:666][  0]LogConfig: Setting CVar [[r.TemporalAA.Upsampling:0]]
[2024.05.29-22.47.40:666][  0]LogConfig: Setting CVar [[r.SSGI.Enable:0]]
[2024.05.29-22.47.40:666][  0]LogConfig: Setting CVar [[r.DefaultFeature.AntiAliasing:3]]
[2024.05.29-22.47.40:666][  0]LogConfig: Setting CVar [[r.DefaultFeature.LightUnits:1]]
[2024.05.29-22.47.40:666][  0]LogConfig: Setting CVar [[r.DefaultBackBufferPixelFormat:4]]
[2024.05.29-22.47.40:666][  0]LogConfig: Setting CVar [[r.Shadow.UnbuiltPreviewInGame:1]]
[2024.05.29-22.47.40:666][  0]LogConfig: Setting CVar [[r.StencilForLODDither:0]]
[2024.05.29-22.47.40:666][  0]LogConfig: Setting CVar [[r.EarlyZPass:3]]
[2024.05.29-22.47.40:666][  0]LogConfig: Setting CVar [[r.EarlyZPassOnlyMaterialMasking:0]]
[2024.05.29-22.47.40:666][  0]LogConfig: Setting CVar [[r.DBuffer:1]]
[2024.05.29-22.47.40:666][  0]LogConfig: Setting CVar [[r.ClearSceneMethod:1]]
[2024.05.29-22.47.40:666][  0]LogConfig: Setting CVar [[r.BasePassOutputsVelocity:0]]
[2024.05.29-22.47.40:666][  0]LogConfig: Setting CVar [[r.VertexDeformationOutputsVelocity:0]]
[2024.05.29-22.47.40:666][  0]LogConfig: Setting CVar [[r.SelectiveBasePassOutputs:0]]
[2024.05.29-22.47.40:666][  0]LogConfig: Setting CVar [[fx.GPUSimulationTextureSizeX:1024]]
[2024.05.29-22.47.40:667][  0]LogConfig: Setting CVar [[fx.GPUSimulationTextureSizeY:1024]]
[2024.05.29-22.47.40:667][  0]LogConfig: Setting CVar [[r.AllowGlobalClipPlane:0]]
[2024.05.29-22.47.40:667][  0]LogConfig: Setting CVar [[r.GBufferFormat:1]]
[2024.05.29-22.47.40:667][  0]LogConfig: Setting CVar [[r.MorphTarget.Mode:1]]
[2024.05.29-22.47.40:667][  0]LogConfig: Setting CVar [[vr.InstancedStereo:1]]
[2024.05.29-22.47.40:667][  0]LogConfig: Setting CVar [[r.MobileHDR:0]]
[2024.05.29-22.47.40:667][  0]LogConfig: Setting CVar [[vr.MobileMultiView:1]]
[2024.05.29-22.47.40:667][  0]LogConfig: Setting CVar [[r.Mobile.UseHWsRGBEncoding:1]]
[2024.05.29-22.47.40:667][  0]LogConfig: Setting CVar [[vr.RoundRobinOcclusion:0]]
[2024.05.29-22.47.40:667][  0]LogConfig: Setting CVar [[vr.ODSCapture:0]]
[2024.05.29-22.47.40:667][  0]LogConfig: Setting CVar [[r.MeshStreaming:0]]
[2024.05.29-22.47.40:667][  0]LogConfig: Setting CVar [[r.WireframeCullThreshold:5.000000]]
[2024.05.29-22.47.40:667][  0]LogConfig: Setting CVar [[r.RayTracing:0]]
[2024.05.29-22.47.40:667][  0]LogConfig: Setting CVar [[r.RayTracing.UseTextureLod:0]]
[2024.05.29-22.47.40:667][  0]LogConfig: Setting CVar [[r.SupportStationarySkylight:1]]
[2024.05.29-22.47.40:667][  0]LogConfig: Setting CVar [[r.SupportLowQualityLightmaps:1]]
[2024.05.29-22.47.40:667][  0]LogConfig: Setting CVar [[r.SupportPointLightWholeSceneShadows:1]]
[2024.05.29-22.47.40:667][  0]LogConfig: Setting CVar [[r.SupportAtmosphericFog:1]]
[2024.05.29-22.47.40:667][  0]LogConfig: Setting CVar [[r.SupportSkyAtmosphere:1]]
[2024.05.29-22.47.40:667][  0]LogConfig: Setting CVar [[r.SupportSkyAtmosphereAffectsHeightFog:0]]
[2024.05.29-22.47.40:667][  0]LogConfig: Setting CVar [[r.SkinCache.CompileShaders:0]]
[2024.05.29-22.47.40:667][  0]LogConfig: Setting CVar [[r.SkinCache.DefaultBehavior:1]]
[2024.05.29-22.47.40:667][  0]LogConfig: Setting CVar [[r.SkinCache.SceneMemoryLimitInMB:128.000000]]
[2024.05.29-22.47.40:667][  0]LogConfig: Setting CVar [[r.Mobile.EnableStaticAndCSMShadowReceivers:1]]
[2024.05.29-22.47.40:667][  0]LogConfig: Setting CVar [[r.Mobile.EnableMovableLightCSMShaderCulling:1]]
[2024.05.29-22.47.40:667][  0]LogConfig: Setting CVar [[r.Mobile.AllowDistanceFieldShadows:1]]
[2024.05.29-22.47.40:668][  0]LogConfig: Setting CVar [[r.Mobile.AllowMovableDirectionalLights:1]]
[2024.05.29-22.47.40:668][  0]LogConfig: Setting CVar [[r.MobileNumDynamicPointLights:4]]
[2024.05.29-22.47.40:668][  0]LogConfig: Setting CVar [[r.MobileDynamicPointLightsUseStaticBranch:1]]
[2024.05.29-22.47.40:668][  0]LogConfig: Setting CVar [[r.Mobile.EnableMovableSpotlights:0]]
[2024.05.29-22.47.40:668][  0]LogConfig: Setting CVar [[r.Mobile.EnableMovableSpotlightsShadow:0]]
[2024.05.29-22.47.40:668][  0]LogConfig: Setting CVar [[r.GPUSkin.Support16BitBoneIndex:0]]
[2024.05.29-22.47.40:668][  0]LogConfig: Setting CVar [[r.GPUSkin.Limit2BoneInfluences:0]]
[2024.05.29-22.47.40:668][  0]LogConfig: Setting CVar [[r.SupportDepthOnlyIndexBuffers:1]]
[2024.05.29-22.47.40:668][  0]LogConfig: Setting CVar [[r.SupportReversedIndexBuffers:1]]
[2024.05.29-22.47.40:668][  0]LogConfig: Setting CVar [[r.LightPropagationVolume:0]]
[2024.05.29-22.47.40:668][  0]LogConfig: Setting CVar [[r.Mobile.AmbientOcclusion:0]]
[2024.05.29-22.47.40:668][  0]LogConfig: Setting CVar [[r.GPUSkin.UnlimitedBoneInfluences:0]]
[2024.05.29-22.47.40:668][  0]LogConfig: Setting CVar [[r.GPUSkin.UnlimitedBoneInfluencesThreshold:8]]
[2024.05.29-22.47.40:668][  0]LogConfig: Setting CVar [[r.Mobile.PlanarReflectionMode:0]]
[2024.05.29-22.47.40:668][  0]LogConfig: Setting CVar [[r.Mobile.SupportGPUScene:1]]
[2024.05.29-22.47.40:668][  0]LogConfig: Applying CVar settings from Section [/Script/Engine.RendererOverrideSettings] File [E:/StayinAlive/Saved/Config/Windows/Engine.ini]
[2024.05.29-22.47.40:668][  0]LogConfig: Applying CVar settings from Section [/Script/Engine.StreamingSettings] File [E:/StayinAlive/Saved/Config/Windows/Engine.ini]
[2024.05.29-22.47.40:668][  0]LogConfig: Setting CVar [[s.MinBulkDataSizeForAsyncLoading:131072]]
[2024.05.29-22.47.40:668][  0]LogConfig: Setting CVar [[s.AsyncLoadingThreadEnabled:0]]
[2024.05.29-22.47.40:668][  0]LogConfig: Setting CVar [[s.EventDrivenLoaderEnabled:1]]
[2024.05.29-22.47.40:668][  0]LogConfig: Setting CVar [[s.WarnIfTimeLimitExceeded:0]]
[2024.05.29-22.47.40:668][  0]LogConfig: Setting CVar [[s.TimeLimitExceededMultiplier:1.5]]
[2024.05.29-22.47.40:668][  0]LogConfig: Setting CVar [[s.TimeLimitExceededMinTime:0.005]]
[2024.05.29-22.47.40:668][  0]LogConfig: Setting CVar [[s.UseBackgroundLevelStreaming:1]]
[2024.05.29-22.47.40:668][  0]LogConfig: Setting CVar [[s.PriorityAsyncLoadingExtraTime:15.0]]
[2024.05.29-22.47.40:668][  0]LogConfig: Setting CVar [[s.LevelStreamingActorsUpdateTimeLimit:5.0]]
[2024.05.29-22.47.40:668][  0]LogConfig: Setting CVar [[s.PriorityLevelStreamingActorsUpdateExtraTime:5.0]]
[2024.05.29-22.47.40:668][  0]LogConfig: Setting CVar [[s.LevelStreamingComponentsRegistrationGranularity:10]]
[2024.05.29-22.47.40:668][  0]LogConfig: Setting CVar [[s.UnregisterComponentsTimeLimit:1.0]]
[2024.05.29-22.47.40:668][  0]LogConfig: Setting CVar [[s.LevelStreamingComponentsUnregistrationGranularity:5]]
[2024.05.29-22.47.40:668][  0]LogConfig: Setting CVar [[s.FlushStreamingOnExit:1]]
[2024.05.29-22.47.40:669][  0]LogConfig: Applying CVar settings from Section [/Script/Engine.GarbageCollectionSettings] File [E:/StayinAlive/Saved/Config/Windows/Engine.ini]
[2024.05.29-22.47.40:669][  0]LogConfig: Setting CVar [[gc.MaxObjectsNotConsideredByGC:1]]
[2024.05.29-22.47.40:669][  0]LogConfig: Setting CVar [[gc.SizeOfPermanentObjectPool:0]]
[2024.05.29-22.47.40:669][  0]LogConfig: Setting CVar [[gc.FlushStreamingOnGC:0]]
[2024.05.29-22.47.40:669][  0]LogConfig: Setting CVar [[gc.NumRetriesBeforeForcingGC:10]]
[2024.05.29-22.47.40:669][  0]LogConfig: Setting CVar [[gc.AllowParallelGC:1]]
[2024.05.29-22.47.40:669][  0]LogConfig: Setting CVar [[gc.TimeBetweenPurgingPendingKillObjects:61.1]]
[2024.05.29-22.47.40:669][  0]LogConfig: Setting CVar [[gc.MaxObjectsInEditor:25165824]]
[2024.05.29-22.47.40:669][  0]LogConfig: Setting CVar [[gc.IncrementalBeginDestroyEnabled:1]]
[2024.05.29-22.47.40:669][  0]LogConfig: Setting CVar [[gc.CreateGCClusters:1]]
[2024.05.29-22.47.40:669][  0]LogConfig: Setting CVar [[gc.MinGCClusterSize:5]]
[2024.05.29-22.47.40:669][  0]LogConfig: Setting CVar [[gc.ActorClusteringEnabled:0]]
[2024.05.29-22.47.40:669][  0]LogConfig: Setting CVar [[gc.BlueprintClusteringEnabled:0]]
[2024.05.29-22.47.40:669][  0]LogConfig: Setting CVar [[gc.UseDisregardForGCOnDedicatedServers:0]]
[2024.05.29-22.47.40:669][  0]LogConfig: Setting CVar [[gc.MultithreadedDestructionEnabled:1]]
[2024.05.29-22.47.40:669][  0]LogConfig: Applying CVar settings from Section [/Script/Engine.NetworkSettings] File [E:/StayinAlive/Saved/Config/Windows/Engine.ini]
[2024.05.29-22.47.40:669][  0]LogConfig: Applying CVar settings from Section [/Script/UnrealEd.CookerSettings] File [E:/StayinAlive/Saved/Config/Windows/Engine.ini]
[2024.05.29-22.47.40:684][  0]LogConfig: Applying CVar settings from Section [ViewDistanceQuality@3] File [E:/StayinAlive/Saved/Config/Windows/Scalability.ini]
[2024.05.29-22.47.40:684][  0]LogConfig: Setting CVar [[r.SkeletalMeshLODBias:0]]
[2024.05.29-22.47.40:684][  0]LogConfig: Setting CVar [[r.ViewDistanceScale:1.0]]
[2024.05.29-22.47.40:684][  0]LogConfig: Applying CVar settings from Section [AntiAliasingQuality@3] File [E:/StayinAlive/Saved/Config/Windows/Scalability.ini]
[2024.05.29-22.47.40:684][  0]LogConfig: Setting CVar [[r.PostProcessAAQuality:4]]
[2024.05.29-22.47.40:684][  0]LogConfig: Applying CVar settings from Section [ShadowQuality@3] File [E:/StayinAlive/Saved/Config/Windows/Scalability.ini]
[2024.05.29-22.47.40:684][  0]LogConfig: Setting CVar [[r.LightFunctionQuality:1]]
[2024.05.29-22.47.40:684][  0]LogConfig: Setting CVar [[r.ShadowQuality:5]]
[2024.05.29-22.47.40:684][  0]LogConfig: Setting CVar [[r.Shadow.CSM.MaxCascades:10]]
[2024.05.29-22.47.40:684][  0]LogConfig: Setting CVar [[r.Shadow.MaxResolution:2048]]
[2024.05.29-22.47.40:684][  0]LogConfig: Setting CVar [[r.Shadow.MaxCSMResolution:2048]]
[2024.05.29-22.47.40:684][  0]LogConfig: Setting CVar [[r.Shadow.RadiusThreshold:0.01]]
[2024.05.29-22.47.40:684][  0]LogConfig: Setting CVar [[r.Shadow.DistanceScale:1.0]]
[2024.05.29-22.47.40:684][  0]LogConfig: Setting CVar [[r.Shadow.CSM.TransitionScale:1.0]]
[2024.05.29-22.47.40:684][  0]LogConfig: Setting CVar [[r.Shadow.PreShadowResolutionFactor:1.0]]
[2024.05.29-22.47.40:684][  0]LogConfig: Setting CVar [[r.DistanceFieldShadowing:1]]
[2024.05.29-22.47.40:684][  0]LogConfig: Setting CVar [[r.DistanceFieldAO:1]]
[2024.05.29-22.47.40:684][  0]LogConfig: Setting CVar [[r.AOQuality:2]]
[2024.05.29-22.47.40:684][  0]LogConfig: Setting CVar [[r.VolumetricFog:1]]
[2024.05.29-22.47.40:684][  0]LogConfig: Setting CVar [[r.VolumetricFog.GridPixelSize:8]]
[2024.05.29-22.47.40:684][  0]LogConfig: Setting CVar [[r.VolumetricFog.GridSizeZ:128]]
[2024.05.29-22.47.40:684][  0]LogConfig: Setting CVar [[r.VolumetricFog.HistoryMissSupersampleCount:4]]
[2024.05.29-22.47.40:685][  0]LogConfig: Setting CVar [[r.LightMaxDrawDistanceScale:1]]
[2024.05.29-22.47.40:685][  0]LogConfig: Setting CVar [[r.CapsuleShadows:1]]
[2024.05.29-22.47.40:685][  0]LogConfig: Applying CVar settings from Section [PostProcessQuality@3] File [E:/StayinAlive/Saved/Config/Windows/Scalability.ini]
[2024.05.29-22.47.40:685][  0]LogConfig: Setting CVar [[r.MotionBlurQuality:4]]
[2024.05.29-22.47.40:685][  0]LogConfig: Setting CVar [[r.AmbientOcclusionMipLevelFactor:0.4]]
[2024.05.29-22.47.40:685][  0]LogConfig: Setting CVar [[r.AmbientOcclusionMaxQuality:100]]
[2024.05.29-22.47.40:685][  0]LogConfig: Setting CVar [[r.AmbientOcclusionLevels:-1]]
[2024.05.29-22.47.40:685][  0]LogConfig: Setting CVar [[r.AmbientOcclusionRadiusScale:1.0]]
[2024.05.29-22.47.40:685][  0]LogConfig: Setting CVar [[r.DepthOfFieldQuality:2]]
[2024.05.29-22.47.40:685][  0]LogConfig: Setting CVar [[r.RenderTargetPoolMin:400]]
[2024.05.29-22.47.40:687][  0]LogConfig: Setting CVar [[r.LensFlareQuality:2]]
[2024.05.29-22.47.40:687][  0]LogConfig: Setting CVar [[r.SceneColorFringeQuality:1]]
[2024.05.29-22.47.40:687][  0]LogConfig: Setting CVar [[r.EyeAdaptationQuality:2]]
[2024.05.29-22.47.40:687][  0]LogConfig: Setting CVar [[r.BloomQuality:5]]
[2024.05.29-22.47.40:689][  0]LogConfig: Setting CVar [[r.FastBlurThreshold:100]]
[2024.05.29-22.47.40:689][  0]LogConfig: Setting CVar [[r.Upscale.Quality:3]]
[2024.05.29-22.47.40:689][  0]LogConfig: Setting CVar [[r.Tonemapper.GrainQuantization:1]]
[2024.05.29-22.47.40:689][  0]LogConfig: Setting CVar [[r.LightShaftQuality:1]]
[2024.05.29-22.47.40:689][  0]LogConfig: Setting CVar [[r.Filter.SizeScale:1]]
[2024.05.29-22.47.40:689][  0]LogConfig: Setting CVar [[r.Tonemapper.Quality:5]]
[2024.05.29-22.47.40:689][  0]LogConfig: Setting CVar [[r.DOF.Gather.AccumulatorQuality:1        ; higher gathering accumulator quality]]
[2024.05.29-22.47.40:689][  0]LogConfig: Setting CVar [[r.DOF.Gather.PostfilterMethod:1          ; Median3x3 postfilering method]]
[2024.05.29-22.47.40:689][  0]LogConfig: Setting CVar [[r.DOF.Gather.EnableBokehSettings:0       ; no bokeh simulation when gathering]]
[2024.05.29-22.47.40:689][  0]LogConfig: Setting CVar [[r.DOF.Gather.RingCount:4                 ; medium number of samples when gathering]]
[2024.05.29-22.47.40:689][  0]LogConfig: Setting CVar [[r.DOF.Scatter.ForegroundCompositing:1    ; additive foreground scattering]]
[2024.05.29-22.47.40:689][  0]LogConfig: Setting CVar [[r.DOF.Scatter.BackgroundCompositing:2    ; additive background scattering]]
[2024.05.29-22.47.40:689][  0]LogConfig: Setting CVar [[r.DOF.Scatter.EnableBokehSettings:1      ; bokeh simulation when scattering]]
[2024.05.29-22.47.40:689][  0]LogConfig: Setting CVar [[r.DOF.Scatter.MaxSpriteRatio:0.1         ; only a maximum of 10% of scattered bokeh]]
[2024.05.29-22.47.40:689][  0]LogConfig: Setting CVar [[r.DOF.Recombine.Quality:1                ; cheap slight out of focus]]
[2024.05.29-22.47.40:689][  0]LogConfig: Setting CVar [[r.DOF.Recombine.EnableBokehSettings:0    ; no bokeh simulation on slight out of focus]]
[2024.05.29-22.47.40:689][  0]LogConfig: Setting CVar [[r.DOF.TemporalAAQuality:1                ; more stable temporal accumulation]]
[2024.05.29-22.47.40:689][  0]LogConfig: Setting CVar [[r.DOF.Kernel.MaxForegroundRadius:0.025]]
[2024.05.29-22.47.40:689][  0]LogConfig: Setting CVar [[r.DOF.Kernel.MaxBackgroundRadius:0.025]]
[2024.05.29-22.47.40:689][  0]LogConfig: Applying CVar settings from Section [TextureQuality@3] File [E:/StayinAlive/Saved/Config/Windows/Scalability.ini]
[2024.05.29-22.47.40:689][  0]LogConfig: Setting CVar [[r.Streaming.MipBias:0]]
[2024.05.29-22.47.40:689][  0]LogConfig: Setting CVar [[r.Streaming.AmortizeCPUToGPUCopy:0]]
[2024.05.29-22.47.40:689][  0]LogConfig: Setting CVar [[r.Streaming.MaxNumTexturesToStreamPerFrame:0]]
[2024.05.29-22.47.40:689][  0]LogConfig: Setting CVar [[r.Streaming.Boost:1]]
[2024.05.29-22.47.40:689][  0]LogConfig: Setting CVar [[r.MaxAnisotropy:8]]
[2024.05.29-22.47.40:689][  0]LogConfig: Setting CVar [[r.VT.MaxAnisotropy:8]]
[2024.05.29-22.47.40:689][  0]LogConfig: Setting CVar [[r.Streaming.LimitPoolSizeToVRAM:0]]
[2024.05.29-22.47.40:689][  0]LogConfig: Setting CVar [[r.Streaming.PoolSize:1000]]
[2024.05.29-22.47.40:689][  0]LogConfig: Setting CVar [[r.Streaming.MaxEffectiveScreenSize:0]]
[2024.05.29-22.47.40:689][  0]LogConfig: Applying CVar settings from Section [EffectsQuality@3] File [E:/StayinAlive/Saved/Config/Windows/Scalability.ini]
[2024.05.29-22.47.40:689][  0]LogConfig: Setting CVar [[r.TranslucencyLightingVolumeDim:64]]
[2024.05.29-22.47.40:689][  0]LogConfig: Setting CVar [[r.RefractionQuality:2]]
[2024.05.29-22.47.40:689][  0]LogConfig: Setting CVar [[r.SSR.Quality:3]]
[2024.05.29-22.47.40:689][  0]LogConfig: Setting CVar [[r.SSR.HalfResSceneColor:0]]
[2024.05.29-22.47.40:689][  0]LogConfig: Setting CVar [[r.SceneColorFormat:4]]
[2024.05.29-22.47.40:689][  0]LogConfig: Setting CVar [[r.DetailMode:2]]
[2024.05.29-22.47.40:690][  0]LogConfig: Setting CVar [[r.TranslucencyVolumeBlur:1]]
[2024.05.29-22.47.40:690][  0]LogConfig: Setting CVar [[r.MaterialQualityLevel:1 ; High quality]]
[2024.05.29-22.47.40:690][  0]LogConfig: Setting CVar [[r.AnisotropicMaterials:1]]
[2024.05.29-22.47.40:690][  0]LogConfig: Setting CVar [[r.SSS.Scale:1]]
[2024.05.29-22.47.40:690][  0]LogConfig: Setting CVar [[r.SSS.SampleSet:2]]
[2024.05.29-22.47.40:690][  0]LogConfig: Setting CVar [[r.SSS.Quality:1]]
[2024.05.29-22.47.40:690][  0]LogConfig: Setting CVar [[r.SSS.HalfRes:0]]
[2024.05.29-22.47.40:690][  0]LogConfig: Setting CVar [[r.SSGI.Quality:3]]
[2024.05.29-22.47.40:690][  0]LogConfig: Setting CVar [[r.EmitterSpawnRateScale:1.0]]
[2024.05.29-22.47.40:690][  0]LogConfig: Setting CVar [[r.ParticleLightQuality:2]]
[2024.05.29-22.47.40:690][  0]LogConfig: Setting CVar [[r.SkyAtmosphere.AerialPerspectiveLUT.FastApplyOnOpaque:1 ; Always have FastSkyLUT 1 in this case to avoid wrong sky]]
[2024.05.29-22.47.40:690][  0]LogConfig: Setting CVar [[r.SkyAtmosphere.AerialPerspectiveLUT.SampleCountMaxPerSlice:4]]
[2024.05.29-22.47.40:690][  0]LogConfig: Setting CVar [[r.SkyAtmosphere.AerialPerspectiveLUT.DepthResolution:16.0]]
[2024.05.29-22.47.40:690][  0]LogConfig: Setting CVar [[r.SkyAtmosphere.FastSkyLUT:1]]
[2024.05.29-22.47.40:690][  0]LogConfig: Setting CVar [[r.SkyAtmosphere.FastSkyLUT.SampleCountMin:4.0]]
[2024.05.29-22.47.40:690][  0]LogConfig: Setting CVar [[r.SkyAtmosphere.FastSkyLUT.SampleCountMax:128.0]]
[2024.05.29-22.47.40:690][  0]LogConfig: Setting CVar [[r.SkyAtmosphere.SampleCountMin:4.0]]
[2024.05.29-22.47.40:690][  0]LogConfig: Setting CVar [[r.SkyAtmosphere.SampleCountMax:128.0]]
[2024.05.29-22.47.40:690][  0]LogConfig: Setting CVar [[r.SkyAtmosphere.TransmittanceLUT.UseSmallFormat:0]]
[2024.05.29-22.47.40:690][  0]LogConfig: Setting CVar [[r.SkyAtmosphere.TransmittanceLUT.SampleCount:10.0]]
[2024.05.29-22.47.40:690][  0]LogConfig: Setting CVar [[r.SkyAtmosphere.MultiScatteringLUT.SampleCount:15.0]]
[2024.05.29-22.47.40:690][  0]LogConfig: Setting CVar [[r.SkyLight.RealTimeReflectionCapture:1]]
[2024.05.29-22.47.40:690][  0]LogConfig: Applying CVar settings from Section [FoliageQuality@3] File [E:/StayinAlive/Saved/Config/Windows/Scalability.ini]
[2024.05.29-22.47.40:690][  0]LogConfig: Setting CVar [[foliage.DensityScale:1.0]]
[2024.05.29-22.47.40:690][  0]LogConfig: Setting CVar [[grass.DensityScale:1.0]]
[2024.05.29-22.47.40:690][  0]LogConfig: Applying CVar settings from Section [ShadingQuality@3] File [E:/StayinAlive/Saved/Config/Windows/Scalability.ini]
[2024.05.29-22.47.40:690][  0]LogConfig: Setting CVar [[r.HairStrands.SkyLighting.IntegrationType:2]]
[2024.05.29-22.47.40:690][  0]LogConfig: Setting CVar [[r.HairStrands.SkyAO.SampleCount:4]]
[2024.05.29-22.47.40:690][  0]LogConfig: Setting CVar [[r.HairStrands.Visibility.MSAA.SamplePerPixel:4]]
[2024.05.29-22.47.40:690][  0]LogInit: Selected Device Profile: [Windows]
[2024.05.29-22.47.40:690][  0]LogInit: Applying CVar settings loaded from the selected device profile: [Windows]
[2024.05.29-22.47.40:690][  0]LogHAL: Display: Platform has ~ 10 GB [10646994944 / 17179869184 / 10], which maps to Default [LargestMinGB=32, LargerMinGB=12, DefaultMinGB=8, SmallerMinGB=6, SmallestMinGB=0)
[2024.05.29-22.47.40:690][  0]LogInit: Going up to parent DeviceProfile []
[2024.05.29-22.47.40:691][  0]LogConfig: Applying CVar settings from Section [ViewDistanceQuality@1] File [E:/StayinAlive/Saved/Config/Windows/Scalability.ini]
[2024.05.29-22.47.40:691][  0]LogConfig: Setting CVar [[r.SkeletalMeshLODBias:1]]
[2024.05.29-22.47.40:691][  0]LogConfig: Setting CVar [[r.ViewDistanceScale:0.6]]
[2024.05.29-22.47.40:691][  0]LogConfig: Applying CVar settings from Section [AntiAliasingQuality@1] File [E:/StayinAlive/Saved/Config/Windows/Scalability.ini]
[2024.05.29-22.47.40:691][  0]LogConfig: Setting CVar [[r.PostProcessAAQuality:2]]
[2024.05.29-22.47.40:691][  0]LogConfig: Applying CVar settings from Section [ShadowQuality@1] File [E:/StayinAlive/Saved/Config/Windows/Scalability.ini]
[2024.05.29-22.47.40:691][  0]LogConfig: Setting CVar [[r.LightFunctionQuality:1]]
[2024.05.29-22.47.40:691][  0]LogConfig: Setting CVar [[r.ShadowQuality:3]]
[2024.05.29-22.47.40:691][  0]LogConfig: Setting CVar [[r.Shadow.CSM.MaxCascades:1]]
[2024.05.29-22.47.40:691][  0]LogConfig: Setting CVar [[r.Shadow.MaxResolution:1024]]
[2024.05.29-22.47.40:691][  0]LogConfig: Setting CVar [[r.Shadow.MaxCSMResolution:1024]]
[2024.05.29-22.47.40:691][  0]LogConfig: Setting CVar [[r.Shadow.RadiusThreshold:0.05]]
[2024.05.29-22.47.40:691][  0]LogConfig: Setting CVar [[r.Shadow.DistanceScale:0.7]]
[2024.05.29-22.47.40:691][  0]LogConfig: Setting CVar [[r.Shadow.CSM.TransitionScale:0.25]]
[2024.05.29-22.47.40:691][  0]LogConfig: Setting CVar [[r.Shadow.PreShadowResolutionFactor:0.5]]
[2024.05.29-22.47.40:691][  0]LogConfig: Setting CVar [[r.DistanceFieldShadowing:0]]
[2024.05.29-22.47.40:691][  0]LogConfig: Setting CVar [[r.DistanceFieldAO:0]]
[2024.05.29-22.47.40:691][  0]LogConfig: Setting CVar [[r.VolumetricFog:0]]
[2024.05.29-22.47.40:691][  0]LogConfig: Setting CVar [[r.LightMaxDrawDistanceScale:.5]]
[2024.05.29-22.47.40:691][  0]LogConfig: Setting CVar [[r.CapsuleShadows:1]]
[2024.05.29-22.47.40:691][  0]LogConfig: Applying CVar settings from Section [PostProcessQuality@1] File [E:/StayinAlive/Saved/Config/Windows/Scalability.ini]
[2024.05.29-22.47.40:691][  0]LogConfig: Setting CVar [[r.MotionBlurQuality:3]]
[2024.05.29-22.47.40:691][  0]LogConfig: Setting CVar [[r.AmbientOcclusionMipLevelFactor:1.0]]
[2024.05.29-22.47.40:691][  0]LogConfig: Setting CVar [[r.AmbientOcclusionMaxQuality:60]]
[2024.05.29-22.47.40:691][  0]LogConfig: Setting CVar [[r.AmbientOcclusionLevels:-1]]
[2024.05.29-22.47.40:691][  0]LogConfig: Setting CVar [[r.AmbientOcclusionRadiusScale:1.5]]
[2024.05.29-22.47.40:691][  0]LogConfig: Setting CVar [[r.DepthOfFieldQuality:1]]
[2024.05.29-22.47.40:691][  0]LogConfig: Setting CVar [[r.RenderTargetPoolMin:350]]
[2024.05.29-22.47.40:691][  0]LogConfig: Setting CVar [[r.LensFlareQuality:0]]
[2024.05.29-22.47.40:691][  0]LogConfig: Setting CVar [[r.SceneColorFringeQuality:0]]
[2024.05.29-22.47.40:691][  0]LogConfig: Setting CVar [[r.EyeAdaptationQuality:2]]
[2024.05.29-22.47.40:691][  0]LogConfig: Setting CVar [[r.BloomQuality:4]]
[2024.05.29-22.47.40:691][  0]LogConfig: Setting CVar [[r.FastBlurThreshold:2]]
[2024.05.29-22.47.40:691][  0]LogConfig: Setting CVar [[r.Upscale.Quality:2]]
[2024.05.29-22.47.40:691][  0]LogConfig: Setting CVar [[r.Tonemapper.GrainQuantization:0]]
[2024.05.29-22.47.40:691][  0]LogConfig: Setting CVar [[r.LightShaftQuality:0]]
[2024.05.29-22.47.40:691][  0]LogConfig: Setting CVar [[r.Filter.SizeScale:0.7]]
[2024.05.29-22.47.40:691][  0]LogConfig: Setting CVar [[r.Tonemapper.Quality:2]]
[2024.05.29-22.47.40:691][  0]LogConfig: Setting CVar [[r.DOF.Gather.AccumulatorQuality:0        ; lower gathering accumulator quality]]
[2024.05.29-22.47.40:692][  0]LogConfig: Setting CVar [[r.DOF.Gather.PostfilterMethod:2          ; Max3x3 postfilering method]]
[2024.05.29-22.47.40:692][  0]LogConfig: Setting CVar [[r.DOF.Gather.EnableBokehSettings:0       ; no bokeh simulation when gathering]]
[2024.05.29-22.47.40:692][  0]LogConfig: Setting CVar [[r.DOF.Gather.RingCount:3                 ; low number of samples when gathering]]
[2024.05.29-22.47.40:692][  0]LogConfig: Setting CVar [[r.DOF.Scatter.ForegroundCompositing:0    ; no foreground scattering]]
[2024.05.29-22.47.40:692][  0]LogConfig: Setting CVar [[r.DOF.Scatter.BackgroundCompositing:0    ; no foreground scattering]]
[2024.05.29-22.47.40:692][  0]LogConfig: Setting CVar [[r.DOF.Recombine.Quality:0                ; no slight out of focus]]
[2024.05.29-22.47.40:692][  0]LogConfig: Setting CVar [[r.DOF.TemporalAAQuality:0                ; faster temporal accumulation]]
[2024.05.29-22.47.40:692][  0]LogConfig: Setting CVar [[r.DOF.Kernel.MaxForegroundRadius:0.006   ; required because low gathering and no scattering and not looking great at 1080p]]
[2024.05.29-22.47.40:692][  0]LogConfig: Setting CVar [[r.DOF.Kernel.MaxBackgroundRadius:0.006   ; required because low gathering and no scattering and not looking great at 1080p]]
[2024.05.29-22.47.40:692][  0]LogConfig: Applying CVar settings from Section [TextureQuality@1] File [E:/StayinAlive/Saved/Config/Windows/Scalability.ini]
[2024.05.29-22.47.40:692][  0]LogConfig: Setting CVar [[r.Streaming.MipBias:1]]
[2024.05.29-22.47.40:692][  0]LogConfig: Setting CVar [[r.Streaming.AmortizeCPUToGPUCopy:0]]
[2024.05.29-22.47.40:692][  0]LogConfig: Setting CVar [[r.Streaming.MaxNumTexturesToStreamPerFrame:0]]
[2024.05.29-22.47.40:692][  0]LogConfig: Setting CVar [[r.Streaming.Boost:1]]
[2024.05.29-22.47.40:692][  0]LogConfig: Setting CVar [[r.MaxAnisotropy:2]]
[2024.05.29-22.47.40:692][  0]LogConfig: Setting CVar [[r.VT.MaxAnisotropy:4]]
[2024.05.29-22.47.40:692][  0]LogConfig: Setting CVar [[r.Streaming.LimitPoolSizeToVRAM:1]]
[2024.05.29-22.47.40:692][  0]LogConfig: Setting CVar [[r.Streaming.PoolSize:600]]
[2024.05.29-22.47.40:692][  0]LogConfig: Setting CVar [[r.Streaming.MaxEffectiveScreenSize:0]]
[2024.05.29-22.47.40:692][  0]LogConfig: Applying CVar settings from Section [EffectsQuality@1] File [E:/StayinAlive/Saved/Config/Windows/Scalability.ini]
[2024.05.29-22.47.40:692][  0]LogConfig: Setting CVar [[r.TranslucencyLightingVolumeDim:32]]
[2024.05.29-22.47.40:692][  0]LogConfig: Setting CVar [[r.RefractionQuality:0]]
[2024.05.29-22.47.40:692][  0]LogConfig: Setting CVar [[r.SSR.Quality:0]]
[2024.05.29-22.47.40:692][  0]LogConfig: Setting CVar [[r.SSR.HalfResSceneColor:1]]
[2024.05.29-22.47.40:692][  0]LogConfig: Setting CVar [[r.SceneColorFormat:3]]
[2024.05.29-22.47.40:692][  0]LogConfig: Setting CVar [[r.DetailMode:1]]
[2024.05.29-22.47.40:692][  0]LogConfig: Setting CVar [[r.TranslucencyVolumeBlur:0]]
[2024.05.29-22.47.40:692][  0]LogConfig: Setting CVar [[r.MaterialQualityLevel:2 ; Medium quality]]
[2024.05.29-22.47.40:692][  0]LogConfig: Setting CVar [[r.AnisotropicMaterials:0]]
[2024.05.29-22.47.40:692][  0]LogConfig: Setting CVar [[r.SSS.Scale:0.75]]
[2024.05.29-22.47.40:692][  0]LogConfig: Setting CVar [[r.SSS.SampleSet:0]]
[2024.05.29-22.47.40:693][  0]LogConfig: Setting CVar [[r.SSS.Quality:0]]
[2024.05.29-22.47.40:693][  0]LogConfig: Setting CVar [[r.SSS.HalfRes:1]]
[2024.05.29-22.47.40:693][  0]LogConfig: Setting CVar [[r.SSGI.Quality:1]]
[2024.05.29-22.47.40:693][  0]LogConfig: Setting CVar [[r.EmitterSpawnRateScale:0.25]]
[2024.05.29-22.47.40:693][  0]LogConfig: Setting CVar [[r.ParticleLightQuality:0]]
[2024.05.29-22.47.40:693][  0]LogConfig: Setting CVar [[r.SkyAtmosphere.AerialPerspectiveLUT.FastApplyOnOpaque:1 ; Always have FastSkyLUT 1 in this case to avoid wrong sky]]
[2024.05.29-22.47.40:693][  0]LogConfig: Setting CVar [[r.SkyAtmosphere.AerialPerspectiveLUT.SampleCountMaxPerSlice:1]]
[2024.05.29-22.47.40:693][  0]LogConfig: Setting CVar [[r.SkyAtmosphere.AerialPerspectiveLUT.DepthResolution:16.0]]
[2024.05.29-22.47.40:693][  0]LogConfig: Setting CVar [[r.SkyAtmosphere.FastSkyLUT:1]]
[2024.05.29-22.47.40:693][  0]LogConfig: Setting CVar [[r.SkyAtmosphere.FastSkyLUT.SampleCountMin:4.0]]
[2024.05.29-22.47.40:694][  0]LogConfig: Setting CVar [[r.SkyAtmosphere.FastSkyLUT.SampleCountMax:32.0]]
[2024.05.29-22.47.40:694][  0]LogConfig: Setting CVar [[r.SkyAtmosphere.SampleCountMin:4.0]]
[2024.05.29-22.47.40:694][  0]LogConfig: Setting CVar [[r.SkyAtmosphere.SampleCountMax:32.0]]
[2024.05.29-22.47.40:694][  0]LogConfig: Setting CVar [[r.SkyAtmosphere.TransmittanceLUT.UseSmallFormat:0]]
[2024.05.29-22.47.40:694][  0]LogConfig: Setting CVar [[r.SkyAtmosphere.TransmittanceLUT.SampleCount:10.0]]
[2024.05.29-22.47.40:694][  0]LogConfig: Setting CVar [[r.SkyAtmosphere.MultiScatteringLUT.SampleCount:15.0]]
[2024.05.29-22.47.40:694][  0]LogConfig: Setting CVar [[r.SkyLight.RealTimeReflectionCapture:0]]
[2024.05.29-22.47.40:694][  0]LogConfig: Applying CVar settings from Section [FoliageQuality@1] File [E:/StayinAlive/Saved/Config/Windows/Scalability.ini]
[2024.05.29-22.47.40:694][  0]LogConfig: Setting CVar [[foliage.DensityScale:0.4]]
[2024.05.29-22.47.40:694][  0]LogConfig: Setting CVar [[grass.DensityScale:0.4]]
[2024.05.29-22.47.40:694][  0]LogConfig: Applying CVar settings from Section [ShadingQuality@1] File [E:/StayinAlive/Saved/Config/Windows/Scalability.ini]
[2024.05.29-22.47.40:694][  0]LogConfig: Setting CVar [[r.HairStrands.SkyLighting.IntegrationType:2]]
[2024.05.29-22.47.40:694][  0]LogConfig: Setting CVar [[r.HairStrands.SkyAO.SampleCount:4]]
[2024.05.29-22.47.40:694][  0]LogConfig: Setting CVar [[r.HairStrands.Visibility.MSAA.SamplePerPixel:1]]
[2024.05.29-22.47.40:694][  0]LogConfig: Applying CVar settings from Section [Startup] File [../../../Engine/Config/ConsoleVariables.ini]
[2024.05.29-22.47.40:696][  0]LogConfig: Setting CVar [[net.UseAdaptiveNetUpdateFrequency:0]]
[2024.05.29-22.47.40:696][  0]LogConfig: Setting CVar [[p.chaos.AllowCreatePhysxBodies:1]]
[2024.05.29-22.47.40:696][  0]LogConfig: Setting CVar [[fx.SkipVectorVMBackendOptimizations:1]]
[2024.05.29-22.47.40:696][  0]LogConfig: Applying CVar settings from Section [ConsoleVariables] File [E:/StayinAlive/Saved/Config/Windows/Engine.ini]
[2024.05.29-22.47.40:696][  0]LogConfig: Applying CVar settings from Section [ConsoleVariables] File [E:/StayinAlive/Saved/Config/Windows/Editor.ini]
[2024.05.29-22.47.40:697][  0]LogInit: Computer: LAPTOP-1QT45U1L
[2024.05.29-22.47.40:697][  0]LogInit: User: gabyg
[2024.05.29-22.47.40:697][  0]LogInit: CPU Page size=4096, Cores=4
[2024.05.29-22.47.40:697][  0]LogInit: High frequency timer resolution =10.000000 MHz
[2024.05.29-22.47.40:697][  0]LogMemory: Memory total: Physical=9.9GB (10GB approx)
[2024.05.29-22.47.40:697][  0]LogMemory: Platform Memory Stats for Windows
[2024.05.29-22.47.40:697][  0]LogMemory: Process Physical Memory: 146.55 MB used, 151.32 MB peak
[2024.05.29-22.47.40:697][  0]LogMemory: Process Virtual Memory: 116.12 MB used, 116.12 MB peak
[2024.05.29-22.47.40:697][  0]LogMemory: Physical Memory: 6903.34 MB used,  3250.42 MB free, 10153.77 MB total
[2024.05.29-22.47.40:697][  0]LogMemory: Virtual Memory: 134213912.00 MB used,  3812.98 MB free, 134217728.00 MB total
[2024.05.29-22.47.40:703][  0]LogWindows: WindowsPlatformFeatures enabled
[2024.05.29-22.47.40:842][  0]LogInit: Physics initialised using underlying interface: PhysX
[2024.05.29-22.47.40:847][  0]LogInit: Using OS detected language (es-MX).
[2024.05.29-22.47.40:847][  0]LogInit: Using OS detected locale (es-MX).
[2024.05.29-22.47.40:902][  0]LogTextLocalizationResource: LocRes '../../../Engine/Content/Localization/Editor/es-MX/Editor.locres' could not be opened for reading!
[2024.05.29-22.47.40:904][  0]LogTextLocalizationResource: LocRes '../../../Engine/Content/Localization/EditorTutorials/es-MX/EditorTutorials.locres' could not be opened for reading!
[2024.05.29-22.47.40:904][  0]LogTextLocalizationResource: LocRes '../../../Engine/Content/Localization/Keywords/es-MX/Keywords.locres' could not be opened for reading!
[2024.05.29-22.47.40:907][  0]LogTextLocalizationResource: LocRes '../../../Engine/Content/Localization/Category/es-MX/Category.locres' could not be opened for reading!
[2024.05.29-22.47.40:910][  0]LogTextLocalizationResource: LocRes '../../../Engine/Content/Localization/ToolTips/es-MX/ToolTips.locres' could not be opened for reading!
[2024.05.29-22.47.40:915][  0]LogTextLocalizationResource: LocRes '../../../Engine/Content/Localization/PropertyNames/es-MX/PropertyNames.locres' could not be opened for reading!
[2024.05.29-22.47.40:915][  0]LogTextLocalizationResource: LocRes '../../../Engine/Content/Localization/Engine/es-MX/Engine.locres' could not be opened for reading!
[2024.05.29-22.47.40:916][  0]LogTextLocalizationResource: LocRes '../../../Engine/Plugins/Online/OnlineSubsystemUtils/Content/Localization/OnlineSubsystemUtils/es-MX/OnlineSubsystemUtils.locres' could not be opened for reading!
[2024.05.29-22.47.40:922][  0]LogTextLocalizationResource: LocRes '../../../Engine/Plugins/Online/IOS/OnlineSubsystemIOS/Content/Localization/OnlineSubsystemIOS/es-MX/OnlineSubsystemIOS.locres' could not be opened for reading!
[2024.05.29-22.47.40:924][  0]LogTextLocalizationResource: LocRes '../../../Engine/Plugins/Online/Android/OnlineSubsystemGooglePlay/Content/Localization/OnlineSubsystemGooglePlay/es-MX/OnlineSubsystemGooglePlay.locres' could not be opened for reading!
[2024.05.29-22.47.41:044][  0]LogInit: Setting process to per monitor DPI aware
[2024.05.29-22.47.41:074][  0]LogWindowsTextInputMethodSystem: Display: IME system deactivated.
[2024.05.29-22.47.41:136][  0]LogSlate: New Slate User Created.  User Index 0, Is Virtual User: 0
[2024.05.29-22.47.41:136][  0]LogSlate: Slate User Registered.  User Index 0, Is Virtual User: 0
[2024.05.29-22.47.42:669][  0]LogD3D11RHI: Loaded GFSDK_Aftermath_Lib.x64.dll
[2024.05.29-22.47.42:670][  0]LogD3D11RHI: D3D11 min allowed feature level: 11_0
[2024.05.29-22.47.42:670][  0]LogD3D11RHI: D3D11 max allowed feature level: 11_0
[2024.05.29-22.47.42:670][  0]LogD3D11RHI: D3D11 adapters:
[2024.05.29-22.47.42:938][  0]LogD3D11RHI:    0. 'AMD Radeon(TM) Vega 8 Graphics' (Feature Level 11_0)
[2024.05.29-22.47.42:938][  0]LogD3D11RHI:       2034/0/5076 MB DedicatedVideo/DedicatedSystem/SharedSystem, Outputs:1, VendorId:0x1002
[2024.05.29-22.47.42:943][  0]LogD3D11RHI:    1. 'Microsoft Basic Render Driver' (Feature Level 11_0)
[2024.05.29-22.47.42:943][  0]LogD3D11RHI:       0/0/5076 MB DedicatedVideo/DedicatedSystem/SharedSystem, Outputs:0, VendorId:0x1414
[2024.05.29-22.47.42:943][  0]LogD3D11RHI: Chosen D3D11 Adapter:
[2024.05.29-22.47.42:943][  0]LogD3D11RHI:     Description : AMD Radeon(TM) Vega 8 Graphics
[2024.05.29-22.47.42:943][  0]LogD3D11RHI:     VendorId    : 1002
[2024.05.29-22.47.42:943][  0]LogD3D11RHI:     DeviceId    : 15d8
[2024.05.29-22.47.42:943][  0]LogD3D11RHI:     SubSysId    : 8615103c
[2024.05.29-22.47.42:943][  0]LogD3D11RHI:     Revision    : 00c2
[2024.05.29-22.47.42:943][  0]LogD3D11RHI:     DedicatedVideoMemory : 2133184512 bytes
[2024.05.29-22.47.42:943][  0]LogD3D11RHI:     DedicatedSystemMemory : 0 bytes
[2024.05.29-22.47.42:944][  0]LogD3D11RHI:     SharedSystemMemory : 5323497472 bytes
[2024.05.29-22.47.42:944][  0]LogD3D11RHI:     AdapterLuid : 0 79202
[2024.05.29-22.47.42:957][  0]LogD3D11RHI: Creating new Direct3DDevice
[2024.05.29-22.47.42:957][  0]LogD3D11RHI:     GPU DeviceId: 0x15d8 (for the marketing name, search the web for "GPU Device Id")
[2024.05.29-22.47.42:957][  0]LogWindows: EnumDisplayDevices:
[2024.05.29-22.47.42:958][  0]LogWindows:    0. 'AMD Radeon(TM) Vega 8 Graphics' (P:1 D:1)
[2024.05.29-22.47.42:959][  0]LogWindows:    1. 'AMD Radeon(TM) Vega 8 Graphics' (P:0 D:0)
[2024.05.29-22.47.42:960][  0]LogWindows:    2. 'AMD Radeon(TM) Vega 8 Graphics' (P:0 D:0)
[2024.05.29-22.47.42:961][  0]LogWindows:    3. 'AMD Radeon(TM) Vega 8 Graphics' (P:0 D:0)
[2024.05.29-22.47.42:961][  0]LogWindows: DebugString: FoundDriverCount:4 
[2024.05.29-22.47.42:961][  0]LogD3D11RHI:     Adapter Name: AMD Radeon(TM) Vega 8 Graphics
[2024.05.29-22.47.42:961][  0]LogD3D11RHI:   Driver Version: Adrenalin 2020 20.9.1 (internal:27.20.12029.1000, unified:27.20.12029.1000)
[2024.05.29-22.47.42:961][  0]LogD3D11RHI:      Driver Date: 9-9-2020
[2024.05.29-22.47.42:961][  0]LogRHI: Texture pool is 4549 MB (70% of 6499 MB)
[2024.05.29-22.47.42:987][  0]LogD3D11RHI: Creating D3DDevice with AMD AGS, using adapter:
[2024.05.29-22.47.42:987][  0]LogD3D11RHI:     Description : AMD Radeon(TM) Vega 8 Graphics
[2024.05.29-22.47.42:987][  0]LogD3D11RHI:     VendorId    : 1002
[2024.05.29-22.47.42:987][  0]LogD3D11RHI:     DeviceId    : 15d8
[2024.05.29-22.47.42:988][  0]LogD3D11RHI:     SubSysId    : 8615103c
[2024.05.29-22.47.42:988][  0]LogD3D11RHI:     Revision    : 00c2
[2024.05.29-22.47.42:988][  0]LogD3D11RHI:     DedicatedVideoMemory : 2133184512 bytes
[2024.05.29-22.47.42:988][  0]LogD3D11RHI:     DedicatedSystemMemory : 0 bytes
[2024.05.29-22.47.42:988][  0]LogD3D11RHI:     SharedSystemMemory : 5323497472 bytes
[2024.05.29-22.47.42:988][  0]LogD3D11RHI:     AdapterLuid : 0 79202
[2024.05.29-22.47.43:038][  0]LogD3D11RHI: Created device via AGS, feature level 11_0, supported extensions 1fffffbf.
[2024.05.29-22.47.43:038][  0]LogD3D11RHI: RHI has support for 64 bit atomics
[2024.05.29-22.47.43:038][  0]LogD3D11RHI: Async texture creation enabled
[2024.05.29-22.47.43:039][  0]LogD3D11RHI: Array index from any shader is supported
[2024.05.29-22.47.43:081][  0]LogD3D11RHI: GPU Timing Frequency: 25.000000 (Debug: 2 1)
[2024.05.29-22.47.49:323][  0]LogTargetPlatformManager: Display: Loaded TargetPlatform 'AllDesktop'
[2024.05.29-22.47.49:384][  0]LogTargetPlatformManager: Display: Loaded TargetPlatform 'Android'
[2024.05.29-22.47.49:385][  0]LogTargetPlatformManager: Display: Loaded TargetPlatform 'Android_ASTC'
[2024.05.29-22.47.49:385][  0]LogTargetPlatformManager: Display: Loaded TargetPlatform 'Android_DXT'
[2024.05.29-22.47.49:385][  0]LogTargetPlatformManager: Display: Loaded TargetPlatform 'Android_ETC2'
[2024.05.29-22.47.49:385][  0]LogTargetPlatformManager: Display: Loaded TargetPlatform 'AndroidClient'
[2024.05.29-22.47.49:385][  0]LogTargetPlatformManager: Display: Loaded TargetPlatform 'Android_ASTCClient'
[2024.05.29-22.47.49:385][  0]LogTargetPlatformManager: Display: Loaded TargetPlatform 'Android_DXTClient'
[2024.05.29-22.47.49:385][  0]LogTargetPlatformManager: Display: Loaded TargetPlatform 'Android_ETC2Client'
[2024.05.29-22.47.49:385][  0]LogTargetPlatformManager: Display: Loaded TargetPlatform 'Android_Multi'
[2024.05.29-22.47.49:385][  0]LogTargetPlatformManager: Display: Loaded TargetPlatform 'Android_MultiClient'
[2024.05.29-22.47.49:456][  0]LogTargetPlatformManager: Display: Loaded TargetPlatform 'IOSClient'
[2024.05.29-22.47.49:456][  0]LogTargetPlatformManager: Display: Loaded TargetPlatform 'IOS'
[2024.05.29-22.47.49:480][  0]LogTargetPlatformManager: Display: Loaded TargetPlatform 'Linux'
[2024.05.29-22.47.49:493][  0]LogTargetPlatformManager: Display: Loaded TargetPlatform 'LinuxNoEditor'
[2024.05.29-22.47.49:505][  0]LogTargetPlatformManager: Display: Loaded TargetPlatform 'LinuxClient'
[2024.05.29-22.47.49:519][  0]LogTargetPlatformManager: Display: Loaded TargetPlatform 'LinuxServer'
[2024.05.29-22.47.49:544][  0]LogTargetPlatformManager: Display: Loaded TargetPlatform 'LinuxAArch64NoEditor'
[2024.05.29-22.47.49:558][  0]LogTargetPlatformManager: Display: Loaded TargetPlatform 'LinuxAArch64Client'
[2024.05.29-22.47.49:571][  0]LogTargetPlatformManager: Display: Loaded TargetPlatform 'LinuxAArch64Server'
[2024.05.29-22.47.49:641][  0]LogTargetPlatformManager: Display: Loaded TargetPlatform 'Lumin'
[2024.05.29-22.47.49:641][  0]LogTargetPlatformManager: Display: Loaded TargetPlatform 'LuminClient'
[2024.05.29-22.47.49:692][  0]LogTargetPlatformManager: Display: Loaded TargetPlatform 'MacNoEditor'
[2024.05.29-22.47.49:718][  0]LogTargetPlatformManager: Display: Loaded TargetPlatform 'Mac'
[2024.05.29-22.47.49:737][  0]LogTargetPlatformManager: Display: Loaded TargetPlatform 'MacClient'
[2024.05.29-22.47.49:753][  0]LogTargetPlatformManager: Display: Loaded TargetPlatform 'MacServer'
[2024.05.29-22.47.49:779][  0]LogTargetPlatformManager: Display: Loaded TargetPlatform 'TVOSClient'
[2024.05.29-22.47.49:780][  0]LogTargetPlatformManager: Display: Loaded TargetPlatform 'TVOS'
[2024.05.29-22.47.49:807][  0]LogTargetPlatformManager: Display: Loaded TargetPlatform 'WindowsNoEditor'
[2024.05.29-22.47.49:824][  0]LogTargetPlatformManager: Display: Loaded TargetPlatform 'Windows'
[2024.05.29-22.47.49:840][  0]LogTargetPlatformManager: Display: Loaded TargetPlatform 'WindowsClient'
[2024.05.29-22.47.49:860][  0]LogTargetPlatformManager: Display: Loaded TargetPlatform 'WindowsServer'
[2024.05.29-22.47.49:860][  0]LogTargetPlatformManager: Display: Building Assets For Windows
[2024.05.29-22.47.49:890][  0]LogAudioDebug: Display: Lib vorbis DLL was dynamically loaded.
[2024.05.29-22.47.50:035][  0]LogTextureFormatOodle: Display: Oodle Texture 2.9.0 init RDO Off
[2024.05.29-22.47.50:186][  0]LogRendererCore: Ray tracing is disabled. Reason: r.RayTracing=0.
[2024.05.29-22.47.50:186][  0]LogShaderCompilers: Guid format shader working directory is 22 characters bigger than the processId version (../../../../StayinAlive/Intermediate/Shaders/WorkingDirectory/11068/).
[2024.05.29-22.47.50:186][  0]LogShaderCompilers: Cleaned the shader compiler working directory 'C:/Users/gabyg/AppData/Local/Temp/UnrealShaderWorkingDir/22672E2B41D82F07CC4A4DA4411C22DB/'.
[2024.05.29-22.47.50:187][  0]LogXGEController: Cannot use XGE Controller as Incredibuild is not installed on this machine.
[2024.05.29-22.47.50:187][  0]LogShaderCompilers: Cannot use XGE Shader Compiler as Incredibuild is not installed on this machine.
[2024.05.29-22.47.50:187][  0]LogShaderCompilers: Display: Using Local Shader Compiler.
[2024.05.29-22.47.52:587][  0]LogDerivedDataCache: Display: Max Cache Size: 512 MB
[2024.05.29-22.47.52:911][  0]LogDerivedDataCache: Loaded boot cache 0.32s 122MB C:/Users/gabyg/AppData/Local/UnrealEngine/4.27/DerivedDataCache/Boot.ddc.
[2024.05.29-22.47.52:911][  0]LogDerivedDataCache: Display: Loaded Boot cache: C:/Users/gabyg/AppData/Local/UnrealEngine/4.27/DerivedDataCache/Boot.ddc
[2024.05.29-22.47.52:912][  0]LogDerivedDataCache: FDerivedDataBackendGraph:  Pak pak cache file ../../../../StayinAlive/DerivedDataCache/DDC.ddp not found, will not use a pak cache.
[2024.05.29-22.47.52:912][  0]LogDerivedDataCache: Unable to find inner node Pak for hierarchical cache Hierarchy.
[2024.05.29-22.47.52:912][  0]LogDerivedDataCache: FDerivedDataBackendGraph:  CompressedPak pak cache file ../../../../StayinAlive/DerivedDataCache/Compressed.ddp not found, will not use a pak cache.
[2024.05.29-22.47.52:912][  0]LogDerivedDataCache: Unable to find inner node CompressedPak for hierarchical cache Hierarchy.
[2024.05.29-22.47.52:962][  0]LogDerivedDataCache: Display: Pak cache opened for reading ../../../Engine/DerivedDataCache/Compressed.ddp.
[2024.05.29-22.47.52:963][  0]LogDerivedDataCache: FDerivedDataBackendGraph:  EnterprisePak pak cache file ../../../Enterprise/DerivedDataCache/Compressed.ddp not found, will not use a pak cache.
[2024.05.29-22.47.52:963][  0]LogDerivedDataCache: Unable to find inner node EnterprisePak for hierarchical cache Hierarchy.
[2024.05.29-22.47.52:979][  0]LogDerivedDataCache: Speed tests for C:/Users/gabyg/AppData/Local/UnrealEngine/Common/DerivedDataCache took 0.02 seconds
[2024.05.29-22.47.52:979][  0]LogDerivedDataCache: Display: Performance to C:/Users/gabyg/AppData/Local/UnrealEngine/Common/DerivedDataCache: Latency=0.10ms. RandomReadSpeed=600.46MBs, RandomWriteSpeed=73.21MBs. Assigned SpeedClass 'Local'
[2024.05.29-22.47.52:985][  0]LogDerivedDataCache: Using Local data cache path C:/Users/gabyg/AppData/Local/UnrealEngine/Common/DerivedDataCache: Writable
[2024.05.29-22.47.52:985][  0]LogDerivedDataCache: Shared data cache path not found in *engine.ini, will not use an Shared cache.
[2024.05.29-22.47.52:986][  0]LogDerivedDataCache: Unable to find inner node Shared for hierarchical cache Hierarchy.
[2024.05.29-22.47.53:148][  0]LogSlate: Using FreeType 2.10.0
[2024.05.29-22.47.53:151][  0]LogSlate: SlateFontServices - WITH_FREETYPE: 1, WITH_HARFBUZZ: 1
[2024.05.29-22.47.53:368][  0]LogAssetRegistry: FAssetRegistry took 0.0226 seconds to start up
[2024.05.29-22.47.54:748][  0]LogInit: Selected Device Profile: [Windows]
[2024.05.29-22.47.54:748][  0]LogInit: Active device profile: [0000027F2998AC00][0000027F27D18440 49] Windows
[2024.05.29-22.47.54:748][  0]LogInit: Profiles: [0000027F2998AC00][0000027F27D18440 49] Windows, [0000027F298A6000][0000027F25D6A5C0 49] WindowsNoEditor, [0000027F2998A100][0000027F25D6E740 49] WindowsServer, [0000027F298A6A00][0000027F25D728C0 49] WindowsClient, [0000027F29989700][0000027F25D76A40 49] IOS, [0000027F298A7300][0000027F25D7ABC0 49] iPadAir, [0000027F29988E00][0000027F25D7ED40 49] iPadAir2, [0000027F29812100][0000027F25D82F80 49] IPadPro, [0000027F29812200][0000027F261E0FC0 49] iPadAir3, [0000027F298A6F00][0000027F0BFAB100 49] iPadAir4, [0000027F29813000][0000027F0BFB3280 49] iPadMini2, [0000027F298A5500][0000027F0BFB7400 49] iPadMini3, [0000027F29813C00][0000027F0BFBB580 49] iPadMini4, [0000027F298A4900][0000027F0BFBF700 49] iPadMini5, [0000027F29829A00][0000027F0BFC79C0 49] iPhone6, [0000027F29829B00][0000027F0BFC3A00 49] iPodTouch6, [0000027F2998A700][0000027F0BFCE140 49] iPhone7, [0000027F2998A600][0000027F0BFCA180 49] iPodTouch7, [0000027F29812000][0000027F2926A300 49] iPhone5S, [0000027F2998B900][0000027F2926E480 49] iPhone6Plus, [0000027F29812D00][0000027F29272600 49] iPhone6S, [0000027F29989100][0000027F29276780 49] iPhone6SPlus, [0000027F29811900][0000027F2927A900 49] iPhone7Plus, [0000027F2998B400][0000027F2927EA80 49] iPhoneSE, [0000027F29811800][0000027F29282C00 49] iPhone8, [0000027F29828400][0000027F29286D80 49] iPhone8Plus, [0000027F29988F00][0000027F2928AF00 49] iPhoneX, [0000027F29828600][0000027F0BFAF040 49] iPhoneXS, [0000027F29989000][0000027F2928F180 49] iPhoneXSMax, [0000027F29828700][0000027F292932C0 49] iPhoneXR, [0000027F2998BC00][0000027F2929B440 49] iPhone11, [0000027F29811B00][0000027F25F2D5C0 49] iPhone11Pro, [0000027F2982A100][0000027F25F31740 49] iPhone11ProMax, [0000027F29813F00][0000027F25F358C0 49] iPhoneSE2, [0000027F2982A900][0000027F25F39A40 49] iPhone12Mini, [0000027F29813300][0000027F25F3DBC0 49] iPhone12, [0000027F2982B100][0000027F25F401C0 49] iPhone12Pro, [0000027F29810300][0000027F25F44340 49] iPhone12ProMax, [0000027F2982B500][0000027F25F484C0 49] iPadPro105, [0000027F29812400][0000027F25F4C640 49] iPadPro129, [0000027F2982B700][0000027F25F507C0 49] iPadPro97, [0000027F29812500][0000027F25F54940 49] iPadPro2_129, [0000027F2998AE00][0000027F25F58AC0 49] iPad5, [0000027F29811F00][0000027F25F5CC40 49] iPad6, [0000027F2998A200][0000027F25F60DC0 49] iPad7, [0000027F29810800][0000027F25F64F40 49] iPad8, [0000027F2998B000][0000027F25F690C0 49] iPadPro11, [0000027F29812600][0000027F29297200 49] iPadPro2_11, [0000027F29989400][0000027F25F6D340 49] iPadPro3_129, [0000027F29810400][0000027F2A2B1480 49] iPadPro4_129, [0000027F29988100][0000027F2A2B55C0 49] AppleTV, [0000027F29811E00][0000027F2A2BD740 49] AppleTV4K, [0000027F29989C00][0000027F2A2C18C0 49] TVOS, [0000027F29810600][0000027F2A2C5A40 49] Mac, [0000027F29988300][0000027F2A2C9BC0 49] MacClient, [0000027F29811300][0000027F2A2CC1C0 49] MacNoEditor, [0000027F29989B00][0000027F2A2D0340 49] MacServer, [0000027F29810B00][0000027F2A2D44C0 49] Linux, [0000027F29988500][0000027F2A2D8640 49] LinuxAArch64, [0000027F29811600][0000027F2A2DC7C0 49] LinuxNoEditor, [0000027F2998AA00][0000027F2A2E0940 49] LinuxAArch64NoEditor, [0000027F29813400][0000027F2A2E4AC0 49] LinuxClient, [0000027F29988B00][0000027F2A2E8C40 49] LinuxAArch64Client, [0000027F29812A00][0000027F2A2ECDC0 49] LinuxServer, [0000027F2998AB00][0000027F2A2F0F40 49] LinuxAArch64Server, [0000027F29810E00][0000027F2A2F50C0 49] Android, [0000027F29988700][0000027F2A2F9240 49] Android_Low, [0000027F29812800][0000027F2A2B9380 49] Android_Mid, [0000027F2998B700][0000027F2A2FD4C0 49] Android_High, [0000027F29813E00][0000027F2A301600 49] Android_Default, [0000027F2998A800][0000027F2A305740 49] Android_Adreno4xx, [0000027F29812900][0000027F2A30D8C0 49] Android_Adreno5xx_Low, [0000027F29988400][0000027F2A311A40 49] Android_Adreno5xx, [0000027F29813900][0000027F2A315BC0 49] Android_Adreno6xx, [0000027F2998A500][0000027F2A3181C0 49] Android_Adreno6xx_Vulkan, [0000027F29813A00][0000027F2A31C340 49] Android_Mali_T6xx, [0000027F2998AF00][0000027F2A3204C0 49] Android_Mali_T7xx, [0000027F29810700][0000027F2A324640 49] Android_Mali_T8xx, [0000027F29988600][0000027F2A3287C0 49] Android_Mali_G71, [0000027F29811C00][0000027F2A32C940 49] Android_Mali_G72, [0000027F29988C00][0000027F2A330AC0 49] Android_Mali_G72_Vulkan, [0000027F29811000][0000027F2A334C40 49] Android_Mali_G76, [0000027F29989500][0000027F2A338DC0 49] Android_Mali_G76_Vulkan, [0000027F29813100][0000027F2A33CF40 49] Android_Mali_G77, [0000027F298A4A00][0000027F2A3410C0 49] Android_Mali_G77_Vulkan, [0000027F29828C00][0000027F2A345240 49] Android_Mali_G78, [0000027F298A7500][0000027F2A3493C0 49] Android_Mali_G78_Vulkan, [0000027F29828E00][0000027F2A34D540 49] Android_Mali_G710, [0000027F298A5700][0000027F2A309680 49] Android_Mali_G710_Vulkan, [0000027F29828200][0000027F2A3517C0 49] Android_Vulkan_SM5, [0000027F298A5200][0000027F2A355900 49] Android_PowerVR_G6xxx, [0000027F29828B00][0000027F2A35DA80 49] Android_PowerVR_GT7xxx, [0000027F298A6400][0000027F2A361C00 49] Android_PowerVR_GE8xxx, [0000027F2982B200][0000027F2A364200 49] Android_PowerVR_GM9xxx, [0000027F298A7F00][0000027F2A368380 49] Android_PowerVR_GM9xxx_Vulkan, [0000027F29829500][0000027F2A36C500 49] Android_TegraK1, [0000027F298A7100][0000027F2A370680 49] Android_Unknown_Vulkan, [0000027F2982B400][0000027F2A374800 49] Lumin, [0000027F298A4800][0000027F2A378980 49] Lumin_Desktop, [0000027F2982BB00][0000027F2A37CB00 49] HoloLens, 
[2024.05.29-22.47.55:345][  0]LogMeshReduction: Using QuadricMeshReduction for automatic static mesh reduction
[2024.05.29-22.47.55:345][  0]LogMeshReduction: Using SimplygonMeshReduction for automatic skeletal mesh reduction
[2024.05.29-22.47.55:345][  0]LogMeshReduction: Using ProxyLODMeshReduction for automatic mesh merging
[2024.05.29-22.47.55:345][  0]LogMeshReduction: No distributed automatic mesh merging module available
[2024.05.29-22.47.55:345][  0]LogMeshMerging: No distributed automatic mesh merging module available
[2024.05.29-22.47.55:405][  0]LogNetVersion: RV 1.0.0, NetCL: 17155196, EngineNetVer: 17, GameNetVer: 0 (Checksum: 3399876282)
[2024.05.29-22.48.00:763][  0]LogTexture: Default maximum texture size for cubemaps generated from long-lat sources has been changed from 512 to unlimited. In order to preserve old behaiour for '/Engine/MapTemplates/Sky/DaylightAmbientCubemap.DaylightAmbientCubemap', its maximum texture size has been explicitly set to 512.
[2024.05.29-22.48.01:131][  0]LogHMD: PokeAHoleMaterial loaded successfully
[2024.05.29-22.48.01:152][  0]LogUObjectArray: 17098 objects as part of root set at end of initial load.
[2024.05.29-22.48.01:152][  0]LogUObjectAllocator: 4283840 out of 0 bytes used by permanent object pool.
[2024.05.29-22.48.01:152][  0]LogUObjectArray: CloseDisregardForGC: 0/0 objects in disregard for GC pool
[2024.05.29-22.48.04:422][  0]LogPython: Using Python 3.7.7
[2024.05.29-22.48.05:868][  0]LogNiagaraDebuggerClient: Niagara Debugger Client Initialized | Session: DD1C75CB4113863B4E8CF1857CFA8FFD | Instance: 8F839D4544AA47119AC79195A33D8B6D (LAPTOP-1QT45U1L-11068).
[2024.05.29-22.48.06:978][  0]LogTcpMessaging: Initializing TcpMessaging bridge
[2024.05.29-22.48.07:046][  0]LogUdpMessaging: Initializing bridge on interface 0.0.0.0:0 to multicast group 230.0.0.1:6666.
[2024.05.29-22.48.07:473][  0]SERIALCOMLog: Warning: SERIALCOM: Log Started
[2024.05.29-22.48.09:465][  0]SourceControl: El control de código fuente está desactivado
[2024.05.29-22.48.09:466][  0]SourceControl: El control de código fuente está desactivado
[2024.05.29-22.48.09:546][  0]SourceControl: El control de código fuente está desactivado
[2024.05.29-22.48.09:600][  0]SourceControl: El control de código fuente está desactivado
[2024.05.29-22.48.09:792][  0]SourceControl: El control de código fuente está desactivado
[2024.05.29-22.48.09:990][  0]LogUProjectInfo: Found projects:
[2024.05.29-22.48.09:994][  0]LogVSAccessor: Display: Unable to create Visual Studio setup instance: 80040154
[2024.05.29-22.48.09:996][  0]LogVSAccessor: Display: Unable to create Visual Studio setup instance: 80040154
[2024.05.29-22.48.10:000][  0]LogVSAccessor: Display: Unable to create Visual Studio setup instance: 80040154
[2024.05.29-22.48.13:260][  0]LogOpenImageDenoise: OIDN starting up
[2024.05.29-22.48.14:332][  0]LogAndroidPermission: UAndroidPermissionCallbackProxy::GetInstance
[2024.05.29-22.48.14:396][  0]LogAudioCaptureCore: Display: No Audio Capture implementations found. Audio input will be silent.
[2024.05.29-22.48.14:398][  0]LogAudioCaptureCore: Display: No Audio Capture implementations found. Audio input will be silent.
[2024.05.29-22.48.16:136][  0]LogCollectionManager: Loaded 0 collections in 0.003199 seconds
[2024.05.29-22.48.16:363][  0]LogFileCache: Scanning file cache for directory 'E:/StayinAlive/Saved/Collections/' took 0.01s
[2024.05.29-22.48.16:363][  0]LogFileCache: Scanning file cache for directory 'E:/StayinAlive/Content/Developers/gabyg/Collections/' took 0.00s
[2024.05.29-22.48.16:363][  0]LogFileCache: Scanning file cache for directory 'E:/StayinAlive/Content/Collections/' took 0.00s
[2024.05.29-22.48.16:403][  0]LogOcInput: OculusInput pre-init called
[2024.05.29-22.48.31:300][  0]LogEngine: Initializing Engine...
[2024.05.29-22.48.31:302][  0]LogHMD: PokeAHoleMaterial loaded successfully
[2024.05.29-22.48.31:303][  0]LogHMD: Initializing OVRPlugin session
