Log file open, 05/29/24 12:44:26
LogWindows: Failed to load 'aqProf.dll' (GetLastError=126)
LogWindows: File 'aqProf.dll' does not exist
LogWindows: Failed to load 'VtuneApi.dll' (GetLastError=126)
LogWindows: File 'VtuneApi.dll' does not exist
LogWindows: Failed to load 'VtuneApi32e.dll' (GetLastError=126)
LogWindows: File 'VtuneApi32e.dll' does not exist
LogConsoleResponse: Display: Failed to find resolution value strings in scalability ini. Falling back to default.
LogConsoleResponse: Display: Failed to find resolution value strings in scalability ini. Falling back to default.
LogInit: Display: Running engine for game: RV
LogPlatformFile: Not using cached read wrapper
LogTaskGraph: Started task graph with 5 named threads and 23 total threads with 3 sets of task threads.
LogStats: Stats thread started at 2.094448
LogICUInternationalization: ICU TimeZone Detection - Raw Offset: -6:00, Platform Override: ''
LogInit: Display: Loading text-based GConfig....
LogPluginManager: Mounting plugin MeshPainting
LogPluginManager: Mounting plugin XGEController
LogPluginManager: Mounting plugin Paper2D
LogPluginManager: Mounting plugin LiveLink
LogPluginManager: Mounting plugin AISupport
LogPluginManager: Mounting plugin EnvironmentQueryEditor
LogPluginManager: Mounting plugin LightPropagationVolume
LogPluginManager: Mounting plugin OodleData
LogPluginManager: Mounting plugin CameraShakePreviewer
LogPluginManager: Mounting plugin GameplayCameras
LogPluginManager: Mounting plugin OodleNetwork
LogPluginManager: Mounting plugin AssetManagerEditor
LogPluginManager: Mounting plugin CryptoKeys
LogPluginManager: Mounting plugin CurveEditorTools
LogPluginManager: Mounting plugin DataValidation
LogPluginManager: Mounting plugin FacialAnimation
LogPluginManager: Mounting plugin GameplayTagsEditor
LogPluginManager: Mounting plugin GeometryMode
LogPluginManager: Mounting plugin MacGraphicsSwitching
LogPluginManager: Mounting plugin MaterialAnalyzer
LogPluginManager: Mounting plugin MobileLauncherProfileWizard
LogPluginManager: Mounting plugin SpeedTreeImporter
LogPluginManager: Mounting plugin PluginBrowser
LogPluginManager: Mounting plugin AnimationSharing
LogPluginManager: Mounting plugin CodeLiteSourceCodeAccess
LogPluginManager: Mounting plugin CLionSourceCodeAccess
LogPluginManager: Mounting plugin NullSourceCodeAccess
LogPluginManager: Mounting plugin GitSourceControl
LogPluginManager: Mounting plugin KDevelopSourceCodeAccess
LogPluginManager: Mounting plugin PerforceSourceControl
LogPluginManager: Mounting plugin PixWinPlugin
LogPluginManager: Mounting plugin PlasticSourceControl
LogPluginManager: Mounting plugin PluginUtils
LogPluginManager: Mounting plugin PropertyAccessNode
LogPluginManager: Mounting plugin TextureFormatOodle
LogPluginManager: Mounting plugin SubversionSourceControl
LogPluginManager: Mounting plugin RiderSourceCodeAccess
LogPluginManager: Mounting plugin VisualStudioSourceCodeAccess
LogPluginManager: Mounting plugin VisualStudioCodeSourceCodeAccess
LogPluginManager: Mounting plugin XCodeSourceCodeAccess
LogPluginManager: Mounting plugin UObjectPlugin
LogPluginManager: Mounting plugin AlembicImporter
LogPluginManager: Mounting plugin Niagara
LogPluginManager: Mounting plugin AutomationUtils
LogPluginManager: Mounting plugin BackChannel
LogPluginManager: Mounting plugin ChaosCloth
LogPluginManager: Mounting plugin ChaosNiagara
LogPluginManager: Mounting plugin ChaosClothEditor
LogPluginManager: Mounting plugin ChaosEditor
LogPluginManager: Mounting plugin CharacterAI
LogPluginManager: Mounting plugin ChaosSolverPlugin
LogPluginManager: Mounting plugin GeometryCache
LogPluginManager: Mounting plugin GeometryCollectionPlugin
LogPluginManager: Mounting plugin DatasmithContent
LogPluginManager: Mounting plugin VariantManagerContent
LogPluginManager: Mounting plugin GeometryProcessing
LogPluginManager: Mounting plugin MotoSynth
LogPluginManager: Mounting plugin OpenImageDenoise
LogPluginManager: Mounting plugin PlanarCut
LogPluginManager: Mounting plugin PlatformCrypto
LogPluginManager: Mounting plugin ProxyLODPlugin
LogPluginManager: Mounting plugin PythonScriptPlugin
LogPluginManager: Mounting plugin SkeletalReduction
LogPluginManager: Mounting plugin MagicLeap
LogPluginManager: Mounting plugin MagicLeapLightEstimation
LogPluginManager: Mounting plugin MagicLeapMedia
LogPluginManager: Mounting plugin MagicLeapPassableWorld
LogPluginManager: Mounting plugin LuminPlatformFeatures
LogPluginManager: Mounting plugin MLSDK
LogPluginManager: Mounting plugin AndroidMedia
LogPluginManager: Mounting plugin AvfMedia
LogPluginManager: Mounting plugin ImgMedia
LogPluginManager: Mounting plugin MediaCompositing
LogPluginManager: Mounting plugin MediaPlayerEditor
LogPluginManager: Mounting plugin WebMMedia
LogPluginManager: Mounting plugin WmfMedia
LogPluginManager: Mounting plugin ActorSequence
LogPluginManager: Mounting plugin LevelSequenceEditor
LogPluginManager: Mounting plugin MatineeToLevelSequence
LogPluginManager: Mounting plugin TemplateSequence
LogPluginManager: Mounting plugin UdpMessaging
LogPluginManager: Mounting plugin TcpMessaging
LogPluginManager: Mounting plugin OnlineSubsystem
LogPluginManager: Mounting plugin OnlineSubsystemNull
LogPluginManager: Mounting plugin OnlineSubsystemUtils
LogPluginManager: Mounting plugin LauncherChunkInstaller
LogPluginManager: Mounting plugin ActorLayerUtilities
LogPluginManager: Mounting plugin AndroidDeviceProfileSelector
LogPluginManager: Mounting plugin AndroidMoviePlayer
LogPluginManager: Mounting plugin AndroidPermission
LogPluginManager: Mounting plugin AppleImageUtils
LogPluginManager: Mounting plugin AssetTags
LogPluginManager: Mounting plugin AudioCapture
LogPluginManager: Mounting plugin ArchVisCharacter
LogPluginManager: Mounting plugin AudioSynesthesia
LogPluginManager: Mounting plugin CableComponent
LogPluginManager: Mounting plugin ChunkDownloader
LogPluginManager: Mounting plugin CustomMeshComponent
LogPluginManager: Mounting plugin EditableMesh
LogPluginManager: Mounting plugin ExampleDeviceProfileSelector
LogPluginManager: Mounting plugin AppleMoviePlayer
LogPluginManager: Mounting plugin GooglePAD
LogPluginManager: Mounting plugin GoogleCloudMessaging
LogPluginManager: Mounting plugin IOSDeviceProfileSelector
LogPluginManager: Mounting plugin LinuxDeviceProfileSelector
LogPluginManager: Mounting plugin LocationServicesBPLibrary
LogPluginManager: Mounting plugin MobilePatchingUtils
LogPluginManager: Mounting plugin OpenXR
LogPluginManager: Mounting plugin OpenXREyeTracker
LogPluginManager: Mounting plugin OpenXRHandTracking
LogPluginManager: Mounting plugin PostSplashScreen
LogPluginManager: Mounting plugin PhysXVehicles
LogPluginManager: Mounting plugin ProceduralMeshComponent
LogPluginManager: Mounting plugin PropertyAccessEditor
LogPluginManager: Mounting plugin ResonanceAudio
LogPluginManager: Mounting plugin SignificanceManager
LogPluginManager: Mounting plugin SoundFields
LogPluginManager: Mounting plugin RuntimePhysXCooking
LogPluginManager: Mounting plugin Synthesis
LogPluginManager: Mounting plugin WebMMoviePlayer
LogPluginManager: Mounting plugin WindowsMoviePlayer
LogPluginManager: Mounting plugin ScreenshotTools
LogPluginManager: Mounting plugin Takes
LogPluginManager: Mounting plugin ContentBrowserClassDataSource
LogPluginManager: Mounting plugin ContentBrowserAssetDataSource
LogPluginManager: Mounting plugin ContentBrowserFileDataSource
LogPluginManager: Mounting plugin OnlineSubsystemGooglePlay
LogPluginManager: Mounting plugin OnlineSubsystemIOS
LogPluginManager: Mounting plugin OculusAudio
LogPluginManager: Mounting plugin OculusOpenXR
LogPluginManager: Mounting plugin OculusVR
LogPluginManager: Mounting plugin SERIALCOM
PixWinPlugin: PIX capture plugin failed to initialize! Check that the process is launched from PIX.
LogInit: Using libcurl 7.55.1-DEV
LogInit:  - built for x86_64-pc-win32
LogInit:  - supports SSL with OpenSSL/1.1.1
LogInit:  - supports HTTP deflate (compression) using libz 1.2.8
LogInit:  - other features:
LogInit:      CURL_VERSION_SSL
LogInit:      CURL_VERSION_LIBZ
LogInit:      CURL_VERSION_IPV6
LogInit:      CURL_VERSION_ASYNCHDNS
LogInit:      CURL_VERSION_LARGEFILE
LogInit:      CURL_VERSION_IDN
LogInit:  CurlRequestOptions (configurable via config and command line):
LogInit:  - bVerifyPeer = true  - Libcurl will verify peer certificate
LogInit:  - bUseHttpProxy = false  - Libcurl will NOT use HTTP proxy
LogInit:  - bDontReuseConnections = false  - Libcurl will reuse connections
LogInit:  - MaxHostConnections = 16  - Libcurl will limit the number of connections to a host
LogInit:  - LocalHostAddr = Default
LogInit:  - BufferSize = 65536
LogOnline: OSS: Creating online subsystem instance for: NULL
LogInit: WinSock: version 1.1 (2.2), MaxSocks=32767, MaxUdp=65467
LogOnline: OSS: TryLoadSubsystemAndSetDefault: Loaded subsystem for module [NULL]
LogAudio: Display: Oculus Audio: Middleware plugins not found, assuming native UE4 AudioMixer
LogAudio: Display: Oculus Audio: Attempting to load Oculus Spatializer DLL: ../../../Engine/Binaries/ThirdParty/Oculus/Audio/Win64/ (from ovraudio64)
LogOculusPluginWrapper: OculusPlugin initialized successfully
LogHMD: FOculusHMDModule PreInit successfully
LogInit: Build: ++UE4+Release-4.27-CL-18319896
LogInit: Engine Version: 4.27.2-18319896+++UE4+Release-4.27
LogInit: Compatible Engine Version: 4.27.0-17155196+++UE4+Release-4.27
LogInit: Net CL: 17155196
LogInit: OS: Windows 10 (Release 2009) (), CPU: AMD Ryzen 5 3500U with Radeon Vega Mobile Gfx  , GPU: AMD Radeon(TM) Vega 8 Graphics
LogInit: Compiled (64-bit): Nov 30 2021 07:12:08
LogInit: Compiled with Visual C++: 19.24.28315.00
LogInit: Build Configuration: Development
LogInit: Branch Name: ++UE4+Release-4.27
LogInit: Command Line: 
LogInit: Base Directory: E:/UE_4.27/Engine/Binaries/Win64/
LogInit: Allocator: TBB
LogInit: Installed Engine Build: 1
LogDevObjectVersion: Number of dev versions registered: 29
LogDevObjectVersion:   Dev-Blueprints (B0D832E4-1F89-4F0D-ACCF-7EB736FD4AA2): 10
LogDevObjectVersion:   Dev-Build (E1C64328-A22C-4D53-A36C-8E866417BD8C): 0
LogDevObjectVersion:   Dev-Core (375EC13C-06E4-48FB-B500-84F0262A717E): 4
LogDevObjectVersion:   Dev-Editor (E4B068ED-F494-42E9-A231-DA0B2E46BB41): 40
LogDevObjectVersion:   Dev-Framework (CFFC743F-43B0-4480-9391-14DF171D2073): 37
LogDevObjectVersion:   Dev-Mobile (B02B49B5-BB20-44E9-A304-32B752E40360): 3
LogDevObjectVersion:   Dev-Networking (A4E4105C-59A1-49B5-A7C5-40C4547EDFEE): 0
LogDevObjectVersion:   Dev-Online (39C831C9-5AE6-47DC-9A44-9C173E1C8E7C): 0
LogDevObjectVersion:   Dev-Physics (78F01B33-EBEA-4F98-B9B4-84EACCB95AA2): 14
LogDevObjectVersion:   Dev-Platform (6631380F-2D4D-43E0-8009-CF276956A95A): 0
LogDevObjectVersion:   Dev-Rendering (12F88B9F-8875-4AFC-A67C-D90C383ABD29): 45
LogDevObjectVersion:   Dev-Sequencer (7B5AE74C-D270-4C10-A958-57980B212A5A): 13
LogDevObjectVersion:   Dev-VR (D7296918-1DD6-4BDD-9DE2-64A83CC13884): 3
LogDevObjectVersion:   Dev-LoadTimes (C2A15278-BFE7-4AFE-6C17-90FF531DF755): 1
LogDevObjectVersion:   Private-Geometry (6EACA3D4-40EC-4CC1-B786-8BED09428FC5): 3
LogDevObjectVersion:   Dev-AnimPhys (29E575DD-E0A3-4627-9D10-D276232CDCEA): 17
LogDevObjectVersion:   Dev-Anim (AF43A65D-7FD3-4947-9873-3E8ED9C1BB05): 15
LogDevObjectVersion:   Dev-ReflectionCapture (6B266CEC-1EC7-4B8F-A30B-E4D90942FC07): 1
LogDevObjectVersion:   Dev-Automation (0DF73D61-A23F-47EA-B727-89E90C41499A): 1
LogDevObjectVersion:   FortniteMain (601D1886-AC64-4F84-AA16-D3DE0DEAC7D6): 47
LogDevObjectVersion:   FortniteRelease (E7086368-6B23-4C58-8439-1B7016265E91): 1
LogDevObjectVersion:   Dev-Enterprise (9DFFBCD6-494F-0158-E221-12823C92A888): 10
LogDevObjectVersion:   Dev-Niagara (F2AED0AC-9AFE-416F-8664-AA7FFA26D6FC): 1
LogDevObjectVersion:   Dev-Destruction (174F1F0B-B4C6-45A5-B13F-2EE8D0FB917D): 10
LogDevObjectVersion:   Dev-Physics-Ext (35F94A83-E258-406C-A318-09F59610247C): 41
LogDevObjectVersion:   Dev-PhysicsMaterial-Chaos (B68FC16E-8B1B-42E2-B453-215C058844FE): 1
LogDevObjectVersion:   Dev-CineCamera (B2E18506-4273-CFC2-A54E-F4BB758BBA07): 1
LogDevObjectVersion:   Dev-VirtualProduction (64F58936-FD1B-42BA-BA96-7289D5D0FA4E): 1
LogDevObjectVersion:   Dev-MediaFramework (6F0ED827-A609-4895-9C91-998D90180EA4): 2
LogInit: Presizing for max 25165824 objects, including 0 objects not considered by GC, pre-allocating 0 bytes for permanent pool.
LogConfig: Applying CVar settings from Section [/Script/Engine.StreamingSettings] File [E:/StayinAlive/Saved/Config/Windows/Engine.ini]
LogConfig: Setting CVar [[s.MinBulkDataSizeForAsyncLoading:131072]]
LogConfig: Setting CVar [[s.AsyncLoadingThreadEnabled:0]]
LogConfig: Setting CVar [[s.EventDrivenLoaderEnabled:1]]
LogConfig: Setting CVar [[s.WarnIfTimeLimitExceeded:0]]
LogConfig: Setting CVar [[s.TimeLimitExceededMultiplier:1.5]]
LogConfig: Setting CVar [[s.TimeLimitExceededMinTime:0.005]]
LogConfig: Setting CVar [[s.UseBackgroundLevelStreaming:1]]
LogConfig: Setting CVar [[s.PriorityAsyncLoadingExtraTime:15.0]]
LogConfig: Setting CVar [[s.LevelStreamingActorsUpdateTimeLimit:5.0]]
LogConfig: Setting CVar [[s.PriorityLevelStreamingActorsUpdateExtraTime:5.0]]
LogConfig: Setting CVar [[s.LevelStreamingComponentsRegistrationGranularity:10]]
LogConfig: Setting CVar [[s.UnregisterComponentsTimeLimit:1.0]]
LogConfig: Setting CVar [[s.LevelStreamingComponentsUnregistrationGranularity:5]]
LogConfig: Setting CVar [[s.FlushStreamingOnExit:1]]
LogInit: Object subsystem initialized
LogConfig: Setting CVar [[con.DebugEarlyDefault:1]]
LogConfig: Setting CVar [[r.setres:1280x720]]
[2024.05.29-18.44.52:703][  0]LogConfig: Setting CVar [[r.VSync:0]]
[2024.05.29-18.44.52:703][  0]LogConfig: Setting CVar [[r.RHICmdBypass:0]]
[2024.05.29-18.44.52:703][  0]LogConfig: Applying CVar settings from Section [/Script/Engine.RendererSettings] File [E:/StayinAlive/Saved/Config/Windows/Engine.ini]
[2024.05.29-18.44.52:703][  0]LogConfig: Setting CVar [[r.GPUCrashDebugging:0]]
[2024.05.29-18.44.52:703][  0]LogConfig: Setting CVar [[r.Mobile.DisableVertexFog:1]]
[2024.05.29-18.44.52:703][  0]LogConfig: Setting CVar [[r.Shadow.CSM.MaxMobileCascades:2]]
[2024.05.29-18.44.52:703][  0]LogConfig: Setting CVar [[r.MobileMSAA:4]]
[2024.05.29-18.44.52:703][  0]LogConfig: Setting CVar [[r.Mobile.AllowDitheredLODTransition:0]]
[2024.05.29-18.44.52:703][  0]LogConfig: Setting CVar [[r.Mobile.AllowSoftwareOcclusion:0]]
[2024.05.29-18.44.52:703][  0]LogConfig: Setting CVar [[r.Mobile.VirtualTextures:0]]
[2024.05.29-18.44.52:703][  0]LogConfig: Setting CVar [[r.DiscardUnusedQuality:0]]
[2024.05.29-18.44.52:703][  0]LogConfig: Setting CVar [[r.AllowOcclusionQueries:1]]
[2024.05.29-18.44.52:703][  0]LogConfig: Setting CVar [[r.MinScreenRadiusForLights:0.030000]]
[2024.05.29-18.44.52:703][  0]LogConfig: Setting CVar [[r.MinScreenRadiusForDepthPrepass:0.030000]]
[2024.05.29-18.44.52:703][  0]LogConfig: Setting CVar [[r.MinScreenRadiusForCSMDepth:0.010000]]
[2024.05.29-18.44.52:703][  0]LogConfig: Setting CVar [[r.PrecomputedVisibilityWarning:0]]
[2024.05.29-18.44.52:703][  0]LogConfig: Setting CVar [[r.TextureStreaming:1]]
[2024.05.29-18.44.52:703][  0]LogConfig: Setting CVar [[Compat.UseDXT5NormalMaps:0]]
[2024.05.29-18.44.52:703][  0]LogConfig: Setting CVar [[r.VirtualTextures:0]]
[2024.05.29-18.44.52:704][  0]LogConfig: Setting CVar [[r.VirtualTexturedLightmaps:0]]
[2024.05.29-18.44.52:704][  0]LogConfig: Setting CVar [[r.VT.TileSize:128]]
[2024.05.29-18.44.52:704][  0]LogConfig: Setting CVar [[r.VT.TileBorderSize:4]]
[2024.05.29-18.44.52:704][  0]LogConfig: Setting CVar [[r.vt.FeedbackFactor:16]]
[2024.05.29-18.44.52:704][  0]LogConfig: Setting CVar [[r.VT.EnableCompressZlib:1]]
[2024.05.29-18.44.52:704][  0]LogConfig: Setting CVar [[r.VT.EnableCompressCrunch:0]]
[2024.05.29-18.44.52:704][  0]LogConfig: Setting CVar [[r.ClearCoatNormal:0]]
[2024.05.29-18.44.52:704][  0]LogConfig: Setting CVar [[r.ReflectionCaptureResolution:128]]
[2024.05.29-18.44.52:704][  0]LogConfig: Setting CVar [[r.Mobile.ReflectionCaptureCompression:0]]
[2024.05.29-18.44.52:704][  0]LogConfig: Setting CVar [[r.ReflectionEnvironmentLightmapMixBasedOnRoughness:1]]
[2024.05.29-18.44.52:704][  0]LogConfig: Setting CVar [[r.ForwardShading:1]]
[2024.05.29-18.44.52:704][  0]LogConfig: Setting CVar [[r.VertexFoggingForOpaque:1]]
[2024.05.29-18.44.52:704][  0]LogConfig: Setting CVar [[r.AllowStaticLighting:1]]
[2024.05.29-18.44.52:704][  0]LogConfig: Setting CVar [[r.NormalMapsForStaticLighting:0]]
[2024.05.29-18.44.52:704][  0]LogConfig: Setting CVar [[r.GenerateMeshDistanceFields:0]]
[2024.05.29-18.44.52:704][  0]LogConfig: Setting CVar [[r.DistanceFieldBuild.EightBit:0]]
[2024.05.29-18.44.52:704][  0]LogConfig: Setting CVar [[r.GenerateLandscapeGIData:0]]
[2024.05.29-18.44.52:704][  0]LogConfig: Setting CVar [[r.DistanceFieldBuild.Compress:0]]
[2024.05.29-18.44.52:704][  0]LogConfig: Setting CVar [[r.TessellationAdaptivePixelsPerTriangle:48.000000]]
[2024.05.29-18.44.52:704][  0]LogConfig: Setting CVar [[r.SeparateTranslucency:0]]
[2024.05.29-18.44.52:704][  0]LogConfig: Setting CVar [[r.TranslucentSortPolicy:0]]
[2024.05.29-18.44.52:704][  0]LogConfig: Setting CVar [[r.CustomDepth:1]]
[2024.05.29-18.44.52:704][  0]LogConfig: Setting CVar [[r.CustomDepthTemporalAAJitter:1]]
[2024.05.29-18.44.52:704][  0]LogConfig: Setting CVar [[r.PostProcessing.PropagateAlpha:0]]
[2024.05.29-18.44.52:704][  0]LogConfig: Setting CVar [[r.DefaultFeature.Bloom:0]]
[2024.05.29-18.44.52:704][  0]LogConfig: Setting CVar [[r.DefaultFeature.AmbientOcclusion:0]]
[2024.05.29-18.44.52:704][  0]LogConfig: Setting CVar [[r.DefaultFeature.AmbientOcclusionStaticFraction:1]]
[2024.05.29-18.44.52:704][  0]LogConfig: Setting CVar [[r.DefaultFeature.AutoExposure:0]]
[2024.05.29-18.44.52:704][  0]LogConfig: Setting CVar [[r.DefaultFeature.AutoExposure.Method:0]]
[2024.05.29-18.44.52:704][  0]LogConfig: Setting CVar [[r.DefaultFeature.AutoExposure.Bias:1.000000]]
[2024.05.29-18.44.52:704][  0]LogConfig: Setting CVar [[r.DefaultFeature.AutoExposure.ExtendDefaultLuminanceRange:1]]
[2024.05.29-18.44.52:704][  0]LogConfig: Setting CVar [[r.UsePreExposure:1]]
[2024.05.29-18.44.52:704][  0]LogConfig: Setting CVar [[r.EyeAdaptation.EditorOnly:0]]
[2024.05.29-18.44.52:704][  0]LogConfig: Setting CVar [[r.DefaultFeature.MotionBlur:0]]
[2024.05.29-18.44.52:704][  0]LogConfig: Setting CVar [[r.DefaultFeature.LensFlare:0]]
[2024.05.29-18.44.52:704][  0]LogConfig: Setting CVar [[r.TemporalAA.Upsampling:0]]
[2024.05.29-18.44.52:704][  0]LogConfig: Setting CVar [[r.SSGI.Enable:0]]
[2024.05.29-18.44.52:704][  0]LogConfig: Setting CVar [[r.DefaultFeature.AntiAliasing:3]]
[2024.05.29-18.44.52:704][  0]LogConfig: Setting CVar [[r.DefaultFeature.LightUnits:1]]
[2024.05.29-18.44.52:704][  0]LogConfig: Setting CVar [[r.DefaultBackBufferPixelFormat:4]]
[2024.05.29-18.44.52:705][  0]LogConfig: Setting CVar [[r.Shadow.UnbuiltPreviewInGame:1]]
[2024.05.29-18.44.52:705][  0]LogConfig: Setting CVar [[r.StencilForLODDither:0]]
[2024.05.29-18.44.52:705][  0]LogConfig: Setting CVar [[r.EarlyZPass:3]]
[2024.05.29-18.44.52:705][  0]LogConfig: Setting CVar [[r.EarlyZPassOnlyMaterialMasking:0]]
[2024.05.29-18.44.52:705][  0]LogConfig: Setting CVar [[r.DBuffer:1]]
[2024.05.29-18.44.52:705][  0]LogConfig: Setting CVar [[r.ClearSceneMethod:1]]
[2024.05.29-18.44.52:705][  0]LogConfig: Setting CVar [[r.BasePassOutputsVelocity:0]]
[2024.05.29-18.44.52:705][  0]LogConfig: Setting CVar [[r.VertexDeformationOutputsVelocity:0]]
[2024.05.29-18.44.52:705][  0]LogConfig: Setting CVar [[r.SelectiveBasePassOutputs:0]]
[2024.05.29-18.44.52:705][  0]LogConfig: Setting CVar [[fx.GPUSimulationTextureSizeX:1024]]
[2024.05.29-18.44.52:705][  0]LogConfig: Setting CVar [[fx.GPUSimulationTextureSizeY:1024]]
[2024.05.29-18.44.52:705][  0]LogConfig: Setting CVar [[r.AllowGlobalClipPlane:0]]
[2024.05.29-18.44.52:705][  0]LogConfig: Setting CVar [[r.GBufferFormat:1]]
[2024.05.29-18.44.52:705][  0]LogConfig: Setting CVar [[r.MorphTarget.Mode:1]]
[2024.05.29-18.44.52:705][  0]LogConfig: Setting CVar [[vr.InstancedStereo:1]]
[2024.05.29-18.44.52:705][  0]LogConfig: Setting CVar [[r.MobileHDR:0]]
[2024.05.29-18.44.52:705][  0]LogConfig: Setting CVar [[vr.MobileMultiView:1]]
[2024.05.29-18.44.52:705][  0]LogConfig: Setting CVar [[r.Mobile.UseHWsRGBEncoding:1]]
[2024.05.29-18.44.52:705][  0]LogConfig: Setting CVar [[vr.RoundRobinOcclusion:0]]
[2024.05.29-18.44.52:705][  0]LogConfig: Setting CVar [[vr.ODSCapture:0]]
[2024.05.29-18.44.52:705][  0]LogConfig: Setting CVar [[r.MeshStreaming:0]]
[2024.05.29-18.44.52:705][  0]LogConfig: Setting CVar [[r.WireframeCullThreshold:5.000000]]
[2024.05.29-18.44.52:705][  0]LogConfig: Setting CVar [[r.RayTracing:0]]
[2024.05.29-18.44.52:705][  0]LogConfig: Setting CVar [[r.RayTracing.UseTextureLod:0]]
[2024.05.29-18.44.52:705][  0]LogConfig: Setting CVar [[r.SupportStationarySkylight:1]]
[2024.05.29-18.44.52:705][  0]LogConfig: Setting CVar [[r.SupportLowQualityLightmaps:1]]
[2024.05.29-18.44.52:705][  0]LogConfig: Setting CVar [[r.SupportPointLightWholeSceneShadows:1]]
[2024.05.29-18.44.52:705][  0]LogConfig: Setting CVar [[r.SupportAtmosphericFog:1]]
[2024.05.29-18.44.52:705][  0]LogConfig: Setting CVar [[r.SupportSkyAtmosphere:1]]
[2024.05.29-18.44.52:705][  0]LogConfig: Setting CVar [[r.SupportSkyAtmosphereAffectsHeightFog:0]]
[2024.05.29-18.44.52:705][  0]LogConfig: Setting CVar [[r.SkinCache.CompileShaders:0]]
[2024.05.29-18.44.52:705][  0]LogConfig: Setting CVar [[r.SkinCache.DefaultBehavior:1]]
[2024.05.29-18.44.52:705][  0]LogConfig: Setting CVar [[r.SkinCache.SceneMemoryLimitInMB:128.000000]]
[2024.05.29-18.44.52:705][  0]LogConfig: Setting CVar [[r.Mobile.EnableStaticAndCSMShadowReceivers:1]]
[2024.05.29-18.44.52:705][  0]LogConfig: Setting CVar [[r.Mobile.EnableMovableLightCSMShaderCulling:1]]
[2024.05.29-18.44.52:705][  0]LogConfig: Setting CVar [[r.Mobile.AllowDistanceFieldShadows:1]]
[2024.05.29-18.44.52:705][  0]LogConfig: Setting CVar [[r.Mobile.AllowMovableDirectionalLights:1]]
[2024.05.29-18.44.52:705][  0]LogConfig: Setting CVar [[r.MobileNumDynamicPointLights:4]]
[2024.05.29-18.44.52:705][  0]LogConfig: Setting CVar [[r.MobileDynamicPointLightsUseStaticBranch:1]]
[2024.05.29-18.44.52:705][  0]LogConfig: Setting CVar [[r.Mobile.EnableMovableSpotlights:0]]
[2024.05.29-18.44.52:705][  0]LogConfig: Setting CVar [[r.Mobile.EnableMovableSpotlightsShadow:0]]
[2024.05.29-18.44.52:705][  0]LogConfig: Setting CVar [[r.GPUSkin.Support16BitBoneIndex:0]]
[2024.05.29-18.44.52:705][  0]LogConfig: Setting CVar [[r.GPUSkin.Limit2BoneInfluences:0]]
[2024.05.29-18.44.52:705][  0]LogConfig: Setting CVar [[r.SupportDepthOnlyIndexBuffers:1]]
[2024.05.29-18.44.52:705][  0]LogConfig: Setting CVar [[r.SupportReversedIndexBuffers:1]]
[2024.05.29-18.44.52:705][  0]LogConfig: Setting CVar [[r.LightPropagationVolume:0]]
[2024.05.29-18.44.52:705][  0]LogConfig: Setting CVar [[r.Mobile.AmbientOcclusion:0]]
[2024.05.29-18.44.52:705][  0]LogConfig: Setting CVar [[r.GPUSkin.UnlimitedBoneInfluences:0]]
[2024.05.29-18.44.52:706][  0]LogConfig: Setting CVar [[r.GPUSkin.UnlimitedBoneInfluencesThreshold:8]]
[2024.05.29-18.44.52:706][  0]LogConfig: Setting CVar [[r.Mobile.PlanarReflectionMode:0]]
[2024.05.29-18.44.52:706][  0]LogConfig: Setting CVar [[r.Mobile.SupportGPUScene:1]]
[2024.05.29-18.44.52:706][  0]LogConfig: Applying CVar settings from Section [/Script/Engine.RendererOverrideSettings] File [E:/StayinAlive/Saved/Config/Windows/Engine.ini]
[2024.05.29-18.44.52:706][  0]LogConfig: Applying CVar settings from Section [/Script/Engine.StreamingSettings] File [E:/StayinAlive/Saved/Config/Windows/Engine.ini]
[2024.05.29-18.44.52:706][  0]LogConfig: Setting CVar [[s.MinBulkDataSizeForAsyncLoading:131072]]
[2024.05.29-18.44.52:706][  0]LogConfig: Setting CVar [[s.AsyncLoadingThreadEnabled:0]]
[2024.05.29-18.44.52:706][  0]LogConfig: Setting CVar [[s.EventDrivenLoaderEnabled:1]]
[2024.05.29-18.44.52:706][  0]LogConfig: Setting CVar [[s.WarnIfTimeLimitExceeded:0]]
[2024.05.29-18.44.52:706][  0]LogConfig: Setting CVar [[s.TimeLimitExceededMultiplier:1.5]]
[2024.05.29-18.44.52:706][  0]LogConfig: Setting CVar [[s.TimeLimitExceededMinTime:0.005]]
[2024.05.29-18.44.52:706][  0]LogConfig: Setting CVar [[s.UseBackgroundLevelStreaming:1]]
[2024.05.29-18.44.52:706][  0]LogConfig: Setting CVar [[s.PriorityAsyncLoadingExtraTime:15.0]]
[2024.05.29-18.44.52:706][  0]LogConfig: Setting CVar [[s.LevelStreamingActorsUpdateTimeLimit:5.0]]
[2024.05.29-18.44.52:706][  0]LogConfig: Setting CVar [[s.PriorityLevelStreamingActorsUpdateExtraTime:5.0]]
[2024.05.29-18.44.52:706][  0]LogConfig: Setting CVar [[s.LevelStreamingComponentsRegistrationGranularity:10]]
[2024.05.29-18.44.52:706][  0]LogConfig: Setting CVar [[s.UnregisterComponentsTimeLimit:1.0]]
[2024.05.29-18.44.52:706][  0]LogConfig: Setting CVar [[s.LevelStreamingComponentsUnregistrationGranularity:5]]
[2024.05.29-18.44.52:706][  0]LogConfig: Setting CVar [[s.FlushStreamingOnExit:1]]
[2024.05.29-18.44.52:706][  0]LogConfig: Applying CVar settings from Section [/Script/Engine.GarbageCollectionSettings] File [E:/StayinAlive/Saved/Config/Windows/Engine.ini]
[2024.05.29-18.44.52:706][  0]LogConfig: Setting CVar [[gc.MaxObjectsNotConsideredByGC:1]]
[2024.05.29-18.44.52:706][  0]LogConfig: Setting CVar [[gc.SizeOfPermanentObjectPool:0]]
[2024.05.29-18.44.52:706][  0]LogConfig: Setting CVar [[gc.FlushStreamingOnGC:0]]
[2024.05.29-18.44.52:706][  0]LogConfig: Setting CVar [[gc.NumRetriesBeforeForcingGC:10]]
[2024.05.29-18.44.52:706][  0]LogConfig: Setting CVar [[gc.AllowParallelGC:1]]
[2024.05.29-18.44.52:706][  0]LogConfig: Setting CVar [[gc.TimeBetweenPurgingPendingKillObjects:61.1]]
[2024.05.29-18.44.52:706][  0]LogConfig: Setting CVar [[gc.MaxObjectsInEditor:25165824]]
[2024.05.29-18.44.52:706][  0]LogConfig: Setting CVar [[gc.IncrementalBeginDestroyEnabled:1]]
[2024.05.29-18.44.52:706][  0]LogConfig: Setting CVar [[gc.CreateGCClusters:1]]
[2024.05.29-18.44.52:706][  0]LogConfig: Setting CVar [[gc.MinGCClusterSize:5]]
[2024.05.29-18.44.52:706][  0]LogConfig: Setting CVar [[gc.ActorClusteringEnabled:0]]
[2024.05.29-18.44.52:706][  0]LogConfig: Setting CVar [[gc.BlueprintClusteringEnabled:0]]
[2024.05.29-18.44.52:706][  0]LogConfig: Setting CVar [[gc.UseDisregardForGCOnDedicatedServers:0]]
[2024.05.29-18.44.52:706][  0]LogConfig: Setting CVar [[gc.MultithreadedDestructionEnabled:1]]
[2024.05.29-18.44.52:706][  0]LogConfig: Applying CVar settings from Section [/Script/Engine.NetworkSettings] File [E:/StayinAlive/Saved/Config/Windows/Engine.ini]
[2024.05.29-18.44.52:706][  0]LogConfig: Applying CVar settings from Section [/Script/UnrealEd.CookerSettings] File [E:/StayinAlive/Saved/Config/Windows/Engine.ini]
[2024.05.29-18.44.52:724][  0]LogConfig: Applying CVar settings from Section [ViewDistanceQuality@3] File [E:/StayinAlive/Saved/Config/Windows/Scalability.ini]
[2024.05.29-18.44.52:724][  0]LogConfig: Setting CVar [[r.SkeletalMeshLODBias:0]]
[2024.05.29-18.44.52:724][  0]LogConfig: Setting CVar [[r.ViewDistanceScale:1.0]]
[2024.05.29-18.44.52:724][  0]LogConfig: Applying CVar settings from Section [AntiAliasingQuality@3] File [E:/StayinAlive/Saved/Config/Windows/Scalability.ini]
[2024.05.29-18.44.52:724][  0]LogConfig: Setting CVar [[r.PostProcessAAQuality:4]]
[2024.05.29-18.44.52:724][  0]LogConfig: Applying CVar settings from Section [ShadowQuality@3] File [E:/StayinAlive/Saved/Config/Windows/Scalability.ini]
[2024.05.29-18.44.52:724][  0]LogConfig: Setting CVar [[r.LightFunctionQuality:1]]
[2024.05.29-18.44.52:724][  0]LogConfig: Setting CVar [[r.ShadowQuality:5]]
[2024.05.29-18.44.52:724][  0]LogConfig: Setting CVar [[r.Shadow.CSM.MaxCascades:10]]
[2024.05.29-18.44.52:724][  0]LogConfig: Setting CVar [[r.Shadow.MaxResolution:2048]]
[2024.05.29-18.44.52:724][  0]LogConfig: Setting CVar [[r.Shadow.MaxCSMResolution:2048]]
[2024.05.29-18.44.52:724][  0]LogConfig: Setting CVar [[r.Shadow.RadiusThreshold:0.01]]
[2024.05.29-18.44.52:724][  0]LogConfig: Setting CVar [[r.Shadow.DistanceScale:1.0]]
[2024.05.29-18.44.52:724][  0]LogConfig: Setting CVar [[r.Shadow.CSM.TransitionScale:1.0]]
[2024.05.29-18.44.52:724][  0]LogConfig: Setting CVar [[r.Shadow.PreShadowResolutionFactor:1.0]]
[2024.05.29-18.44.52:725][  0]LogConfig: Setting CVar [[r.DistanceFieldShadowing:1]]
[2024.05.29-18.44.52:725][  0]LogConfig: Setting CVar [[r.DistanceFieldAO:1]]
[2024.05.29-18.44.52:725][  0]LogConfig: Setting CVar [[r.AOQuality:2]]
[2024.05.29-18.44.52:725][  0]LogConfig: Setting CVar [[r.VolumetricFog:1]]
[2024.05.29-18.44.52:725][  0]LogConfig: Setting CVar [[r.VolumetricFog.GridPixelSize:8]]
[2024.05.29-18.44.52:725][  0]LogConfig: Setting CVar [[r.VolumetricFog.GridSizeZ:128]]
[2024.05.29-18.44.52:725][  0]LogConfig: Setting CVar [[r.VolumetricFog.HistoryMissSupersampleCount:4]]
[2024.05.29-18.44.52:725][  0]LogConfig: Setting CVar [[r.LightMaxDrawDistanceScale:1]]
[2024.05.29-18.44.52:725][  0]LogConfig: Setting CVar [[r.CapsuleShadows:1]]
[2024.05.29-18.44.52:725][  0]LogConfig: Applying CVar settings from Section [PostProcessQuality@3] File [E:/StayinAlive/Saved/Config/Windows/Scalability.ini]
[2024.05.29-18.44.52:725][  0]LogConfig: Setting CVar [[r.MotionBlurQuality:4]]
[2024.05.29-18.44.52:725][  0]LogConfig: Setting CVar [[r.AmbientOcclusionMipLevelFactor:0.4]]
[2024.05.29-18.44.52:725][  0]LogConfig: Setting CVar [[r.AmbientOcclusionMaxQuality:100]]
[2024.05.29-18.44.52:725][  0]LogConfig: Setting CVar [[r.AmbientOcclusionLevels:-1]]
[2024.05.29-18.44.52:725][  0]LogConfig: Setting CVar [[r.AmbientOcclusionRadiusScale:1.0]]
[2024.05.29-18.44.52:725][  0]LogConfig: Setting CVar [[r.DepthOfFieldQuality:2]]
[2024.05.29-18.44.52:725][  0]LogConfig: Setting CVar [[r.RenderTargetPoolMin:400]]
[2024.05.29-18.44.52:725][  0]LogConfig: Setting CVar [[r.LensFlareQuality:2]]
[2024.05.29-18.44.52:725][  0]LogConfig: Setting CVar [[r.SceneColorFringeQuality:1]]
[2024.05.29-18.44.52:725][  0]LogConfig: Setting CVar [[r.EyeAdaptationQuality:2]]
[2024.05.29-18.44.52:725][  0]LogConfig: Setting CVar [[r.BloomQuality:5]]
[2024.05.29-18.44.52:725][  0]LogConfig: Setting CVar [[r.FastBlurThreshold:100]]
[2024.05.29-18.44.52:725][  0]LogConfig: Setting CVar [[r.Upscale.Quality:3]]
[2024.05.29-18.44.52:725][  0]LogConfig: Setting CVar [[r.Tonemapper.GrainQuantization:1]]
[2024.05.29-18.44.52:725][  0]LogConfig: Setting CVar [[r.LightShaftQuality:1]]
[2024.05.29-18.44.52:725][  0]LogConfig: Setting CVar [[r.Filter.SizeScale:1]]
[2024.05.29-18.44.52:725][  0]LogConfig: Setting CVar [[r.Tonemapper.Quality:5]]
[2024.05.29-18.44.52:725][  0]LogConfig: Setting CVar [[r.DOF.Gather.AccumulatorQuality:1        ; higher gathering accumulator quality]]
[2024.05.29-18.44.52:725][  0]LogConfig: Setting CVar [[r.DOF.Gather.PostfilterMethod:1          ; Median3x3 postfilering method]]
[2024.05.29-18.44.52:725][  0]LogConfig: Setting CVar [[r.DOF.Gather.EnableBokehSettings:0       ; no bokeh simulation when gathering]]
[2024.05.29-18.44.52:725][  0]LogConfig: Setting CVar [[r.DOF.Gather.RingCount:4                 ; medium number of samples when gathering]]
[2024.05.29-18.44.52:725][  0]LogConfig: Setting CVar [[r.DOF.Scatter.ForegroundCompositing:1    ; additive foreground scattering]]
[2024.05.29-18.44.52:725][  0]LogConfig: Setting CVar [[r.DOF.Scatter.BackgroundCompositing:2    ; additive background scattering]]
[2024.05.29-18.44.52:725][  0]LogConfig: Setting CVar [[r.DOF.Scatter.EnableBokehSettings:1      ; bokeh simulation when scattering]]
[2024.05.29-18.44.52:725][  0]LogConfig: Setting CVar [[r.DOF.Scatter.MaxSpriteRatio:0.1         ; only a maximum of 10% of scattered bokeh]]
[2024.05.29-18.44.52:725][  0]LogConfig: Setting CVar [[r.DOF.Recombine.Quality:1                ; cheap slight out of focus]]
[2024.05.29-18.44.52:725][  0]LogConfig: Setting CVar [[r.DOF.Recombine.EnableBokehSettings:0    ; no bokeh simulation on slight out of focus]]
[2024.05.29-18.44.52:725][  0]LogConfig: Setting CVar [[r.DOF.TemporalAAQuality:1                ; more stable temporal accumulation]]
[2024.05.29-18.44.52:725][  0]LogConfig: Setting CVar [[r.DOF.Kernel.MaxForegroundRadius:0.025]]
[2024.05.29-18.44.52:725][  0]LogConfig: Setting CVar [[r.DOF.Kernel.MaxBackgroundRadius:0.025]]
[2024.05.29-18.44.52:725][  0]LogConfig: Applying CVar settings from Section [TextureQuality@3] File [E:/StayinAlive/Saved/Config/Windows/Scalability.ini]
[2024.05.29-18.44.52:725][  0]LogConfig: Setting CVar [[r.Streaming.MipBias:0]]
[2024.05.29-18.44.52:725][  0]LogConfig: Setting CVar [[r.Streaming.AmortizeCPUToGPUCopy:0]]
[2024.05.29-18.44.52:725][  0]LogConfig: Setting CVar [[r.Streaming.MaxNumTexturesToStreamPerFrame:0]]
[2024.05.29-18.44.52:725][  0]LogConfig: Setting CVar [[r.Streaming.Boost:1]]
[2024.05.29-18.44.52:725][  0]LogConfig: Setting CVar [[r.MaxAnisotropy:8]]
[2024.05.29-18.44.52:725][  0]LogConfig: Setting CVar [[r.VT.MaxAnisotropy:8]]
[2024.05.29-18.44.52:725][  0]LogConfig: Setting CVar [[r.Streaming.LimitPoolSizeToVRAM:0]]
[2024.05.29-18.44.52:725][  0]LogConfig: Setting CVar [[r.Streaming.PoolSize:1000]]
[2024.05.29-18.44.52:725][  0]LogConfig: Setting CVar [[r.Streaming.MaxEffectiveScreenSize:0]]
[2024.05.29-18.44.52:725][  0]LogConfig: Applying CVar settings from Section [EffectsQuality@3] File [E:/StayinAlive/Saved/Config/Windows/Scalability.ini]
[2024.05.29-18.44.52:725][  0]LogConfig: Setting CVar [[r.TranslucencyLightingVolumeDim:64]]
[2024.05.29-18.44.52:725][  0]LogConfig: Setting CVar [[r.RefractionQuality:2]]
[2024.05.29-18.44.52:725][  0]LogConfig: Setting CVar [[r.SSR.Quality:3]]
[2024.05.29-18.44.52:725][  0]LogConfig: Setting CVar [[r.SSR.HalfResSceneColor:0]]
[2024.05.29-18.44.52:725][  0]LogConfig: Setting CVar [[r.SceneColorFormat:4]]
[2024.05.29-18.44.52:725][  0]LogConfig: Setting CVar [[r.DetailMode:2]]
[2024.05.29-18.44.52:725][  0]LogConfig: Setting CVar [[r.TranslucencyVolumeBlur:1]]
[2024.05.29-18.44.52:725][  0]LogConfig: Setting CVar [[r.MaterialQualityLevel:1 ; High quality]]
[2024.05.29-18.44.52:726][  0]LogConfig: Setting CVar [[r.AnisotropicMaterials:1]]
[2024.05.29-18.44.52:726][  0]LogConfig: Setting CVar [[r.SSS.Scale:1]]
[2024.05.29-18.44.52:726][  0]LogConfig: Setting CVar [[r.SSS.SampleSet:2]]
[2024.05.29-18.44.52:726][  0]LogConfig: Setting CVar [[r.SSS.Quality:1]]
[2024.05.29-18.44.52:726][  0]LogConfig: Setting CVar [[r.SSS.HalfRes:0]]
[2024.05.29-18.44.52:726][  0]LogConfig: Setting CVar [[r.SSGI.Quality:3]]
[2024.05.29-18.44.52:726][  0]LogConfig: Setting CVar [[r.EmitterSpawnRateScale:1.0]]
[2024.05.29-18.44.52:726][  0]LogConfig: Setting CVar [[r.ParticleLightQuality:2]]
[2024.05.29-18.44.52:726][  0]LogConfig: Setting CVar [[r.SkyAtmosphere.AerialPerspectiveLUT.FastApplyOnOpaque:1 ; Always have FastSkyLUT 1 in this case to avoid wrong sky]]
[2024.05.29-18.44.52:726][  0]LogConfig: Setting CVar [[r.SkyAtmosphere.AerialPerspectiveLUT.SampleCountMaxPerSlice:4]]
[2024.05.29-18.44.52:726][  0]LogConfig: Setting CVar [[r.SkyAtmosphere.AerialPerspectiveLUT.DepthResolution:16.0]]
[2024.05.29-18.44.52:726][  0]LogConfig: Setting CVar [[r.SkyAtmosphere.FastSkyLUT:1]]
[2024.05.29-18.44.52:726][  0]LogConfig: Setting CVar [[r.SkyAtmosphere.FastSkyLUT.SampleCountMin:4.0]]
[2024.05.29-18.44.52:726][  0]LogConfig: Setting CVar [[r.SkyAtmosphere.FastSkyLUT.SampleCountMax:128.0]]
[2024.05.29-18.44.52:726][  0]LogConfig: Setting CVar [[r.SkyAtmosphere.SampleCountMin:4.0]]
[2024.05.29-18.44.52:726][  0]LogConfig: Setting CVar [[r.SkyAtmosphere.SampleCountMax:128.0]]
[2024.05.29-18.44.52:726][  0]LogConfig: Setting CVar [[r.SkyAtmosphere.TransmittanceLUT.UseSmallFormat:0]]
[2024.05.29-18.44.52:726][  0]LogConfig: Setting CVar [[r.SkyAtmosphere.TransmittanceLUT.SampleCount:10.0]]
[2024.05.29-18.44.52:726][  0]LogConfig: Setting CVar [[r.SkyAtmosphere.MultiScatteringLUT.SampleCount:15.0]]
[2024.05.29-18.44.52:726][  0]LogConfig: Setting CVar [[r.SkyLight.RealTimeReflectionCapture:1]]
[2024.05.29-18.44.52:726][  0]LogConfig: Applying CVar settings from Section [FoliageQuality@3] File [E:/StayinAlive/Saved/Config/Windows/Scalability.ini]
[2024.05.29-18.44.52:726][  0]LogConfig: Setting CVar [[foliage.DensityScale:1.0]]
[2024.05.29-18.44.52:726][  0]LogConfig: Setting CVar [[grass.DensityScale:1.0]]
[2024.05.29-18.44.52:726][  0]LogConfig: Applying CVar settings from Section [ShadingQuality@3] File [E:/StayinAlive/Saved/Config/Windows/Scalability.ini]
[2024.05.29-18.44.52:726][  0]LogConfig: Setting CVar [[r.HairStrands.SkyLighting.IntegrationType:2]]
[2024.05.29-18.44.52:726][  0]LogConfig: Setting CVar [[r.HairStrands.SkyAO.SampleCount:4]]
[2024.05.29-18.44.52:726][  0]LogConfig: Setting CVar [[r.HairStrands.Visibility.MSAA.SamplePerPixel:4]]
[2024.05.29-18.44.52:726][  0]LogInit: Selected Device Profile: [Windows]
[2024.05.29-18.44.52:726][  0]LogInit: Applying CVar settings loaded from the selected device profile: [Windows]
[2024.05.29-18.44.52:726][  0]LogHAL: Display: Platform has ~ 10 GB [10646994944 / 17179869184 / 10], which maps to Default [LargestMinGB=32, LargerMinGB=12, DefaultMinGB=8, SmallerMinGB=6, SmallestMinGB=0)
[2024.05.29-18.44.52:726][  0]LogInit: Going up to parent DeviceProfile []
[2024.05.29-18.44.52:727][  0]LogConfig: Applying CVar settings from Section [ViewDistanceQuality@1] File [E:/StayinAlive/Saved/Config/Windows/Scalability.ini]
[2024.05.29-18.44.52:727][  0]LogConfig: Setting CVar [[r.SkeletalMeshLODBias:1]]
[2024.05.29-18.44.52:727][  0]LogConfig: Setting CVar [[r.ViewDistanceScale:0.6]]
[2024.05.29-18.44.52:727][  0]LogConfig: Applying CVar settings from Section [AntiAliasingQuality@1] File [E:/StayinAlive/Saved/Config/Windows/Scalability.ini]
[2024.05.29-18.44.52:727][  0]LogConfig: Setting CVar [[r.PostProcessAAQuality:2]]
[2024.05.29-18.44.52:727][  0]LogConfig: Applying CVar settings from Section [ShadowQuality@1] File [E:/StayinAlive/Saved/Config/Windows/Scalability.ini]
[2024.05.29-18.44.52:727][  0]LogConfig: Setting CVar [[r.LightFunctionQuality:1]]
[2024.05.29-18.44.52:727][  0]LogConfig: Setting CVar [[r.ShadowQuality:3]]
[2024.05.29-18.44.52:727][  0]LogConfig: Setting CVar [[r.Shadow.CSM.MaxCascades:1]]
[2024.05.29-18.44.52:727][  0]LogConfig: Setting CVar [[r.Shadow.MaxResolution:1024]]
[2024.05.29-18.44.52:727][  0]LogConfig: Setting CVar [[r.Shadow.MaxCSMResolution:1024]]
[2024.05.29-18.44.52:727][  0]LogConfig: Setting CVar [[r.Shadow.RadiusThreshold:0.05]]
[2024.05.29-18.44.52:727][  0]LogConfig: Setting CVar [[r.Shadow.DistanceScale:0.7]]
[2024.05.29-18.44.52:727][  0]LogConfig: Setting CVar [[r.Shadow.CSM.TransitionScale:0.25]]
[2024.05.29-18.44.52:727][  0]LogConfig: Setting CVar [[r.Shadow.PreShadowResolutionFactor:0.5]]
[2024.05.29-18.44.52:727][  0]LogConfig: Setting CVar [[r.DistanceFieldShadowing:0]]
[2024.05.29-18.44.52:727][  0]LogConfig: Setting CVar [[r.DistanceFieldAO:0]]
[2024.05.29-18.44.52:727][  0]LogConfig: Setting CVar [[r.VolumetricFog:0]]
[2024.05.29-18.44.52:727][  0]LogConfig: Setting CVar [[r.LightMaxDrawDistanceScale:.5]]
[2024.05.29-18.44.52:727][  0]LogConfig: Setting CVar [[r.CapsuleShadows:1]]
[2024.05.29-18.44.52:727][  0]LogConfig: Applying CVar settings from Section [PostProcessQuality@1] File [E:/StayinAlive/Saved/Config/Windows/Scalability.ini]
[2024.05.29-18.44.52:727][  0]LogConfig: Setting CVar [[r.MotionBlurQuality:3]]
[2024.05.29-18.44.52:727][  0]LogConfig: Setting CVar [[r.AmbientOcclusionMipLevelFactor:1.0]]
[2024.05.29-18.44.52:727][  0]LogConfig: Setting CVar [[r.AmbientOcclusionMaxQuality:60]]
[2024.05.29-18.44.52:727][  0]LogConfig: Setting CVar [[r.AmbientOcclusionLevels:-1]]
[2024.05.29-18.44.52:727][  0]LogConfig: Setting CVar [[r.AmbientOcclusionRadiusScale:1.5]]
[2024.05.29-18.44.52:727][  0]LogConfig: Setting CVar [[r.DepthOfFieldQuality:1]]
[2024.05.29-18.44.52:727][  0]LogConfig: Setting CVar [[r.RenderTargetPoolMin:350]]
[2024.05.29-18.44.52:727][  0]LogConfig: Setting CVar [[r.LensFlareQuality:0]]
[2024.05.29-18.44.52:727][  0]LogConfig: Setting CVar [[r.SceneColorFringeQuality:0]]
[2024.05.29-18.44.52:727][  0]LogConfig: Setting CVar [[r.EyeAdaptationQuality:2]]
[2024.05.29-18.44.52:727][  0]LogConfig: Setting CVar [[r.BloomQuality:4]]
[2024.05.29-18.44.52:727][  0]LogConfig: Setting CVar [[r.FastBlurThreshold:2]]
[2024.05.29-18.44.52:727][  0]LogConfig: Setting CVar [[r.Upscale.Quality:2]]
[2024.05.29-18.44.52:727][  0]LogConfig: Setting CVar [[r.Tonemapper.GrainQuantization:0]]
[2024.05.29-18.44.52:727][  0]LogConfig: Setting CVar [[r.LightShaftQuality:0]]
[2024.05.29-18.44.52:727][  0]LogConfig: Setting CVar [[r.Filter.SizeScale:0.7]]
[2024.05.29-18.44.52:727][  0]LogConfig: Setting CVar [[r.Tonemapper.Quality:2]]
[2024.05.29-18.44.52:727][  0]LogConfig: Setting CVar [[r.DOF.Gather.AccumulatorQuality:0        ; lower gathering accumulator quality]]
[2024.05.29-18.44.52:727][  0]LogConfig: Setting CVar [[r.DOF.Gather.PostfilterMethod:2          ; Max3x3 postfilering method]]
[2024.05.29-18.44.52:727][  0]LogConfig: Setting CVar [[r.DOF.Gather.EnableBokehSettings:0       ; no bokeh simulation when gathering]]
[2024.05.29-18.44.52:727][  0]LogConfig: Setting CVar [[r.DOF.Gather.RingCount:3                 ; low number of samples when gathering]]
[2024.05.29-18.44.52:727][  0]LogConfig: Setting CVar [[r.DOF.Scatter.ForegroundCompositing:0    ; no foreground scattering]]
[2024.05.29-18.44.52:727][  0]LogConfig: Setting CVar [[r.DOF.Scatter.BackgroundCompositing:0    ; no foreground scattering]]
[2024.05.29-18.44.52:728][  0]LogConfig: Setting CVar [[r.DOF.Recombine.Quality:0                ; no slight out of focus]]
[2024.05.29-18.44.52:728][  0]LogConfig: Setting CVar [[r.DOF.TemporalAAQuality:0                ; faster temporal accumulation]]
[2024.05.29-18.44.52:728][  0]LogConfig: Setting CVar [[r.DOF.Kernel.MaxForegroundRadius:0.006   ; required because low gathering and no scattering and not looking great at 1080p]]
[2024.05.29-18.44.52:728][  0]LogConfig: Setting CVar [[r.DOF.Kernel.MaxBackgroundRadius:0.006   ; required because low gathering and no scattering and not looking great at 1080p]]
[2024.05.29-18.44.52:728][  0]LogConfig: Applying CVar settings from Section [TextureQuality@1] File [E:/StayinAlive/Saved/Config/Windows/Scalability.ini]
[2024.05.29-18.44.52:728][  0]LogConfig: Setting CVar [[r.Streaming.MipBias:1]]
[2024.05.29-18.44.52:728][  0]LogConfig: Setting CVar [[r.Streaming.AmortizeCPUToGPUCopy:0]]
[2024.05.29-18.44.52:728][  0]LogConfig: Setting CVar [[r.Streaming.MaxNumTexturesToStreamPerFrame:0]]
[2024.05.29-18.44.52:728][  0]LogConfig: Setting CVar [[r.Streaming.Boost:1]]
[2024.05.29-18.44.52:728][  0]LogConfig: Setting CVar [[r.MaxAnisotropy:2]]
[2024.05.29-18.44.52:728][  0]LogConfig: Setting CVar [[r.VT.MaxAnisotropy:4]]
[2024.05.29-18.44.52:728][  0]LogConfig: Setting CVar [[r.Streaming.LimitPoolSizeToVRAM:1]]
[2024.05.29-18.44.52:728][  0]LogConfig: Setting CVar [[r.Streaming.PoolSize:600]]
[2024.05.29-18.44.52:728][  0]LogConfig: Setting CVar [[r.Streaming.MaxEffectiveScreenSize:0]]
[2024.05.29-18.44.52:728][  0]LogConfig: Applying CVar settings from Section [EffectsQuality@1] File [E:/StayinAlive/Saved/Config/Windows/Scalability.ini]
[2024.05.29-18.44.52:728][  0]LogConfig: Setting CVar [[r.TranslucencyLightingVolumeDim:32]]
[2024.05.29-18.44.52:728][  0]LogConfig: Setting CVar [[r.RefractionQuality:0]]
[2024.05.29-18.44.52:728][  0]LogConfig: Setting CVar [[r.SSR.Quality:0]]
[2024.05.29-18.44.52:728][  0]LogConfig: Setting CVar [[r.SSR.HalfResSceneColor:1]]
[2024.05.29-18.44.52:728][  0]LogConfig: Setting CVar [[r.SceneColorFormat:3]]
[2024.05.29-18.44.52:728][  0]LogConfig: Setting CVar [[r.DetailMode:1]]
[2024.05.29-18.44.52:728][  0]LogConfig: Setting CVar [[r.TranslucencyVolumeBlur:0]]
[2024.05.29-18.44.52:728][  0]LogConfig: Setting CVar [[r.MaterialQualityLevel:2 ; Medium quality]]
[2024.05.29-18.44.52:728][  0]LogConfig: Setting CVar [[r.AnisotropicMaterials:0]]
[2024.05.29-18.44.52:728][  0]LogConfig: Setting CVar [[r.SSS.Scale:0.75]]
[2024.05.29-18.44.52:728][  0]LogConfig: Setting CVar [[r.SSS.SampleSet:0]]
[2024.05.29-18.44.52:728][  0]LogConfig: Setting CVar [[r.SSS.Quality:0]]
[2024.05.29-18.44.52:728][  0]LogConfig: Setting CVar [[r.SSS.HalfRes:1]]
[2024.05.29-18.44.52:728][  0]LogConfig: Setting CVar [[r.SSGI.Quality:1]]
[2024.05.29-18.44.52:728][  0]LogConfig: Setting CVar [[r.EmitterSpawnRateScale:0.25]]
[2024.05.29-18.44.52:728][  0]LogConfig: Setting CVar [[r.ParticleLightQuality:0]]
[2024.05.29-18.44.52:728][  0]LogConfig: Setting CVar [[r.SkyAtmosphere.AerialPerspectiveLUT.FastApplyOnOpaque:1 ; Always have FastSkyLUT 1 in this case to avoid wrong sky]]
[2024.05.29-18.44.52:728][  0]LogConfig: Setting CVar [[r.SkyAtmosphere.AerialPerspectiveLUT.SampleCountMaxPerSlice:1]]
[2024.05.29-18.44.52:728][  0]LogConfig: Setting CVar [[r.SkyAtmosphere.AerialPerspectiveLUT.DepthResolution:16.0]]
[2024.05.29-18.44.52:728][  0]LogConfig: Setting CVar [[r.SkyAtmosphere.FastSkyLUT:1]]
[2024.05.29-18.44.52:728][  0]LogConfig: Setting CVar [[r.SkyAtmosphere.FastSkyLUT.SampleCountMin:4.0]]
[2024.05.29-18.44.52:728][  0]LogConfig: Setting CVar [[r.SkyAtmosphere.FastSkyLUT.SampleCountMax:32.0]]
[2024.05.29-18.44.52:728][  0]LogConfig: Setting CVar [[r.SkyAtmosphere.SampleCountMin:4.0]]
[2024.05.29-18.44.52:728][  0]LogConfig: Setting CVar [[r.SkyAtmosphere.SampleCountMax:32.0]]
[2024.05.29-18.44.52:728][  0]LogConfig: Setting CVar [[r.SkyAtmosphere.TransmittanceLUT.UseSmallFormat:0]]
[2024.05.29-18.44.52:728][  0]LogConfig: Setting CVar [[r.SkyAtmosphere.TransmittanceLUT.SampleCount:10.0]]
[2024.05.29-18.44.52:728][  0]LogConfig: Setting CVar [[r.SkyAtmosphere.MultiScatteringLUT.SampleCount:15.0]]
[2024.05.29-18.44.52:728][  0]LogConfig: Setting CVar [[r.SkyLight.RealTimeReflectionCapture:0]]
[2024.05.29-18.44.52:728][  0]LogConfig: Applying CVar settings from Section [FoliageQuality@1] File [E:/StayinAlive/Saved/Config/Windows/Scalability.ini]
[2024.05.29-18.44.52:729][  0]LogConfig: Setting CVar [[foliage.DensityScale:0.4]]
[2024.05.29-18.44.52:729][  0]LogConfig: Setting CVar [[grass.DensityScale:0.4]]
[2024.05.29-18.44.52:729][  0]LogConfig: Applying CVar settings from Section [ShadingQuality@1] File [E:/StayinAlive/Saved/Config/Windows/Scalability.ini]
[2024.05.29-18.44.52:729][  0]LogConfig: Setting CVar [[r.HairStrands.SkyLighting.IntegrationType:2]]
[2024.05.29-18.44.52:729][  0]LogConfig: Setting CVar [[r.HairStrands.SkyAO.SampleCount:4]]
[2024.05.29-18.44.52:729][  0]LogConfig: Setting CVar [[r.HairStrands.Visibility.MSAA.SamplePerPixel:1]]
[2024.05.29-18.44.52:729][  0]LogConfig: Applying CVar settings from Section [Startup] File [../../../Engine/Config/ConsoleVariables.ini]
[2024.05.29-18.44.52:740][  0]LogConfig: Setting CVar [[net.UseAdaptiveNetUpdateFrequency:0]]
[2024.05.29-18.44.52:740][  0]LogConfig: Setting CVar [[p.chaos.AllowCreatePhysxBodies:1]]
[2024.05.29-18.44.52:740][  0]LogConfig: Setting CVar [[fx.SkipVectorVMBackendOptimizations:1]]
[2024.05.29-18.44.52:740][  0]LogConfig: Applying CVar settings from Section [ConsoleVariables] File [E:/StayinAlive/Saved/Config/Windows/Engine.ini]
[2024.05.29-18.44.52:740][  0]LogConfig: Applying CVar settings from Section [ConsoleVariables] File [E:/StayinAlive/Saved/Config/Windows/Editor.ini]
[2024.05.29-18.44.52:741][  0]LogInit: Computer: LAPTOP-1QT45U1L
[2024.05.29-18.44.52:741][  0]LogInit: User: gabyg
[2024.05.29-18.44.52:741][  0]LogInit: CPU Page size=4096, Cores=4
[2024.05.29-18.44.52:741][  0]LogInit: High frequency timer resolution =10.000000 MHz
[2024.05.29-18.44.52:741][  0]LogMemory: Memory total: Physical=9.9GB (10GB approx)
[2024.05.29-18.44.52:741][  0]LogMemory: Platform Memory Stats for Windows
[2024.05.29-18.44.52:741][  0]LogMemory: Process Physical Memory: 145.36 MB used, 148.25 MB peak
[2024.05.29-18.44.52:741][  0]LogMemory: Process Virtual Memory: 130.16 MB used, 130.16 MB peak
[2024.05.29-18.44.52:741][  0]LogMemory: Physical Memory: 7039.09 MB used,  3114.67 MB free, 10153.77 MB total
[2024.05.29-18.44.52:741][  0]LogMemory: Virtual Memory: 134214216.00 MB used,  3513.95 MB free, 134217728.00 MB total
[2024.05.29-18.44.52:746][  0]LogWindows: WindowsPlatformFeatures enabled
[2024.05.29-18.44.54:265][  0]LogInit: Physics initialised using underlying interface: PhysX
[2024.05.29-18.44.54:350][  0]LogInit: Using OS detected language (es-MX).
[2024.05.29-18.44.54:350][  0]LogInit: Using OS detected locale (es-MX).
[2024.05.29-18.44.55:142][  0]LogTextLocalizationResource: LocRes '../../../Engine/Content/Localization/Editor/es-MX/Editor.locres' could not be opened for reading!
[2024.05.29-18.44.55:163][  0]LogTextLocalizationResource: LocRes '../../../Engine/Content/Localization/EditorTutorials/es-MX/EditorTutorials.locres' could not be opened for reading!
[2024.05.29-18.44.55:173][  0]LogTextLocalizationResource: LocRes '../../../Engine/Content/Localization/Keywords/es-MX/Keywords.locres' could not be opened for reading!
[2024.05.29-18.44.55:182][  0]LogTextLocalizationResource: LocRes '../../../Engine/Content/Localization/Category/es-MX/Category.locres' could not be opened for reading!
[2024.05.29-18.44.55:192][  0]LogTextLocalizationResource: LocRes '../../../Engine/Content/Localization/ToolTips/es-MX/ToolTips.locres' could not be opened for reading!
[2024.05.29-18.44.55:197][  0]LogTextLocalizationResource: LocRes '../../../Engine/Content/Localization/PropertyNames/es-MX/PropertyNames.locres' could not be opened for reading!
[2024.05.29-18.44.55:207][  0]LogTextLocalizationResource: LocRes '../../../Engine/Content/Localization/Engine/es-MX/Engine.locres' could not be opened for reading!
[2024.05.29-18.44.55:224][  0]LogTextLocalizationResource: LocRes '../../../Engine/Plugins/Online/OnlineSubsystemUtils/Content/Localization/OnlineSubsystemUtils/es-MX/OnlineSubsystemUtils.locres' could not be opened for reading!
[2024.05.29-18.44.55:235][  0]LogTextLocalizationResource: LocRes '../../../Engine/Plugins/Online/Android/OnlineSubsystemGooglePlay/Content/Localization/OnlineSubsystemGooglePlay/es-MX/OnlineSubsystemGooglePlay.locres' could not be opened for reading!
[2024.05.29-18.44.55:274][  0]LogTextLocalizationResource: LocRes '../../../Engine/Plugins/Online/IOS/OnlineSubsystemIOS/Content/Localization/OnlineSubsystemIOS/es-MX/OnlineSubsystemIOS.locres' could not be opened for reading!
[2024.05.29-18.44.55:543][  0]LogInit: Setting process to per monitor DPI aware
[2024.05.29-18.44.55:560][  0]LogWindowsTextInputMethodSystem: Display: IME system deactivated.
[2024.05.29-18.44.55:591][  0]LogSlate: New Slate User Created.  User Index 0, Is Virtual User: 0
[2024.05.29-18.44.55:593][  0]LogSlate: Slate User Registered.  User Index 0, Is Virtual User: 0
[2024.05.29-18.44.59:241][  0]LogD3D11RHI: Loaded GFSDK_Aftermath_Lib.x64.dll
[2024.05.29-18.44.59:243][  0]LogD3D11RHI: D3D11 min allowed feature level: 11_0
[2024.05.29-18.44.59:243][  0]LogD3D11RHI: D3D11 max allowed feature level: 11_0
[2024.05.29-18.44.59:243][  0]LogD3D11RHI: D3D11 adapters:
[2024.05.29-18.44.59:330][  0]LogD3D11RHI:    0. 'AMD Radeon(TM) Vega 8 Graphics' (Feature Level 11_0)
[2024.05.29-18.44.59:330][  0]LogD3D11RHI:       2034/0/5076 MB DedicatedVideo/DedicatedSystem/SharedSystem, Outputs:1, VendorId:0x1002
[2024.05.29-18.44.59:339][  0]LogD3D11RHI:    1. 'Microsoft Basic Render Driver' (Feature Level 11_0)
[2024.05.29-18.44.59:339][  0]LogD3D11RHI:       0/0/5076 MB DedicatedVideo/DedicatedSystem/SharedSystem, Outputs:0, VendorId:0x1414
[2024.05.29-18.44.59:339][  0]LogD3D11RHI: Chosen D3D11 Adapter:
[2024.05.29-18.44.59:339][  0]LogD3D11RHI:     Description : AMD Radeon(TM) Vega 8 Graphics
[2024.05.29-18.44.59:339][  0]LogD3D11RHI:     VendorId    : 1002
[2024.05.29-18.44.59:339][  0]LogD3D11RHI:     DeviceId    : 15d8
[2024.05.29-18.44.59:339][  0]LogD3D11RHI:     SubSysId    : 8615103c
[2024.05.29-18.44.59:339][  0]LogD3D11RHI:     Revision    : 00c2
[2024.05.29-18.44.59:339][  0]LogD3D11RHI:     DedicatedVideoMemory : 2133184512 bytes
[2024.05.29-18.44.59:339][  0]LogD3D11RHI:     DedicatedSystemMemory : 0 bytes
[2024.05.29-18.44.59:339][  0]LogD3D11RHI:     SharedSystemMemory : 5323497472 bytes
[2024.05.29-18.44.59:339][  0]LogD3D11RHI:     AdapterLuid : 0 81416
[2024.05.29-18.44.59:355][  0]LogD3D11RHI: Creating new Direct3DDevice
[2024.05.29-18.44.59:355][  0]LogD3D11RHI:     GPU DeviceId: 0x15d8 (for the marketing name, search the web for "GPU Device Id")
[2024.05.29-18.44.59:355][  0]LogWindows: EnumDisplayDevices:
[2024.05.29-18.44.59:355][  0]LogWindows:    0. 'AMD Radeon(TM) Vega 8 Graphics' (P:1 D:1)
[2024.05.29-18.44.59:356][  0]LogWindows:    1. 'AMD Radeon(TM) Vega 8 Graphics' (P:0 D:0)
[2024.05.29-18.44.59:357][  0]LogWindows:    2. 'AMD Radeon(TM) Vega 8 Graphics' (P:0 D:0)
[2024.05.29-18.44.59:363][  0]LogWindows:    3. 'AMD Radeon(TM) Vega 8 Graphics' (P:0 D:0)
[2024.05.29-18.44.59:364][  0]LogWindows: DebugString: FoundDriverCount:4 
[2024.05.29-18.44.59:365][  0]LogD3D11RHI:     Adapter Name: AMD Radeon(TM) Vega 8 Graphics
[2024.05.29-18.44.59:365][  0]LogD3D11RHI:   Driver Version: Adrenalin 2020 20.9.1 (internal:27.20.12029.1000, unified:27.20.12029.1000)
[2024.05.29-18.44.59:365][  0]LogD3D11RHI:      Driver Date: 9-9-2020
[2024.05.29-18.44.59:366][  0]LogRHI: Texture pool is 4549 MB (70% of 6499 MB)
[2024.05.29-18.44.59:428][  0]LogD3D11RHI: Creating D3DDevice with AMD AGS, using adapter:
[2024.05.29-18.44.59:428][  0]LogD3D11RHI:     Description : AMD Radeon(TM) Vega 8 Graphics
[2024.05.29-18.44.59:428][  0]LogD3D11RHI:     VendorId    : 1002
[2024.05.29-18.44.59:428][  0]LogD3D11RHI:     DeviceId    : 15d8
[2024.05.29-18.44.59:428][  0]LogD3D11RHI:     SubSysId    : 8615103c
[2024.05.29-18.44.59:428][  0]LogD3D11RHI:     Revision    : 00c2
[2024.05.29-18.44.59:428][  0]LogD3D11RHI:     DedicatedVideoMemory : 2133184512 bytes
[2024.05.29-18.44.59:428][  0]LogD3D11RHI:     DedicatedSystemMemory : 0 bytes
[2024.05.29-18.44.59:428][  0]LogD3D11RHI:     SharedSystemMemory : 5323497472 bytes
[2024.05.29-18.44.59:429][  0]LogD3D11RHI:     AdapterLuid : 0 81416
[2024.05.29-18.44.59:526][  0]LogD3D11RHI: Created device via AGS, feature level 11_0, supported extensions 1fffffbf.
[2024.05.29-18.44.59:526][  0]LogD3D11RHI: RHI has support for 64 bit atomics
[2024.05.29-18.44.59:526][  0]LogD3D11RHI: Async texture creation enabled
[2024.05.29-18.44.59:526][  0]LogD3D11RHI: Array index from any shader is supported
[2024.05.29-18.44.59:569][  0]LogD3D11RHI: GPU Timing Frequency: 25.000000 (Debug: 2 1)
[2024.05.29-18.45.04:658][  0]LogTargetPlatformManager: Display: Loaded TargetPlatform 'AllDesktop'
[2024.05.29-18.45.04:813][  0]LogTargetPlatformManager: Display: Loaded TargetPlatform 'Android'
[2024.05.29-18.45.04:813][  0]LogTargetPlatformManager: Display: Loaded TargetPlatform 'Android_ASTC'
[2024.05.29-18.45.04:813][  0]LogTargetPlatformManager: Display: Loaded TargetPlatform 'Android_DXT'
[2024.05.29-18.45.04:813][  0]LogTargetPlatformManager: Display: Loaded TargetPlatform 'Android_ETC2'
[2024.05.29-18.45.04:813][  0]LogTargetPlatformManager: Display: Loaded TargetPlatform 'AndroidClient'
[2024.05.29-18.45.04:813][  0]LogTargetPlatformManager: Display: Loaded TargetPlatform 'Android_ASTCClient'
[2024.05.29-18.45.04:813][  0]LogTargetPlatformManager: Display: Loaded TargetPlatform 'Android_DXTClient'
[2024.05.29-18.45.04:813][  0]LogTargetPlatformManager: Display: Loaded TargetPlatform 'Android_ETC2Client'
[2024.05.29-18.45.04:813][  0]LogTargetPlatformManager: Display: Loaded TargetPlatform 'Android_Multi'
[2024.05.29-18.45.04:813][  0]LogTargetPlatformManager: Display: Loaded TargetPlatform 'Android_MultiClient'
[2024.05.29-18.45.05:003][  0]LogTargetPlatformManager: Display: Loaded TargetPlatform 'IOSClient'
[2024.05.29-18.45.05:003][  0]LogTargetPlatformManager: Display: Loaded TargetPlatform 'IOS'
[2024.05.29-18.45.05:129][  0]LogTargetPlatformManager: Display: Loaded TargetPlatform 'Linux'
[2024.05.29-18.45.05:168][  0]LogTargetPlatformManager: Display: Loaded TargetPlatform 'LinuxNoEditor'
[2024.05.29-18.45.05:207][  0]LogTargetPlatformManager: Display: Loaded TargetPlatform 'LinuxClient'
[2024.05.29-18.45.05:246][  0]LogTargetPlatformManager: Display: Loaded TargetPlatform 'LinuxServer'
[2024.05.29-18.45.05:366][  0]LogTargetPlatformManager: Display: Loaded TargetPlatform 'LinuxAArch64NoEditor'
[2024.05.29-18.45.05:404][  0]LogTargetPlatformManager: Display: Loaded TargetPlatform 'LinuxAArch64Client'
[2024.05.29-18.45.05:445][  0]LogTargetPlatformManager: Display: Loaded TargetPlatform 'LinuxAArch64Server'
[2024.05.29-18.45.05:768][  0]LogTargetPlatformManager: Display: Loaded TargetPlatform 'Lumin'
[2024.05.29-18.45.05:768][  0]LogTargetPlatformManager: Display: Loaded TargetPlatform 'LuminClient'
[2024.05.29-18.45.05:867][  0]LogTargetPlatformManager: Display: Loaded TargetPlatform 'MacNoEditor'
[2024.05.29-18.45.05:913][  0]LogTargetPlatformManager: Display: Loaded TargetPlatform 'Mac'
[2024.05.29-18.45.05:957][  0]LogTargetPlatformManager: Display: Loaded TargetPlatform 'MacClient'
[2024.05.29-18.45.06:000][  0]LogTargetPlatformManager: Display: Loaded TargetPlatform 'MacServer'
[2024.05.29-18.45.06:110][  0]LogTargetPlatformManager: Display: Loaded TargetPlatform 'TVOSClient'
[2024.05.29-18.45.06:110][  0]LogTargetPlatformManager: Display: Loaded TargetPlatform 'TVOS'
[2024.05.29-18.45.06:219][  0]LogTargetPlatformManager: Display: Loaded TargetPlatform 'WindowsNoEditor'
[2024.05.29-18.45.06:269][  0]LogTargetPlatformManager: Display: Loaded TargetPlatform 'Windows'
[2024.05.29-18.45.06:315][  0]LogTargetPlatformManager: Display: Loaded TargetPlatform 'WindowsClient'
[2024.05.29-18.45.06:364][  0]LogTargetPlatformManager: Display: Loaded TargetPlatform 'WindowsServer'
[2024.05.29-18.45.06:364][  0]LogTargetPlatformManager: Display: Building Assets For Windows
[2024.05.29-18.45.06:466][  0]LogAudioDebug: Display: Lib vorbis DLL was dynamically loaded.
[2024.05.29-18.45.06:833][  0]LogTextureFormatOodle: Display: Oodle Texture 2.9.0 init RDO Off
[2024.05.29-18.45.07:109][  0]LogRendererCore: Ray tracing is disabled. Reason: r.RayTracing=0.
[2024.05.29-18.45.07:109][  0]LogShaderCompilers: Guid format shader working directory is 22 characters bigger than the processId version (../../../../StayinAlive/Intermediate/Shaders/WorkingDirectory/10052/).
[2024.05.29-18.45.07:109][  0]LogShaderCompilers: Cleaned the shader compiler working directory 'C:/Users/gabyg/AppData/Local/Temp/UnrealShaderWorkingDir/F7D650E44655D70C7BF04AA911632508/'.
[2024.05.29-18.45.07:111][  0]LogXGEController: Cannot use XGE Controller as Incredibuild is not installed on this machine.
[2024.05.29-18.45.07:111][  0]LogShaderCompilers: Cannot use XGE Shader Compiler as Incredibuild is not installed on this machine.
[2024.05.29-18.45.07:112][  0]LogShaderCompilers: Display: Using Local Shader Compiler.
[2024.05.29-18.45.10:187][  0]LogDerivedDataCache: Display: Max Cache Size: 512 MB
[2024.05.29-18.45.10:336][  0]LogDerivedDataCache: Loaded boot cache 0.15s 122MB C:/Users/gabyg/AppData/Local/UnrealEngine/4.27/DerivedDataCache/Boot.ddc.
[2024.05.29-18.45.10:336][  0]LogDerivedDataCache: Display: Loaded Boot cache: C:/Users/gabyg/AppData/Local/UnrealEngine/4.27/DerivedDataCache/Boot.ddc
[2024.05.29-18.45.10:337][  0]LogDerivedDataCache: FDerivedDataBackendGraph:  Pak pak cache file ../../../../StayinAlive/DerivedDataCache/DDC.ddp not found, will not use a pak cache.
[2024.05.29-18.45.10:337][  0]LogDerivedDataCache: Unable to find inner node Pak for hierarchical cache Hierarchy.
[2024.05.29-18.45.10:337][  0]LogDerivedDataCache: FDerivedDataBackendGraph:  CompressedPak pak cache file ../../../../StayinAlive/DerivedDataCache/Compressed.ddp not found, will not use a pak cache.
[2024.05.29-18.45.10:337][  0]LogDerivedDataCache: Unable to find inner node CompressedPak for hierarchical cache Hierarchy.
[2024.05.29-18.45.10:373][  0]LogDerivedDataCache: Display: Pak cache opened for reading ../../../Engine/DerivedDataCache/Compressed.ddp.
[2024.05.29-18.45.10:374][  0]LogDerivedDataCache: FDerivedDataBackendGraph:  EnterprisePak pak cache file ../../../Enterprise/DerivedDataCache/Compressed.ddp not found, will not use a pak cache.
[2024.05.29-18.45.10:374][  0]LogDerivedDataCache: Unable to find inner node EnterprisePak for hierarchical cache Hierarchy.
[2024.05.29-18.45.10:388][  0]LogDerivedDataCache: Speed tests for C:/Users/gabyg/AppData/Local/UnrealEngine/Common/DerivedDataCache took 0.01 seconds
[2024.05.29-18.45.10:388][  0]LogDerivedDataCache: Display: Performance to C:/Users/gabyg/AppData/Local/UnrealEngine/Common/DerivedDataCache: Latency=0.15ms. RandomReadSpeed=541.93MBs, RandomWriteSpeed=92.41MBs. Assigned SpeedClass 'Local'
[2024.05.29-18.45.10:389][  0]LogDerivedDataCache: Using Local data cache path C:/Users/gabyg/AppData/Local/UnrealEngine/Common/DerivedDataCache: Writable
[2024.05.29-18.45.10:389][  0]LogDerivedDataCache: Shared data cache path not found in *engine.ini, will not use an Shared cache.
[2024.05.29-18.45.10:389][  0]LogDerivedDataCache: Unable to find inner node Shared for hierarchical cache Hierarchy.
[2024.05.29-18.45.10:466][  0]LogSlate: Using FreeType 2.10.0
[2024.05.29-18.45.10:643][  0]LogSlate: SlateFontServices - WITH_FREETYPE: 1, WITH_HARFBUZZ: 1
[2024.05.29-18.45.11:283][  0]LogAssetRegistry: FAssetRegistry took 0.0213 seconds to start up
[2024.05.29-18.45.14:967][  0]LogInit: Selected Device Profile: [Windows]
[2024.05.29-18.45.14:967][  0]LogInit: Active device profile: [00000204C472AC00][00000204C2B6E7C0 49] Windows
[2024.05.29-18.45.14:967][  0]LogInit: Profiles: [00000204C472AC00][00000204C2B6E7C0 49] Windows, [00000204C46C6000][00000204C2B76940 49] WindowsNoEditor, [00000204C472A100][00000204C2B7AAC0 49] WindowsServer, [00000204C46C6A00][00000204C2B72C00 49] WindowsClient, [00000204C4729700][00000204C4E3AD40 49] IOS, [00000204C46C7300][00000204C4E3EE80 49] iPadAir, [00000204C4728E00][00000204C4E42FC0 49] iPadAir2, [00000204C466A100][00000204C4E4F280 49] IPadPro, [00000204C466A200][00000204C4E4B2C0 49] iPadAir3, [00000204C46C6F00][00000204C4E53440 49] iPadAir4, [00000204C466B000][00000204C4E575C0 49] iPadMini2, [00000204C46C5500][00000204C4E5B740 49] iPadMini3, [00000204C466BC00][00000204C4E5F8C0 49] iPadMini4, [00000204C46C4900][00000204C4E63A40 49] iPadMini5, [00000204C4675A00][00000204C4E6A180 49] iPhone6, [00000204C4675B00][00000204C4E661C0 49] iPodTouch6, [00000204C472A700][00000204C4E72480 49] iPhone7, [00000204C472A600][00000204C4E6E4C0 49] iPodTouch7, [00000204C466A000][00000204C4E76640 49] iPhone5S, [00000204C472B900][00000204C4E7A7C0 49] iPhone6Plus, [00000204C466AD00][00000204C4E7E940 49] iPhone6S, [00000204C4729100][00000204C4E82AC0 49] iPhone6SPlus, [00000204C4669900][00000204C4E86C40 49] iPhone7Plus, [00000204C472B400][00000204C4E46D80 49] iPhoneSE, [00000204C4669800][00000204C4E8AEC0 49] iPhone8, [00000204C4674400][00000204C4E8F000 49] iPhone8Plus, [00000204C4728F00][00000204C4E93140 49] iPhoneX, [00000204C4674600][00000204C4E9B2C0 49] iPhoneXS, [00000204C4729000][00000204C4E9F440 49] iPhoneXSMax, [00000204C4674700][00000204C4EA35C0 49] iPhoneXR, [00000204C472BC00][00000204C4EA7740 49] iPhone11, [00000204C4669B00][00000204C4EAB8C0 49] iPhone11Pro, [00000204C4676100][00000204C4EAFA40 49] iPhone11ProMax, [00000204C466BF00][00000204C4EB3BC0 49] iPhoneSE2, [00000204C4676900][00000204C4EB61C0 49] iPhone12Mini, [00000204C466B300][00000204C4EBA340 49] iPhone12, [00000204C4677100][00000204C4EBE4C0 49] iPhone12Pro, [00000204C4668300][00000204C4EC2640 49] iPhone12ProMax, [00000204C4677500][00000204C4EC67C0 49] iPadPro105, [00000204C466A400][00000204C4ECA940 49] iPadPro129, [00000204C4677700][00000204C4ECEAC0 49] iPadPro97, [00000204C466A500][00000204C4ED2C40 49] iPadPro2_129, [00000204C472AE00][00000204C4ED6DC0 49] iPad5, [00000204C4669F00][00000204C4EDAF40 49] iPad6, [00000204C472A200][00000204C4E97080 49] iPad7, [00000204C4668800][00000204C4EDF1C0 49] iPad8, [00000204C472B000][00000204C4EE3300 49] iPadPro11, [00000204C466A600][00000204C4EEB480 49] iPadPro2_11, [00000204C4729400][00000204C4EEF600 49] iPadPro3_129, [00000204C4668400][00000204C4EF3780 49] iPadPro4_129, [00000204C4728100][00000204C4EF7900 49] AppleTV, [00000204C4669E00][00000204C4EFBA80 49] AppleTV4K, [00000204C4729C00][00000204C4EFFC00 49] TVOS, [00000204C4668600][00000204C4F02200 49] Mac, [00000204C4728300][00000204C4F06380 49] MacClient, [00000204C4669300][00000204C4F0A500 49] MacNoEditor, [00000204C4729B00][00000204C4F0E680 49] MacServer, [00000204C4668B00][00000204C4F12800 49] Linux, [00000204C4728500][00000204C4F16980 49] LinuxAArch64, [00000204C4669600][00000204C4F1EB00 49] LinuxNoEditor, [00000204C472AA00][00000204C4F5EC80 49] LinuxAArch64NoEditor, [00000204C466B400][00000204C4F62E00 49] LinuxClient, [00000204C4728B00][00000204C4F86F80 49] LinuxAArch64Client, [00000204C466AA00][00000204C4F8B100 49] LinuxServer, [00000204C472AB00][00000204C4EE7240 49] LinuxAArch64Server, [00000204C4668E00][00000204C4FA1380 49] Android, [00000204C4728700][00000204C4F234C0 49] Android_Low, [00000204C466A800][00000204C0663640 49] Android_Mid, [00000204C472B700][00000204C06677C0 49] Android_High, [00000204C466BE00][00000204C066B940 49] Android_Default, [00000204C472A800][00000204C06A5AC0 49] Android_Adreno4xx, [00000204C466A900][00000204C06A80C0 49] Android_Adreno5xx_Low, [00000204C4728400][00000204C06E4240 49] Android_Adreno5xx, [00000204C466B900][00000204C06E83C0 49] Android_Adreno6xx, [00000204C472A500][00000204C06EC540 49] Android_Adreno6xx_Vulkan, [00000204C466BA00][00000204C06F06C0 49] Android_Mali_T6xx, [00000204C472AF00][00000204C06F4840 49] Android_Mali_T7xx, [00000204C4668700][00000204C06F89C0 49] Android_Mali_T8xx, [00000204C4728600][00000204C06FCB40 49] Android_Mali_G71, [00000204C4669C00][00000204C0700CC0 49] Android_Mali_G72, [00000204C4728C00][00000204A68EEE40 49] Android_Mali_G72_Vulkan, [00000204C4669000][00000204A68F2FC0 49] Android_Mali_G76, [00000204C4729500][00000204A68F7140 49] Android_Mali_G76_Vulkan, [00000204C466B100][00000204A68FB2C0 49] Android_Mali_G77, [00000204C46C4A00][00000204C065F400 49] Android_Mali_G77_Vulkan, [00000204C4674C00][00000204A68FF540 49] Android_Mali_G78, [00000204C46C7500][00000204A6903680 49] Android_Mali_G78_Vulkan, [00000204C4674E00][00000204A69077C0 49] Android_Mali_G710, [00000204C46C5700][00000204A690F940 49] Android_Mali_G710_Vulkan, [00000204C4674200][00000204A6913AC0 49] Android_Vulkan_SM5, [00000204C46C5200][00000204A69160C0 49] Android_PowerVR_G6xxx, [00000204C4674B00][00000204A691A240 49] Android_PowerVR_GT7xxx, [00000204C46C6400][00000204A691E3C0 49] Android_PowerVR_GE8xxx, [00000204C4677200][00000204A6922540 49] Android_PowerVR_GM9xxx, [00000204C46C7F00][00000204A69266C0 49] Android_PowerVR_GM9xxx_Vulkan, [00000204C4675500][00000204A692A840 49] Android_TegraK1, [00000204C46C7100][00000204A69329C0 49] Android_Unknown_Vulkan, [00000204C4677400][00000204A6936B40 49] Lumin, [00000204C46C4800][00000204A693ACC0 49] Lumin_Desktop, [00000204C4677B00][00000204A693EE40 49] HoloLens, 
[2024.05.29-18.45.16:357][  0]LogMeshReduction: Using QuadricMeshReduction for automatic static mesh reduction
[2024.05.29-18.45.16:357][  0]LogMeshReduction: Using SimplygonMeshReduction for automatic skeletal mesh reduction
[2024.05.29-18.45.16:357][  0]LogMeshReduction: Using ProxyLODMeshReduction for automatic mesh merging
[2024.05.29-18.45.16:357][  0]LogMeshReduction: No distributed automatic mesh merging module available
[2024.05.29-18.45.16:357][  0]LogMeshMerging: No distributed automatic mesh merging module available
[2024.05.29-18.45.16:528][  0]LogNetVersion: RV 1.0.0, NetCL: 17155196, EngineNetVer: 17, GameNetVer: 0 (Checksum: 3399876282)
[2024.05.29-18.45.20:751][  0]LogTexture: Default maximum texture size for cubemaps generated from long-lat sources has been changed from 512 to unlimited. In order to preserve old behaiour for '/Engine/MapTemplates/Sky/DaylightAmbientCubemap.DaylightAmbientCubemap', its maximum texture size has been explicitly set to 512.
[2024.05.29-18.45.21:283][  0]LogHMD: PokeAHoleMaterial loaded successfully
[2024.05.29-18.45.21:297][  0]LogUObjectArray: 17098 objects as part of root set at end of initial load.
[2024.05.29-18.45.21:297][  0]LogUObjectAllocator: 4283840 out of 0 bytes used by permanent object pool.
[2024.05.29-18.45.21:297][  0]LogUObjectArray: CloseDisregardForGC: 0/0 objects in disregard for GC pool
[2024.05.29-18.45.23:947][  0]LogNiagaraDebuggerClient: Niagara Debugger Client Initialized | Session: 9B983BF74E73B7F735386E83ACC3D7A6 | Instance: CEA0DA344A04BF19D80558AC0FE22B8F (LAPTOP-1QT45U1L-10052).
[2024.05.29-18.45.24:084][  0]LogPython: Using Python 3.7.7
[2024.05.29-18.45.26:268][  0]LogUdpMessaging: Initializing bridge on interface 0.0.0.0:0 to multicast group 230.0.0.1:6666.
[2024.05.29-18.45.26:299][  0]LogTcpMessaging: Initializing TcpMessaging bridge
[2024.05.29-18.45.26:457][  0]SERIALCOMLog: Warning: SERIALCOM: Log Started
[2024.05.29-18.45.27:058][  0]SourceControl: El control de código fuente está desactivado
[2024.05.29-18.45.27:058][  0]SourceControl: El control de código fuente está desactivado
[2024.05.29-18.45.27:068][  0]SourceControl: El control de código fuente está desactivado
[2024.05.29-18.45.27:078][  0]SourceControl: El control de código fuente está desactivado
[2024.05.29-18.45.27:089][  0]SourceControl: El control de código fuente está desactivado
[2024.05.29-18.45.27:114][  0]LogUProjectInfo: Found projects:
[2024.05.29-18.45.27:119][  0]LogVSAccessor: Display: Unable to create Visual Studio setup instance: 80040154
[2024.05.29-18.45.27:121][  0]LogVSAccessor: Display: Unable to create Visual Studio setup instance: 80040154
[2024.05.29-18.45.27:124][  0]LogVSAccessor: Display: Unable to create Visual Studio setup instance: 80040154
[2024.05.29-18.45.27:694][  0]LogOpenImageDenoise: OIDN starting up
[2024.05.29-18.45.27:923][  0]LogAndroidPermission: UAndroidPermissionCallbackProxy::GetInstance
[2024.05.29-18.45.28:059][  0]LogAudioCaptureCore: Display: No Audio Capture implementations found. Audio input will be silent.
[2024.05.29-18.45.28:121][  0]LogAudioCaptureCore: Display: No Audio Capture implementations found. Audio input will be silent.
[2024.05.29-18.45.28:611][  0]LogCollectionManager: Loaded 0 collections in 0.004409 seconds
[2024.05.29-18.45.28:709][  0]LogFileCache: Scanning file cache for directory 'E:/StayinAlive/Saved/Collections/' took 0.01s
[2024.05.29-18.45.28:709][  0]LogFileCache: Scanning file cache for directory 'E:/StayinAlive/Content/Developers/gabyg/Collections/' took 0.00s
[2024.05.29-18.45.28:709][  0]LogFileCache: Scanning file cache for directory 'E:/StayinAlive/Content/Collections/' took 0.00s
[2024.05.29-18.45.28:709][  0]LogOcInput: OculusInput pre-init called
[2024.05.29-18.45.29:629][  0]LogEngine: Initializing Engine...
[2024.05.29-18.45.29:632][  0]LogHMD: PokeAHoleMaterial loaded successfully
[2024.05.29-18.45.29:632][  0]LogHMD: Initializing OVRPlugin session
[2024.05.29-18.45.34:401][  0]LogHMD: Allocating Oculus 3200 x 1600 rendertarget swapchain
[2024.05.29-18.45.34:539][  0]LogHMD: Oculus plugin initialized. Version: 4.27.2-18319896+++UE4+Release-4.27, OVRPlugin: 1.59.0
[2024.05.29-18.45.34:603][  0]LogStats: UGameplayTagsManager::InitializeManager -  0.000 s
[2024.05.29-18.45.35:198][  0]LogInit: Initializing FReadOnlyCVARCache
[2024.05.29-18.45.35:270][  0]LogAIModule: Creating AISystem for world Untitled
[2024.05.29-18.45.35:271][  0]LogAudio: Display: Initializing Audio Device Manager...
[2024.05.29-18.45.35:314][  0]LogAudio: Display: Loading Default Audio Settings Objects...
[2024.05.29-18.45.35:563][  0]LogAudio: Display: No default SoundConcurrencyObject specified (or failed to load).
[2024.05.29-18.45.35:564][  0]LogAudio: Display: Audio Device Manager Initialized
[2024.05.29-18.45.35:564][  0]LogAudio: Display: Creating Audio Device:                 Id: 1, Scope: Shared, Realtime: True
[2024.05.29-18.45.35:565][  0]LogAudioMixer: Display: Audio Mixer Platform Settings:
[2024.05.29-18.45.35:565][  0]LogAudioMixer: Display: 	Sample Rate:						  48000
[2024.05.29-18.45.35:565][  0]LogAudioMixer: Display: 	Callback Buffer Frame Size Requested: 1024
[2024.05.29-18.45.35:565][  0]LogAudioMixer: Display: 	Callback Buffer Frame Size To Use:	  1024
[2024.05.29-18.45.35:565][  0]LogAudioMixer: Display: 	Number of buffers to queue:			  1
[2024.05.29-18.45.35:565][  0]LogAudioMixer: Display: 	Max Channels (voices):				  0
[2024.05.29-18.45.35:565][  0]LogAudioMixer: Display: 	Number of Async Source Workers:		  4
[2024.05.29-18.45.35:565][  0]LogAudio: Display: AudioDevice MaxSources: 32
[2024.05.29-18.45.35:567][  0]LogAudio: Display: Audio Spatialization Plugin: Resonance Audio is external send: 1
[2024.05.29-18.45.35:567][  0]LogAudio: Display: Audio Reverb Plugin: Resonance Audio
[2024.05.29-18.45.35:567][  0]LogAudio: Display: Audio Occlusion Plugin: None (built-in).
[2024.05.29-18.45.35:567][  0]LogAudioMixer: Display: Initializing audio mixer.
[2024.05.29-18.45.36:522][  0]LogAudioMixer: Display: 0: FrontLeft
[2024.05.29-18.45.36:522][  0]LogAudioMixer: Display: 1: FrontRight
[2024.05.29-18.45.36:751][  0]LogAudioMixer: Display: Using Audio Device Auriculares (CS202)
[2024.05.29-18.45.36:761][  0]LogAudioMixer: Display: Initializing Sound Submixes...
[2024.05.29-18.45.37:087][  0]LogAudioMixer: Display: Creating Master Submix 'MasterSubmixDefault'
[2024.05.29-18.45.37:087][  0]LogAudioMixer: Display: Creating Master Submix 'MasterReverbSubmixDefault'
[2024.05.29-18.45.37:089][  0]LogAudioMixer: Display: Creating Master Submix 'MasterEQSubmixDefault'
[2024.05.29-18.45.37:092][  0]LogAudioMixer: FMixerPlatformXAudio2::StartAudioStream() called
[2024.05.29-18.45.37:092][  0]LogAudioMixer: Display: Output buffers initialized: Frames=1024, Channels=2, Samples=2048
[2024.05.29-18.45.37:147][  0]LogAudioMixer: Display: Starting AudioMixerPlatformInterface::RunInternal()
[2024.05.29-18.45.37:147][  0]LogAudioMixer: Display: FMixerPlatformXAudio2::SubmitBuffer() called for the first time
[2024.05.29-18.45.37:147][  0]LogInit: FAudioDevice initialized.
[2024.05.29-18.45.37:148][  0]LogAudio: Display: Audio Device (ID: 1) registered with world 'Untitled'.
[2024.05.29-18.45.37:148][  0]LogNetVersion: Set ProjectVersion to 1.0.0.0. Version Checksum will be recalculated on next use.
[2024.05.29-18.45.37:860][  0]LogDerivedDataCache: Saved boot cache 0.71s 122MB C:/Users/gabyg/AppData/Local/UnrealEngine/4.27/DerivedDataCache/Boot.ddc.
[2024.05.29-18.45.37:865][  0]LogInit: Texture streaming: Enabled
[2024.05.29-18.45.38:413][  0]LogAnalytics: Display: [UEEditor.Rocket.Release] APIServer = https://datarouter.ol.epicgames.com/. AppVersion = 4.27.2-18319896+++UE4+Release-4.27
[2024.05.29-18.45.38:435][  0]LogEngineSessionManager: EngineSessionManager initialized
[2024.05.29-18.45.38:435][  0]LogEditorSessionSummary: Verbose: Initializing EditorSessionSummaryWriter for editor session tracking
[2024.05.29-18.45.38:439][  0]LogEditorSessionSummary: EditorSessionSummaryWriter initialized
[2024.05.29-18.45.41:279][  0]LogInit: Transaction tracking system initialized
[2024.05.29-18.45.41:636][  0]BlueprintLog: New page: Cargar el editor
[2024.05.29-18.45.41:964][  0]LocalizationService: Localization service is disabled
[2024.05.29-18.45.42:296][  0]TimingProfiler: Initialize
[2024.05.29-18.45.42:296][  0]TimingProfiler: OnSessionChanged
[2024.05.29-18.45.42:296][  0]LoadingProfiler: Initialize
[2024.05.29-18.45.42:297][  0]LoadingProfiler: OnSessionChanged
[2024.05.29-18.45.42:297][  0]NetworkingProfiler: Initialize
[2024.05.29-18.45.42:297][  0]NetworkingProfiler: OnSessionChanged
[2024.05.29-18.45.42:297][  0]MemoryProfiler: Initialize
[2024.05.29-18.45.42:297][  0]MemoryProfiler: OnSessionChanged
[2024.05.29-18.45.45:596][  0]LogSlate: Took 0.031837 seconds to synchronously load lazily loaded font '../../../Engine/Content/Slate/Fonts/Roboto-Regular.ttf' (155K)
[2024.05.29-18.46.01:569][  0]LogD3D11RHI: Timed out while waiting for GPU to catch up. (0.5 s) (ErrorCode 00000001) (00000000)
[2024.05.29-18.46.17:161][  0]LogD3D11RHI: Timed out while waiting for GPU to catch up. (0.5 s) (ErrorCode 00000001) (00000000)
[2024.05.29-18.46.24:349][  0]LogD3D11RHI: Timed out while waiting for GPU to catch up. (0.5 s) (ErrorCode 00000001) (00000000)
[2024.05.29-18.46.26:488][  0]LogD3D11RHI: Timed out while waiting for GPU to catch up. (0.5 s) (ErrorCode 00000001) (00000000)
[2024.05.29-18.46.32:347][  0]LogD3D11RHI: Timed out while waiting for GPU to catch up. (0.5 s) (ErrorCode 00000001) (00000000)
[2024.05.29-18.46.32:979][  0]LogD3D11RHI: Timed out while waiting for GPU to catch up. (0.5 s) (ErrorCode 00000001) (00000000)
[2024.05.29-18.46.36:336][  0]LogD3D11RHI: Timed out while waiting for GPU to catch up. (0.5 s) (ErrorCode 00000001) (00000000)
[2024.05.29-18.46.39:785][  0]LogD3D11RHI: Timed out while waiting for GPU to catch up. (0.5 s) (ErrorCode 00000001) (00000000)
[2024.05.29-18.46.45:871][  0]LogD3D11RHI: Timed out while waiting for GPU to catch up. (0.5 s) (ErrorCode 00000001) (00000000)
[2024.05.29-18.46.47:669][  0]LogD3D11RHI: Timed out while waiting for GPU to catch up. (0.5 s) (ErrorCode 00000001) (00000000)
[2024.05.29-18.46.48:153][  0]LogD3D11RHI: Timed out while waiting for GPU to catch up. (0.5 s) (ErrorCode 00000001) (00000000)
[2024.05.29-18.46.48:839][  0]LogD3D11RHI: Timed out while waiting for GPU to catch up. (0.5 s) (ErrorCode 00000001) (00000000)
[2024.05.29-18.46.49:339][  0]LogD3D11RHI: Timed out while waiting for GPU to catch up. (0.5 s) (ErrorCode 00000001) (00000000)
[2024.05.29-18.46.54:609][  0]LogSlate: Window 'Low drive space warning' being destroyed
[2024.05.29-18.46.54:634][  0]LogWindowsTextInputMethodSystem: Display: IME system deactivated.
[2024.05.29-18.46.54:654][  0]Message dialog closed, result: Ok, title: Low drive space warning, text: The following drive locations have limited free space.
It is recommended that you free some space to avoid issues such as crashed and data loss due to files not being able to be written and saved.

  160 MB Free 		 C:/Users/gabyg/Documents/
 				 User directory where user specific settings are stored. 

[2024.05.29-18.46.54:657][  0]LogVSAccessor: Display: Unable to create Visual Studio setup instance: 80040154
[2024.05.29-18.46.54:659][  0]LogVSAccessor: Display: Unable to create Visual Studio setup instance: 80040154
[2024.05.29-18.46.54:662][  0]LogVSAccessor: Display: Unable to create Visual Studio setup instance: 80040154
[2024.05.29-18.47.13:531][  0]LogCook: Display: CookSettings for Memory: MemoryMaxUsedVirtual 0MiB, MemoryMaxUsedPhysical 16384MiB, MemoryMinFreeVirtual 0MiB, MemoryMinFreePhysical 1024MiB
[2024.05.29-18.47.13:531][  0]LogCook: Display: Mobile HDR setting 0
[2024.05.29-18.47.16:398][  0]LogFileCache: Scanning file cache for directory 'E:/StayinAlive/Content/' took 1.61s
[2024.05.29-18.47.32:409][  0]LogInit: Display: Engine is initialized. Leaving FEngineLoop::Init()
[2024.05.29-18.47.32:816][  0]SourceControl: El control de código fuente está desactivado
[2024.05.29-18.47.32:816][  0]LogUnrealEdMisc: Loading editor; pre map load, took 189.562
[2024.05.29-18.47.32:816][  0]Cmd: MAP LOAD FILE="../../../../StayinAlive/Content/VRTemplate/Maps/VRTemplateMap.umap" TEMPLATE=0 SHOWPROGRESS=1 FEATURELEVEL=3
[2024.05.29-18.47.32:898][  0]LightingResults: New page: Diseñar la iluminación
[2024.05.29-18.47.33:030][  0]LogWorld: UWorld::CleanupWorld for Untitled, bSessionEnded=true, bCleanupResources=true
[2024.05.29-18.47.33:031][  0]LogSlate: InvalidateAllWidgets triggered.  All widgets were invalidated
[2024.05.29-18.47.33:064][  0]MapCheck: New page: Revisión del mapa
[2024.05.29-18.47.33:065][  0]LightingResults: New page: Diseñar la iluminación
[2024.05.29-18.47.33:084][  0]LogAudio: Display: Audio Device unregistered from world 'None'.
[2024.05.29-18.47.33:096][  0]LogUObjectHash: Compacting FUObjectHashTables data took   4.21ms
[2024.05.29-18.48.10:273][  0]LogAudio: Display: Audio Device (ID: 1) registered with world 'VRTemplateMap'.
[2024.05.29-18.48.10:284][  0]LogAIModule: Creating AISystem for world VRTemplateMap
[2024.05.29-18.48.10:388][  0]LogEditorServer: Finished looking for orphan Actors (0.000 secs)
[2024.05.29-18.48.10:715][  0]LogD3D11RHI: Error: Direct3DDevice->CreateTexture2D(TextureDesc,SubResourceData,OutTexture2D) failed 
 at D:/Build/++UE4/Sync/Engine/Source/Runtime/Windows/D3D11RHI/Private/D3D11Texture.cpp:534 
 with error E_OUTOFMEMORY, 
 Size=929x929x1 PF=21 D3DFormat=(0x00000036), NumMips=1, Flags=D3D11_BIND_SHADER_RESOURCE , Usage:0x0, CPUFlags:0x0, MiscFlags:0x0, SampleCount:0x1, SampleQuality:0x0, SubresPtr:0x0000000000000000, SubresPitch:0, SubresSlicePitch:0
[2024.05.29-18.48.15:527][  0]LogConsoleResponse:      7 = 64 KB (2D 128x128 PF_B8G8R8A8) PerlinNoiseGradient
[2024.05.29-18.48.15:528][  0]LogConsoleResponse:     18 = 32 KB (2D 64x64 PF_FloatRGBA VRam) LTCMat VRamInKB(Start/Size):<NONE>
[2024.05.29-18.48.15:528][  0]LogConsoleResponse:     15 = 16 KB (2D 128x32 PF_G16R16) PreintegratedGF
[2024.05.29-18.48.15:528][  0]LogConsoleResponse:     19 = 16 KB (2D 64x64 PF_G16R16F VRam) LTCAmp VRamInKB(Start/Size):<NONE>
[2024.05.29-18.48.15:528][  0]LogConsoleResponse:     16 = 16 KB (3D 16x16x16 PF_B8G8R8A8) PerlinNoise3D
[2024.05.29-18.48.15:528][  0]LogConsoleResponse:     20 = 8 KB (2D 64x64 PF_R8G8) SSAORandomization
[2024.05.29-18.48.15:528][  0]LogConsoleResponse:     21 = 8 KB (3D 16x16x16 PF_R16F) GTAOPreIntegrated
[2024.05.29-18.48.15:528][  0]LogConsoleResponse:      4 = 1 KB (2D 1x1 PF_B8G8R8A8 RT) BlackAlphaOneDummy
[2024.05.29-18.48.15:528][  0]LogConsoleResponse:      2 = 1 KB (2D 1x1 PF_B8G8R8A8 RT) BlackDummy
[2024.05.29-18.48.15:528][  0]LogConsoleResponse:      6 = 1 KB (2D 1x1 PF_B8G8R8A8 RT) DefaultNormal8Bit
[2024.05.29-18.48.15:528][  0]LogConsoleResponse:      5 = 1 KB (2D 1x1 PF_B8G8R8A8 RT) GreenDummy
[2024.05.29-18.48.15:528][  0]LogConsoleResponse:      1 = 1 KB (2D 1x1 PF_B8G8R8A8 RT) WhiteDummy
[2024.05.29-18.48.15:528][  0]LogConsoleResponse:      9 = 1 KB (2D 1x1 PF_DepthStencil) DepthDummy
[2024.05.29-18.48.15:528][  0]LogConsoleResponse:      8 = 1 KB (2D 1x1 PF_FloatRGBA RT) MaxFP16Depth
[2024.05.29-18.48.15:528][  0]LogConsoleResponse:     11 = 1 KB (2D 1x1 PF_FloatRGBA RT) MidGreyDummy
[2024.05.29-18.48.15:528][  0]LogConsoleResponse:      3 = 1 KB (2D 1x1 PF_R32_UINT RT) ZeroUIntDummy
[2024.05.29-18.48.15:528][  0]LogConsoleResponse:     10 = 1 KB (2D 1x1 PF_R8G8B8A8_UINT RT) StencilDummy
[2024.05.29-18.48.15:528][  0]LogConsoleResponse:     12 = 1 KB (2D 32x16 PF_R16_UINT) SobolSampling
[2024.05.29-18.48.15:528][  0]LogConsoleResponse:     17 = 1 KB (2D 4x4 PF_R8G8B8A8) GTAORandomization
[2024.05.29-18.48.15:528][  0]LogConsoleResponse:     14 = 1 KB (3D 1x1x1 PF_B8G8R8A8 RT) HairLUT0
[2024.05.29-18.48.15:528][  0]LogConsoleResponse:     13 = 1 KB (3D 1x1x1 PF_B8G8R8A8 RT) VolumetricBlackDummy
[2024.05.29-18.48.15:528][  0]LogConsoleResponse: 
[2024.05.29-18.48.15:528][  0]LogConsoleResponse: Pool: 1/1 MB (referenced/allocated)
[2024.05.29-18.48.15:528][  0]Cmd: rhi.DumpMemory
[2024.05.29-18.48.16:404][  0]RHI resource memory (not tracked by our allocator)
[2024.05.29-18.48.16:424][  0]               0  -  Pixel buffer memory - STAT_PixelBufferMemory - STATGROUP_RHI - STATCAT_Advanced
[2024.05.29-18.48.16:424][  0]               0  -  Structured buffer memory - STAT_StructuredBufferMemory - STATGROUP_RHI - STATCAT_Advanced
[2024.05.29-18.48.16:424][  0]               0  -  Vertex buffer memory - STAT_VertexBufferMemory - STATGROUP_RHI - STATCAT_Advanced
[2024.05.29-18.48.16:424][  0]               0  -  Index buffer memory - STAT_IndexBufferMemory - STATGROUP_RHI - STATCAT_Advanced
[2024.05.29-18.48.16:424][  0]               0  -  Uniform buffer memory - STAT_UniformBufferMemory - STATGROUP_RHI - STATCAT_Advanced
[2024.05.29-18.48.16:424][  0]               0  -  Texture memory Cube - STAT_TextureMemoryCube - STATGROUP_RHI - STATCAT_Advanced
[2024.05.29-18.48.16:424][  0]               0  -  Texture memory 3D - STAT_TextureMemory3D - STATGROUP_RHI - STATCAT_Advanced
[2024.05.29-18.48.16:424][  0]               0  -  Texture memory 2D - STAT_TextureMemory2D - STATGROUP_RHI - STATCAT_Advanced
[2024.05.29-18.48.16:424][  0]               0  -  Render target memory Cube - STAT_RenderTargetMemoryCube - STATGROUP_RHI - STATCAT_Advanced
[2024.05.29-18.48.16:424][  0]               0  -  Render target memory 3D - STAT_RenderTargetMemory3D - STATGROUP_RHI - STATCAT_Advanced
[2024.05.29-18.48.16:424][  0]               0  -  Render target memory 2D - STAT_RenderTargetMemory2D - STATGROUP_RHI - STATCAT_Advanced
[2024.05.29-18.48.16:424][  0]0.000MB total
[2024.05.29-18.48.16:424][  0]LogWindows: FPlatformMisc::RequestExit(1)
[2024.05.29-18.48.16:425][  0]LogWindows: FPlatformMisc::RequestExitWithStatus(1, 0)
[2024.05.29-18.48.16:425][  0]LogCore: Engine exit requested (reason: Win RequestExit)
[2024.05.29-18.48.16:483][  0]Log file closed, 05/29/24 12:48:16
