Log file open, 05/29/24 16:41:36
LogWindows: Failed to load 'aqProf.dll' (GetLastError=126)
LogWindows: File 'aqProf.dll' does not exist
LogWindows: Failed to load 'VtuneApi.dll' (GetLastError=126)
LogWindows: File 'VtuneApi.dll' does not exist
LogWindows: Failed to load 'VtuneApi32e.dll' (GetLastError=126)
LogWindows: File 'VtuneApi32e.dll' does not exist
LogConsoleResponse: Display: Failed to find resolution value strings in scalability ini. Falling back to default.
LogConsoleResponse: Display: Failed to find resolution value strings in scalability ini. Falling back to default.
LogInit: Display: Running engine for game: RV
LogPlatformFile: Not using cached read wrapper
LogTaskGraph: Started task graph with 5 named threads and 23 total threads with 3 sets of task threads.
LogStats: Stats thread started at 1.698295
LogICUInternationalization: ICU TimeZone Detection - Raw Offset: -6:00, Platform Override: ''
LogInit: Display: Loading text-based GConfig....
LogPluginManager: Mounting plugin MeshPainting
LogPluginManager: Mounting plugin XGEController
LogPluginManager: Mounting plugin Paper2D
LogPluginManager: Mounting plugin EnvironmentQueryEditor
LogPluginManager: Mounting plugin AISupport
LogPluginManager: Mounting plugin LiveLink
LogPluginManager: Mounting plugin LightPropagationVolume
LogPluginManager: Mounting plugin CameraShakePreviewer
LogPluginManager: Mounting plugin GameplayCameras
LogPluginManager: Mounting plugin OodleData
LogPluginManager: Mounting plugin OodleNetwork
LogPluginManager: Mounting plugin DatasmithContent
LogPluginManager: Mounting plugin VariantManagerContent
LogPluginManager: Mounting plugin AssetManagerEditor
LogPluginManager: Mounting plugin AlembicImporter
LogPluginManager: Mounting plugin AutomationUtils
LogPluginManager: Mounting plugin BackChannel
LogPluginManager: Mounting plugin ChaosCloth
LogPluginManager: Mounting plugin ChaosClothEditor
LogPluginManager: Mounting plugin ChaosNiagara
LogPluginManager: Mounting plugin ChaosEditor
LogPluginManager: Mounting plugin ChaosSolverPlugin
LogPluginManager: Mounting plugin CharacterAI
LogPluginManager: Mounting plugin MagicLeap
LogPluginManager: Mounting plugin LuminPlatformFeatures
LogPluginManager: Mounting plugin MagicLeapLightEstimation
LogPluginManager: Mounting plugin MagicLeapMedia
LogPluginManager: Mounting plugin MagicLeapPassableWorld
LogPluginManager: Mounting plugin GeometryCache
LogPluginManager: Mounting plugin GeometryCollectionPlugin
LogPluginManager: Mounting plugin MLSDK
LogPluginManager: Mounting plugin GeometryProcessing
LogPluginManager: Mounting plugin MotoSynth
LogPluginManager: Mounting plugin OpenImageDenoise
LogPluginManager: Mounting plugin PlanarCut
LogPluginManager: Mounting plugin ProxyLODPlugin
LogPluginManager: Mounting plugin PythonScriptPlugin
LogPluginManager: Mounting plugin PlatformCrypto
LogPluginManager: Mounting plugin SkeletalReduction
LogPluginManager: Mounting plugin AndroidMedia
LogPluginManager: Mounting plugin AvfMedia
LogPluginManager: Mounting plugin ImgMedia
LogPluginManager: Mounting plugin MediaCompositing
LogPluginManager: Mounting plugin MediaPlayerEditor
LogPluginManager: Mounting plugin WebMMedia
LogPluginManager: Mounting plugin WmfMedia
LogPluginManager: Mounting plugin Niagara
LogPluginManager: Mounting plugin TcpMessaging
LogPluginManager: Mounting plugin UdpMessaging
LogPluginManager: Mounting plugin LevelSequenceEditor
LogPluginManager: Mounting plugin ActorSequence
LogPluginManager: Mounting plugin MatineeToLevelSequence
LogPluginManager: Mounting plugin TemplateSequence
LogPluginManager: Mounting plugin OnlineSubsystem
LogPluginManager: Mounting plugin OnlineSubsystemNull
LogPluginManager: Mounting plugin OnlineSubsystemUtils
LogPluginManager: Mounting plugin LauncherChunkInstaller
LogPluginManager: Mounting plugin ActorLayerUtilities
LogPluginManager: Mounting plugin AndroidDeviceProfileSelector
LogPluginManager: Mounting plugin AndroidMoviePlayer
LogPluginManager: Mounting plugin AndroidPermission
LogPluginManager: Mounting plugin AppleImageUtils
LogPluginManager: Mounting plugin AppleMoviePlayer
LogPluginManager: Mounting plugin ArchVisCharacter
LogPluginManager: Mounting plugin AssetTags
LogPluginManager: Mounting plugin AudioCapture
LogPluginManager: Mounting plugin AudioSynesthesia
LogPluginManager: Mounting plugin CableComponent
LogPluginManager: Mounting plugin CustomMeshComponent
LogPluginManager: Mounting plugin ChunkDownloader
LogPluginManager: Mounting plugin EditableMesh
LogPluginManager: Mounting plugin ExampleDeviceProfileSelector
LogPluginManager: Mounting plugin GoogleCloudMessaging
LogPluginManager: Mounting plugin GooglePAD
LogPluginManager: Mounting plugin IOSDeviceProfileSelector
LogPluginManager: Mounting plugin LinuxDeviceProfileSelector
LogPluginManager: Mounting plugin LocationServicesBPLibrary
LogPluginManager: Mounting plugin MobilePatchingUtils
LogPluginManager: Mounting plugin OpenXR
LogPluginManager: Mounting plugin OpenXREyeTracker
LogPluginManager: Mounting plugin OpenXRHandTracking
LogPluginManager: Mounting plugin PhysXVehicles
LogPluginManager: Mounting plugin CurveEditorTools
LogPluginManager: Mounting plugin DataValidation
LogPluginManager: Mounting plugin FacialAnimation
LogPluginManager: Mounting plugin GameplayTagsEditor
LogPluginManager: Mounting plugin GeometryMode
LogPluginManager: Mounting plugin MacGraphicsSwitching
LogPluginManager: Mounting plugin MaterialAnalyzer
LogPluginManager: Mounting plugin PluginBrowser
LogPluginManager: Mounting plugin MobileLauncherProfileWizard
LogPluginManager: Mounting plugin CryptoKeys
LogPluginManager: Mounting plugin PostSplashScreen
LogPluginManager: Mounting plugin ProceduralMeshComponent
LogPluginManager: Mounting plugin PropertyAccessEditor
LogPluginManager: Mounting plugin ResonanceAudio
LogPluginManager: Mounting plugin RuntimePhysXCooking
LogPluginManager: Mounting plugin SignificanceManager
LogPluginManager: Mounting plugin SoundFields
LogPluginManager: Mounting plugin Synthesis
LogPluginManager: Mounting plugin WebMMoviePlayer
LogPluginManager: Mounting plugin ScreenshotTools
LogPluginManager: Mounting plugin WindowsMoviePlayer
LogPluginManager: Mounting plugin AnimationSharing
LogPluginManager: Mounting plugin CLionSourceCodeAccess
LogPluginManager: Mounting plugin CodeLiteSourceCodeAccess
LogPluginManager: Mounting plugin GitSourceControl
LogPluginManager: Mounting plugin KDevelopSourceCodeAccess
LogPluginManager: Mounting plugin NullSourceCodeAccess
LogPluginManager: Mounting plugin PixWinPlugin
LogPluginManager: Mounting plugin PerforceSourceControl
LogPluginManager: Mounting plugin PlasticSourceControl
LogPluginManager: Mounting plugin PluginUtils
LogPluginManager: Mounting plugin PropertyAccessNode
LogPluginManager: Mounting plugin RiderSourceCodeAccess
LogPluginManager: Mounting plugin SubversionSourceControl
LogPluginManager: Mounting plugin TextureFormatOodle
LogPluginManager: Mounting plugin UObjectPlugin
LogPluginManager: Mounting plugin VisualStudioCodeSourceCodeAccess
LogPluginManager: Mounting plugin VisualStudioSourceCodeAccess
LogPluginManager: Mounting plugin XCodeSourceCodeAccess
LogPluginManager: Mounting plugin Takes
LogPluginManager: Mounting plugin SpeedTreeImporter
LogPluginManager: Mounting plugin OnlineSubsystemGooglePlay
LogPluginManager: Mounting plugin OnlineSubsystemIOS
LogPluginManager: Mounting plugin OculusAudio
LogPluginManager: Mounting plugin OculusOpenXR
LogPluginManager: Mounting plugin OculusVR
LogPluginManager: Mounting plugin ContentBrowserAssetDataSource
LogPluginManager: Mounting plugin ContentBrowserClassDataSource
LogPluginManager: Mounting plugin ContentBrowserFileDataSource
LogPluginManager: Mounting plugin SERIALCOM
LogInit: Using libcurl 7.55.1-DEV
LogInit:  - built for x86_64-pc-win32
LogInit:  - supports SSL with OpenSSL/1.1.1
LogInit:  - supports HTTP deflate (compression) using libz 1.2.8
LogInit:  - other features:
LogInit:      CURL_VERSION_SSL
LogInit:      CURL_VERSION_LIBZ
LogInit:      CURL_VERSION_IPV6
LogInit:      CURL_VERSION_ASYNCHDNS
LogInit:      CURL_VERSION_LARGEFILE
LogInit:      CURL_VERSION_IDN
LogInit:  CurlRequestOptions (configurable via config and command line):
LogInit:  - bVerifyPeer = true  - Libcurl will verify peer certificate
LogInit:  - bUseHttpProxy = false  - Libcurl will NOT use HTTP proxy
LogInit:  - bDontReuseConnections = false  - Libcurl will reuse connections
LogInit:  - MaxHostConnections = 16  - Libcurl will limit the number of connections to a host
LogInit:  - LocalHostAddr = Default
LogInit:  - BufferSize = 65536
LogOnline: OSS: Creating online subsystem instance for: NULL
LogInit: WinSock: version 1.1 (2.2), MaxSocks=32767, MaxUdp=65467
LogOnline: OSS: TryLoadSubsystemAndSetDefault: Loaded subsystem for module [NULL]
PixWinPlugin: PIX capture plugin failed to initialize! Check that the process is launched from PIX.
LogAudio: Display: Oculus Audio: Middleware plugins not found, assuming native UE4 AudioMixer
LogAudio: Display: Oculus Audio: Attempting to load Oculus Spatializer DLL: ../../../Engine/Binaries/ThirdParty/Oculus/Audio/Win64/ (from ovraudio64)
LogOculusPluginWrapper: OculusPlugin initialized successfully
LogHMD: FOculusHMDModule PreInit successfully
LogInit: Build: ++UE4+Release-4.27-CL-18319896
LogInit: Engine Version: 4.27.2-18319896+++UE4+Release-4.27
LogInit: Compatible Engine Version: 4.27.0-17155196+++UE4+Release-4.27
LogInit: Net CL: 17155196
LogInit: OS: Windows 10 (Release 2009) (), CPU: AMD Ryzen 5 3500U with Radeon Vega Mobile Gfx  , GPU: AMD Radeon(TM) Vega 8 Graphics
LogInit: Compiled (64-bit): Nov 30 2021 07:12:08
LogInit: Compiled with Visual C++: 19.24.28315.00
LogInit: Build Configuration: Development
LogInit: Branch Name: ++UE4+Release-4.27
LogInit: Command Line: 
LogInit: Base Directory: E:/UE_4.27/Engine/Binaries/Win64/
LogInit: Allocator: TBB
LogInit: Installed Engine Build: 1
LogDevObjectVersion: Number of dev versions registered: 29
LogDevObjectVersion:   Dev-Blueprints (B0D832E4-1F89-4F0D-ACCF-7EB736FD4AA2): 10
LogDevObjectVersion:   Dev-Build (E1C64328-A22C-4D53-A36C-8E866417BD8C): 0
LogDevObjectVersion:   Dev-Core (375EC13C-06E4-48FB-B500-84F0262A717E): 4
LogDevObjectVersion:   Dev-Editor (E4B068ED-F494-42E9-A231-DA0B2E46BB41): 40
LogDevObjectVersion:   Dev-Framework (CFFC743F-43B0-4480-9391-14DF171D2073): 37
LogDevObjectVersion:   Dev-Mobile (B02B49B5-BB20-44E9-A304-32B752E40360): 3
LogDevObjectVersion:   Dev-Networking (A4E4105C-59A1-49B5-A7C5-40C4547EDFEE): 0
LogDevObjectVersion:   Dev-Online (39C831C9-5AE6-47DC-9A44-9C173E1C8E7C): 0
LogDevObjectVersion:   Dev-Physics (78F01B33-EBEA-4F98-B9B4-84EACCB95AA2): 14
LogDevObjectVersion:   Dev-Platform (6631380F-2D4D-43E0-8009-CF276956A95A): 0
LogDevObjectVersion:   Dev-Rendering (12F88B9F-8875-4AFC-A67C-D90C383ABD29): 45
LogDevObjectVersion:   Dev-Sequencer (7B5AE74C-D270-4C10-A958-57980B212A5A): 13
LogDevObjectVersion:   Dev-VR (D7296918-1DD6-4BDD-9DE2-64A83CC13884): 3
LogDevObjectVersion:   Dev-LoadTimes (C2A15278-BFE7-4AFE-6C17-90FF531DF755): 1
LogDevObjectVersion:   Private-Geometry (6EACA3D4-40EC-4CC1-B786-8BED09428FC5): 3
LogDevObjectVersion:   Dev-AnimPhys (29E575DD-E0A3-4627-9D10-D276232CDCEA): 17
LogDevObjectVersion:   Dev-Anim (AF43A65D-7FD3-4947-9873-3E8ED9C1BB05): 15
LogDevObjectVersion:   Dev-ReflectionCapture (6B266CEC-1EC7-4B8F-A30B-E4D90942FC07): 1
LogDevObjectVersion:   Dev-Automation (0DF73D61-A23F-47EA-B727-89E90C41499A): 1
LogDevObjectVersion:   FortniteMain (601D1886-AC64-4F84-AA16-D3DE0DEAC7D6): 47
LogDevObjectVersion:   FortniteRelease (E7086368-6B23-4C58-8439-1B7016265E91): 1
LogDevObjectVersion:   Dev-Enterprise (9DFFBCD6-494F-0158-E221-12823C92A888): 10
LogDevObjectVersion:   Dev-Niagara (F2AED0AC-9AFE-416F-8664-AA7FFA26D6FC): 1
LogDevObjectVersion:   Dev-Destruction (174F1F0B-B4C6-45A5-B13F-2EE8D0FB917D): 10
LogDevObjectVersion:   Dev-Physics-Ext (35F94A83-E258-406C-A318-09F59610247C): 41
LogDevObjectVersion:   Dev-PhysicsMaterial-Chaos (B68FC16E-8B1B-42E2-B453-215C058844FE): 1
LogDevObjectVersion:   Dev-CineCamera (B2E18506-4273-CFC2-A54E-F4BB758BBA07): 1
LogDevObjectVersion:   Dev-VirtualProduction (64F58936-FD1B-42BA-BA96-7289D5D0FA4E): 1
LogDevObjectVersion:   Dev-MediaFramework (6F0ED827-A609-4895-9C91-998D90180EA4): 2
LogInit: Presizing for max 25165824 objects, including 0 objects not considered by GC, pre-allocating 0 bytes for permanent pool.
LogConfig: Applying CVar settings from Section [/Script/Engine.StreamingSettings] File [E:/StayinAlive/Saved/Config/Windows/Engine.ini]
LogConfig: Setting CVar [[s.MinBulkDataSizeForAsyncLoading:131072]]
LogConfig: Setting CVar [[s.AsyncLoadingThreadEnabled:0]]
LogConfig: Setting CVar [[s.EventDrivenLoaderEnabled:1]]
LogConfig: Setting CVar [[s.WarnIfTimeLimitExceeded:0]]
LogConfig: Setting CVar [[s.TimeLimitExceededMultiplier:1.5]]
LogConfig: Setting CVar [[s.TimeLimitExceededMinTime:0.005]]
LogConfig: Setting CVar [[s.UseBackgroundLevelStreaming:1]]
LogConfig: Setting CVar [[s.PriorityAsyncLoadingExtraTime:15.0]]
LogConfig: Setting CVar [[s.LevelStreamingActorsUpdateTimeLimit:5.0]]
LogConfig: Setting CVar [[s.PriorityLevelStreamingActorsUpdateExtraTime:5.0]]
LogConfig: Setting CVar [[s.LevelStreamingComponentsRegistrationGranularity:10]]
LogConfig: Setting CVar [[s.UnregisterComponentsTimeLimit:1.0]]
LogConfig: Setting CVar [[s.LevelStreamingComponentsUnregistrationGranularity:5]]
LogConfig: Setting CVar [[s.FlushStreamingOnExit:1]]
LogInit: Object subsystem initialized
LogConfig: Setting CVar [[con.DebugEarlyDefault:1]]
LogConfig: Setting CVar [[r.setres:1280x720]]
[2024.05.29-22.47.31:511][  0]LogConfig: Setting CVar [[r.VSync:0]]
[2024.05.29-22.47.31:511][  0]LogConfig: Setting CVar [[r.RHICmdBypass:0]]
[2024.05.29-22.47.31:511][  0]LogConfig: Applying CVar settings from Section [/Script/Engine.RendererSettings] File [E:/StayinAlive/Saved/Config/Windows/Engine.ini]
[2024.05.29-22.47.31:511][  0]LogConfig: Setting CVar [[r.GPUCrashDebugging:0]]
[2024.05.29-22.47.31:512][  0]LogConfig: Setting CVar [[r.Mobile.DisableVertexFog:1]]
[2024.05.29-22.47.31:512][  0]LogConfig: Setting CVar [[r.Shadow.CSM.MaxMobileCascades:2]]
[2024.05.29-22.47.31:512][  0]LogConfig: Setting CVar [[r.MobileMSAA:4]]
[2024.05.29-22.47.31:512][  0]LogConfig: Setting CVar [[r.Mobile.AllowDitheredLODTransition:0]]
[2024.05.29-22.47.31:512][  0]LogConfig: Setting CVar [[r.Mobile.AllowSoftwareOcclusion:0]]
[2024.05.29-22.47.31:512][  0]LogConfig: Setting CVar [[r.Mobile.VirtualTextures:0]]
[2024.05.29-22.47.31:512][  0]LogConfig: Setting CVar [[r.DiscardUnusedQuality:0]]
[2024.05.29-22.47.31:512][  0]LogConfig: Setting CVar [[r.AllowOcclusionQueries:1]]
[2024.05.29-22.47.31:512][  0]LogConfig: Setting CVar [[r.MinScreenRadiusForLights:0.030000]]
[2024.05.29-22.47.31:512][  0]LogConfig: Setting CVar [[r.MinScreenRadiusForDepthPrepass:0.030000]]
[2024.05.29-22.47.31:512][  0]LogConfig: Setting CVar [[r.MinScreenRadiusForCSMDepth:0.010000]]
[2024.05.29-22.47.31:512][  0]LogConfig: Setting CVar [[r.PrecomputedVisibilityWarning:0]]
[2024.05.29-22.47.31:512][  0]LogConfig: Setting CVar [[r.TextureStreaming:1]]
[2024.05.29-22.47.31:512][  0]LogConfig: Setting CVar [[Compat.UseDXT5NormalMaps:0]]
[2024.05.29-22.47.31:512][  0]LogConfig: Setting CVar [[r.VirtualTextures:0]]
[2024.05.29-22.47.31:512][  0]LogConfig: Setting CVar [[r.VirtualTexturedLightmaps:0]]
[2024.05.29-22.47.31:512][  0]LogConfig: Setting CVar [[r.VT.TileSize:128]]
[2024.05.29-22.47.31:512][  0]LogConfig: Setting CVar [[r.VT.TileBorderSize:4]]
[2024.05.29-22.47.31:512][  0]LogConfig: Setting CVar [[r.vt.FeedbackFactor:16]]
[2024.05.29-22.47.31:512][  0]LogConfig: Setting CVar [[r.VT.EnableCompressZlib:1]]
[2024.05.29-22.47.31:512][  0]LogConfig: Setting CVar [[r.VT.EnableCompressCrunch:0]]
[2024.05.29-22.47.31:512][  0]LogConfig: Setting CVar [[r.ClearCoatNormal:0]]
[2024.05.29-22.47.31:512][  0]LogConfig: Setting CVar [[r.ReflectionCaptureResolution:128]]
[2024.05.29-22.47.31:512][  0]LogConfig: Setting CVar [[r.Mobile.ReflectionCaptureCompression:0]]
[2024.05.29-22.47.31:512][  0]LogConfig: Setting CVar [[r.ReflectionEnvironmentLightmapMixBasedOnRoughness:1]]
[2024.05.29-22.47.31:512][  0]LogConfig: Setting CVar [[r.ForwardShading:1]]
[2024.05.29-22.47.31:512][  0]LogConfig: Setting CVar [[r.VertexFoggingForOpaque:1]]
[2024.05.29-22.47.31:512][  0]LogConfig: Setting CVar [[r.AllowStaticLighting:1]]
[2024.05.29-22.47.31:512][  0]LogConfig: Setting CVar [[r.NormalMapsForStaticLighting:0]]
[2024.05.29-22.47.31:512][  0]LogConfig: Setting CVar [[r.GenerateMeshDistanceFields:0]]
[2024.05.29-22.47.31:512][  0]LogConfig: Setting CVar [[r.DistanceFieldBuild.EightBit:0]]
[2024.05.29-22.47.31:512][  0]LogConfig: Setting CVar [[r.GenerateLandscapeGIData:0]]
[2024.05.29-22.47.31:512][  0]LogConfig: Setting CVar [[r.DistanceFieldBuild.Compress:0]]
[2024.05.29-22.47.31:512][  0]LogConfig: Setting CVar [[r.TessellationAdaptivePixelsPerTriangle:48.000000]]
[2024.05.29-22.47.31:512][  0]LogConfig: Setting CVar [[r.SeparateTranslucency:0]]
[2024.05.29-22.47.31:512][  0]LogConfig: Setting CVar [[r.TranslucentSortPolicy:0]]
[2024.05.29-22.47.31:512][  0]LogConfig: Setting CVar [[r.CustomDepth:1]]
[2024.05.29-22.47.31:512][  0]LogConfig: Setting CVar [[r.CustomDepthTemporalAAJitter:1]]
[2024.05.29-22.47.31:512][  0]LogConfig: Setting CVar [[r.PostProcessing.PropagateAlpha:0]]
[2024.05.29-22.47.31:512][  0]LogConfig: Setting CVar [[r.DefaultFeature.Bloom:0]]
[2024.05.29-22.47.31:512][  0]LogConfig: Setting CVar [[r.DefaultFeature.AmbientOcclusion:0]]
[2024.05.29-22.47.31:512][  0]LogConfig: Setting CVar [[r.DefaultFeature.AmbientOcclusionStaticFraction:1]]
[2024.05.29-22.47.31:512][  0]LogConfig: Setting CVar [[r.DefaultFeature.AutoExposure:0]]
[2024.05.29-22.47.31:512][  0]LogConfig: Setting CVar [[r.DefaultFeature.AutoExposure.Method:0]]
[2024.05.29-22.47.31:512][  0]LogConfig: Setting CVar [[r.DefaultFeature.AutoExposure.Bias:1.000000]]
[2024.05.29-22.47.31:512][  0]LogConfig: Setting CVar [[r.DefaultFeature.AutoExposure.ExtendDefaultLuminanceRange:1]]
[2024.05.29-22.47.31:512][  0]LogConfig: Setting CVar [[r.UsePreExposure:1]]
[2024.05.29-22.47.31:512][  0]LogConfig: Setting CVar [[r.EyeAdaptation.EditorOnly:0]]
[2024.05.29-22.47.31:512][  0]LogConfig: Setting CVar [[r.DefaultFeature.MotionBlur:0]]
[2024.05.29-22.47.31:512][  0]LogConfig: Setting CVar [[r.DefaultFeature.LensFlare:0]]
[2024.05.29-22.47.31:512][  0]LogConfig: Setting CVar [[r.TemporalAA.Upsampling:0]]
[2024.05.29-22.47.31:512][  0]LogConfig: Setting CVar [[r.SSGI.Enable:0]]
[2024.05.29-22.47.31:512][  0]LogConfig: Setting CVar [[r.DefaultFeature.AntiAliasing:3]]
[2024.05.29-22.47.31:512][  0]LogConfig: Setting CVar [[r.DefaultFeature.LightUnits:1]]
[2024.05.29-22.47.31:512][  0]LogConfig: Setting CVar [[r.DefaultBackBufferPixelFormat:4]]
[2024.05.29-22.47.31:512][  0]LogConfig: Setting CVar [[r.Shadow.UnbuiltPreviewInGame:1]]
[2024.05.29-22.47.31:512][  0]LogConfig: Setting CVar [[r.StencilForLODDither:0]]
[2024.05.29-22.47.31:512][  0]LogConfig: Setting CVar [[r.EarlyZPass:3]]
[2024.05.29-22.47.31:512][  0]LogConfig: Setting CVar [[r.EarlyZPassOnlyMaterialMasking:0]]
[2024.05.29-22.47.31:512][  0]LogConfig: Setting CVar [[r.DBuffer:1]]
[2024.05.29-22.47.31:512][  0]LogConfig: Setting CVar [[r.ClearSceneMethod:1]]
[2024.05.29-22.47.31:513][  0]LogConfig: Setting CVar [[r.BasePassOutputsVelocity:0]]
[2024.05.29-22.47.31:513][  0]LogConfig: Setting CVar [[r.VertexDeformationOutputsVelocity:0]]
[2024.05.29-22.47.31:513][  0]LogConfig: Setting CVar [[r.SelectiveBasePassOutputs:0]]
[2024.05.29-22.47.31:513][  0]LogConfig: Setting CVar [[fx.GPUSimulationTextureSizeX:1024]]
[2024.05.29-22.47.31:513][  0]LogConfig: Setting CVar [[fx.GPUSimulationTextureSizeY:1024]]
[2024.05.29-22.47.31:513][  0]LogConfig: Setting CVar [[r.AllowGlobalClipPlane:0]]
[2024.05.29-22.47.31:513][  0]LogConfig: Setting CVar [[r.GBufferFormat:1]]
[2024.05.29-22.47.31:513][  0]LogConfig: Setting CVar [[r.MorphTarget.Mode:1]]
[2024.05.29-22.47.31:513][  0]LogConfig: Setting CVar [[vr.InstancedStereo:1]]
[2024.05.29-22.47.31:513][  0]LogConfig: Setting CVar [[r.MobileHDR:0]]
[2024.05.29-22.47.31:513][  0]LogConfig: Setting CVar [[vr.MobileMultiView:1]]
[2024.05.29-22.47.31:513][  0]LogConfig: Setting CVar [[r.Mobile.UseHWsRGBEncoding:1]]
[2024.05.29-22.47.31:513][  0]LogConfig: Setting CVar [[vr.RoundRobinOcclusion:0]]
[2024.05.29-22.47.31:513][  0]LogConfig: Setting CVar [[vr.ODSCapture:0]]
[2024.05.29-22.47.31:513][  0]LogConfig: Setting CVar [[r.MeshStreaming:0]]
[2024.05.29-22.47.31:513][  0]LogConfig: Setting CVar [[r.WireframeCullThreshold:5.000000]]
[2024.05.29-22.47.31:513][  0]LogConfig: Setting CVar [[r.RayTracing:0]]
[2024.05.29-22.47.31:513][  0]LogConfig: Setting CVar [[r.RayTracing.UseTextureLod:0]]
[2024.05.29-22.47.31:513][  0]LogConfig: Setting CVar [[r.SupportStationarySkylight:1]]
[2024.05.29-22.47.31:513][  0]LogConfig: Setting CVar [[r.SupportLowQualityLightmaps:1]]
[2024.05.29-22.47.31:513][  0]LogConfig: Setting CVar [[r.SupportPointLightWholeSceneShadows:1]]
[2024.05.29-22.47.31:513][  0]LogConfig: Setting CVar [[r.SupportAtmosphericFog:1]]
[2024.05.29-22.47.31:513][  0]LogConfig: Setting CVar [[r.SupportSkyAtmosphere:1]]
[2024.05.29-22.47.31:513][  0]LogConfig: Setting CVar [[r.SupportSkyAtmosphereAffectsHeightFog:0]]
[2024.05.29-22.47.31:513][  0]LogConfig: Setting CVar [[r.SkinCache.CompileShaders:0]]
[2024.05.29-22.47.31:513][  0]LogConfig: Setting CVar [[r.SkinCache.DefaultBehavior:1]]
[2024.05.29-22.47.31:513][  0]LogConfig: Setting CVar [[r.SkinCache.SceneMemoryLimitInMB:128.000000]]
[2024.05.29-22.47.31:513][  0]LogConfig: Setting CVar [[r.Mobile.EnableStaticAndCSMShadowReceivers:1]]
[2024.05.29-22.47.31:513][  0]LogConfig: Setting CVar [[r.Mobile.EnableMovableLightCSMShaderCulling:1]]
[2024.05.29-22.47.31:513][  0]LogConfig: Setting CVar [[r.Mobile.AllowDistanceFieldShadows:1]]
[2024.05.29-22.47.31:513][  0]LogConfig: Setting CVar [[r.Mobile.AllowMovableDirectionalLights:1]]
[2024.05.29-22.47.31:513][  0]LogConfig: Setting CVar [[r.MobileNumDynamicPointLights:4]]
[2024.05.29-22.47.31:513][  0]LogConfig: Setting CVar [[r.MobileDynamicPointLightsUseStaticBranch:1]]
[2024.05.29-22.47.31:513][  0]LogConfig: Setting CVar [[r.Mobile.EnableMovableSpotlights:0]]
[2024.05.29-22.47.31:513][  0]LogConfig: Setting CVar [[r.Mobile.EnableMovableSpotlightsShadow:0]]
[2024.05.29-22.47.31:513][  0]LogConfig: Setting CVar [[r.GPUSkin.Support16BitBoneIndex:0]]
[2024.05.29-22.47.31:513][  0]LogConfig: Setting CVar [[r.GPUSkin.Limit2BoneInfluences:0]]
[2024.05.29-22.47.31:513][  0]LogConfig: Setting CVar [[r.SupportDepthOnlyIndexBuffers:1]]
[2024.05.29-22.47.31:513][  0]LogConfig: Setting CVar [[r.SupportReversedIndexBuffers:1]]
[2024.05.29-22.47.31:513][  0]LogConfig: Setting CVar [[r.LightPropagationVolume:0]]
[2024.05.29-22.47.31:513][  0]LogConfig: Setting CVar [[r.Mobile.AmbientOcclusion:0]]
[2024.05.29-22.47.31:513][  0]LogConfig: Setting CVar [[r.GPUSkin.UnlimitedBoneInfluences:0]]
[2024.05.29-22.47.31:513][  0]LogConfig: Setting CVar [[r.GPUSkin.UnlimitedBoneInfluencesThreshold:8]]
[2024.05.29-22.47.31:513][  0]LogConfig: Setting CVar [[r.Mobile.PlanarReflectionMode:0]]
[2024.05.29-22.47.31:513][  0]LogConfig: Setting CVar [[r.Mobile.SupportGPUScene:1]]
[2024.05.29-22.47.31:513][  0]LogConfig: Applying CVar settings from Section [/Script/Engine.RendererOverrideSettings] File [E:/StayinAlive/Saved/Config/Windows/Engine.ini]
[2024.05.29-22.47.31:513][  0]LogConfig: Applying CVar settings from Section [/Script/Engine.StreamingSettings] File [E:/StayinAlive/Saved/Config/Windows/Engine.ini]
[2024.05.29-22.47.31:513][  0]LogConfig: Setting CVar [[s.MinBulkDataSizeForAsyncLoading:131072]]
[2024.05.29-22.47.31:513][  0]LogConfig: Setting CVar [[s.AsyncLoadingThreadEnabled:0]]
[2024.05.29-22.47.31:513][  0]LogConfig: Setting CVar [[s.EventDrivenLoaderEnabled:1]]
[2024.05.29-22.47.31:513][  0]LogConfig: Setting CVar [[s.WarnIfTimeLimitExceeded:0]]
[2024.05.29-22.47.31:513][  0]LogConfig: Setting CVar [[s.TimeLimitExceededMultiplier:1.5]]
[2024.05.29-22.47.31:513][  0]LogConfig: Setting CVar [[s.TimeLimitExceededMinTime:0.005]]
[2024.05.29-22.47.31:513][  0]LogConfig: Setting CVar [[s.UseBackgroundLevelStreaming:1]]
[2024.05.29-22.47.31:513][  0]LogConfig: Setting CVar [[s.PriorityAsyncLoadingExtraTime:15.0]]
[2024.05.29-22.47.31:513][  0]LogConfig: Setting CVar [[s.LevelStreamingActorsUpdateTimeLimit:5.0]]
[2024.05.29-22.47.31:513][  0]LogConfig: Setting CVar [[s.PriorityLevelStreamingActorsUpdateExtraTime:5.0]]
[2024.05.29-22.47.31:513][  0]LogConfig: Setting CVar [[s.LevelStreamingComponentsRegistrationGranularity:10]]
[2024.05.29-22.47.31:513][  0]LogConfig: Setting CVar [[s.UnregisterComponentsTimeLimit:1.0]]
[2024.05.29-22.47.31:513][  0]LogConfig: Setting CVar [[s.LevelStreamingComponentsUnregistrationGranularity:5]]
[2024.05.29-22.47.31:513][  0]LogConfig: Setting CVar [[s.FlushStreamingOnExit:1]]
[2024.05.29-22.47.31:513][  0]LogConfig: Applying CVar settings from Section [/Script/Engine.GarbageCollectionSettings] File [E:/StayinAlive/Saved/Config/Windows/Engine.ini]
[2024.05.29-22.47.31:514][  0]LogConfig: Setting CVar [[gc.MaxObjectsNotConsideredByGC:1]]
[2024.05.29-22.47.31:514][  0]LogConfig: Setting CVar [[gc.SizeOfPermanentObjectPool:0]]
[2024.05.29-22.47.31:514][  0]LogConfig: Setting CVar [[gc.FlushStreamingOnGC:0]]
[2024.05.29-22.47.31:514][  0]LogConfig: Setting CVar [[gc.NumRetriesBeforeForcingGC:10]]
[2024.05.29-22.47.31:514][  0]LogConfig: Setting CVar [[gc.AllowParallelGC:1]]
[2024.05.29-22.47.31:514][  0]LogConfig: Setting CVar [[gc.TimeBetweenPurgingPendingKillObjects:61.1]]
[2024.05.29-22.47.31:514][  0]LogConfig: Setting CVar [[gc.MaxObjectsInEditor:25165824]]
[2024.05.29-22.47.31:514][  0]LogConfig: Setting CVar [[gc.IncrementalBeginDestroyEnabled:1]]
[2024.05.29-22.47.31:514][  0]LogConfig: Setting CVar [[gc.CreateGCClusters:1]]
[2024.05.29-22.47.31:514][  0]LogConfig: Setting CVar [[gc.MinGCClusterSize:5]]
[2024.05.29-22.47.31:514][  0]LogConfig: Setting CVar [[gc.ActorClusteringEnabled:0]]
[2024.05.29-22.47.31:514][  0]LogConfig: Setting CVar [[gc.BlueprintClusteringEnabled:0]]
[2024.05.29-22.47.31:514][  0]LogConfig: Setting CVar [[gc.UseDisregardForGCOnDedicatedServers:0]]
[2024.05.29-22.47.31:514][  0]LogConfig: Setting CVar [[gc.MultithreadedDestructionEnabled:1]]
[2024.05.29-22.47.31:514][  0]LogConfig: Applying CVar settings from Section [/Script/Engine.NetworkSettings] File [E:/StayinAlive/Saved/Config/Windows/Engine.ini]
[2024.05.29-22.47.31:514][  0]LogConfig: Applying CVar settings from Section [/Script/UnrealEd.CookerSettings] File [E:/StayinAlive/Saved/Config/Windows/Engine.ini]
[2024.05.29-22.47.31:524][  0]LogConfig: Applying CVar settings from Section [ViewDistanceQuality@3] File [E:/StayinAlive/Saved/Config/Windows/Scalability.ini]
[2024.05.29-22.47.31:524][  0]LogConfig: Setting CVar [[r.SkeletalMeshLODBias:0]]
[2024.05.29-22.47.31:524][  0]LogConfig: Setting CVar [[r.ViewDistanceScale:1.0]]
[2024.05.29-22.47.31:524][  0]LogConfig: Applying CVar settings from Section [AntiAliasingQuality@3] File [E:/StayinAlive/Saved/Config/Windows/Scalability.ini]
[2024.05.29-22.47.31:524][  0]LogConfig: Setting CVar [[r.PostProcessAAQuality:4]]
[2024.05.29-22.47.31:524][  0]LogConfig: Applying CVar settings from Section [ShadowQuality@3] File [E:/StayinAlive/Saved/Config/Windows/Scalability.ini]
[2024.05.29-22.47.31:524][  0]LogConfig: Setting CVar [[r.LightFunctionQuality:1]]
[2024.05.29-22.47.31:524][  0]LogConfig: Setting CVar [[r.ShadowQuality:5]]
[2024.05.29-22.47.31:524][  0]LogConfig: Setting CVar [[r.Shadow.CSM.MaxCascades:10]]
[2024.05.29-22.47.31:524][  0]LogConfig: Setting CVar [[r.Shadow.MaxResolution:2048]]
[2024.05.29-22.47.31:524][  0]LogConfig: Setting CVar [[r.Shadow.MaxCSMResolution:2048]]
[2024.05.29-22.47.31:524][  0]LogConfig: Setting CVar [[r.Shadow.RadiusThreshold:0.01]]
[2024.05.29-22.47.31:524][  0]LogConfig: Setting CVar [[r.Shadow.DistanceScale:1.0]]
[2024.05.29-22.47.31:524][  0]LogConfig: Setting CVar [[r.Shadow.CSM.TransitionScale:1.0]]
[2024.05.29-22.47.31:524][  0]LogConfig: Setting CVar [[r.Shadow.PreShadowResolutionFactor:1.0]]
[2024.05.29-22.47.31:524][  0]LogConfig: Setting CVar [[r.DistanceFieldShadowing:1]]
[2024.05.29-22.47.31:524][  0]LogConfig: Setting CVar [[r.DistanceFieldAO:1]]
[2024.05.29-22.47.31:525][  0]LogConfig: Setting CVar [[r.AOQuality:2]]
[2024.05.29-22.47.31:525][  0]LogConfig: Setting CVar [[r.VolumetricFog:1]]
[2024.05.29-22.47.31:525][  0]LogConfig: Setting CVar [[r.VolumetricFog.GridPixelSize:8]]
[2024.05.29-22.47.31:525][  0]LogConfig: Setting CVar [[r.VolumetricFog.GridSizeZ:128]]
[2024.05.29-22.47.31:525][  0]LogConfig: Setting CVar [[r.VolumetricFog.HistoryMissSupersampleCount:4]]
[2024.05.29-22.47.31:525][  0]LogConfig: Setting CVar [[r.LightMaxDrawDistanceScale:1]]
[2024.05.29-22.47.31:525][  0]LogConfig: Setting CVar [[r.CapsuleShadows:1]]
[2024.05.29-22.47.31:525][  0]LogConfig: Applying CVar settings from Section [PostProcessQuality@3] File [E:/StayinAlive/Saved/Config/Windows/Scalability.ini]
[2024.05.29-22.47.31:525][  0]LogConfig: Setting CVar [[r.MotionBlurQuality:4]]
[2024.05.29-22.47.31:525][  0]LogConfig: Setting CVar [[r.AmbientOcclusionMipLevelFactor:0.4]]
[2024.05.29-22.47.31:525][  0]LogConfig: Setting CVar [[r.AmbientOcclusionMaxQuality:100]]
[2024.05.29-22.47.31:525][  0]LogConfig: Setting CVar [[r.AmbientOcclusionLevels:-1]]
[2024.05.29-22.47.31:525][  0]LogConfig: Setting CVar [[r.AmbientOcclusionRadiusScale:1.0]]
[2024.05.29-22.47.31:525][  0]LogConfig: Setting CVar [[r.DepthOfFieldQuality:2]]
[2024.05.29-22.47.31:525][  0]LogConfig: Setting CVar [[r.RenderTargetPoolMin:400]]
[2024.05.29-22.47.31:525][  0]LogConfig: Setting CVar [[r.LensFlareQuality:2]]
[2024.05.29-22.47.31:525][  0]LogConfig: Setting CVar [[r.SceneColorFringeQuality:1]]
[2024.05.29-22.47.31:525][  0]LogConfig: Setting CVar [[r.EyeAdaptationQuality:2]]
[2024.05.29-22.47.31:525][  0]LogConfig: Setting CVar [[r.BloomQuality:5]]
[2024.05.29-22.47.31:525][  0]LogConfig: Setting CVar [[r.FastBlurThreshold:100]]
[2024.05.29-22.47.31:525][  0]LogConfig: Setting CVar [[r.Upscale.Quality:3]]
[2024.05.29-22.47.31:525][  0]LogConfig: Setting CVar [[r.Tonemapper.GrainQuantization:1]]
[2024.05.29-22.47.31:525][  0]LogConfig: Setting CVar [[r.LightShaftQuality:1]]
[2024.05.29-22.47.31:525][  0]LogConfig: Setting CVar [[r.Filter.SizeScale:1]]
[2024.05.29-22.47.31:525][  0]LogConfig: Setting CVar [[r.Tonemapper.Quality:5]]
[2024.05.29-22.47.31:525][  0]LogConfig: Setting CVar [[r.DOF.Gather.AccumulatorQuality:1        ; higher gathering accumulator quality]]
[2024.05.29-22.47.31:525][  0]LogConfig: Setting CVar [[r.DOF.Gather.PostfilterMethod:1          ; Median3x3 postfilering method]]
[2024.05.29-22.47.31:525][  0]LogConfig: Setting CVar [[r.DOF.Gather.EnableBokehSettings:0       ; no bokeh simulation when gathering]]
[2024.05.29-22.47.31:525][  0]LogConfig: Setting CVar [[r.DOF.Gather.RingCount:4                 ; medium number of samples when gathering]]
[2024.05.29-22.47.31:525][  0]LogConfig: Setting CVar [[r.DOF.Scatter.ForegroundCompositing:1    ; additive foreground scattering]]
[2024.05.29-22.47.31:525][  0]LogConfig: Setting CVar [[r.DOF.Scatter.BackgroundCompositing:2    ; additive background scattering]]
[2024.05.29-22.47.31:525][  0]LogConfig: Setting CVar [[r.DOF.Scatter.EnableBokehSettings:1      ; bokeh simulation when scattering]]
[2024.05.29-22.47.31:525][  0]LogConfig: Setting CVar [[r.DOF.Scatter.MaxSpriteRatio:0.1         ; only a maximum of 10% of scattered bokeh]]
[2024.05.29-22.47.31:525][  0]LogConfig: Setting CVar [[r.DOF.Recombine.Quality:1                ; cheap slight out of focus]]
[2024.05.29-22.47.31:525][  0]LogConfig: Setting CVar [[r.DOF.Recombine.EnableBokehSettings:0    ; no bokeh simulation on slight out of focus]]
[2024.05.29-22.47.31:525][  0]LogConfig: Setting CVar [[r.DOF.TemporalAAQuality:1                ; more stable temporal accumulation]]
[2024.05.29-22.47.31:525][  0]LogConfig: Setting CVar [[r.DOF.Kernel.MaxForegroundRadius:0.025]]
[2024.05.29-22.47.31:525][  0]LogConfig: Setting CVar [[r.DOF.Kernel.MaxBackgroundRadius:0.025]]
[2024.05.29-22.47.31:525][  0]LogConfig: Applying CVar settings from Section [TextureQuality@3] File [E:/StayinAlive/Saved/Config/Windows/Scalability.ini]
[2024.05.29-22.47.31:525][  0]LogConfig: Setting CVar [[r.Streaming.MipBias:0]]
[2024.05.29-22.47.31:525][  0]LogConfig: Setting CVar [[r.Streaming.AmortizeCPUToGPUCopy:0]]
[2024.05.29-22.47.31:525][  0]LogConfig: Setting CVar [[r.Streaming.MaxNumTexturesToStreamPerFrame:0]]
[2024.05.29-22.47.31:525][  0]LogConfig: Setting CVar [[r.Streaming.Boost:1]]
[2024.05.29-22.47.31:525][  0]LogConfig: Setting CVar [[r.MaxAnisotropy:8]]
[2024.05.29-22.47.31:525][  0]LogConfig: Setting CVar [[r.VT.MaxAnisotropy:8]]
[2024.05.29-22.47.31:525][  0]LogConfig: Setting CVar [[r.Streaming.LimitPoolSizeToVRAM:0]]
[2024.05.29-22.47.31:525][  0]LogConfig: Setting CVar [[r.Streaming.PoolSize:1000]]
[2024.05.29-22.47.31:525][  0]LogConfig: Setting CVar [[r.Streaming.MaxEffectiveScreenSize:0]]
[2024.05.29-22.47.31:525][  0]LogConfig: Applying CVar settings from Section [EffectsQuality@3] File [E:/StayinAlive/Saved/Config/Windows/Scalability.ini]
[2024.05.29-22.47.31:525][  0]LogConfig: Setting CVar [[r.TranslucencyLightingVolumeDim:64]]
[2024.05.29-22.47.31:525][  0]LogConfig: Setting CVar [[r.RefractionQuality:2]]
[2024.05.29-22.47.31:525][  0]LogConfig: Setting CVar [[r.SSR.Quality:3]]
[2024.05.29-22.47.31:525][  0]LogConfig: Setting CVar [[r.SSR.HalfResSceneColor:0]]
[2024.05.29-22.47.31:526][  0]LogConfig: Setting CVar [[r.SceneColorFormat:4]]
[2024.05.29-22.47.31:526][  0]LogConfig: Setting CVar [[r.DetailMode:2]]
[2024.05.29-22.47.31:526][  0]LogConfig: Setting CVar [[r.TranslucencyVolumeBlur:1]]
[2024.05.29-22.47.31:526][  0]LogConfig: Setting CVar [[r.MaterialQualityLevel:1 ; High quality]]
[2024.05.29-22.47.31:526][  0]LogConfig: Setting CVar [[r.AnisotropicMaterials:1]]
[2024.05.29-22.47.31:526][  0]LogConfig: Setting CVar [[r.SSS.Scale:1]]
[2024.05.29-22.47.31:526][  0]LogConfig: Setting CVar [[r.SSS.SampleSet:2]]
[2024.05.29-22.47.31:526][  0]LogConfig: Setting CVar [[r.SSS.Quality:1]]
[2024.05.29-22.47.31:526][  0]LogConfig: Setting CVar [[r.SSS.HalfRes:0]]
[2024.05.29-22.47.31:526][  0]LogConfig: Setting CVar [[r.SSGI.Quality:3]]
[2024.05.29-22.47.31:526][  0]LogConfig: Setting CVar [[r.EmitterSpawnRateScale:1.0]]
[2024.05.29-22.47.31:526][  0]LogConfig: Setting CVar [[r.ParticleLightQuality:2]]
[2024.05.29-22.47.31:526][  0]LogConfig: Setting CVar [[r.SkyAtmosphere.AerialPerspectiveLUT.FastApplyOnOpaque:1 ; Always have FastSkyLUT 1 in this case to avoid wrong sky]]
[2024.05.29-22.47.31:526][  0]LogConfig: Setting CVar [[r.SkyAtmosphere.AerialPerspectiveLUT.SampleCountMaxPerSlice:4]]
[2024.05.29-22.47.31:526][  0]LogConfig: Setting CVar [[r.SkyAtmosphere.AerialPerspectiveLUT.DepthResolution:16.0]]
[2024.05.29-22.47.31:526][  0]LogConfig: Setting CVar [[r.SkyAtmosphere.FastSkyLUT:1]]
[2024.05.29-22.47.31:526][  0]LogConfig: Setting CVar [[r.SkyAtmosphere.FastSkyLUT.SampleCountMin:4.0]]
[2024.05.29-22.47.31:526][  0]LogConfig: Setting CVar [[r.SkyAtmosphere.FastSkyLUT.SampleCountMax:128.0]]
[2024.05.29-22.47.31:526][  0]LogConfig: Setting CVar [[r.SkyAtmosphere.SampleCountMin:4.0]]
[2024.05.29-22.47.31:526][  0]LogConfig: Setting CVar [[r.SkyAtmosphere.SampleCountMax:128.0]]
[2024.05.29-22.47.31:526][  0]LogConfig: Setting CVar [[r.SkyAtmosphere.TransmittanceLUT.UseSmallFormat:0]]
[2024.05.29-22.47.31:526][  0]LogConfig: Setting CVar [[r.SkyAtmosphere.TransmittanceLUT.SampleCount:10.0]]
[2024.05.29-22.47.31:526][  0]LogConfig: Setting CVar [[r.SkyAtmosphere.MultiScatteringLUT.SampleCount:15.0]]
[2024.05.29-22.47.31:526][  0]LogConfig: Setting CVar [[r.SkyLight.RealTimeReflectionCapture:1]]
[2024.05.29-22.47.31:526][  0]LogConfig: Applying CVar settings from Section [FoliageQuality@3] File [E:/StayinAlive/Saved/Config/Windows/Scalability.ini]
[2024.05.29-22.47.31:526][  0]LogConfig: Setting CVar [[foliage.DensityScale:1.0]]
[2024.05.29-22.47.31:526][  0]LogConfig: Setting CVar [[grass.DensityScale:1.0]]
[2024.05.29-22.47.31:526][  0]LogConfig: Applying CVar settings from Section [ShadingQuality@3] File [E:/StayinAlive/Saved/Config/Windows/Scalability.ini]
[2024.05.29-22.47.31:526][  0]LogConfig: Setting CVar [[r.HairStrands.SkyLighting.IntegrationType:2]]
[2024.05.29-22.47.31:526][  0]LogConfig: Setting CVar [[r.HairStrands.SkyAO.SampleCount:4]]
[2024.05.29-22.47.31:526][  0]LogConfig: Setting CVar [[r.HairStrands.Visibility.MSAA.SamplePerPixel:4]]
[2024.05.29-22.47.31:526][  0]LogInit: Selected Device Profile: [Windows]
[2024.05.29-22.47.31:526][  0]LogInit: Applying CVar settings loaded from the selected device profile: [Windows]
[2024.05.29-22.47.31:526][  0]LogHAL: Display: Platform has ~ 10 GB [10646994944 / 17179869184 / 10], which maps to Default [LargestMinGB=32, LargerMinGB=12, DefaultMinGB=8, SmallerMinGB=6, SmallestMinGB=0)
[2024.05.29-22.47.31:526][  0]LogInit: Going up to parent DeviceProfile []
[2024.05.29-22.47.31:526][  0]LogConfig: Applying CVar settings from Section [ViewDistanceQuality@1] File [E:/StayinAlive/Saved/Config/Windows/Scalability.ini]
[2024.05.29-22.47.31:526][  0]LogConfig: Setting CVar [[r.SkeletalMeshLODBias:1]]
[2024.05.29-22.47.31:526][  0]LogConfig: Setting CVar [[r.ViewDistanceScale:0.6]]
[2024.05.29-22.47.31:526][  0]LogConfig: Applying CVar settings from Section [AntiAliasingQuality@1] File [E:/StayinAlive/Saved/Config/Windows/Scalability.ini]
[2024.05.29-22.47.31:526][  0]LogConfig: Setting CVar [[r.PostProcessAAQuality:2]]
[2024.05.29-22.47.31:526][  0]LogConfig: Applying CVar settings from Section [ShadowQuality@1] File [E:/StayinAlive/Saved/Config/Windows/Scalability.ini]
[2024.05.29-22.47.31:526][  0]LogConfig: Setting CVar [[r.LightFunctionQuality:1]]
[2024.05.29-22.47.31:526][  0]LogConfig: Setting CVar [[r.ShadowQuality:3]]
[2024.05.29-22.47.31:527][  0]LogConfig: Setting CVar [[r.Shadow.CSM.MaxCascades:1]]
[2024.05.29-22.47.31:527][  0]LogConfig: Setting CVar [[r.Shadow.MaxResolution:1024]]
[2024.05.29-22.47.31:527][  0]LogConfig: Setting CVar [[r.Shadow.MaxCSMResolution:1024]]
[2024.05.29-22.47.31:527][  0]LogConfig: Setting CVar [[r.Shadow.RadiusThreshold:0.05]]
[2024.05.29-22.47.31:527][  0]LogConfig: Setting CVar [[r.Shadow.DistanceScale:0.7]]
[2024.05.29-22.47.31:527][  0]LogConfig: Setting CVar [[r.Shadow.CSM.TransitionScale:0.25]]
[2024.05.29-22.47.31:527][  0]LogConfig: Setting CVar [[r.Shadow.PreShadowResolutionFactor:0.5]]
[2024.05.29-22.47.31:527][  0]LogConfig: Setting CVar [[r.DistanceFieldShadowing:0]]
[2024.05.29-22.47.31:527][  0]LogConfig: Setting CVar [[r.DistanceFieldAO:0]]
[2024.05.29-22.47.31:527][  0]LogConfig: Setting CVar [[r.VolumetricFog:0]]
[2024.05.29-22.47.31:527][  0]LogConfig: Setting CVar [[r.LightMaxDrawDistanceScale:.5]]
[2024.05.29-22.47.31:527][  0]LogConfig: Setting CVar [[r.CapsuleShadows:1]]
[2024.05.29-22.47.31:527][  0]LogConfig: Applying CVar settings from Section [PostProcessQuality@1] File [E:/StayinAlive/Saved/Config/Windows/Scalability.ini]
[2024.05.29-22.47.31:527][  0]LogConfig: Setting CVar [[r.MotionBlurQuality:3]]
[2024.05.29-22.47.31:527][  0]LogConfig: Setting CVar [[r.AmbientOcclusionMipLevelFactor:1.0]]
[2024.05.29-22.47.31:527][  0]LogConfig: Setting CVar [[r.AmbientOcclusionMaxQuality:60]]
[2024.05.29-22.47.31:527][  0]LogConfig: Setting CVar [[r.AmbientOcclusionLevels:-1]]
[2024.05.29-22.47.31:527][  0]LogConfig: Setting CVar [[r.AmbientOcclusionRadiusScale:1.5]]
[2024.05.29-22.47.31:527][  0]LogConfig: Setting CVar [[r.DepthOfFieldQuality:1]]
[2024.05.29-22.47.31:527][  0]LogConfig: Setting CVar [[r.RenderTargetPoolMin:350]]
[2024.05.29-22.47.31:527][  0]LogConfig: Setting CVar [[r.LensFlareQuality:0]]
[2024.05.29-22.47.31:527][  0]LogConfig: Setting CVar [[r.SceneColorFringeQuality:0]]
[2024.05.29-22.47.31:527][  0]LogConfig: Setting CVar [[r.EyeAdaptationQuality:2]]
[2024.05.29-22.47.31:527][  0]LogConfig: Setting CVar [[r.BloomQuality:4]]
[2024.05.29-22.47.31:527][  0]LogConfig: Setting CVar [[r.FastBlurThreshold:2]]
[2024.05.29-22.47.31:527][  0]LogConfig: Setting CVar [[r.Upscale.Quality:2]]
[2024.05.29-22.47.31:527][  0]LogConfig: Setting CVar [[r.Tonemapper.GrainQuantization:0]]
[2024.05.29-22.47.31:527][  0]LogConfig: Setting CVar [[r.LightShaftQuality:0]]
[2024.05.29-22.47.31:527][  0]LogConfig: Setting CVar [[r.Filter.SizeScale:0.7]]
[2024.05.29-22.47.31:527][  0]LogConfig: Setting CVar [[r.Tonemapper.Quality:2]]
[2024.05.29-22.47.31:527][  0]LogConfig: Setting CVar [[r.DOF.Gather.AccumulatorQuality:0        ; lower gathering accumulator quality]]
[2024.05.29-22.47.31:527][  0]LogConfig: Setting CVar [[r.DOF.Gather.PostfilterMethod:2          ; Max3x3 postfilering method]]
[2024.05.29-22.47.31:527][  0]LogConfig: Setting CVar [[r.DOF.Gather.EnableBokehSettings:0       ; no bokeh simulation when gathering]]
[2024.05.29-22.47.31:527][  0]LogConfig: Setting CVar [[r.DOF.Gather.RingCount:3                 ; low number of samples when gathering]]
[2024.05.29-22.47.31:527][  0]LogConfig: Setting CVar [[r.DOF.Scatter.ForegroundCompositing:0    ; no foreground scattering]]
[2024.05.29-22.47.31:527][  0]LogConfig: Setting CVar [[r.DOF.Scatter.BackgroundCompositing:0    ; no foreground scattering]]
[2024.05.29-22.47.31:527][  0]LogConfig: Setting CVar [[r.DOF.Recombine.Quality:0                ; no slight out of focus]]
[2024.05.29-22.47.31:527][  0]LogConfig: Setting CVar [[r.DOF.TemporalAAQuality:0                ; faster temporal accumulation]]
[2024.05.29-22.47.31:527][  0]LogConfig: Setting CVar [[r.DOF.Kernel.MaxForegroundRadius:0.006   ; required because low gathering and no scattering and not looking great at 1080p]]
[2024.05.29-22.47.31:527][  0]LogConfig: Setting CVar [[r.DOF.Kernel.MaxBackgroundRadius:0.006   ; required because low gathering and no scattering and not looking great at 1080p]]
[2024.05.29-22.47.31:527][  0]LogConfig: Applying CVar settings from Section [TextureQuality@1] File [E:/StayinAlive/Saved/Config/Windows/Scalability.ini]
[2024.05.29-22.47.31:527][  0]LogConfig: Setting CVar [[r.Streaming.MipBias:1]]
[2024.05.29-22.47.31:527][  0]LogConfig: Setting CVar [[r.Streaming.AmortizeCPUToGPUCopy:0]]
[2024.05.29-22.47.31:527][  0]LogConfig: Setting CVar [[r.Streaming.MaxNumTexturesToStreamPerFrame:0]]
[2024.05.29-22.47.31:527][  0]LogConfig: Setting CVar [[r.Streaming.Boost:1]]
[2024.05.29-22.47.31:527][  0]LogConfig: Setting CVar [[r.MaxAnisotropy:2]]
[2024.05.29-22.47.31:527][  0]LogConfig: Setting CVar [[r.VT.MaxAnisotropy:4]]
[2024.05.29-22.47.31:527][  0]LogConfig: Setting CVar [[r.Streaming.LimitPoolSizeToVRAM:1]]
[2024.05.29-22.47.31:527][  0]LogConfig: Setting CVar [[r.Streaming.PoolSize:600]]
[2024.05.29-22.47.31:527][  0]LogConfig: Setting CVar [[r.Streaming.MaxEffectiveScreenSize:0]]
[2024.05.29-22.47.31:527][  0]LogConfig: Applying CVar settings from Section [EffectsQuality@1] File [E:/StayinAlive/Saved/Config/Windows/Scalability.ini]
[2024.05.29-22.47.31:527][  0]LogConfig: Setting CVar [[r.TranslucencyLightingVolumeDim:32]]
[2024.05.29-22.47.31:527][  0]LogConfig: Setting CVar [[r.RefractionQuality:0]]
[2024.05.29-22.47.31:527][  0]LogConfig: Setting CVar [[r.SSR.Quality:0]]
[2024.05.29-22.47.31:527][  0]LogConfig: Setting CVar [[r.SSR.HalfResSceneColor:1]]
[2024.05.29-22.47.31:528][  0]LogConfig: Setting CVar [[r.SceneColorFormat:3]]
[2024.05.29-22.47.31:528][  0]LogConfig: Setting CVar [[r.DetailMode:1]]
[2024.05.29-22.47.31:528][  0]LogConfig: Setting CVar [[r.TranslucencyVolumeBlur:0]]
[2024.05.29-22.47.31:528][  0]LogConfig: Setting CVar [[r.MaterialQualityLevel:2 ; Medium quality]]
[2024.05.29-22.47.31:528][  0]LogConfig: Setting CVar [[r.AnisotropicMaterials:0]]
[2024.05.29-22.47.31:528][  0]LogConfig: Setting CVar [[r.SSS.Scale:0.75]]
[2024.05.29-22.47.31:528][  0]LogConfig: Setting CVar [[r.SSS.SampleSet:0]]
[2024.05.29-22.47.31:528][  0]LogConfig: Setting CVar [[r.SSS.Quality:0]]
[2024.05.29-22.47.31:528][  0]LogConfig: Setting CVar [[r.SSS.HalfRes:1]]
[2024.05.29-22.47.31:528][  0]LogConfig: Setting CVar [[r.SSGI.Quality:1]]
[2024.05.29-22.47.31:528][  0]LogConfig: Setting CVar [[r.EmitterSpawnRateScale:0.25]]
[2024.05.29-22.47.31:528][  0]LogConfig: Setting CVar [[r.ParticleLightQuality:0]]
[2024.05.29-22.47.31:528][  0]LogConfig: Setting CVar [[r.SkyAtmosphere.AerialPerspectiveLUT.FastApplyOnOpaque:1 ; Always have FastSkyLUT 1 in this case to avoid wrong sky]]
[2024.05.29-22.47.31:528][  0]LogConfig: Setting CVar [[r.SkyAtmosphere.AerialPerspectiveLUT.SampleCountMaxPerSlice:1]]
[2024.05.29-22.47.31:528][  0]LogConfig: Setting CVar [[r.SkyAtmosphere.AerialPerspectiveLUT.DepthResolution:16.0]]
[2024.05.29-22.47.31:528][  0]LogConfig: Setting CVar [[r.SkyAtmosphere.FastSkyLUT:1]]
[2024.05.29-22.47.31:528][  0]LogConfig: Setting CVar [[r.SkyAtmosphere.FastSkyLUT.SampleCountMin:4.0]]
[2024.05.29-22.47.31:528][  0]LogConfig: Setting CVar [[r.SkyAtmosphere.FastSkyLUT.SampleCountMax:32.0]]
[2024.05.29-22.47.31:528][  0]LogConfig: Setting CVar [[r.SkyAtmosphere.SampleCountMin:4.0]]
[2024.05.29-22.47.31:528][  0]LogConfig: Setting CVar [[r.SkyAtmosphere.SampleCountMax:32.0]]
[2024.05.29-22.47.31:528][  0]LogConfig: Setting CVar [[r.SkyAtmosphere.TransmittanceLUT.UseSmallFormat:0]]
[2024.05.29-22.47.31:528][  0]LogConfig: Setting CVar [[r.SkyAtmosphere.TransmittanceLUT.SampleCount:10.0]]
[2024.05.29-22.47.31:528][  0]LogConfig: Setting CVar [[r.SkyAtmosphere.MultiScatteringLUT.SampleCount:15.0]]
[2024.05.29-22.47.31:528][  0]LogConfig: Setting CVar [[r.SkyLight.RealTimeReflectionCapture:0]]
[2024.05.29-22.47.31:528][  0]LogConfig: Applying CVar settings from Section [FoliageQuality@1] File [E:/StayinAlive/Saved/Config/Windows/Scalability.ini]
[2024.05.29-22.47.31:528][  0]LogConfig: Setting CVar [[foliage.DensityScale:0.4]]
[2024.05.29-22.47.31:528][  0]LogConfig: Setting CVar [[grass.DensityScale:0.4]]
[2024.05.29-22.47.31:528][  0]LogConfig: Applying CVar settings from Section [ShadingQuality@1] File [E:/StayinAlive/Saved/Config/Windows/Scalability.ini]
[2024.05.29-22.47.31:528][  0]LogConfig: Setting CVar [[r.HairStrands.SkyLighting.IntegrationType:2]]
[2024.05.29-22.47.31:528][  0]LogConfig: Setting CVar [[r.HairStrands.SkyAO.SampleCount:4]]
[2024.05.29-22.47.31:528][  0]LogConfig: Setting CVar [[r.HairStrands.Visibility.MSAA.SamplePerPixel:1]]
[2024.05.29-22.47.31:528][  0]LogConfig: Applying CVar settings from Section [Startup] File [../../../Engine/Config/ConsoleVariables.ini]
[2024.05.29-22.47.31:528][  0]LogConfig: Setting CVar [[net.UseAdaptiveNetUpdateFrequency:0]]
[2024.05.29-22.47.31:529][  0]LogConfig: Setting CVar [[p.chaos.AllowCreatePhysxBodies:1]]
[2024.05.29-22.47.31:529][  0]LogConfig: Setting CVar [[fx.SkipVectorVMBackendOptimizations:1]]
[2024.05.29-22.47.31:529][  0]LogConfig: Applying CVar settings from Section [ConsoleVariables] File [E:/StayinAlive/Saved/Config/Windows/Engine.ini]
[2024.05.29-22.47.31:529][  0]LogConfig: Applying CVar settings from Section [ConsoleVariables] File [E:/StayinAlive/Saved/Config/Windows/Editor.ini]
[2024.05.29-22.47.31:529][  0]LogInit: Computer: LAPTOP-1QT45U1L
[2024.05.29-22.47.31:529][  0]LogInit: User: gabyg
[2024.05.29-22.47.31:529][  0]LogInit: CPU Page size=4096, Cores=4
[2024.05.29-22.47.31:529][  0]LogInit: High frequency timer resolution =10.000000 MHz
[2024.05.29-22.47.31:529][  0]LogMemory: Memory total: Physical=9.9GB (10GB approx)
[2024.05.29-22.47.31:529][  0]LogMemory: Platform Memory Stats for Windows
[2024.05.29-22.47.31:529][  0]LogMemory: Process Physical Memory: 146.42 MB used, 151.28 MB peak
[2024.05.29-22.47.31:529][  0]LogMemory: Process Virtual Memory: 122.25 MB used, 122.25 MB peak
[2024.05.29-22.47.31:529][  0]LogMemory: Physical Memory: 6058.58 MB used,  4095.19 MB free, 10153.77 MB total
[2024.05.29-22.47.31:529][  0]LogMemory: Virtual Memory: 134212808.00 MB used,  4920.02 MB free, 134217728.00 MB total
[2024.05.29-22.47.31:535][  0]LogWindows: WindowsPlatformFeatures enabled
[2024.05.29-22.47.31:624][  0]LogInit: Physics initialised using underlying interface: PhysX
[2024.05.29-22.47.31:624][  0]LogInit: Using OS detected language (es-MX).
[2024.05.29-22.47.31:625][  0]LogInit: Using OS detected locale (es-MX).
[2024.05.29-22.47.31:633][  0]LogTextLocalizationResource: LocRes '../../../Engine/Content/Localization/Editor/es-MX/Editor.locres' could not be opened for reading!
[2024.05.29-22.47.31:633][  0]LogTextLocalizationResource: LocRes '../../../Engine/Content/Localization/EditorTutorials/es-MX/EditorTutorials.locres' could not be opened for reading!
[2024.05.29-22.47.31:634][  0]LogTextLocalizationResource: LocRes '../../../Engine/Content/Localization/Keywords/es-MX/Keywords.locres' could not be opened for reading!
[2024.05.29-22.47.31:634][  0]LogTextLocalizationResource: LocRes '../../../Engine/Content/Localization/Category/es-MX/Category.locres' could not be opened for reading!
[2024.05.29-22.47.31:635][  0]LogTextLocalizationResource: LocRes '../../../Engine/Content/Localization/ToolTips/es-MX/ToolTips.locres' could not be opened for reading!
[2024.05.29-22.47.31:635][  0]LogTextLocalizationResource: LocRes '../../../Engine/Content/Localization/PropertyNames/es-MX/PropertyNames.locres' could not be opened for reading!
[2024.05.29-22.47.31:635][  0]LogTextLocalizationResource: LocRes '../../../Engine/Content/Localization/Engine/es-MX/Engine.locres' could not be opened for reading!
[2024.05.29-22.47.31:636][  0]LogTextLocalizationResource: LocRes '../../../Engine/Plugins/Online/OnlineSubsystemUtils/Content/Localization/OnlineSubsystemUtils/es-MX/OnlineSubsystemUtils.locres' could not be opened for reading!
[2024.05.29-22.47.31:636][  0]LogTextLocalizationResource: LocRes '../../../Engine/Plugins/Online/Android/OnlineSubsystemGooglePlay/Content/Localization/OnlineSubsystemGooglePlay/es-MX/OnlineSubsystemGooglePlay.locres' could not be opened for reading!
[2024.05.29-22.47.31:637][  0]LogTextLocalizationResource: LocRes '../../../Engine/Plugins/Online/IOS/OnlineSubsystemIOS/Content/Localization/OnlineSubsystemIOS/es-MX/OnlineSubsystemIOS.locres' could not be opened for reading!
[2024.05.29-22.47.31:720][  0]LogInit: Setting process to per monitor DPI aware
[2024.05.29-22.47.31:765][  0]LogWindowsTextInputMethodSystem: Display: IME system deactivated.
[2024.05.29-22.47.32:042][  0]LogSlate: New Slate User Created.  User Index 0, Is Virtual User: 0
[2024.05.29-22.47.32:042][  0]LogSlate: Slate User Registered.  User Index 0, Is Virtual User: 0
[2024.05.29-22.47.32:633][  0]LogD3D11RHI: Loaded GFSDK_Aftermath_Lib.x64.dll
[2024.05.29-22.47.32:633][  0]LogD3D11RHI: D3D11 min allowed feature level: 11_0
[2024.05.29-22.47.32:634][  0]LogD3D11RHI: D3D11 max allowed feature level: 11_0
[2024.05.29-22.47.32:634][  0]LogD3D11RHI: D3D11 adapters:
[2024.05.29-22.47.32:703][  0]LogD3D11RHI:    0. 'AMD Radeon(TM) Vega 8 Graphics' (Feature Level 11_0)
[2024.05.29-22.47.32:703][  0]LogD3D11RHI:       2034/0/5076 MB DedicatedVideo/DedicatedSystem/SharedSystem, Outputs:1, VendorId:0x1002
[2024.05.29-22.47.32:710][  0]LogD3D11RHI:    1. 'Microsoft Basic Render Driver' (Feature Level 11_0)
[2024.05.29-22.47.32:710][  0]LogD3D11RHI:       0/0/5076 MB DedicatedVideo/DedicatedSystem/SharedSystem, Outputs:0, VendorId:0x1414
[2024.05.29-22.47.32:710][  0]LogD3D11RHI: Chosen D3D11 Adapter:
[2024.05.29-22.47.32:710][  0]LogD3D11RHI:     Description : AMD Radeon(TM) Vega 8 Graphics
[2024.05.29-22.47.32:710][  0]LogD3D11RHI:     VendorId    : 1002
[2024.05.29-22.47.32:710][  0]LogD3D11RHI:     DeviceId    : 15d8
[2024.05.29-22.47.32:710][  0]LogD3D11RHI:     SubSysId    : 8615103c
[2024.05.29-22.47.32:710][  0]LogD3D11RHI:     Revision    : 00c2
[2024.05.29-22.47.32:710][  0]LogD3D11RHI:     DedicatedVideoMemory : 2133184512 bytes
[2024.05.29-22.47.32:710][  0]LogD3D11RHI:     DedicatedSystemMemory : 0 bytes
[2024.05.29-22.47.32:710][  0]LogD3D11RHI:     SharedSystemMemory : 5323497472 bytes
[2024.05.29-22.47.32:710][  0]LogD3D11RHI:     AdapterLuid : 0 79202
[2024.05.29-22.47.32:727][  0]LogD3D11RHI: Creating new Direct3DDevice
[2024.05.29-22.47.32:727][  0]LogD3D11RHI:     GPU DeviceId: 0x15d8 (for the marketing name, search the web for "GPU Device Id")
[2024.05.29-22.47.32:727][  0]LogWindows: EnumDisplayDevices:
[2024.05.29-22.47.32:727][  0]LogWindows:    0. 'AMD Radeon(TM) Vega 8 Graphics' (P:1 D:1)
[2024.05.29-22.47.32:728][  0]LogWindows:    1. 'AMD Radeon(TM) Vega 8 Graphics' (P:0 D:0)
[2024.05.29-22.47.32:728][  0]LogWindows:    2. 'AMD Radeon(TM) Vega 8 Graphics' (P:0 D:0)
[2024.05.29-22.47.32:729][  0]LogWindows:    3. 'AMD Radeon(TM) Vega 8 Graphics' (P:0 D:0)
[2024.05.29-22.47.32:730][  0]LogWindows: DebugString: FoundDriverCount:4 
[2024.05.29-22.47.32:730][  0]LogD3D11RHI:     Adapter Name: AMD Radeon(TM) Vega 8 Graphics
[2024.05.29-22.47.32:730][  0]LogD3D11RHI:   Driver Version: Adrenalin 2020 20.9.1 (internal:27.20.12029.1000, unified:27.20.12029.1000)
[2024.05.29-22.47.32:730][  0]LogD3D11RHI:      Driver Date: 9-9-2020
[2024.05.29-22.47.32:730][  0]LogRHI: Texture pool is 4549 MB (70% of 6499 MB)
[2024.05.29-22.47.32:752][  0]LogD3D11RHI: Creating D3DDevice with AMD AGS, using adapter:
[2024.05.29-22.47.32:752][  0]LogD3D11RHI:     Description : AMD Radeon(TM) Vega 8 Graphics
[2024.05.29-22.47.32:752][  0]LogD3D11RHI:     VendorId    : 1002
[2024.05.29-22.47.32:752][  0]LogD3D11RHI:     DeviceId    : 15d8
[2024.05.29-22.47.32:752][  0]LogD3D11RHI:     SubSysId    : 8615103c
[2024.05.29-22.47.32:752][  0]LogD3D11RHI:     Revision    : 00c2
[2024.05.29-22.47.32:752][  0]LogD3D11RHI:     DedicatedVideoMemory : 2133184512 bytes
[2024.05.29-22.47.32:752][  0]LogD3D11RHI:     DedicatedSystemMemory : 0 bytes
[2024.05.29-22.47.32:752][  0]LogD3D11RHI:     SharedSystemMemory : 5323497472 bytes
[2024.05.29-22.47.32:752][  0]LogD3D11RHI:     AdapterLuid : 0 79202
[2024.05.29-22.47.32:805][  0]LogD3D11RHI: Created device via AGS, feature level 11_0, supported extensions 1fffffbf.
[2024.05.29-22.47.32:805][  0]LogD3D11RHI: RHI has support for 64 bit atomics
[2024.05.29-22.47.32:805][  0]LogD3D11RHI: Async texture creation enabled
[2024.05.29-22.47.32:805][  0]LogD3D11RHI: Array index from any shader is supported
[2024.05.29-22.47.32:825][  0]LogD3D11RHI: GPU Timing Frequency: 25.000000 (Debug: 2 1)
[2024.05.29-22.47.34:007][  0]LogTargetPlatformManager: Display: Loaded TargetPlatform 'AllDesktop'
[2024.05.29-22.47.34:064][  0]LogTargetPlatformManager: Display: Loaded TargetPlatform 'Android'
[2024.05.29-22.47.34:064][  0]LogTargetPlatformManager: Display: Loaded TargetPlatform 'Android_ASTC'
[2024.05.29-22.47.34:064][  0]LogTargetPlatformManager: Display: Loaded TargetPlatform 'Android_DXT'
[2024.05.29-22.47.34:064][  0]LogTargetPlatformManager: Display: Loaded TargetPlatform 'Android_ETC2'
[2024.05.29-22.47.34:064][  0]LogTargetPlatformManager: Display: Loaded TargetPlatform 'AndroidClient'
[2024.05.29-22.47.34:064][  0]LogTargetPlatformManager: Display: Loaded TargetPlatform 'Android_ASTCClient'
[2024.05.29-22.47.34:064][  0]LogTargetPlatformManager: Display: Loaded TargetPlatform 'Android_DXTClient'
[2024.05.29-22.47.34:065][  0]LogTargetPlatformManager: Display: Loaded TargetPlatform 'Android_ETC2Client'
[2024.05.29-22.47.34:065][  0]LogTargetPlatformManager: Display: Loaded TargetPlatform 'Android_Multi'
[2024.05.29-22.47.34:065][  0]LogTargetPlatformManager: Display: Loaded TargetPlatform 'Android_MultiClient'
[2024.05.29-22.47.34:136][  0]LogTargetPlatformManager: Display: Loaded TargetPlatform 'IOSClient'
[2024.05.29-22.47.34:136][  0]LogTargetPlatformManager: Display: Loaded TargetPlatform 'IOS'
[2024.05.29-22.47.34:154][  0]LogTargetPlatformManager: Display: Loaded TargetPlatform 'Linux'
[2024.05.29-22.47.34:163][  0]LogTargetPlatformManager: Display: Loaded TargetPlatform 'LinuxNoEditor'
[2024.05.29-22.47.34:180][  0]LogTargetPlatformManager: Display: Loaded TargetPlatform 'LinuxClient'
[2024.05.29-22.47.34:190][  0]LogTargetPlatformManager: Display: Loaded TargetPlatform 'LinuxServer'
[2024.05.29-22.47.34:215][  0]LogTargetPlatformManager: Display: Loaded TargetPlatform 'LinuxAArch64NoEditor'
[2024.05.29-22.47.34:235][  0]LogTargetPlatformManager: Display: Loaded TargetPlatform 'LinuxAArch64Client'
[2024.05.29-22.47.34:256][  0]LogTargetPlatformManager: Display: Loaded TargetPlatform 'LinuxAArch64Server'
[2024.05.29-22.47.34:328][  0]LogTargetPlatformManager: Display: Loaded TargetPlatform 'Lumin'
[2024.05.29-22.47.34:328][  0]LogTargetPlatformManager: Display: Loaded TargetPlatform 'LuminClient'
[2024.05.29-22.47.34:356][  0]LogTargetPlatformManager: Display: Loaded TargetPlatform 'MacNoEditor'
[2024.05.29-22.47.34:377][  0]LogTargetPlatformManager: Display: Loaded TargetPlatform 'Mac'
[2024.05.29-22.47.34:395][  0]LogTargetPlatformManager: Display: Loaded TargetPlatform 'MacClient'
[2024.05.29-22.47.34:413][  0]LogTargetPlatformManager: Display: Loaded TargetPlatform 'MacServer'
[2024.05.29-22.47.34:440][  0]LogTargetPlatformManager: Display: Loaded TargetPlatform 'TVOSClient'
[2024.05.29-22.47.34:440][  0]LogTargetPlatformManager: Display: Loaded TargetPlatform 'TVOS'
[2024.05.29-22.47.34:470][  0]LogTargetPlatformManager: Display: Loaded TargetPlatform 'WindowsNoEditor'
[2024.05.29-22.47.34:493][  0]LogTargetPlatformManager: Display: Loaded TargetPlatform 'Windows'
[2024.05.29-22.47.34:521][  0]LogTargetPlatformManager: Display: Loaded TargetPlatform 'WindowsClient'
[2024.05.29-22.47.34:545][  0]LogTargetPlatformManager: Display: Loaded TargetPlatform 'WindowsServer'
[2024.05.29-22.47.34:545][  0]LogTargetPlatformManager: Display: Building Assets For Windows
[2024.05.29-22.47.34:601][  0]LogAudioDebug: Display: Lib vorbis DLL was dynamically loaded.
[2024.05.29-22.47.34:763][  0]LogTextureFormatOodle: Display: Oodle Texture 2.9.0 init RDO Off
[2024.05.29-22.47.34:967][  0]LogRendererCore: Ray tracing is disabled. Reason: r.RayTracing=0.
[2024.05.29-22.47.34:968][  0]LogShaderCompilers: Guid format shader working directory is 22 characters bigger than the processId version (../../../../StayinAlive/Intermediate/Shaders/WorkingDirectory/11128/).
[2024.05.29-22.47.34:968][  0]LogShaderCompilers: Cleaned the shader compiler working directory 'C:/Users/gabyg/AppData/Local/Temp/UnrealShaderWorkingDir/BA281FEE4E1E7F9426D66E8FD70B5178/'.
[2024.05.29-22.47.34:968][  0]LogXGEController: Cannot use XGE Controller as Incredibuild is not installed on this machine.
[2024.05.29-22.47.34:968][  0]LogShaderCompilers: Cannot use XGE Shader Compiler as Incredibuild is not installed on this machine.
[2024.05.29-22.47.34:968][  0]LogShaderCompilers: Display: Using Local Shader Compiler.
[2024.05.29-22.47.36:796][  0]LogDerivedDataCache: Display: Max Cache Size: 512 MB
[2024.05.29-22.47.36:932][  0]LogDerivedDataCache: Loaded boot cache 0.14s 122MB C:/Users/gabyg/AppData/Local/UnrealEngine/4.27/DerivedDataCache/Boot.ddc.
[2024.05.29-22.47.36:943][  0]LogDerivedDataCache: Display: Loaded Boot cache: C:/Users/gabyg/AppData/Local/UnrealEngine/4.27/DerivedDataCache/Boot.ddc
[2024.05.29-22.47.36:944][  0]LogDerivedDataCache: FDerivedDataBackendGraph:  Pak pak cache file ../../../../StayinAlive/DerivedDataCache/DDC.ddp not found, will not use a pak cache.
[2024.05.29-22.47.36:944][  0]LogDerivedDataCache: Unable to find inner node Pak for hierarchical cache Hierarchy.
[2024.05.29-22.47.36:944][  0]LogDerivedDataCache: FDerivedDataBackendGraph:  CompressedPak pak cache file ../../../../StayinAlive/DerivedDataCache/Compressed.ddp not found, will not use a pak cache.
[2024.05.29-22.47.36:944][  0]LogDerivedDataCache: Unable to find inner node CompressedPak for hierarchical cache Hierarchy.
[2024.05.29-22.47.36:978][  0]LogDerivedDataCache: Display: Pak cache opened for reading ../../../Engine/DerivedDataCache/Compressed.ddp.
[2024.05.29-22.47.36:978][  0]LogDerivedDataCache: FDerivedDataBackendGraph:  EnterprisePak pak cache file ../../../Enterprise/DerivedDataCache/Compressed.ddp not found, will not use a pak cache.
[2024.05.29-22.47.36:978][  0]LogDerivedDataCache: Unable to find inner node EnterprisePak for hierarchical cache Hierarchy.
[2024.05.29-22.47.36:994][  0]LogDerivedDataCache: Speed tests for C:/Users/gabyg/AppData/Local/UnrealEngine/Common/DerivedDataCache took 0.02 seconds
[2024.05.29-22.47.36:994][  0]LogDerivedDataCache: Display: Performance to C:/Users/gabyg/AppData/Local/UnrealEngine/Common/DerivedDataCache: Latency=0.08ms. RandomReadSpeed=600.38MBs, RandomWriteSpeed=72.61MBs. Assigned SpeedClass 'Local'
[2024.05.29-22.47.36:995][  0]LogDerivedDataCache: Using Local data cache path C:/Users/gabyg/AppData/Local/UnrealEngine/Common/DerivedDataCache: Writable
[2024.05.29-22.47.36:995][  0]LogDerivedDataCache: Shared data cache path not found in *engine.ini, will not use an Shared cache.
[2024.05.29-22.47.36:995][  0]LogDerivedDataCache: Unable to find inner node Shared for hierarchical cache Hierarchy.
[2024.05.29-22.47.37:089][  0]LogSlate: Using FreeType 2.10.0
[2024.05.29-22.47.37:089][  0]LogSlate: SlateFontServices - WITH_FREETYPE: 1, WITH_HARFBUZZ: 1
[2024.05.29-22.47.37:139][  0]LogAssetRegistry: FAssetRegistry took 0.0056 seconds to start up
[2024.05.29-22.47.37:713][  0]LogInit: Selected Device Profile: [Windows]
[2024.05.29-22.47.37:714][  0]LogInit: Active device profile: [00000202A1A22C00][00000202A0408240 49] Windows
[2024.05.29-22.47.37:714][  0]LogInit: Profiles: [00000202A1A22C00][00000202A0408240 49] Windows, [00000202A19AE000][000002029CF763C0 49] WindowsNoEditor, [00000202A1A22100][000002029CF7A540 49] WindowsServer, [00000202A19AEA00][000002029CF7E6C0 49] WindowsClient, [00000202A1A21700][000002029CF82840 49] IOS, [00000202A19AF300][000002029CF869C0 49] iPadAir, [00000202A1A20E00][000002029CF8AB40 49] iPadAir2, [00000202A195E100][000002029CF8ED80 49] IPadPro, [00000202A195E200][00000202A040CDC0 49] iPadAir3, [00000202A19AEF00][000002029CF92F00 49] iPadAir4, [00000202A195F000][000002029CF9B080 49] iPadMini2, [00000202A19AD500][000002029CF9F200 49] iPadMini3, [00000202A195FC00][000002029CFA3380 49] iPadMini4, [00000202A19AC900][000002029CFA7500 49] iPadMini5, [00000202A1979A00][000002029CFAF7C0 49] iPhone6, [00000202A1979B00][000002029CFAB800 49] iPodTouch6, [00000202A1A22700][000002029CFB7AC0 49] iPhone7, [00000202A1A22600][000002029CFB3B00 49] iPodTouch7, [00000202A195E000][000002029CFBA100 49] iPhone5S, [00000202A1A23900][000002029D1C2280 49] iPhone6Plus, [00000202A195ED00][000002029D1C6400 49] iPhone6S, [00000202A1A21100][000002029D1CA580 49] iPhone6SPlus, [00000202A195D900][000002029D1CE700 49] iPhone7Plus, [00000202A1A23400][000002029D1D2880 49] iPhoneSE, [00000202A195D800][000002029D1D6A00 49] iPhone8, [00000202A1978400][000002029D1DAB80 49] iPhone8Plus, [00000202A1A20F00][000002029D1DED00 49] iPhoneX, [00000202A1978600][000002029CF96E40 49] iPhoneXS, [00000202A1A21000][000002029D1E2F80 49] iPhoneXSMax, [00000202A1978700][000002029D1E70C0 49] iPhoneXR, [00000202A1A23C00][000002029D1EF240 49] iPhone11, [00000202A195DB00][000002029D1F33C0 49] iPhone11Pro, [00000202A197A100][000002029D1F7540 49] iPhone11ProMax, [00000202A195FF00][000002029D1FB6C0 49] iPhoneSE2, [00000202A197A900][000002029D1FF840 49] iPhone12Mini, [00000202A195F300][000002029D2039C0 49] iPhone12, [00000202A197B100][000002029D207B40 49] iPhone12Pro, [00000202A195C300][000002029D20A140 49] iPhone12ProMax, [00000202A197B500][000002029D20E2C0 49] iPadPro105, [00000202A195E400][000002029DBF2440 49] iPadPro129, [00000202A197B700][000002029DBF65C0 49] iPadPro97, [00000202A195E500][000002029DBFA740 49] iPadPro2_129, [00000202A1A22E00][000002029DBFE8C0 49] iPad5, [00000202A195DF00][000002029DC02A40 49] iPad6, [00000202A1A22200][000002029DC06BC0 49] iPad7, [00000202A195C800][000002029DC0AD40 49] iPad8, [00000202A1A23000][000002029DC0EEC0 49] iPadPro11, [00000202A195E600][000002029D1EB000 49] iPadPro2_11, [00000202A1A21400][000002029DC13140 49] iPadPro3_129, [00000202A195C400][000002029DC17280 49] iPadPro4_129, [00000202A1A20100][000002029DC1B3C0 49] AppleTV, [00000202A195DE00][000002029DC23540 49] AppleTV4K, [00000202A1A21C00][000002029DC276C0 49] TVOS, [00000202A195C600][000002029DC2B840 49] Mac, [00000202A1A20300][000002029DC2F9C0 49] MacClient, [00000202A195D300][000002029DC33B40 49] MacNoEditor, [00000202A1A21B00][000002029DC36140 49] MacServer, [00000202A195CB00][000002029DC3E2C0 49] Linux, [00000202A1A20500][000002029DC42440 49] LinuxAArch64, [00000202A195D600][00000202A16865C0 49] LinuxNoEditor, [00000202A1A22A00][00000202A0082740 49] LinuxAArch64NoEditor, [00000202A195F400][00000202A00B28C0 49] LinuxClient, [00000202A1A20B00][00000202A00F0A40 49] LinuxAArch64Client, [00000202A195EA00][00000202A00FEBC0 49] LinuxServer, [00000202A1A22B00][00000202A17C8D40 49] LinuxAArch64Server, [00000202A195CE00][00000202A17CCEC0 49] Android, [00000202A1A20700][00000202A2851040 49] Android_Low, [00000202A195E800][000002029DC1F180 49] Android_Mid, [00000202A1A23700][00000202A28C32C0 49] Android_High, [00000202A195FE00][00000202A28C7400 49] Android_Default, [00000202A1A22800][00000202A2961540 49] Android_Adreno4xx, [00000202A195E900][00000202A2C416C0 49] Android_Adreno5xx_Low, [00000202A1A20400][00000202A2C45840 49] Android_Adreno5xx, [00000202A195F900][00000202A2C499C0 49] Android_Adreno6xx, [00000202A1A22500][00000202A0249B40 49] Android_Adreno6xx_Vulkan, [00000202A195FA00][00000202A02A2140 49] Android_Mali_T6xx, [00000202A1A22F00][00000202A29982C0 49] Android_Mali_T7xx, [00000202A195C700][00000202A299C440 49] Android_Mali_T8xx, [00000202A1A20600][00000202A29A05C0 49] Android_Mali_G71, [00000202A195DC00][00000202A29A8740 49] Android_Mali_G72, [00000202A1A20C00][00000202A29AC8C0 49] Android_Mali_G72_Vulkan, [00000202A195D000][00000202A29D2A40 49] Android_Mali_G76, [00000202A1A21500][00000202A2B20BC0 49] Android_Mali_G76_Vulkan, [00000202A195F100][00000202A2B3CD40 49] Android_Mali_G77, [00000202A19ACA00][00000202A2D9EEC0 49] Android_Mali_G77_Vulkan, [00000202A1978C00][00000202A2DA3040 49] Android_Mali_G78, [00000202A19AF500][00000202A2DA71C0 49] Android_Mali_G78_Vulkan, [00000202A1978E00][00000202A2DAB340 49] Android_Mali_G710, [00000202A19AD700][00000202A2995480 49] Android_Mali_G710_Vulkan, [00000202A1978200][00000202A2F335C0 49] Android_Vulkan_SM5, [00000202A19AD200][00000202A178F700 49] Android_PowerVR_G6xxx, [00000202A1978B00][00000202A1797880 49] Android_PowerVR_GT7xxx, [00000202A19AE400][00000202A179BA00 49] Android_PowerVR_GE8xxx, [00000202A197B200][00000202A2855B80 49] Android_PowerVR_GM9xxx, [00000202A19AFF00][00000202A2858180 49] Android_PowerVR_GM9xxx_Vulkan, [00000202A1979500][00000202A2898300 49] Android_TegraK1, [00000202A19AF100][00000202A289C480 49] Android_Unknown_Vulkan, [00000202A197B400][00000202A28A0600 49] Lumin, [00000202A19AC800][00000202A28A4780 49] Lumin_Desktop, [00000202A197BB00][00000202A28A8900 49] HoloLens, 
[2024.05.29-22.47.37:934][  0]LogMeshReduction: Using QuadricMeshReduction for automatic static mesh reduction
[2024.05.29-22.47.37:934][  0]LogMeshReduction: Using SimplygonMeshReduction for automatic skeletal mesh reduction
[2024.05.29-22.47.37:934][  0]LogMeshReduction: Using ProxyLODMeshReduction for automatic mesh merging
[2024.05.29-22.47.37:934][  0]LogMeshReduction: No distributed automatic mesh merging module available
[2024.05.29-22.47.37:934][  0]LogMeshMerging: No distributed automatic mesh merging module available
[2024.05.29-22.47.38:329][  0]LogNetVersion: RV 1.0.0, NetCL: 17155196, EngineNetVer: 17, GameNetVer: 0 (Checksum: 3399876282)
[2024.05.29-22.47.39:144][  0]LogTexture: Default maximum texture size for cubemaps generated from long-lat sources has been changed from 512 to unlimited. In order to preserve old behaiour for '/Engine/MapTemplates/Sky/DaylightAmbientCubemap.DaylightAmbientCubemap', its maximum texture size has been explicitly set to 512.
[2024.05.29-22.47.39:246][  0]LogHMD: PokeAHoleMaterial loaded successfully
[2024.05.29-22.47.39:261][  0]LogUObjectArray: 17098 objects as part of root set at end of initial load.
[2024.05.29-22.47.39:261][  0]LogUObjectAllocator: 4283840 out of 0 bytes used by permanent object pool.
[2024.05.29-22.47.39:261][  0]LogUObjectArray: CloseDisregardForGC: 0/0 objects in disregard for GC pool
[2024.05.29-22.47.40:749][  0]LogPython: Using Python 3.7.7
[2024.05.29-22.47.42:449][  0]LogNiagaraDebuggerClient: Niagara Debugger Client Initialized | Session: EEB3F7BC42C43975993C49A9B56F9324 | Instance: 9B3B9F0D450DC45C11A4E38508436E77 (LAPTOP-1QT45U1L-11128).
[2024.05.29-22.47.42:999][  0]LogTcpMessaging: Initializing TcpMessaging bridge
[2024.05.29-22.47.43:052][  0]LogUdpMessaging: Initializing bridge on interface 0.0.0.0:0 to multicast group 230.0.0.1:6666.
[2024.05.29-22.47.44:218][  0]SERIALCOMLog: Warning: SERIALCOM: Log Started
[2024.05.29-22.47.45:078][  0]LogOpenImageDenoise: OIDN starting up
[2024.05.29-22.47.45:192][  0]LogAndroidPermission: UAndroidPermissionCallbackProxy::GetInstance
[2024.05.29-22.47.45:266][  0]LogAudioCaptureCore: Display: No Audio Capture implementations found. Audio input will be silent.
[2024.05.29-22.47.45:266][  0]LogAudioCaptureCore: Display: No Audio Capture implementations found. Audio input will be silent.
[2024.05.29-22.47.45:772][  0]SourceControl: El control de código fuente está desactivado
[2024.05.29-22.47.45:772][  0]SourceControl: El control de código fuente está desactivado
[2024.05.29-22.47.45:781][  0]SourceControl: El control de código fuente está desactivado
[2024.05.29-22.47.45:792][  0]SourceControl: El control de código fuente está desactivado
[2024.05.29-22.47.45:816][  0]SourceControl: El control de código fuente está desactivado
[2024.05.29-22.47.45:837][  0]LogUProjectInfo: Found projects:
[2024.05.29-22.47.45:859][  0]LogVSAccessor: Display: Unable to create Visual Studio setup instance: 80040154
[2024.05.29-22.47.45:861][  0]LogVSAccessor: Display: Unable to create Visual Studio setup instance: 80040154
[2024.05.29-22.47.45:863][  0]LogVSAccessor: Display: Unable to create Visual Studio setup instance: 80040154
[2024.05.29-22.47.46:129][  0]LogOcInput: OculusInput pre-init called
[2024.05.29-22.47.47:063][  0]LogCollectionManager: Loaded 0 collections in 0.003898 seconds
[2024.05.29-22.47.47:390][  0]LogFileCache: Scanning file cache for directory 'E:/StayinAlive/Saved/Collections/' took 0.08s
[2024.05.29-22.47.47:390][  0]LogFileCache: Scanning file cache for directory 'E:/StayinAlive/Content/Developers/gabyg/Collections/' took 0.00s
[2024.05.29-22.47.47:390][  0]LogFileCache: Scanning file cache for directory 'E:/StayinAlive/Content/Collections/' took 0.00s
[2024.05.29-22.47.47:391][  0]LogEngine: Initializing Engine...
[2024.05.29-22.47.47:393][  0]LogHMD: PokeAHoleMaterial loaded successfully
[2024.05.29-22.47.47:393][  0]LogHMD: Initializing OVRPlugin session
