Log file open, 05/29/24 12:45:07
LogWindows: Failed to load 'aqProf.dll' (GetLastError=126)
LogWindows: File 'aqProf.dll' does not exist
LogWindows: Failed to load 'VtuneApi.dll' (GetLastError=126)
LogWindows: File 'VtuneApi.dll' does not exist
LogWindows: Failed to load 'VtuneApi32e.dll' (GetLastError=126)
LogWindows: File 'VtuneApi32e.dll' does not exist
LogConsoleResponse: Display: Failed to find resolution value strings in scalability ini. Falling back to default.
LogConsoleResponse: Display: Failed to find resolution value strings in scalability ini. Falling back to default.
LogInit: Display: Running engine for game: RV
LogPlatformFile: Not using cached read wrapper
LogTaskGraph: Started task graph with 5 named threads and 23 total threads with 3 sets of task threads.
LogStats: Stats thread started at 8.968711
LogICUInternationalization: ICU TimeZone Detection - Raw Offset: -6:00, Platform Override: ''
LogInit: Display: Loading text-based GConfig....
LogPluginManager: Mounting plugin MeshPainting
LogPluginManager: Mounting plugin XGEController
LogPluginManager: Mounting plugin Paper2D
LogPluginManager: Mounting plugin AISupport
LogPluginManager: Mounting plugin EnvironmentQueryEditor
LogPluginManager: Mounting plugin LiveLink
LogPluginManager: Mounting plugin LightPropagationVolume
LogPluginManager: Mounting plugin CameraShakePreviewer
LogPluginManager: Mounting plugin GameplayCameras
LogPluginManager: Mounting plugin OodleNetwork
LogPluginManager: Mounting plugin OodleData
LogPluginManager: Mounting plugin AssetManagerEditor
LogPluginManager: Mounting plugin DataValidation
LogPluginManager: Mounting plugin CryptoKeys
LogPluginManager: Mounting plugin CurveEditorTools
LogPluginManager: Mounting plugin FacialAnimation
LogPluginManager: Mounting plugin GameplayTagsEditor
LogPluginManager: Mounting plugin GeometryMode
LogPluginManager: Mounting plugin MacGraphicsSwitching
LogPluginManager: Mounting plugin MaterialAnalyzer
LogPluginManager: Mounting plugin MobileLauncherProfileWizard
LogPluginManager: Mounting plugin PluginBrowser
LogPluginManager: Mounting plugin SpeedTreeImporter
LogPluginManager: Mounting plugin AnimationSharing
LogPluginManager: Mounting plugin CLionSourceCodeAccess
LogPluginManager: Mounting plugin CodeLiteSourceCodeAccess
LogPluginManager: Mounting plugin GitSourceControl
LogPluginManager: Mounting plugin KDevelopSourceCodeAccess
LogPluginManager: Mounting plugin NullSourceCodeAccess
LogPluginManager: Mounting plugin PerforceSourceControl
LogPluginManager: Mounting plugin PixWinPlugin
LogPluginManager: Mounting plugin PlasticSourceControl
LogPluginManager: Mounting plugin PropertyAccessNode
LogPluginManager: Mounting plugin PluginUtils
LogPluginManager: Mounting plugin RiderSourceCodeAccess
LogPluginManager: Mounting plugin SubversionSourceControl
LogPluginManager: Mounting plugin TextureFormatOodle
LogPluginManager: Mounting plugin VisualStudioCodeSourceCodeAccess
LogPluginManager: Mounting plugin UObjectPlugin
LogPluginManager: Mounting plugin VisualStudioSourceCodeAccess
LogPluginManager: Mounting plugin XCodeSourceCodeAccess
LogPluginManager: Mounting plugin Niagara
LogPluginManager: Mounting plugin AlembicImporter
LogPluginManager: Mounting plugin AutomationUtils
LogPluginManager: Mounting plugin BackChannel
LogPluginManager: Mounting plugin ChaosClothEditor
LogPluginManager: Mounting plugin ChaosCloth
LogPluginManager: Mounting plugin ChaosEditor
LogPluginManager: Mounting plugin ChaosNiagara
LogPluginManager: Mounting plugin ChaosSolverPlugin
LogPluginManager: Mounting plugin CharacterAI
LogPluginManager: Mounting plugin DatasmithContent
LogPluginManager: Mounting plugin GeometryCache
LogPluginManager: Mounting plugin GeometryCollectionPlugin
LogPluginManager: Mounting plugin VariantManagerContent
LogPluginManager: Mounting plugin GeometryProcessing
LogPluginManager: Mounting plugin MotoSynth
LogPluginManager: Mounting plugin OpenImageDenoise
LogPluginManager: Mounting plugin PlatformCrypto
LogPluginManager: Mounting plugin PlanarCut
LogPluginManager: Mounting plugin ProxyLODPlugin
LogPluginManager: Mounting plugin PythonScriptPlugin
LogPluginManager: Mounting plugin SkeletalReduction
LogPluginManager: Mounting plugin LuminPlatformFeatures
LogPluginManager: Mounting plugin MagicLeap
LogPluginManager: Mounting plugin MagicLeapLightEstimation
LogPluginManager: Mounting plugin MagicLeapMedia
LogPluginManager: Mounting plugin MagicLeapPassableWorld
LogPluginManager: Mounting plugin MLSDK
LogPluginManager: Mounting plugin AndroidMedia
LogPluginManager: Mounting plugin AvfMedia
LogPluginManager: Mounting plugin ImgMedia
LogPluginManager: Mounting plugin MediaCompositing
LogPluginManager: Mounting plugin MediaPlayerEditor
LogPluginManager: Mounting plugin WebMMedia
LogPluginManager: Mounting plugin WmfMedia
LogPluginManager: Mounting plugin ActorSequence
LogPluginManager: Mounting plugin LevelSequenceEditor
LogPluginManager: Mounting plugin MatineeToLevelSequence
LogPluginManager: Mounting plugin TemplateSequence
LogPluginManager: Mounting plugin UdpMessaging
LogPluginManager: Mounting plugin TcpMessaging
LogPluginManager: Mounting plugin OnlineSubsystem
LogPluginManager: Mounting plugin OnlineSubsystemNull
LogPluginManager: Mounting plugin OnlineSubsystemUtils
LogPluginManager: Mounting plugin ActorLayerUtilities
LogPluginManager: Mounting plugin LauncherChunkInstaller
LogPluginManager: Mounting plugin AndroidDeviceProfileSelector
LogPluginManager: Mounting plugin AndroidMoviePlayer
LogPluginManager: Mounting plugin AndroidPermission
LogPluginManager: Mounting plugin AppleMoviePlayer
LogPluginManager: Mounting plugin AppleImageUtils
LogPluginManager: Mounting plugin ArchVisCharacter
LogPluginManager: Mounting plugin AssetTags
LogPluginManager: Mounting plugin AudioCapture
LogPluginManager: Mounting plugin AudioSynesthesia
LogPluginManager: Mounting plugin CableComponent
LogPluginManager: Mounting plugin ChunkDownloader
LogPluginManager: Mounting plugin CustomMeshComponent
LogPluginManager: Mounting plugin EditableMesh
LogPluginManager: Mounting plugin ExampleDeviceProfileSelector
LogPluginManager: Mounting plugin GoogleCloudMessaging
LogPluginManager: Mounting plugin GooglePAD
LogPluginManager: Mounting plugin IOSDeviceProfileSelector
LogPluginManager: Mounting plugin LinuxDeviceProfileSelector
LogPluginManager: Mounting plugin LocationServicesBPLibrary
LogPluginManager: Mounting plugin MobilePatchingUtils
LogPluginManager: Mounting plugin OpenXR
LogPluginManager: Mounting plugin OpenXREyeTracker
LogPluginManager: Mounting plugin OpenXRHandTracking
LogPluginManager: Mounting plugin PhysXVehicles
LogPluginManager: Mounting plugin PostSplashScreen
LogPluginManager: Mounting plugin PropertyAccessEditor
LogPluginManager: Mounting plugin ProceduralMeshComponent
LogPluginManager: Mounting plugin ResonanceAudio
LogPluginManager: Mounting plugin RuntimePhysXCooking
LogPluginManager: Mounting plugin SoundFields
LogPluginManager: Mounting plugin SignificanceManager
LogPluginManager: Mounting plugin Synthesis
LogPluginManager: Mounting plugin WebMMoviePlayer
LogPluginManager: Mounting plugin WindowsMoviePlayer
LogPluginManager: Mounting plugin ScreenshotTools
LogPluginManager: Mounting plugin Takes
LogPluginManager: Mounting plugin ContentBrowserAssetDataSource
LogPluginManager: Mounting plugin ContentBrowserClassDataSource
LogPluginManager: Mounting plugin ContentBrowserFileDataSource
LogPluginManager: Mounting plugin OnlineSubsystemGooglePlay
LogPluginManager: Mounting plugin OnlineSubsystemIOS
LogPluginManager: Mounting plugin OculusAudio
LogPluginManager: Mounting plugin OculusOpenXR
LogPluginManager: Mounting plugin OculusVR
LogPluginManager: Mounting plugin SERIALCOM
PixWinPlugin: PIX capture plugin failed to initialize! Check that the process is launched from PIX.
LogInit: Using libcurl 7.55.1-DEV
LogInit:  - built for x86_64-pc-win32
LogInit:  - supports SSL with OpenSSL/1.1.1
LogInit:  - supports HTTP deflate (compression) using libz 1.2.8
LogInit:  - other features:
LogInit:      CURL_VERSION_SSL
LogInit:      CURL_VERSION_LIBZ
LogInit:      CURL_VERSION_IPV6
LogInit:      CURL_VERSION_ASYNCHDNS
LogInit:      CURL_VERSION_LARGEFILE
LogInit:      CURL_VERSION_IDN
LogInit:  CurlRequestOptions (configurable via config and command line):
LogInit:  - bVerifyPeer = true  - Libcurl will verify peer certificate
LogInit:  - bUseHttpProxy = false  - Libcurl will NOT use HTTP proxy
LogInit:  - bDontReuseConnections = false  - Libcurl will reuse connections
LogInit:  - MaxHostConnections = 16  - Libcurl will limit the number of connections to a host
LogInit:  - LocalHostAddr = Default
LogInit:  - BufferSize = 65536
LogOnline: OSS: Creating online subsystem instance for: NULL
LogInit: WinSock: version 1.1 (2.2), MaxSocks=32767, MaxUdp=65467
LogOnline: OSS: TryLoadSubsystemAndSetDefault: Loaded subsystem for module [NULL]
LogAudio: Display: Oculus Audio: Middleware plugins not found, assuming native UE4 AudioMixer
LogAudio: Display: Oculus Audio: Attempting to load Oculus Spatializer DLL: ../../../Engine/Binaries/ThirdParty/Oculus/Audio/Win64/ (from ovraudio64)
LogOculusPluginWrapper: OculusPlugin initialized successfully
LogHMD: FOculusHMDModule PreInit successfully
LogInit: Build: ++UE4+Release-4.27-CL-18319896
LogInit: Engine Version: 4.27.2-18319896+++UE4+Release-4.27
LogInit: Compatible Engine Version: 4.27.0-17155196+++UE4+Release-4.27
LogInit: Net CL: 17155196
LogInit: OS: Windows 10 (Release 2009) (), CPU: AMD Ryzen 5 3500U with Radeon Vega Mobile Gfx  , GPU: AMD Radeon(TM) Vega 8 Graphics
LogInit: Compiled (64-bit): Nov 30 2021 07:12:08
LogInit: Compiled with Visual C++: 19.24.28315.00
LogInit: Build Configuration: Development
LogInit: Branch Name: ++UE4+Release-4.27
LogInit: Command Line: 
LogInit: Base Directory: E:/UE_4.27/Engine/Binaries/Win64/
LogInit: Allocator: TBB
LogInit: Installed Engine Build: 1
LogDevObjectVersion: Number of dev versions registered: 29
LogDevObjectVersion:   Dev-Blueprints (B0D832E4-1F89-4F0D-ACCF-7EB736FD4AA2): 10
LogDevObjectVersion:   Dev-Build (E1C64328-A22C-4D53-A36C-8E866417BD8C): 0
LogDevObjectVersion:   Dev-Core (375EC13C-06E4-48FB-B500-84F0262A717E): 4
LogDevObjectVersion:   Dev-Editor (E4B068ED-F494-42E9-A231-DA0B2E46BB41): 40
LogDevObjectVersion:   Dev-Framework (CFFC743F-43B0-4480-9391-14DF171D2073): 37
LogDevObjectVersion:   Dev-Mobile (B02B49B5-BB20-44E9-A304-32B752E40360): 3
LogDevObjectVersion:   Dev-Networking (A4E4105C-59A1-49B5-A7C5-40C4547EDFEE): 0
LogDevObjectVersion:   Dev-Online (39C831C9-5AE6-47DC-9A44-9C173E1C8E7C): 0
LogDevObjectVersion:   Dev-Physics (78F01B33-EBEA-4F98-B9B4-84EACCB95AA2): 14
LogDevObjectVersion:   Dev-Platform (6631380F-2D4D-43E0-8009-CF276956A95A): 0
LogDevObjectVersion:   Dev-Rendering (12F88B9F-8875-4AFC-A67C-D90C383ABD29): 45
LogDevObjectVersion:   Dev-Sequencer (7B5AE74C-D270-4C10-A958-57980B212A5A): 13
LogDevObjectVersion:   Dev-VR (D7296918-1DD6-4BDD-9DE2-64A83CC13884): 3
LogDevObjectVersion:   Dev-LoadTimes (C2A15278-BFE7-4AFE-6C17-90FF531DF755): 1
LogDevObjectVersion:   Private-Geometry (6EACA3D4-40EC-4CC1-B786-8BED09428FC5): 3
LogDevObjectVersion:   Dev-AnimPhys (29E575DD-E0A3-4627-9D10-D276232CDCEA): 17
LogDevObjectVersion:   Dev-Anim (AF43A65D-7FD3-4947-9873-3E8ED9C1BB05): 15
LogDevObjectVersion:   Dev-ReflectionCapture (6B266CEC-1EC7-4B8F-A30B-E4D90942FC07): 1
LogDevObjectVersion:   Dev-Automation (0DF73D61-A23F-47EA-B727-89E90C41499A): 1
LogDevObjectVersion:   FortniteMain (601D1886-AC64-4F84-AA16-D3DE0DEAC7D6): 47
LogDevObjectVersion:   FortniteRelease (E7086368-6B23-4C58-8439-1B7016265E91): 1
LogDevObjectVersion:   Dev-Enterprise (9DFFBCD6-494F-0158-E221-12823C92A888): 10
LogDevObjectVersion:   Dev-Niagara (F2AED0AC-9AFE-416F-8664-AA7FFA26D6FC): 1
LogDevObjectVersion:   Dev-Destruction (174F1F0B-B4C6-45A5-B13F-2EE8D0FB917D): 10
LogDevObjectVersion:   Dev-Physics-Ext (35F94A83-E258-406C-A318-09F59610247C): 41
LogDevObjectVersion:   Dev-PhysicsMaterial-Chaos (B68FC16E-8B1B-42E2-B453-215C058844FE): 1
LogDevObjectVersion:   Dev-CineCamera (B2E18506-4273-CFC2-A54E-F4BB758BBA07): 1
LogDevObjectVersion:   Dev-VirtualProduction (64F58936-FD1B-42BA-BA96-7289D5D0FA4E): 1
LogDevObjectVersion:   Dev-MediaFramework (6F0ED827-A609-4895-9C91-998D90180EA4): 2
LogInit: Presizing for max 25165824 objects, including 0 objects not considered by GC, pre-allocating 0 bytes for permanent pool.
LogConfig: Applying CVar settings from Section [/Script/Engine.StreamingSettings] File [E:/StayinAlive/Saved/Config/Windows/Engine.ini]
LogConfig: Setting CVar [[s.MinBulkDataSizeForAsyncLoading:131072]]
LogConfig: Setting CVar [[s.AsyncLoadingThreadEnabled:0]]
LogConfig: Setting CVar [[s.EventDrivenLoaderEnabled:1]]
LogConfig: Setting CVar [[s.WarnIfTimeLimitExceeded:0]]
LogConfig: Setting CVar [[s.TimeLimitExceededMultiplier:1.5]]
LogConfig: Setting CVar [[s.TimeLimitExceededMinTime:0.005]]
LogConfig: Setting CVar [[s.UseBackgroundLevelStreaming:1]]
LogConfig: Setting CVar [[s.PriorityAsyncLoadingExtraTime:15.0]]
LogConfig: Setting CVar [[s.LevelStreamingActorsUpdateTimeLimit:5.0]]
LogConfig: Setting CVar [[s.PriorityLevelStreamingActorsUpdateExtraTime:5.0]]
LogConfig: Setting CVar [[s.LevelStreamingComponentsRegistrationGranularity:10]]
LogConfig: Setting CVar [[s.UnregisterComponentsTimeLimit:1.0]]
LogConfig: Setting CVar [[s.LevelStreamingComponentsUnregistrationGranularity:5]]
LogConfig: Setting CVar [[s.FlushStreamingOnExit:1]]
LogInit: Object subsystem initialized
LogConfig: Setting CVar [[con.DebugEarlyDefault:1]]
LogConfig: Setting CVar [[r.setres:1280x720]]
[2024.05.29-18.45.31:296][  0]LogConfig: Setting CVar [[r.VSync:0]]
[2024.05.29-18.45.31:296][  0]LogConfig: Setting CVar [[r.RHICmdBypass:0]]
[2024.05.29-18.45.31:296][  0]LogConfig: Applying CVar settings from Section [/Script/Engine.RendererSettings] File [E:/StayinAlive/Saved/Config/Windows/Engine.ini]
[2024.05.29-18.45.31:296][  0]LogConfig: Setting CVar [[r.GPUCrashDebugging:0]]
[2024.05.29-18.45.31:296][  0]LogConfig: Setting CVar [[r.Mobile.DisableVertexFog:1]]
[2024.05.29-18.45.31:296][  0]LogConfig: Setting CVar [[r.Shadow.CSM.MaxMobileCascades:2]]
[2024.05.29-18.45.31:296][  0]LogConfig: Setting CVar [[r.MobileMSAA:4]]
[2024.05.29-18.45.31:297][  0]LogConfig: Setting CVar [[r.Mobile.AllowDitheredLODTransition:0]]
[2024.05.29-18.45.31:297][  0]LogConfig: Setting CVar [[r.Mobile.AllowSoftwareOcclusion:0]]
[2024.05.29-18.45.31:297][  0]LogConfig: Setting CVar [[r.Mobile.VirtualTextures:0]]
[2024.05.29-18.45.31:297][  0]LogConfig: Setting CVar [[r.DiscardUnusedQuality:0]]
[2024.05.29-18.45.31:297][  0]LogConfig: Setting CVar [[r.AllowOcclusionQueries:1]]
[2024.05.29-18.45.31:297][  0]LogConfig: Setting CVar [[r.MinScreenRadiusForLights:0.030000]]
[2024.05.29-18.45.31:297][  0]LogConfig: Setting CVar [[r.MinScreenRadiusForDepthPrepass:0.030000]]
[2024.05.29-18.45.31:297][  0]LogConfig: Setting CVar [[r.MinScreenRadiusForCSMDepth:0.010000]]
[2024.05.29-18.45.31:297][  0]LogConfig: Setting CVar [[r.PrecomputedVisibilityWarning:0]]
[2024.05.29-18.45.31:297][  0]LogConfig: Setting CVar [[r.TextureStreaming:1]]
[2024.05.29-18.45.31:297][  0]LogConfig: Setting CVar [[Compat.UseDXT5NormalMaps:0]]
[2024.05.29-18.45.31:297][  0]LogConfig: Setting CVar [[r.VirtualTextures:0]]
[2024.05.29-18.45.31:297][  0]LogConfig: Setting CVar [[r.VirtualTexturedLightmaps:0]]
[2024.05.29-18.45.31:297][  0]LogConfig: Setting CVar [[r.VT.TileSize:128]]
[2024.05.29-18.45.31:297][  0]LogConfig: Setting CVar [[r.VT.TileBorderSize:4]]
[2024.05.29-18.45.31:297][  0]LogConfig: Setting CVar [[r.vt.FeedbackFactor:16]]
[2024.05.29-18.45.31:297][  0]LogConfig: Setting CVar [[r.VT.EnableCompressZlib:1]]
[2024.05.29-18.45.31:297][  0]LogConfig: Setting CVar [[r.VT.EnableCompressCrunch:0]]
[2024.05.29-18.45.31:297][  0]LogConfig: Setting CVar [[r.ClearCoatNormal:0]]
[2024.05.29-18.45.31:297][  0]LogConfig: Setting CVar [[r.ReflectionCaptureResolution:128]]
[2024.05.29-18.45.31:297][  0]LogConfig: Setting CVar [[r.Mobile.ReflectionCaptureCompression:0]]
[2024.05.29-18.45.31:297][  0]LogConfig: Setting CVar [[r.ReflectionEnvironmentLightmapMixBasedOnRoughness:1]]
[2024.05.29-18.45.31:297][  0]LogConfig: Setting CVar [[r.ForwardShading:1]]
[2024.05.29-18.45.31:297][  0]LogConfig: Setting CVar [[r.VertexFoggingForOpaque:1]]
[2024.05.29-18.45.31:297][  0]LogConfig: Setting CVar [[r.AllowStaticLighting:1]]
[2024.05.29-18.45.31:297][  0]LogConfig: Setting CVar [[r.NormalMapsForStaticLighting:0]]
[2024.05.29-18.45.31:297][  0]LogConfig: Setting CVar [[r.GenerateMeshDistanceFields:0]]
[2024.05.29-18.45.31:297][  0]LogConfig: Setting CVar [[r.DistanceFieldBuild.EightBit:0]]
[2024.05.29-18.45.31:297][  0]LogConfig: Setting CVar [[r.GenerateLandscapeGIData:0]]
[2024.05.29-18.45.31:297][  0]LogConfig: Setting CVar [[r.DistanceFieldBuild.Compress:0]]
[2024.05.29-18.45.31:297][  0]LogConfig: Setting CVar [[r.TessellationAdaptivePixelsPerTriangle:48.000000]]
[2024.05.29-18.45.31:297][  0]LogConfig: Setting CVar [[r.SeparateTranslucency:0]]
[2024.05.29-18.45.31:297][  0]LogConfig: Setting CVar [[r.TranslucentSortPolicy:0]]
[2024.05.29-18.45.31:297][  0]LogConfig: Setting CVar [[r.CustomDepth:1]]
[2024.05.29-18.45.31:297][  0]LogConfig: Setting CVar [[r.CustomDepthTemporalAAJitter:1]]
[2024.05.29-18.45.31:297][  0]LogConfig: Setting CVar [[r.PostProcessing.PropagateAlpha:0]]
[2024.05.29-18.45.31:297][  0]LogConfig: Setting CVar [[r.DefaultFeature.Bloom:0]]
[2024.05.29-18.45.31:297][  0]LogConfig: Setting CVar [[r.DefaultFeature.AmbientOcclusion:0]]
[2024.05.29-18.45.31:298][  0]LogConfig: Setting CVar [[r.DefaultFeature.AmbientOcclusionStaticFraction:1]]
[2024.05.29-18.45.31:298][  0]LogConfig: Setting CVar [[r.DefaultFeature.AutoExposure:0]]
[2024.05.29-18.45.31:298][  0]LogConfig: Setting CVar [[r.DefaultFeature.AutoExposure.Method:0]]
[2024.05.29-18.45.31:298][  0]LogConfig: Setting CVar [[r.DefaultFeature.AutoExposure.Bias:1.000000]]
[2024.05.29-18.45.31:298][  0]LogConfig: Setting CVar [[r.DefaultFeature.AutoExposure.ExtendDefaultLuminanceRange:1]]
[2024.05.29-18.45.31:298][  0]LogConfig: Setting CVar [[r.UsePreExposure:1]]
[2024.05.29-18.45.31:298][  0]LogConfig: Setting CVar [[r.EyeAdaptation.EditorOnly:0]]
[2024.05.29-18.45.31:298][  0]LogConfig: Setting CVar [[r.DefaultFeature.MotionBlur:0]]
[2024.05.29-18.45.31:298][  0]LogConfig: Setting CVar [[r.DefaultFeature.LensFlare:0]]
[2024.05.29-18.45.31:298][  0]LogConfig: Setting CVar [[r.TemporalAA.Upsampling:0]]
[2024.05.29-18.45.31:298][  0]LogConfig: Setting CVar [[r.SSGI.Enable:0]]
[2024.05.29-18.45.31:298][  0]LogConfig: Setting CVar [[r.DefaultFeature.AntiAliasing:3]]
[2024.05.29-18.45.31:298][  0]LogConfig: Setting CVar [[r.DefaultFeature.LightUnits:1]]
[2024.05.29-18.45.31:298][  0]LogConfig: Setting CVar [[r.DefaultBackBufferPixelFormat:4]]
[2024.05.29-18.45.31:298][  0]LogConfig: Setting CVar [[r.Shadow.UnbuiltPreviewInGame:1]]
[2024.05.29-18.45.31:298][  0]LogConfig: Setting CVar [[r.StencilForLODDither:0]]
[2024.05.29-18.45.31:298][  0]LogConfig: Setting CVar [[r.EarlyZPass:3]]
[2024.05.29-18.45.31:298][  0]LogConfig: Setting CVar [[r.EarlyZPassOnlyMaterialMasking:0]]
[2024.05.29-18.45.31:298][  0]LogConfig: Setting CVar [[r.DBuffer:1]]
[2024.05.29-18.45.31:298][  0]LogConfig: Setting CVar [[r.ClearSceneMethod:1]]
[2024.05.29-18.45.31:298][  0]LogConfig: Setting CVar [[r.BasePassOutputsVelocity:0]]
[2024.05.29-18.45.31:298][  0]LogConfig: Setting CVar [[r.VertexDeformationOutputsVelocity:0]]
[2024.05.29-18.45.31:298][  0]LogConfig: Setting CVar [[r.SelectiveBasePassOutputs:0]]
[2024.05.29-18.45.31:298][  0]LogConfig: Setting CVar [[fx.GPUSimulationTextureSizeX:1024]]
[2024.05.29-18.45.31:298][  0]LogConfig: Setting CVar [[fx.GPUSimulationTextureSizeY:1024]]
[2024.05.29-18.45.31:298][  0]LogConfig: Setting CVar [[r.AllowGlobalClipPlane:0]]
[2024.05.29-18.45.31:298][  0]LogConfig: Setting CVar [[r.GBufferFormat:1]]
[2024.05.29-18.45.31:298][  0]LogConfig: Setting CVar [[r.MorphTarget.Mode:1]]
[2024.05.29-18.45.31:298][  0]LogConfig: Setting CVar [[vr.InstancedStereo:1]]
[2024.05.29-18.45.31:298][  0]LogConfig: Setting CVar [[r.MobileHDR:0]]
[2024.05.29-18.45.31:298][  0]LogConfig: Setting CVar [[vr.MobileMultiView:1]]
[2024.05.29-18.45.31:298][  0]LogConfig: Setting CVar [[r.Mobile.UseHWsRGBEncoding:1]]
[2024.05.29-18.45.31:299][  0]LogConfig: Setting CVar [[vr.RoundRobinOcclusion:0]]
[2024.05.29-18.45.31:299][  0]LogConfig: Setting CVar [[vr.ODSCapture:0]]
[2024.05.29-18.45.31:299][  0]LogConfig: Setting CVar [[r.MeshStreaming:0]]
[2024.05.29-18.45.31:299][  0]LogConfig: Setting CVar [[r.WireframeCullThreshold:5.000000]]
[2024.05.29-18.45.31:299][  0]LogConfig: Setting CVar [[r.RayTracing:0]]
[2024.05.29-18.45.31:299][  0]LogConfig: Setting CVar [[r.RayTracing.UseTextureLod:0]]
[2024.05.29-18.45.31:299][  0]LogConfig: Setting CVar [[r.SupportStationarySkylight:1]]
[2024.05.29-18.45.31:299][  0]LogConfig: Setting CVar [[r.SupportLowQualityLightmaps:1]]
[2024.05.29-18.45.31:299][  0]LogConfig: Setting CVar [[r.SupportPointLightWholeSceneShadows:1]]
[2024.05.29-18.45.31:299][  0]LogConfig: Setting CVar [[r.SupportAtmosphericFog:1]]
[2024.05.29-18.45.31:299][  0]LogConfig: Setting CVar [[r.SupportSkyAtmosphere:1]]
[2024.05.29-18.45.31:299][  0]LogConfig: Setting CVar [[r.SupportSkyAtmosphereAffectsHeightFog:0]]
[2024.05.29-18.45.31:299][  0]LogConfig: Setting CVar [[r.SkinCache.CompileShaders:0]]
[2024.05.29-18.45.31:299][  0]LogConfig: Setting CVar [[r.SkinCache.DefaultBehavior:1]]
[2024.05.29-18.45.31:299][  0]LogConfig: Setting CVar [[r.SkinCache.SceneMemoryLimitInMB:128.000000]]
[2024.05.29-18.45.31:299][  0]LogConfig: Setting CVar [[r.Mobile.EnableStaticAndCSMShadowReceivers:1]]
[2024.05.29-18.45.31:299][  0]LogConfig: Setting CVar [[r.Mobile.EnableMovableLightCSMShaderCulling:1]]
[2024.05.29-18.45.31:299][  0]LogConfig: Setting CVar [[r.Mobile.AllowDistanceFieldShadows:1]]
[2024.05.29-18.45.31:299][  0]LogConfig: Setting CVar [[r.Mobile.AllowMovableDirectionalLights:1]]
[2024.05.29-18.45.31:299][  0]LogConfig: Setting CVar [[r.MobileNumDynamicPointLights:4]]
[2024.05.29-18.45.31:299][  0]LogConfig: Setting CVar [[r.MobileDynamicPointLightsUseStaticBranch:1]]
[2024.05.29-18.45.31:299][  0]LogConfig: Setting CVar [[r.Mobile.EnableMovableSpotlights:0]]
[2024.05.29-18.45.31:299][  0]LogConfig: Setting CVar [[r.Mobile.EnableMovableSpotlightsShadow:0]]
[2024.05.29-18.45.31:300][  0]LogConfig: Setting CVar [[r.GPUSkin.Support16BitBoneIndex:0]]
[2024.05.29-18.45.31:300][  0]LogConfig: Setting CVar [[r.GPUSkin.Limit2BoneInfluences:0]]
[2024.05.29-18.45.31:300][  0]LogConfig: Setting CVar [[r.SupportDepthOnlyIndexBuffers:1]]
[2024.05.29-18.45.31:300][  0]LogConfig: Setting CVar [[r.SupportReversedIndexBuffers:1]]
[2024.05.29-18.45.31:300][  0]LogConfig: Setting CVar [[r.LightPropagationVolume:0]]
[2024.05.29-18.45.31:300][  0]LogConfig: Setting CVar [[r.Mobile.AmbientOcclusion:0]]
[2024.05.29-18.45.31:300][  0]LogConfig: Setting CVar [[r.GPUSkin.UnlimitedBoneInfluences:0]]
[2024.05.29-18.45.31:300][  0]LogConfig: Setting CVar [[r.GPUSkin.UnlimitedBoneInfluencesThreshold:8]]
[2024.05.29-18.45.31:300][  0]LogConfig: Setting CVar [[r.Mobile.PlanarReflectionMode:0]]
[2024.05.29-18.45.31:300][  0]LogConfig: Setting CVar [[r.Mobile.SupportGPUScene:1]]
[2024.05.29-18.45.31:300][  0]LogConfig: Applying CVar settings from Section [/Script/Engine.RendererOverrideSettings] File [E:/StayinAlive/Saved/Config/Windows/Engine.ini]
[2024.05.29-18.45.31:300][  0]LogConfig: Applying CVar settings from Section [/Script/Engine.StreamingSettings] File [E:/StayinAlive/Saved/Config/Windows/Engine.ini]
[2024.05.29-18.45.31:300][  0]LogConfig: Setting CVar [[s.MinBulkDataSizeForAsyncLoading:131072]]
[2024.05.29-18.45.31:300][  0]LogConfig: Setting CVar [[s.AsyncLoadingThreadEnabled:0]]
[2024.05.29-18.45.31:300][  0]LogConfig: Setting CVar [[s.EventDrivenLoaderEnabled:1]]
[2024.05.29-18.45.31:300][  0]LogConfig: Setting CVar [[s.WarnIfTimeLimitExceeded:0]]
[2024.05.29-18.45.31:300][  0]LogConfig: Setting CVar [[s.TimeLimitExceededMultiplier:1.5]]
[2024.05.29-18.45.31:300][  0]LogConfig: Setting CVar [[s.TimeLimitExceededMinTime:0.005]]
[2024.05.29-18.45.31:300][  0]LogConfig: Setting CVar [[s.UseBackgroundLevelStreaming:1]]
[2024.05.29-18.45.31:300][  0]LogConfig: Setting CVar [[s.PriorityAsyncLoadingExtraTime:15.0]]
[2024.05.29-18.45.31:300][  0]LogConfig: Setting CVar [[s.LevelStreamingActorsUpdateTimeLimit:5.0]]
[2024.05.29-18.45.31:300][  0]LogConfig: Setting CVar [[s.PriorityLevelStreamingActorsUpdateExtraTime:5.0]]
[2024.05.29-18.45.31:300][  0]LogConfig: Setting CVar [[s.LevelStreamingComponentsRegistrationGranularity:10]]
[2024.05.29-18.45.31:300][  0]LogConfig: Setting CVar [[s.UnregisterComponentsTimeLimit:1.0]]
[2024.05.29-18.45.31:300][  0]LogConfig: Setting CVar [[s.LevelStreamingComponentsUnregistrationGranularity:5]]
[2024.05.29-18.45.31:301][  0]LogConfig: Setting CVar [[s.FlushStreamingOnExit:1]]
[2024.05.29-18.45.31:301][  0]LogConfig: Applying CVar settings from Section [/Script/Engine.GarbageCollectionSettings] File [E:/StayinAlive/Saved/Config/Windows/Engine.ini]
[2024.05.29-18.45.31:301][  0]LogConfig: Setting CVar [[gc.MaxObjectsNotConsideredByGC:1]]
[2024.05.29-18.45.31:301][  0]LogConfig: Setting CVar [[gc.SizeOfPermanentObjectPool:0]]
[2024.05.29-18.45.31:301][  0]LogConfig: Setting CVar [[gc.FlushStreamingOnGC:0]]
[2024.05.29-18.45.31:301][  0]LogConfig: Setting CVar [[gc.NumRetriesBeforeForcingGC:10]]
[2024.05.29-18.45.31:301][  0]LogConfig: Setting CVar [[gc.AllowParallelGC:1]]
[2024.05.29-18.45.31:301][  0]LogConfig: Setting CVar [[gc.TimeBetweenPurgingPendingKillObjects:61.1]]
[2024.05.29-18.45.31:301][  0]LogConfig: Setting CVar [[gc.MaxObjectsInEditor:25165824]]
[2024.05.29-18.45.31:301][  0]LogConfig: Setting CVar [[gc.IncrementalBeginDestroyEnabled:1]]
[2024.05.29-18.45.31:301][  0]LogConfig: Setting CVar [[gc.CreateGCClusters:1]]
[2024.05.29-18.45.31:301][  0]LogConfig: Setting CVar [[gc.MinGCClusterSize:5]]
[2024.05.29-18.45.31:301][  0]LogConfig: Setting CVar [[gc.ActorClusteringEnabled:0]]
[2024.05.29-18.45.31:301][  0]LogConfig: Setting CVar [[gc.BlueprintClusteringEnabled:0]]
[2024.05.29-18.45.31:301][  0]LogConfig: Setting CVar [[gc.UseDisregardForGCOnDedicatedServers:0]]
[2024.05.29-18.45.31:301][  0]LogConfig: Setting CVar [[gc.MultithreadedDestructionEnabled:1]]
[2024.05.29-18.45.31:301][  0]LogConfig: Applying CVar settings from Section [/Script/Engine.NetworkSettings] File [E:/StayinAlive/Saved/Config/Windows/Engine.ini]
[2024.05.29-18.45.31:301][  0]LogConfig: Applying CVar settings from Section [/Script/UnrealEd.CookerSettings] File [E:/StayinAlive/Saved/Config/Windows/Engine.ini]
[2024.05.29-18.45.31:321][  0]LogConfig: Applying CVar settings from Section [ViewDistanceQuality@3] File [E:/StayinAlive/Saved/Config/Windows/Scalability.ini]
[2024.05.29-18.45.31:321][  0]LogConfig: Setting CVar [[r.SkeletalMeshLODBias:0]]
[2024.05.29-18.45.31:321][  0]LogConfig: Setting CVar [[r.ViewDistanceScale:1.0]]
[2024.05.29-18.45.31:321][  0]LogConfig: Applying CVar settings from Section [AntiAliasingQuality@3] File [E:/StayinAlive/Saved/Config/Windows/Scalability.ini]
[2024.05.29-18.45.31:321][  0]LogConfig: Setting CVar [[r.PostProcessAAQuality:4]]
[2024.05.29-18.45.31:321][  0]LogConfig: Applying CVar settings from Section [ShadowQuality@3] File [E:/StayinAlive/Saved/Config/Windows/Scalability.ini]
[2024.05.29-18.45.31:321][  0]LogConfig: Setting CVar [[r.LightFunctionQuality:1]]
[2024.05.29-18.45.31:321][  0]LogConfig: Setting CVar [[r.ShadowQuality:5]]
[2024.05.29-18.45.31:321][  0]LogConfig: Setting CVar [[r.Shadow.CSM.MaxCascades:10]]
[2024.05.29-18.45.31:321][  0]LogConfig: Setting CVar [[r.Shadow.MaxResolution:2048]]
[2024.05.29-18.45.31:321][  0]LogConfig: Setting CVar [[r.Shadow.MaxCSMResolution:2048]]
[2024.05.29-18.45.31:321][  0]LogConfig: Setting CVar [[r.Shadow.RadiusThreshold:0.01]]
[2024.05.29-18.45.31:321][  0]LogConfig: Setting CVar [[r.Shadow.DistanceScale:1.0]]
[2024.05.29-18.45.31:321][  0]LogConfig: Setting CVar [[r.Shadow.CSM.TransitionScale:1.0]]
[2024.05.29-18.45.31:321][  0]LogConfig: Setting CVar [[r.Shadow.PreShadowResolutionFactor:1.0]]
[2024.05.29-18.45.31:321][  0]LogConfig: Setting CVar [[r.DistanceFieldShadowing:1]]
[2024.05.29-18.45.31:321][  0]LogConfig: Setting CVar [[r.DistanceFieldAO:1]]
[2024.05.29-18.45.31:321][  0]LogConfig: Setting CVar [[r.AOQuality:2]]
[2024.05.29-18.45.31:321][  0]LogConfig: Setting CVar [[r.VolumetricFog:1]]
[2024.05.29-18.45.31:321][  0]LogConfig: Setting CVar [[r.VolumetricFog.GridPixelSize:8]]
[2024.05.29-18.45.31:321][  0]LogConfig: Setting CVar [[r.VolumetricFog.GridSizeZ:128]]
[2024.05.29-18.45.31:321][  0]LogConfig: Setting CVar [[r.VolumetricFog.HistoryMissSupersampleCount:4]]
[2024.05.29-18.45.31:322][  0]LogConfig: Setting CVar [[r.LightMaxDrawDistanceScale:1]]
[2024.05.29-18.45.31:322][  0]LogConfig: Setting CVar [[r.CapsuleShadows:1]]
[2024.05.29-18.45.31:322][  0]LogConfig: Applying CVar settings from Section [PostProcessQuality@3] File [E:/StayinAlive/Saved/Config/Windows/Scalability.ini]
[2024.05.29-18.45.31:322][  0]LogConfig: Setting CVar [[r.MotionBlurQuality:4]]
[2024.05.29-18.45.31:322][  0]LogConfig: Setting CVar [[r.AmbientOcclusionMipLevelFactor:0.4]]
[2024.05.29-18.45.31:322][  0]LogConfig: Setting CVar [[r.AmbientOcclusionMaxQuality:100]]
[2024.05.29-18.45.31:322][  0]LogConfig: Setting CVar [[r.AmbientOcclusionLevels:-1]]
[2024.05.29-18.45.31:322][  0]LogConfig: Setting CVar [[r.AmbientOcclusionRadiusScale:1.0]]
[2024.05.29-18.45.31:322][  0]LogConfig: Setting CVar [[r.DepthOfFieldQuality:2]]
[2024.05.29-18.45.31:322][  0]LogConfig: Setting CVar [[r.RenderTargetPoolMin:400]]
[2024.05.29-18.45.31:322][  0]LogConfig: Setting CVar [[r.LensFlareQuality:2]]
[2024.05.29-18.45.31:322][  0]LogConfig: Setting CVar [[r.SceneColorFringeQuality:1]]
[2024.05.29-18.45.31:322][  0]LogConfig: Setting CVar [[r.EyeAdaptationQuality:2]]
[2024.05.29-18.45.31:322][  0]LogConfig: Setting CVar [[r.BloomQuality:5]]
[2024.05.29-18.45.31:322][  0]LogConfig: Setting CVar [[r.FastBlurThreshold:100]]
[2024.05.29-18.45.31:322][  0]LogConfig: Setting CVar [[r.Upscale.Quality:3]]
[2024.05.29-18.45.31:322][  0]LogConfig: Setting CVar [[r.Tonemapper.GrainQuantization:1]]
[2024.05.29-18.45.31:322][  0]LogConfig: Setting CVar [[r.LightShaftQuality:1]]
[2024.05.29-18.45.31:322][  0]LogConfig: Setting CVar [[r.Filter.SizeScale:1]]
[2024.05.29-18.45.31:322][  0]LogConfig: Setting CVar [[r.Tonemapper.Quality:5]]
[2024.05.29-18.45.31:322][  0]LogConfig: Setting CVar [[r.DOF.Gather.AccumulatorQuality:1        ; higher gathering accumulator quality]]
[2024.05.29-18.45.31:322][  0]LogConfig: Setting CVar [[r.DOF.Gather.PostfilterMethod:1          ; Median3x3 postfilering method]]
[2024.05.29-18.45.31:322][  0]LogConfig: Setting CVar [[r.DOF.Gather.EnableBokehSettings:0       ; no bokeh simulation when gathering]]
[2024.05.29-18.45.31:322][  0]LogConfig: Setting CVar [[r.DOF.Gather.RingCount:4                 ; medium number of samples when gathering]]
[2024.05.29-18.45.31:322][  0]LogConfig: Setting CVar [[r.DOF.Scatter.ForegroundCompositing:1    ; additive foreground scattering]]
[2024.05.29-18.45.31:322][  0]LogConfig: Setting CVar [[r.DOF.Scatter.BackgroundCompositing:2    ; additive background scattering]]
[2024.05.29-18.45.31:323][  0]LogConfig: Setting CVar [[r.DOF.Scatter.EnableBokehSettings:1      ; bokeh simulation when scattering]]
[2024.05.29-18.45.31:323][  0]LogConfig: Setting CVar [[r.DOF.Scatter.MaxSpriteRatio:0.1         ; only a maximum of 10% of scattered bokeh]]
[2024.05.29-18.45.31:323][  0]LogConfig: Setting CVar [[r.DOF.Recombine.Quality:1                ; cheap slight out of focus]]
[2024.05.29-18.45.31:323][  0]LogConfig: Setting CVar [[r.DOF.Recombine.EnableBokehSettings:0    ; no bokeh simulation on slight out of focus]]
[2024.05.29-18.45.31:323][  0]LogConfig: Setting CVar [[r.DOF.TemporalAAQuality:1                ; more stable temporal accumulation]]
[2024.05.29-18.45.31:323][  0]LogConfig: Setting CVar [[r.DOF.Kernel.MaxForegroundRadius:0.025]]
[2024.05.29-18.45.31:323][  0]LogConfig: Setting CVar [[r.DOF.Kernel.MaxBackgroundRadius:0.025]]
[2024.05.29-18.45.31:323][  0]LogConfig: Applying CVar settings from Section [TextureQuality@3] File [E:/StayinAlive/Saved/Config/Windows/Scalability.ini]
[2024.05.29-18.45.31:323][  0]LogConfig: Setting CVar [[r.Streaming.MipBias:0]]
[2024.05.29-18.45.31:323][  0]LogConfig: Setting CVar [[r.Streaming.AmortizeCPUToGPUCopy:0]]
[2024.05.29-18.45.31:323][  0]LogConfig: Setting CVar [[r.Streaming.MaxNumTexturesToStreamPerFrame:0]]
[2024.05.29-18.45.31:323][  0]LogConfig: Setting CVar [[r.Streaming.Boost:1]]
[2024.05.29-18.45.31:323][  0]LogConfig: Setting CVar [[r.MaxAnisotropy:8]]
[2024.05.29-18.45.31:323][  0]LogConfig: Setting CVar [[r.VT.MaxAnisotropy:8]]
[2024.05.29-18.45.31:323][  0]LogConfig: Setting CVar [[r.Streaming.LimitPoolSizeToVRAM:0]]
[2024.05.29-18.45.31:323][  0]LogConfig: Setting CVar [[r.Streaming.PoolSize:1000]]
[2024.05.29-18.45.31:323][  0]LogConfig: Setting CVar [[r.Streaming.MaxEffectiveScreenSize:0]]
[2024.05.29-18.45.31:323][  0]LogConfig: Applying CVar settings from Section [EffectsQuality@3] File [E:/StayinAlive/Saved/Config/Windows/Scalability.ini]
[2024.05.29-18.45.31:323][  0]LogConfig: Setting CVar [[r.TranslucencyLightingVolumeDim:64]]
[2024.05.29-18.45.31:323][  0]LogConfig: Setting CVar [[r.RefractionQuality:2]]
[2024.05.29-18.45.31:323][  0]LogConfig: Setting CVar [[r.SSR.Quality:3]]
[2024.05.29-18.45.31:323][  0]LogConfig: Setting CVar [[r.SSR.HalfResSceneColor:0]]
[2024.05.29-18.45.31:323][  0]LogConfig: Setting CVar [[r.SceneColorFormat:4]]
[2024.05.29-18.45.31:323][  0]LogConfig: Setting CVar [[r.DetailMode:2]]
[2024.05.29-18.45.31:323][  0]LogConfig: Setting CVar [[r.TranslucencyVolumeBlur:1]]
[2024.05.29-18.45.31:323][  0]LogConfig: Setting CVar [[r.MaterialQualityLevel:1 ; High quality]]
[2024.05.29-18.45.31:323][  0]LogConfig: Setting CVar [[r.AnisotropicMaterials:1]]
[2024.05.29-18.45.31:323][  0]LogConfig: Setting CVar [[r.SSS.Scale:1]]
[2024.05.29-18.45.31:323][  0]LogConfig: Setting CVar [[r.SSS.SampleSet:2]]
[2024.05.29-18.45.31:323][  0]LogConfig: Setting CVar [[r.SSS.Quality:1]]
[2024.05.29-18.45.31:323][  0]LogConfig: Setting CVar [[r.SSS.HalfRes:0]]
[2024.05.29-18.45.31:323][  0]LogConfig: Setting CVar [[r.SSGI.Quality:3]]
[2024.05.29-18.45.31:323][  0]LogConfig: Setting CVar [[r.EmitterSpawnRateScale:1.0]]
[2024.05.29-18.45.31:323][  0]LogConfig: Setting CVar [[r.ParticleLightQuality:2]]
[2024.05.29-18.45.31:323][  0]LogConfig: Setting CVar [[r.SkyAtmosphere.AerialPerspectiveLUT.FastApplyOnOpaque:1 ; Always have FastSkyLUT 1 in this case to avoid wrong sky]]
[2024.05.29-18.45.31:323][  0]LogConfig: Setting CVar [[r.SkyAtmosphere.AerialPerspectiveLUT.SampleCountMaxPerSlice:4]]
[2024.05.29-18.45.31:323][  0]LogConfig: Setting CVar [[r.SkyAtmosphere.AerialPerspectiveLUT.DepthResolution:16.0]]
[2024.05.29-18.45.31:323][  0]LogConfig: Setting CVar [[r.SkyAtmosphere.FastSkyLUT:1]]
[2024.05.29-18.45.31:323][  0]LogConfig: Setting CVar [[r.SkyAtmosphere.FastSkyLUT.SampleCountMin:4.0]]
[2024.05.29-18.45.31:323][  0]LogConfig: Setting CVar [[r.SkyAtmosphere.FastSkyLUT.SampleCountMax:128.0]]
[2024.05.29-18.45.31:323][  0]LogConfig: Setting CVar [[r.SkyAtmosphere.SampleCountMin:4.0]]
[2024.05.29-18.45.31:323][  0]LogConfig: Setting CVar [[r.SkyAtmosphere.SampleCountMax:128.0]]
[2024.05.29-18.45.31:323][  0]LogConfig: Setting CVar [[r.SkyAtmosphere.TransmittanceLUT.UseSmallFormat:0]]
[2024.05.29-18.45.31:323][  0]LogConfig: Setting CVar [[r.SkyAtmosphere.TransmittanceLUT.SampleCount:10.0]]
[2024.05.29-18.45.31:323][  0]LogConfig: Setting CVar [[r.SkyAtmosphere.MultiScatteringLUT.SampleCount:15.0]]
[2024.05.29-18.45.31:323][  0]LogConfig: Setting CVar [[r.SkyLight.RealTimeReflectionCapture:1]]
[2024.05.29-18.45.31:324][  0]LogConfig: Applying CVar settings from Section [FoliageQuality@3] File [E:/StayinAlive/Saved/Config/Windows/Scalability.ini]
[2024.05.29-18.45.31:324][  0]LogConfig: Setting CVar [[foliage.DensityScale:1.0]]
[2024.05.29-18.45.31:324][  0]LogConfig: Setting CVar [[grass.DensityScale:1.0]]
[2024.05.29-18.45.31:324][  0]LogConfig: Applying CVar settings from Section [ShadingQuality@3] File [E:/StayinAlive/Saved/Config/Windows/Scalability.ini]
[2024.05.29-18.45.31:324][  0]LogConfig: Setting CVar [[r.HairStrands.SkyLighting.IntegrationType:2]]
[2024.05.29-18.45.31:324][  0]LogConfig: Setting CVar [[r.HairStrands.SkyAO.SampleCount:4]]
[2024.05.29-18.45.31:324][  0]LogConfig: Setting CVar [[r.HairStrands.Visibility.MSAA.SamplePerPixel:4]]
[2024.05.29-18.45.31:324][  0]LogInit: Selected Device Profile: [Windows]
[2024.05.29-18.45.31:324][  0]LogInit: Applying CVar settings loaded from the selected device profile: [Windows]
[2024.05.29-18.45.31:324][  0]LogHAL: Display: Platform has ~ 10 GB [10646994944 / 17179869184 / 10], which maps to Default [LargestMinGB=32, LargerMinGB=12, DefaultMinGB=8, SmallerMinGB=6, SmallestMinGB=0)
[2024.05.29-18.45.31:324][  0]LogInit: Going up to parent DeviceProfile []
[2024.05.29-18.45.31:324][  0]LogConfig: Applying CVar settings from Section [ViewDistanceQuality@1] File [E:/StayinAlive/Saved/Config/Windows/Scalability.ini]
[2024.05.29-18.45.31:324][  0]LogConfig: Setting CVar [[r.SkeletalMeshLODBias:1]]
[2024.05.29-18.45.31:324][  0]LogConfig: Setting CVar [[r.ViewDistanceScale:0.6]]
[2024.05.29-18.45.31:324][  0]LogConfig: Applying CVar settings from Section [AntiAliasingQuality@1] File [E:/StayinAlive/Saved/Config/Windows/Scalability.ini]
[2024.05.29-18.45.31:324][  0]LogConfig: Setting CVar [[r.PostProcessAAQuality:2]]
[2024.05.29-18.45.31:324][  0]LogConfig: Applying CVar settings from Section [ShadowQuality@1] File [E:/StayinAlive/Saved/Config/Windows/Scalability.ini]
[2024.05.29-18.45.31:324][  0]LogConfig: Setting CVar [[r.LightFunctionQuality:1]]
[2024.05.29-18.45.31:324][  0]LogConfig: Setting CVar [[r.ShadowQuality:3]]
[2024.05.29-18.45.31:324][  0]LogConfig: Setting CVar [[r.Shadow.CSM.MaxCascades:1]]
[2024.05.29-18.45.31:324][  0]LogConfig: Setting CVar [[r.Shadow.MaxResolution:1024]]
[2024.05.29-18.45.31:324][  0]LogConfig: Setting CVar [[r.Shadow.MaxCSMResolution:1024]]
[2024.05.29-18.45.31:324][  0]LogConfig: Setting CVar [[r.Shadow.RadiusThreshold:0.05]]
[2024.05.29-18.45.31:324][  0]LogConfig: Setting CVar [[r.Shadow.DistanceScale:0.7]]
[2024.05.29-18.45.31:324][  0]LogConfig: Setting CVar [[r.Shadow.CSM.TransitionScale:0.25]]
[2024.05.29-18.45.31:324][  0]LogConfig: Setting CVar [[r.Shadow.PreShadowResolutionFactor:0.5]]
[2024.05.29-18.45.31:324][  0]LogConfig: Setting CVar [[r.DistanceFieldShadowing:0]]
[2024.05.29-18.45.31:324][  0]LogConfig: Setting CVar [[r.DistanceFieldAO:0]]
[2024.05.29-18.45.31:324][  0]LogConfig: Setting CVar [[r.VolumetricFog:0]]
[2024.05.29-18.45.31:324][  0]LogConfig: Setting CVar [[r.LightMaxDrawDistanceScale:.5]]
[2024.05.29-18.45.31:324][  0]LogConfig: Setting CVar [[r.CapsuleShadows:1]]
[2024.05.29-18.45.31:324][  0]LogConfig: Applying CVar settings from Section [PostProcessQuality@1] File [E:/StayinAlive/Saved/Config/Windows/Scalability.ini]
[2024.05.29-18.45.31:324][  0]LogConfig: Setting CVar [[r.MotionBlurQuality:3]]
[2024.05.29-18.45.31:325][  0]LogConfig: Setting CVar [[r.AmbientOcclusionMipLevelFactor:1.0]]
[2024.05.29-18.45.31:325][  0]LogConfig: Setting CVar [[r.AmbientOcclusionMaxQuality:60]]
[2024.05.29-18.45.31:325][  0]LogConfig: Setting CVar [[r.AmbientOcclusionLevels:-1]]
[2024.05.29-18.45.31:325][  0]LogConfig: Setting CVar [[r.AmbientOcclusionRadiusScale:1.5]]
[2024.05.29-18.45.31:325][  0]LogConfig: Setting CVar [[r.DepthOfFieldQuality:1]]
[2024.05.29-18.45.31:325][  0]LogConfig: Setting CVar [[r.RenderTargetPoolMin:350]]
[2024.05.29-18.45.31:325][  0]LogConfig: Setting CVar [[r.LensFlareQuality:0]]
[2024.05.29-18.45.31:325][  0]LogConfig: Setting CVar [[r.SceneColorFringeQuality:0]]
[2024.05.29-18.45.31:325][  0]LogConfig: Setting CVar [[r.EyeAdaptationQuality:2]]
[2024.05.29-18.45.31:325][  0]LogConfig: Setting CVar [[r.BloomQuality:4]]
[2024.05.29-18.45.31:325][  0]LogConfig: Setting CVar [[r.FastBlurThreshold:2]]
[2024.05.29-18.45.31:325][  0]LogConfig: Setting CVar [[r.Upscale.Quality:2]]
[2024.05.29-18.45.31:325][  0]LogConfig: Setting CVar [[r.Tonemapper.GrainQuantization:0]]
[2024.05.29-18.45.31:325][  0]LogConfig: Setting CVar [[r.LightShaftQuality:0]]
[2024.05.29-18.45.31:325][  0]LogConfig: Setting CVar [[r.Filter.SizeScale:0.7]]
[2024.05.29-18.45.31:325][  0]LogConfig: Setting CVar [[r.Tonemapper.Quality:2]]
[2024.05.29-18.45.31:325][  0]LogConfig: Setting CVar [[r.DOF.Gather.AccumulatorQuality:0        ; lower gathering accumulator quality]]
[2024.05.29-18.45.31:325][  0]LogConfig: Setting CVar [[r.DOF.Gather.PostfilterMethod:2          ; Max3x3 postfilering method]]
[2024.05.29-18.45.31:325][  0]LogConfig: Setting CVar [[r.DOF.Gather.EnableBokehSettings:0       ; no bokeh simulation when gathering]]
[2024.05.29-18.45.31:325][  0]LogConfig: Setting CVar [[r.DOF.Gather.RingCount:3                 ; low number of samples when gathering]]
[2024.05.29-18.45.31:325][  0]LogConfig: Setting CVar [[r.DOF.Scatter.ForegroundCompositing:0    ; no foreground scattering]]
[2024.05.29-18.45.31:325][  0]LogConfig: Setting CVar [[r.DOF.Scatter.BackgroundCompositing:0    ; no foreground scattering]]
[2024.05.29-18.45.31:325][  0]LogConfig: Setting CVar [[r.DOF.Recombine.Quality:0                ; no slight out of focus]]
[2024.05.29-18.45.31:325][  0]LogConfig: Setting CVar [[r.DOF.TemporalAAQuality:0                ; faster temporal accumulation]]
[2024.05.29-18.45.31:325][  0]LogConfig: Setting CVar [[r.DOF.Kernel.MaxForegroundRadius:0.006   ; required because low gathering and no scattering and not looking great at 1080p]]
[2024.05.29-18.45.31:325][  0]LogConfig: Setting CVar [[r.DOF.Kernel.MaxBackgroundRadius:0.006   ; required because low gathering and no scattering and not looking great at 1080p]]
[2024.05.29-18.45.31:325][  0]LogConfig: Applying CVar settings from Section [TextureQuality@1] File [E:/StayinAlive/Saved/Config/Windows/Scalability.ini]
[2024.05.29-18.45.31:325][  0]LogConfig: Setting CVar [[r.Streaming.MipBias:1]]
[2024.05.29-18.45.31:325][  0]LogConfig: Setting CVar [[r.Streaming.AmortizeCPUToGPUCopy:0]]
[2024.05.29-18.45.31:325][  0]LogConfig: Setting CVar [[r.Streaming.MaxNumTexturesToStreamPerFrame:0]]
[2024.05.29-18.45.31:325][  0]LogConfig: Setting CVar [[r.Streaming.Boost:1]]
[2024.05.29-18.45.31:325][  0]LogConfig: Setting CVar [[r.MaxAnisotropy:2]]
[2024.05.29-18.45.31:325][  0]LogConfig: Setting CVar [[r.VT.MaxAnisotropy:4]]
[2024.05.29-18.45.31:326][  0]LogConfig: Setting CVar [[r.Streaming.LimitPoolSizeToVRAM:1]]
[2024.05.29-18.45.31:326][  0]LogConfig: Setting CVar [[r.Streaming.PoolSize:600]]
[2024.05.29-18.45.31:326][  0]LogConfig: Setting CVar [[r.Streaming.MaxEffectiveScreenSize:0]]
[2024.05.29-18.45.31:326][  0]LogConfig: Applying CVar settings from Section [EffectsQuality@1] File [E:/StayinAlive/Saved/Config/Windows/Scalability.ini]
[2024.05.29-18.45.31:326][  0]LogConfig: Setting CVar [[r.TranslucencyLightingVolumeDim:32]]
[2024.05.29-18.45.31:326][  0]LogConfig: Setting CVar [[r.RefractionQuality:0]]
[2024.05.29-18.45.31:326][  0]LogConfig: Setting CVar [[r.SSR.Quality:0]]
[2024.05.29-18.45.31:326][  0]LogConfig: Setting CVar [[r.SSR.HalfResSceneColor:1]]
[2024.05.29-18.45.31:326][  0]LogConfig: Setting CVar [[r.SceneColorFormat:3]]
[2024.05.29-18.45.31:326][  0]LogConfig: Setting CVar [[r.DetailMode:1]]
[2024.05.29-18.45.31:326][  0]LogConfig: Setting CVar [[r.TranslucencyVolumeBlur:0]]
[2024.05.29-18.45.31:326][  0]LogConfig: Setting CVar [[r.MaterialQualityLevel:2 ; Medium quality]]
[2024.05.29-18.45.31:326][  0]LogConfig: Setting CVar [[r.AnisotropicMaterials:0]]
[2024.05.29-18.45.31:326][  0]LogConfig: Setting CVar [[r.SSS.Scale:0.75]]
[2024.05.29-18.45.31:326][  0]LogConfig: Setting CVar [[r.SSS.SampleSet:0]]
[2024.05.29-18.45.31:326][  0]LogConfig: Setting CVar [[r.SSS.Quality:0]]
[2024.05.29-18.45.31:326][  0]LogConfig: Setting CVar [[r.SSS.HalfRes:1]]
[2024.05.29-18.45.31:326][  0]LogConfig: Setting CVar [[r.SSGI.Quality:1]]
[2024.05.29-18.45.31:326][  0]LogConfig: Setting CVar [[r.EmitterSpawnRateScale:0.25]]
[2024.05.29-18.45.31:326][  0]LogConfig: Setting CVar [[r.ParticleLightQuality:0]]
[2024.05.29-18.45.31:326][  0]LogConfig: Setting CVar [[r.SkyAtmosphere.AerialPerspectiveLUT.FastApplyOnOpaque:1 ; Always have FastSkyLUT 1 in this case to avoid wrong sky]]
[2024.05.29-18.45.31:326][  0]LogConfig: Setting CVar [[r.SkyAtmosphere.AerialPerspectiveLUT.SampleCountMaxPerSlice:1]]
[2024.05.29-18.45.31:326][  0]LogConfig: Setting CVar [[r.SkyAtmosphere.AerialPerspectiveLUT.DepthResolution:16.0]]
[2024.05.29-18.45.31:326][  0]LogConfig: Setting CVar [[r.SkyAtmosphere.FastSkyLUT:1]]
[2024.05.29-18.45.31:326][  0]LogConfig: Setting CVar [[r.SkyAtmosphere.FastSkyLUT.SampleCountMin:4.0]]
[2024.05.29-18.45.31:326][  0]LogConfig: Setting CVar [[r.SkyAtmosphere.FastSkyLUT.SampleCountMax:32.0]]
[2024.05.29-18.45.31:326][  0]LogConfig: Setting CVar [[r.SkyAtmosphere.SampleCountMin:4.0]]
[2024.05.29-18.45.31:326][  0]LogConfig: Setting CVar [[r.SkyAtmosphere.SampleCountMax:32.0]]
[2024.05.29-18.45.31:326][  0]LogConfig: Setting CVar [[r.SkyAtmosphere.TransmittanceLUT.UseSmallFormat:0]]
[2024.05.29-18.45.31:326][  0]LogConfig: Setting CVar [[r.SkyAtmosphere.TransmittanceLUT.SampleCount:10.0]]
[2024.05.29-18.45.31:326][  0]LogConfig: Setting CVar [[r.SkyAtmosphere.MultiScatteringLUT.SampleCount:15.0]]
[2024.05.29-18.45.31:326][  0]LogConfig: Setting CVar [[r.SkyLight.RealTimeReflectionCapture:0]]
[2024.05.29-18.45.31:326][  0]LogConfig: Applying CVar settings from Section [FoliageQuality@1] File [E:/StayinAlive/Saved/Config/Windows/Scalability.ini]
[2024.05.29-18.45.31:327][  0]LogConfig: Setting CVar [[foliage.DensityScale:0.4]]
[2024.05.29-18.45.31:327][  0]LogConfig: Setting CVar [[grass.DensityScale:0.4]]
[2024.05.29-18.45.31:327][  0]LogConfig: Applying CVar settings from Section [ShadingQuality@1] File [E:/StayinAlive/Saved/Config/Windows/Scalability.ini]
[2024.05.29-18.45.31:327][  0]LogConfig: Setting CVar [[r.HairStrands.SkyLighting.IntegrationType:2]]
[2024.05.29-18.45.31:327][  0]LogConfig: Setting CVar [[r.HairStrands.SkyAO.SampleCount:4]]
[2024.05.29-18.45.31:327][  0]LogConfig: Setting CVar [[r.HairStrands.Visibility.MSAA.SamplePerPixel:1]]
[2024.05.29-18.45.31:327][  0]LogConfig: Applying CVar settings from Section [Startup] File [../../../Engine/Config/ConsoleVariables.ini]
[2024.05.29-18.45.31:327][  0]LogConfig: Setting CVar [[net.UseAdaptiveNetUpdateFrequency:0]]
[2024.05.29-18.45.31:327][  0]LogConfig: Setting CVar [[p.chaos.AllowCreatePhysxBodies:1]]
[2024.05.29-18.45.31:327][  0]LogConfig: Setting CVar [[fx.SkipVectorVMBackendOptimizations:1]]
[2024.05.29-18.45.31:327][  0]LogConfig: Applying CVar settings from Section [ConsoleVariables] File [E:/StayinAlive/Saved/Config/Windows/Engine.ini]
[2024.05.29-18.45.31:327][  0]LogConfig: Applying CVar settings from Section [ConsoleVariables] File [E:/StayinAlive/Saved/Config/Windows/Editor.ini]
[2024.05.29-18.45.31:328][  0]LogInit: Computer: LAPTOP-1QT45U1L
[2024.05.29-18.45.31:328][  0]LogInit: User: gabyg
[2024.05.29-18.45.31:328][  0]LogInit: CPU Page size=4096, Cores=4
[2024.05.29-18.45.31:328][  0]LogInit: High frequency timer resolution =10.000000 MHz
[2024.05.29-18.45.31:328][  0]LogMemory: Memory total: Physical=9.9GB (10GB approx)
[2024.05.29-18.45.31:328][  0]LogMemory: Platform Memory Stats for Windows
[2024.05.29-18.45.31:328][  0]LogMemory: Process Physical Memory: 148.62 MB used, 151.29 MB peak
[2024.05.29-18.45.31:328][  0]LogMemory: Process Virtual Memory: 118.32 MB used, 118.32 MB peak
[2024.05.29-18.45.31:328][  0]LogMemory: Physical Memory: 9043.40 MB used,  1110.36 MB free, 10153.77 MB total
[2024.05.29-18.45.31:328][  0]LogMemory: Virtual Memory: 134215184.00 MB used,  2543.77 MB free, 134217728.00 MB total
[2024.05.29-18.45.31:334][  0]LogWindows: WindowsPlatformFeatures enabled
[2024.05.29-18.45.31:440][  0]LogInit: Physics initialised using underlying interface: PhysX
[2024.05.29-18.45.31:446][  0]LogInit: Using OS detected language (es-MX).
[2024.05.29-18.45.31:446][  0]LogInit: Using OS detected locale (es-MX).
[2024.05.29-18.45.31:484][  0]LogTextLocalizationResource: LocRes '../../../Engine/Content/Localization/Editor/es-MX/Editor.locres' could not be opened for reading!
[2024.05.29-18.45.31:485][  0]LogTextLocalizationResource: LocRes '../../../Engine/Content/Localization/EditorTutorials/es-MX/EditorTutorials.locres' could not be opened for reading!
[2024.05.29-18.45.31:485][  0]LogTextLocalizationResource: LocRes '../../../Engine/Content/Localization/Keywords/es-MX/Keywords.locres' could not be opened for reading!
[2024.05.29-18.45.31:485][  0]LogTextLocalizationResource: LocRes '../../../Engine/Content/Localization/Category/es-MX/Category.locres' could not be opened for reading!
[2024.05.29-18.45.31:486][  0]LogTextLocalizationResource: LocRes '../../../Engine/Content/Localization/ToolTips/es-MX/ToolTips.locres' could not be opened for reading!
[2024.05.29-18.45.31:488][  0]LogTextLocalizationResource: LocRes '../../../Engine/Content/Localization/PropertyNames/es-MX/PropertyNames.locres' could not be opened for reading!
[2024.05.29-18.45.31:491][  0]LogTextLocalizationResource: LocRes '../../../Engine/Content/Localization/Engine/es-MX/Engine.locres' could not be opened for reading!
[2024.05.29-18.45.31:493][  0]LogTextLocalizationResource: LocRes '../../../Engine/Plugins/Online/OnlineSubsystemUtils/Content/Localization/OnlineSubsystemUtils/es-MX/OnlineSubsystemUtils.locres' could not be opened for reading!
[2024.05.29-18.45.31:493][  0]LogTextLocalizationResource: LocRes '../../../Engine/Plugins/Online/Android/OnlineSubsystemGooglePlay/Content/Localization/OnlineSubsystemGooglePlay/es-MX/OnlineSubsystemGooglePlay.locres' could not be opened for reading!
[2024.05.29-18.45.31:495][  0]LogTextLocalizationResource: LocRes '../../../Engine/Plugins/Online/IOS/OnlineSubsystemIOS/Content/Localization/OnlineSubsystemIOS/es-MX/OnlineSubsystemIOS.locres' could not be opened for reading!
[2024.05.29-18.45.31:681][  0]LogInit: Setting process to per monitor DPI aware
[2024.05.29-18.45.31:731][  0]LogWindowsTextInputMethodSystem: Display: IME system deactivated.
[2024.05.29-18.45.31:785][  0]LogSlate: New Slate User Created.  User Index 0, Is Virtual User: 0
[2024.05.29-18.45.31:785][  0]LogSlate: Slate User Registered.  User Index 0, Is Virtual User: 0
[2024.05.29-18.45.32:709][  0]LogD3D11RHI: Loaded GFSDK_Aftermath_Lib.x64.dll
[2024.05.29-18.45.32:709][  0]LogD3D11RHI: D3D11 min allowed feature level: 11_0
[2024.05.29-18.45.32:709][  0]LogD3D11RHI: D3D11 max allowed feature level: 11_0
[2024.05.29-18.45.32:709][  0]LogD3D11RHI: D3D11 adapters:
[2024.05.29-18.45.32:787][  0]LogD3D11RHI:    0. 'AMD Radeon(TM) Vega 8 Graphics' (Feature Level 11_0)
[2024.05.29-18.45.32:923][  0]LogD3D11RHI:       2034/0/5076 MB DedicatedVideo/DedicatedSystem/SharedSystem, Outputs:1, VendorId:0x1002
[2024.05.29-18.45.33:064][  0]LogD3D11RHI:    1. 'Microsoft Basic Render Driver' (Feature Level 11_0)
[2024.05.29-18.45.33:321][  0]LogD3D11RHI:       0/0/5076 MB DedicatedVideo/DedicatedSystem/SharedSystem, Outputs:0, VendorId:0x1414
[2024.05.29-18.45.33:525][  0]LogD3D11RHI: Chosen D3D11 Adapter:
[2024.05.29-18.45.33:641][  0]LogD3D11RHI:     Description : AMD Radeon(TM) Vega 8 Graphics
[2024.05.29-18.45.33:675][  0]LogD3D11RHI:     VendorId    : 1002
[2024.05.29-18.45.33:726][  0]LogD3D11RHI:     DeviceId    : 15d8
[2024.05.29-18.45.33:838][  0]LogD3D11RHI:     SubSysId    : 8615103c
[2024.05.29-18.45.33:884][  0]LogD3D11RHI:     Revision    : 00c2
[2024.05.29-18.45.34:145][  0]LogD3D11RHI:     DedicatedVideoMemory : 2133184512 bytes
[2024.05.29-18.45.34:271][  0]LogD3D11RHI:     DedicatedSystemMemory : 0 bytes
[2024.05.29-18.45.34:309][  0]LogD3D11RHI:     SharedSystemMemory : 5323497472 bytes
[2024.05.29-18.45.34:415][  0]LogD3D11RHI:     AdapterLuid : 0 81416
[2024.05.29-18.45.34:558][  0]LogD3D11RHI: Creating new Direct3DDevice
[2024.05.29-18.45.34:601][  0]LogD3D11RHI:     GPU DeviceId: 0x15d8 (for the marketing name, search the web for "GPU Device Id")
[2024.05.29-18.45.34:602][  0]LogWindows: EnumDisplayDevices:
[2024.05.29-18.45.34:603][  0]LogWindows:    0. 'AMD Radeon(TM) Vega 8 Graphics' (P:1 D:1)
[2024.05.29-18.45.34:621][  0]LogWindows:    1. 'AMD Radeon(TM) Vega 8 Graphics' (P:0 D:0)
[2024.05.29-18.45.34:624][  0]LogWindows:    2. 'AMD Radeon(TM) Vega 8 Graphics' (P:0 D:0)
[2024.05.29-18.45.34:635][  0]LogWindows:    3. 'AMD Radeon(TM) Vega 8 Graphics' (P:0 D:0)
[2024.05.29-18.45.34:649][  0]LogWindows: DebugString: FoundDriverCount:4 
[2024.05.29-18.45.34:651][  0]LogD3D11RHI:     Adapter Name: AMD Radeon(TM) Vega 8 Graphics
[2024.05.29-18.45.34:653][  0]LogD3D11RHI:   Driver Version: Adrenalin 2020 20.9.1 (internal:27.20.12029.1000, unified:27.20.12029.1000)
[2024.05.29-18.45.34:654][  0]LogD3D11RHI:      Driver Date: 9-9-2020
[2024.05.29-18.45.34:654][  0]LogRHI: Texture pool is 4549 MB (70% of 6499 MB)
[2024.05.29-18.45.34:714][  0]LogD3D11RHI: Creating D3DDevice with AMD AGS, using adapter:
[2024.05.29-18.45.34:715][  0]LogD3D11RHI:     Description : AMD Radeon(TM) Vega 8 Graphics
[2024.05.29-18.45.34:715][  0]LogD3D11RHI:     VendorId    : 1002
[2024.05.29-18.45.34:716][  0]LogD3D11RHI:     DeviceId    : 15d8
[2024.05.29-18.45.34:718][  0]LogD3D11RHI:     SubSysId    : 8615103c
[2024.05.29-18.45.34:720][  0]LogD3D11RHI:     Revision    : 00c2
[2024.05.29-18.45.34:721][  0]LogD3D11RHI:     DedicatedVideoMemory : 2133184512 bytes
[2024.05.29-18.45.34:728][  0]LogD3D11RHI:     DedicatedSystemMemory : 0 bytes
[2024.05.29-18.45.34:729][  0]LogD3D11RHI:     SharedSystemMemory : 5323497472 bytes
[2024.05.29-18.45.34:729][  0]LogD3D11RHI:     AdapterLuid : 0 81416
[2024.05.29-18.45.34:905][  0]LogD3D11RHI: Created device via AGS, feature level 11_0, supported extensions 1fffffbf.
[2024.05.29-18.45.34:905][  0]LogD3D11RHI: RHI has support for 64 bit atomics
[2024.05.29-18.45.34:905][  0]LogD3D11RHI: Async texture creation enabled
[2024.05.29-18.45.34:905][  0]LogD3D11RHI: Array index from any shader is supported
[2024.05.29-18.45.34:954][  0]LogD3D11RHI: GPU Timing Frequency: 25.000000 (Debug: 2 1)
[2024.05.29-18.46.11:858][  0]LogTargetPlatformManager: Display: Loaded TargetPlatform 'AllDesktop'
[2024.05.29-18.46.11:968][  0]LogTargetPlatformManager: Display: Loaded TargetPlatform 'Android'
[2024.05.29-18.46.11:968][  0]LogTargetPlatformManager: Display: Loaded TargetPlatform 'Android_ASTC'
[2024.05.29-18.46.11:969][  0]LogTargetPlatformManager: Display: Loaded TargetPlatform 'Android_DXT'
[2024.05.29-18.46.11:969][  0]LogTargetPlatformManager: Display: Loaded TargetPlatform 'Android_ETC2'
[2024.05.29-18.46.11:969][  0]LogTargetPlatformManager: Display: Loaded TargetPlatform 'AndroidClient'
[2024.05.29-18.46.11:969][  0]LogTargetPlatformManager: Display: Loaded TargetPlatform 'Android_ASTCClient'
[2024.05.29-18.46.11:969][  0]LogTargetPlatformManager: Display: Loaded TargetPlatform 'Android_DXTClient'
[2024.05.29-18.46.11:969][  0]LogTargetPlatformManager: Display: Loaded TargetPlatform 'Android_ETC2Client'
[2024.05.29-18.46.11:969][  0]LogTargetPlatformManager: Display: Loaded TargetPlatform 'Android_Multi'
[2024.05.29-18.46.11:969][  0]LogTargetPlatformManager: Display: Loaded TargetPlatform 'Android_MultiClient'
[2024.05.29-18.46.12:079][  0]LogTargetPlatformManager: Display: Loaded TargetPlatform 'IOSClient'
[2024.05.29-18.46.12:079][  0]LogTargetPlatformManager: Display: Loaded TargetPlatform 'IOS'
[2024.05.29-18.46.12:105][  0]LogTargetPlatformManager: Display: Loaded TargetPlatform 'Linux'
[2024.05.29-18.46.12:120][  0]LogTargetPlatformManager: Display: Loaded TargetPlatform 'LinuxNoEditor'
[2024.05.29-18.46.12:133][  0]LogTargetPlatformManager: Display: Loaded TargetPlatform 'LinuxClient'
[2024.05.29-18.46.12:251][  0]LogTargetPlatformManager: Display: Loaded TargetPlatform 'LinuxServer'
[2024.05.29-18.46.12:282][  0]LogTargetPlatformManager: Display: Loaded TargetPlatform 'LinuxAArch64NoEditor'
[2024.05.29-18.46.12:302][  0]LogTargetPlatformManager: Display: Loaded TargetPlatform 'LinuxAArch64Client'
[2024.05.29-18.46.12:325][  0]LogTargetPlatformManager: Display: Loaded TargetPlatform 'LinuxAArch64Server'
[2024.05.29-18.46.12:464][  0]LogTargetPlatformManager: Display: Loaded TargetPlatform 'Lumin'
[2024.05.29-18.46.12:464][  0]LogTargetPlatformManager: Display: Loaded TargetPlatform 'LuminClient'
[2024.05.29-18.46.12:495][  0]LogTargetPlatformManager: Display: Loaded TargetPlatform 'MacNoEditor'
[2024.05.29-18.46.12:515][  0]LogTargetPlatformManager: Display: Loaded TargetPlatform 'Mac'
[2024.05.29-18.46.12:548][  0]LogTargetPlatformManager: Display: Loaded TargetPlatform 'MacClient'
[2024.05.29-18.46.12:572][  0]LogTargetPlatformManager: Display: Loaded TargetPlatform 'MacServer'
[2024.05.29-18.46.12:693][  0]LogTargetPlatformManager: Display: Loaded TargetPlatform 'TVOSClient'
[2024.05.29-18.46.12:693][  0]LogTargetPlatformManager: Display: Loaded TargetPlatform 'TVOS'
[2024.05.29-18.46.12:748][  0]LogTargetPlatformManager: Display: Loaded TargetPlatform 'WindowsNoEditor'
[2024.05.29-18.46.12:772][  0]LogTargetPlatformManager: Display: Loaded TargetPlatform 'Windows'
[2024.05.29-18.46.12:795][  0]LogTargetPlatformManager: Display: Loaded TargetPlatform 'WindowsClient'
[2024.05.29-18.46.12:816][  0]LogTargetPlatformManager: Display: Loaded TargetPlatform 'WindowsServer'
[2024.05.29-18.46.12:816][  0]LogTargetPlatformManager: Display: Building Assets For Windows
[2024.05.29-18.46.12:858][  0]LogAudioDebug: Display: Lib vorbis DLL was dynamically loaded.
[2024.05.29-18.46.13:048][  0]LogTextureFormatOodle: Display: Oodle Texture 2.9.0 init RDO Off
[2024.05.29-18.46.13:453][  0]LogRendererCore: Ray tracing is disabled. Reason: r.RayTracing=0.
[2024.05.29-18.46.13:453][  0]LogShaderCompilers: Guid format shader working directory is 22 characters bigger than the processId version (../../../../StayinAlive/Intermediate/Shaders/WorkingDirectory/16660/).
[2024.05.29-18.46.13:453][  0]LogShaderCompilers: Cleaned the shader compiler working directory 'C:/Users/gabyg/AppData/Local/Temp/UnrealShaderWorkingDir/B87BE8F6455033A845150FB59996E99A/'.
[2024.05.29-18.46.13:453][  0]LogXGEController: Cannot use XGE Controller as Incredibuild is not installed on this machine.
[2024.05.29-18.46.13:453][  0]LogShaderCompilers: Cannot use XGE Shader Compiler as Incredibuild is not installed on this machine.
[2024.05.29-18.46.13:453][  0]LogShaderCompilers: Display: Using Local Shader Compiler.
[2024.05.29-18.46.27:819][  0]LogDerivedDataCache: Display: Max Cache Size: 512 MB
[2024.05.29-18.46.28:389][  0]LogDerivedDataCache: Loaded boot cache 0.57s 122MB C:/Users/gabyg/AppData/Local/UnrealEngine/4.27/DerivedDataCache/Boot.ddc.
[2024.05.29-18.46.28:389][  0]LogDerivedDataCache: Display: Loaded Boot cache: C:/Users/gabyg/AppData/Local/UnrealEngine/4.27/DerivedDataCache/Boot.ddc
[2024.05.29-18.46.28:396][  0]LogDerivedDataCache: FDerivedDataBackendGraph:  Pak pak cache file ../../../../StayinAlive/DerivedDataCache/DDC.ddp not found, will not use a pak cache.
[2024.05.29-18.46.28:396][  0]LogDerivedDataCache: Unable to find inner node Pak for hierarchical cache Hierarchy.
[2024.05.29-18.46.28:397][  0]LogDerivedDataCache: FDerivedDataBackendGraph:  CompressedPak pak cache file ../../../../StayinAlive/DerivedDataCache/Compressed.ddp not found, will not use a pak cache.
[2024.05.29-18.46.28:397][  0]LogDerivedDataCache: Unable to find inner node CompressedPak for hierarchical cache Hierarchy.
[2024.05.29-18.46.28:508][  0]LogDerivedDataCache: Display: Pak cache opened for reading ../../../Engine/DerivedDataCache/Compressed.ddp.
[2024.05.29-18.46.28:508][  0]LogDerivedDataCache: FDerivedDataBackendGraph:  EnterprisePak pak cache file ../../../Enterprise/DerivedDataCache/Compressed.ddp not found, will not use a pak cache.
[2024.05.29-18.46.28:508][  0]LogDerivedDataCache: Unable to find inner node EnterprisePak for hierarchical cache Hierarchy.
[2024.05.29-18.46.28:529][  0]LogDerivedDataCache: Speed tests for C:/Users/gabyg/AppData/Local/UnrealEngine/Common/DerivedDataCache took 0.02 seconds
[2024.05.29-18.46.28:529][  0]LogDerivedDataCache: Display: Performance to C:/Users/gabyg/AppData/Local/UnrealEngine/Common/DerivedDataCache: Latency=0.11ms. RandomReadSpeed=445.70MBs, RandomWriteSpeed=52.65MBs. Assigned SpeedClass 'Local'
[2024.05.29-18.46.28:671][  0]LogDerivedDataCache: Using Local data cache path C:/Users/gabyg/AppData/Local/UnrealEngine/Common/DerivedDataCache: Writable
[2024.05.29-18.46.28:671][  0]LogDerivedDataCache: Shared data cache path not found in *engine.ini, will not use an Shared cache.
[2024.05.29-18.46.28:671][  0]LogDerivedDataCache: Unable to find inner node Shared for hierarchical cache Hierarchy.
[2024.05.29-18.46.28:952][  0]LogSlate: Using FreeType 2.10.0
[2024.05.29-18.46.28:959][  0]LogSlate: SlateFontServices - WITH_FREETYPE: 1, WITH_HARFBUZZ: 1
[2024.05.29-18.46.30:666][  0]LogAssetRegistry: FAssetRegistry took 1.5260 seconds to start up
[2024.05.29-18.46.34:411][  0]LogInit: Selected Device Profile: [Windows]
[2024.05.29-18.46.34:411][  0]LogInit: Active device profile: [00000207FDFB7900][00000207F74BB580 49] Windows
[2024.05.29-18.46.34:411][  0]LogInit: Profiles: [00000207FDFB7900][00000207F74BB580 49] Windows, [00000207FDF64B00][00000207FB39D700 49] WindowsNoEditor, [00000207FDFB4B00][00000207FCBA3880 49] WindowsServer, [00000207FDF67700][00000207FCBA7A00 49] WindowsClient, [00000207FDFB7700][00000207FCBABB80 49] IOS, [00000207FDF64100][00000207FCBAE180 49] iPadAir, [00000207FDFB4500][00000207FCBB2300 49] iPadAir2, [00000207FDF1CC00][00000207FCBBA5C0 49] IPadPro, [00000207FDF1CD00][00000207FCBB6600 49] iPadAir3, [00000207FDFB7500][00000207FCBBE780 49] iPadAir4, [00000207FDF1FE00][00000207FCBC2900 49] iPadMini2, [00000207FDFB4400][00000207FCBC6A80 49] iPadMini3, [00000207FDF1D700][00000207FCBCAC00 49] iPadMini4, [00000207FDFB7400][00000207FEBE0D80 49] iPadMini5, [00000207FDF67000][00000207FB399000 49] iPhone6, [00000207FDF66F00][00000207FEBE5040 49] iPodTouch6, [00000207FDF1F500][00000207FEBED280 49] iPhone7, [00000207FDF1F400][00000207FEBE92C0 49] iPodTouch7, [00000207FDF67A00][00000207FEBF5440 49] iPhone5S, [00000207FDF1CA00][00000207FEBF95C0 49] iPhone6Plus, [00000207FDF66600][00000207FEBFD740 49] iPhone6S, [00000207FDF1EC00][00000207FEC018C0 49] iPhone6SPlus, [00000207FDF64500][00000207FEC05A40 49] iPhone7Plus, [00000207FDF1D200][00000207FEC09BC0 49] iPhoneSE, [00000207FDF66200][00000207FEC0C1C0 49] iPhone8, [00000207FDF1E800][00000207FEC10340 49] iPhone8Plus, [00000207FDF64600][00000207FEC144C0 49] iPhoneX, [00000207FDF1D400][00000207FEC18640 49] iPhoneXS, [00000207FDF65F00][00000207FEC1C7C0 49] iPhoneXSMax, [00000207FDF1E500][00000207FEC20940 49] iPhoneXR, [00000207FDF64E00][00000207FEC24AC0 49] iPhone11, [00000207FDF1C300][00000207FEC28C40 49] iPhone11Pro, [00000207FDF65C00][00000207FEC2CDC0 49] iPhone11ProMax, [00000207FDF1FA00][00000207FEC30F40 49] iPhoneSE2, [00000207FDF66D00][00000207FEC350C0 49] iPhone12Mini, [00000207FDF1DA00][00000207FEBF1200 49] iPhone12, [00000207FDF67200][00000207FEC39340 49] iPhone12Pro, [00000207FDF1C800][00000207FEC3D480 49] iPhone12ProMax, [00000207FDF66800][00000207FEC415C0 49] iPadPro105, [00000207FDF1DC00][00000207FEF47740 49] iPadPro129, [00000207FDF64700][00000207FEF4B8C0 49] iPadPro97, [00000207FDF1E100][00000207FEF4FA40 49] iPadPro2_129, [00000207FDF65600][00000207FEF53BC0 49] iPad5, [00000207FDF1DE00][00000207FEF561C0 49] iPad6, [00000207FDF65900][00000207FEF5A340 49] iPad7, [00000207FDF1DF00][00000207FEF5E4C0 49] iPad8, [00000207FDF67C00][00000207FEF62640 49] iPadPro11, [00000207FDF1E400][00000207FEF667C0 49] iPadPro2_11, [00000207FDF64400][00000207FEF6A940 49] iPadPro3_129, [00000207FDF1C900][00000207FEF6EAC0 49] iPadPro4_129, [00000207FDF66900][00000207FEF72C40 49] AppleTV, [00000207FDF1F100][00000207FEF76DC0 49] AppleTV4K, [00000207FDF67400][00000207FEF7AF40 49] TVOS, [00000207FDF1C700][00000207FEF7F0C0 49] Mac, [00000207FDF65800][00000207FEF83240 49] MacClient, [00000207FDF1F600][00000207FEF43380 49] MacNoEditor, [00000207FDF65E00][00000207FEF874C0 49] MacServer, [00000207FDF1EB00][00000207FEF8B600 49] Linux, [00000207FDF67100][00000207FEF8F740 49] LinuxAArch64, [00000207FDF1EE00][00000207FEF978C0 49] LinuxNoEditor, [00000207FDF67E00][00000207FEF9BA40 49] LinuxAArch64NoEditor, [00000207FDF1E000][00000207FEF9FBC0 49] LinuxClient, [00000207FDF66000][00000207FEFA21C0 49] LinuxAArch64Client, [00000207FDF1FC00][00000207FEFA6340 49] LinuxServer, [00000207FDF66100][00000207FFAB04C0 49] LinuxAArch64Server, [00000207FDFB5000][00000207FFAB4640 49] Android, [00000207FCFF5500][00000207FFAB87C0 49] Android_Low, [00000207FDFB6B00][00000207FFABC940 49] Android_Mid, [00000207FCFF5200][00000207FFAC0AC0 49] Android_High, [00000207FDFB5E00][00000207FFAC4C40 49] Android_Default, [00000207FCFF4F00][00000207FFAC8DC0 49] Android_Adreno4xx, [00000207FDFB5100][00000207FFACCF40 49] Android_Adreno5xx_Low, [00000207FCFF5C00][00000207FFAD10C0 49] Android_Adreno5xx, [00000207FDFB4100][00000207FFAD5240 49] Android_Adreno6xx, [00000207FCFF4B00][00000207FFAD93C0 49] Android_Adreno6xx_Vulkan, [00000207FDFB6400][00000207FFADD540 49] Android_Mali_T6xx, [00000207FCFF6400][00000207FEF93680 49] Android_Mali_T7xx, [00000207FDFB6E00][00000207FFAE17C0 49] Android_Mali_T8xx, [00000207FCFF5300][00000207FFAE9900 49] Android_Mali_G71, [00000207FDFB5500][00000207FFAF1A80 49] Android_Mali_G72, [00000207FCFF4600][00000207FFAF5C00 49] Android_Mali_G72_Vulkan, [00000207FDFB5900][00000207FFAF8200 49] Android_Mali_G76, [00000207FCFF6000][00000207FFAFC380 49] Android_Mali_G76_Vulkan, [00000207FDFB5A00][00000207FFB00500 49] Android_Mali_G77, [00000207FCFF6300][00000207FFB04680 49] Android_Mali_G77_Vulkan, [00000207FDF65B00][00000207FFB08800 49] Android_Mali_G78, [00000207FDF1EF00][00000207FFB0C980 49] Android_Mali_G78_Vulkan, [00000207FDF65A00][00000207FFB10B00 49] Android_Mali_G710, [00000207FDF1D600][00000207FFB14C80 49] Android_Mali_G710_Vulkan, [00000207FDF65500][00000207FFB18E00 49] Android_Vulkan_SM5, [00000207FDF1CE00][00000207FFB20F80 49] Android_PowerVR_G6xxx, [00000207FDF66700][00000207FFB25100 49] Android_PowerVR_GT7xxx, [00000207FCFF5A00][00000207FFB29280 49] Android_PowerVR_GE8xxx, [00000207FDF67900][00000207FFB2D400 49] Android_PowerVR_GM9xxx, [00000207FCFF5100][00000207FFB31580 49] Android_PowerVR_GM9xxx_Vulkan, [00000207FDF65000][00000207FFB35700 49] Android_TegraK1, [00000207FCFF4100][00000207FFAED840 49] Android_Unknown_Vulkan, [00000207FDF65200][00000207FFB39980 49] Lumin, [00000207FCFF4200][00000207FFB3DAC0 49] Lumin_Desktop, [00000207FDF66E00][00000207FFB440C0 49] HoloLens, 
[2024.05.29-18.46.39:634][  0]LogMeshReduction: Using QuadricMeshReduction for automatic static mesh reduction
[2024.05.29-18.46.39:634][  0]LogMeshReduction: Using SimplygonMeshReduction for automatic skeletal mesh reduction
[2024.05.29-18.46.39:634][  0]LogMeshReduction: Using ProxyLODMeshReduction for automatic mesh merging
[2024.05.29-18.46.39:634][  0]LogMeshReduction: No distributed automatic mesh merging module available
[2024.05.29-18.46.39:634][  0]LogMeshMerging: No distributed automatic mesh merging module available
[2024.05.29-18.46.40:659][  0]LogNetVersion: RV 1.0.0, NetCL: 17155196, EngineNetVer: 17, GameNetVer: 0 (Checksum: 3399876282)
[2024.05.29-18.46.56:470][  0]LogMemory: Warning: Freeing 33554432 bytes from backup pool to handle out of memory.
[2024.05.29-18.46.56:471][  0]LogMemory: Warning: MemoryStats:
	AvailablePhysical 482562048
	 AvailableVirtual 5378048
	     UsedPhysical 555958272
	 PeakUsedPhysical 555958272
	      UsedVirtual 528134144
	  PeakUsedVirtual 540774400
[2024.05.29-18.46.56:471][  0]Allocator Stats for TBB: (not implemented)
[2024.05.29-18.46.56:471][  0]LogWindows: Windows GetLastError: La operación se completó correctamente. (0)
[2024.05.29-18.47.57:722][  0]LogWindows: Error: === Critical error: ===
[2024.05.29-18.47.57:722][  0]LogWindows: Error: 
[2024.05.29-18.47.57:722][  0]LogWindows: Error: Fatal error: [File:D:/Build/++UE4/Sync/Engine/Source/Runtime/Core/Private/GenericPlatform/GenericPlatformMemory.cpp] [Line: 197] 
[2024.05.29-18.47.57:722][  0]LogWindows: Error: Ran out of memory allocating 7144 bytes with alignment 0
[2024.05.29-18.47.57:722][  0]LogWindows: Error: 
[2024.05.29-18.47.57:722][  0]LogWindows: Error: 
[2024.05.29-18.47.57:722][  0]LogWindows: Error: 
[2024.05.29-18.47.58:058][  0]LogExit: Executing StaticShutdownAfterError
[2024.05.29-18.47.58:060][  0]LogWindows: FPlatformMisc::RequestExit(1)
[2024.05.29-18.47.58:060][  0]LogWindows: FPlatformMisc::RequestExitWithStatus(1, 3)
[2024.05.29-18.47.58:060][  0]LogCore: Engine exit requested (reason: Win RequestExit)
[2024.05.29-18.47.58:294][  0]Log file closed, 05/29/24 12:47:58
